This file contains any messages produced by compilers while
running configure, to aid debugging if configure makes a mistake.

It was created by configure, which was
generated by GNU Autoconf 2.61.  Invocation command line was

  $ ./configure 

## --------- ##
## Platform. ##
## --------- ##

hostname = Gigantor6
uname -m = i686
uname -r = 2.6.18-6-686
uname -s = Linux
uname -v = #1 SMP Fri Dec 12 16:48:28 UTC 2008

/usr/bin/uname -p = unknown
/bin/uname -X     = unknown

/bin/arch              = i686
/usr/bin/arch -k       = unknown
/usr/convex/getsysinfo = unknown
/usr/bin/hostinfo      = unknown
/bin/machine           = unknown
/usr/bin/oslevel       = unknown
/bin/universe          = unknown

PATH: .
PATH: /usr/local/lib/catalina/bin
PATH: .
PATH: /usr/local/lib/catalina/bin
PATH: /usr/local/sbin
PATH: /usr/local/bin
PATH: /usr/sbin
PATH: /usr/bin
PATH: /sbin
PATH: /bin
PATH: /usr/bin/X11


## ----------- ##
## Core tests. ##
## ----------- ##

configure:1760: checking for g++
configure:1776: found /usr/bin/g++
configure:1787: result: g++
configure:1818: checking for C++ compiler version
configure:1825: g++ --version >&5
g++ (GCC) 4.1.2 20061115 (prerelease) (Debian 4.1.1-21)
Copyright (C) 2006 Free Software Foundation, Inc.
This is free software; see the source for copying conditions.  There is NO
warranty; not even for MERCHANTABILITY or FITNESS FOR A PARTICULAR PURPOSE.

configure:1828: $? = 0
configure:1835: g++ -v >&5
Using built-in specs.
Target: i486-linux-gnu
Configured with: ../src/configure -v --enable-languages=c,c++,fortran,objc,obj-c++,treelang --prefix=/usr --enable-shared --with-system-zlib --libexecdir=/usr/lib --without-included-gettext --enable-threads=posix --enable-nls --program-suffix=-4.1 --enable-__cxa_atexit --enable-clocale=gnu --enable-libstdcxx-debug --enable-mpfr --with-tune=i686 --enable-checking=release i486-linux-gnu
Thread model: posix
gcc version 4.1.2 20061115 (prerelease) (Debian 4.1.1-21)
configure:1838: $? = 0
configure:1845: g++ -V >&5
g++: '-V' option must have argument
configure:1848: $? = 1
configure:1871: checking for C++ compiler default output file name
configure:1898: g++    conftest.cpp  >&5
configure:1901: $? = 0
configure:1939: result: a.out
configure:1956: checking whether the C++ compiler works
configure:1966: ./a.out
configure:1969: $? = 0
configure:1986: result: yes
configure:1993: checking whether we are cross compiling
configure:1995: result: no
configure:1998: checking for suffix of executables
configure:2005: g++ -o conftest    conftest.cpp  >&5
configure:2008: $? = 0
configure:2032: result: 
configure:2038: checking for suffix of object files
configure:2064: g++ -c   conftest.cpp >&5
configure:2067: $? = 0
configure:2090: result: o
configure:2094: checking whether we are using the GNU C++ compiler
configure:2123: g++ -c   conftest.cpp >&5
configure:2129: $? = 0
configure:2146: result: yes
configure:2151: checking whether g++ accepts -g
configure:2181: g++ -c -g  conftest.cpp >&5
configure:2187: $? = 0
configure:2286: result: yes
configure:2357: checking for gcc
configure:2373: found /usr/bin/gcc
configure:2384: result: gcc
configure:2622: checking for C compiler version
configure:2629: gcc --version >&5
gcc (GCC) 4.1.2 20061115 (prerelease) (Debian 4.1.1-21)
Copyright (C) 2006 Free Software Foundation, Inc.
This is free software; see the source for copying conditions.  There is NO
warranty; not even for MERCHANTABILITY or FITNESS FOR A PARTICULAR PURPOSE.

configure:2632: $? = 0
configure:2639: gcc -v >&5
Using built-in specs.
Target: i486-linux-gnu
Configured with: ../src/configure -v --enable-languages=c,c++,fortran,objc,obj-c++,treelang --prefix=/usr --enable-shared --with-system-zlib --libexecdir=/usr/lib --without-included-gettext --enable-threads=posix --enable-nls --program-suffix=-4.1 --enable-__cxa_atexit --enable-clocale=gnu --enable-libstdcxx-debug --enable-mpfr --with-tune=i686 --enable-checking=release i486-linux-gnu
Thread model: posix
gcc version 4.1.2 20061115 (prerelease) (Debian 4.1.1-21)
configure:2642: $? = 0
configure:2649: gcc -V >&5
gcc: '-V' option must have argument
configure:2652: $? = 1
configure:2655: checking whether we are using the GNU C compiler
configure:2684: gcc -c   conftest.c >&5
configure:2690: $? = 0
configure:2707: result: yes
configure:2712: checking whether gcc accepts -g
configure:2742: gcc -c -g  conftest.c >&5
configure:2748: $? = 0
configure:2847: result: yes
configure:2864: checking for gcc option to accept ISO C89
configure:2938: gcc  -c -g -O2  conftest.c >&5
configure:2944: $? = 0
configure:2967: result: none needed
configure:2990: checking how to run the C preprocessor
configure:3030: gcc -E  conftest.c
configure:3036: $? = 0
configure:3067: gcc -E  conftest.c
conftest.c:8:28: error: ac_nonexistent.h: No such file or directory
configure:3073: $? = 1
configure: failed program was:
| /* confdefs.h.  */
| #define PACKAGE_NAME ""
| #define PACKAGE_TARNAME ""
| #define PACKAGE_VERSION ""
| #define PACKAGE_STRING ""
| #define PACKAGE_BUGREPORT ""
| /* end confdefs.h.  */
| #include <ac_nonexistent.h>
configure:3106: result: gcc -E
configure:3135: gcc -E  conftest.c
configure:3141: $? = 0
configure:3172: gcc -E  conftest.c
conftest.c:8:28: error: ac_nonexistent.h: No such file or directory
configure:3178: $? = 1
configure: failed program was:
| /* confdefs.h.  */
| #define PACKAGE_NAME ""
| #define PACKAGE_TARNAME ""
| #define PACKAGE_VERSION ""
| #define PACKAGE_STRING ""
| #define PACKAGE_BUGREPORT ""
| /* end confdefs.h.  */
| #include <ac_nonexistent.h>
configure:3271: checking for a BSD-compatible install
configure:3327: result: /usr/bin/install -c
configure:3342: checking for bison
configure:3372: result: no
configure:3342: checking for byacc
configure:3372: result: no
configure:3424: checking for ranlib
configure:3440: found /usr/bin/ranlib
configure:3451: result: ranlib
configure:3481: checking for groff
configure:3497: found /usr/bin/groff
configure:3508: result: groff
configure:3523: checking for gsoelim
configure:3553: result: no
configure:3523: checking for soelim
configure:3539: found /usr/bin/soelim
configure:3550: result: soelim
configure:3567: checking for snprintf
configure:3623: g++ -o conftest -g -O2   conftest.cpp  >&5
configure:3629: $? = 0
configure:3647: result: yes
configure:3567: checking for vsnprintf
configure:3623: g++ -o conftest -g -O2   conftest.cpp  >&5
configure:3629: $? = 0
configure:3647: result: yes
configure:3663: checking how to run the C++ preprocessor
configure:3699: g++ -E  conftest.cpp
configure:3705: $? = 0
configure:3736: g++ -E  conftest.cpp
conftest.cpp:11:28: error: ac_nonexistent.h: No such file or directory
configure:3742: $? = 1
configure: failed program was:
| /* confdefs.h.  */
| #define PACKAGE_NAME ""
| #define PACKAGE_TARNAME ""
| #define PACKAGE_VERSION ""
| #define PACKAGE_STRING ""
| #define PACKAGE_BUGREPORT ""
| #define _GNU_SOURCE 1
| #define HAVE_SNPRINTF 1
| #define HAVE_VSNPRINTF 1
| /* end confdefs.h.  */
| #include <ac_nonexistent.h>
configure:3775: result: g++ -E
configure:3804: g++ -E  conftest.cpp
configure:3810: $? = 0
configure:3841: g++ -E  conftest.cpp
conftest.cpp:11:28: error: ac_nonexistent.h: No such file or directory
configure:3847: $? = 1
configure: failed program was:
| /* confdefs.h.  */
| #define PACKAGE_NAME ""
| #define PACKAGE_TARNAME ""
| #define PACKAGE_VERSION ""
| #define PACKAGE_STRING ""
| #define PACKAGE_BUGREPORT ""
| #define _GNU_SOURCE 1
| #define HAVE_SNPRINTF 1
| #define HAVE_VSNPRINTF 1
| /* end confdefs.h.  */
| #include <ac_nonexistent.h>
configure:3885: checking for grep that handles long lines and -e
configure:3959: result: /bin/grep
configure:3964: checking for egrep
configure:4042: result: /bin/grep -E
configure:4047: checking for ANSI C header files
configure:4077: g++ -c -g -O2  conftest.cpp >&5
configure:4083: $? = 0
configure:4182: g++ -o conftest -g -O2   conftest.cpp  >&5
configure:4185: $? = 0
configure:4191: ./conftest
configure:4194: $? = 0
configure:4211: result: yes
configure:4235: checking for sys/types.h
configure:4256: g++ -c -g -O2  conftest.cpp >&5
configure:4262: $? = 0
configure:4278: result: yes
configure:4235: checking for sys/stat.h
configure:4256: g++ -c -g -O2  conftest.cpp >&5
configure:4262: $? = 0
configure:4278: result: yes
configure:4235: checking for stdlib.h
configure:4256: g++ -c -g -O2  conftest.cpp >&5
configure:4262: $? = 0
configure:4278: result: yes
configure:4235: checking for string.h
configure:4256: g++ -c -g -O2  conftest.cpp >&5
configure:4262: $? = 0
configure:4278: result: yes
configure:4235: checking for memory.h
configure:4256: g++ -c -g -O2  conftest.cpp >&5
configure:4262: $? = 0
configure:4278: result: yes
configure:4235: checking for strings.h
configure:4256: g++ -c -g -O2  conftest.cpp >&5
configure:4262: $? = 0
configure:4278: result: yes
configure:4235: checking for inttypes.h
configure:4256: g++ -c -g -O2  conftest.cpp >&5
configure:4262: $? = 0
configure:4278: result: yes
configure:4235: checking for stdint.h
configure:4256: g++ -c -g -O2  conftest.cpp >&5
configure:4262: $? = 0
configure:4278: result: yes
configure:4235: checking for unistd.h
configure:4256: g++ -c -g -O2  conftest.cpp >&5
configure:4262: $? = 0
configure:4278: result: yes
configure:4305: checking boost/shared_ptr.hpp usability
configure:4322: g++ -c -g -O2  conftest.cpp >&5
configure:4328: $? = 0
configure:4342: result: yes
configure:4346: checking boost/shared_ptr.hpp presence
configure:4361: g++ -E  conftest.cpp
configure:4367: $? = 0
configure:4381: result: yes
configure:4409: checking for boost/shared_ptr.hpp
configure:4417: result: yes
configure:4474: checking for a Bourne shell which understands functions
configure:4489: result: /bin/sh
configure:4492: checking for sparse file lseek support
configure:4516: g++ -c -g -O2  conftest.cpp >&5
conftest.cpp: In function 'int main()':
conftest.cpp:27: error: '_PC_MIN_HOLE_SIZE' was not declared in this scope
conftest.cpp:28: error: 'SEEK_DATA' was not declared in this scope
conftest.cpp:28: error: 'SEEK_HOLE' was not declared in this scope
configure:4522: $? = 1
configure: failed program was:
| /* confdefs.h.  */
| #define PACKAGE_NAME ""
| #define PACKAGE_TARNAME ""
| #define PACKAGE_VERSION ""
| #define PACKAGE_STRING ""
| #define PACKAGE_BUGREPORT ""
| #define _GNU_SOURCE 1
| #define HAVE_SNPRINTF 1
| #define HAVE_VSNPRINTF 1
| #define STDC_HEADERS 1
| #define HAVE_SYS_TYPES_H 1
| #define HAVE_SYS_STAT_H 1
| #define HAVE_STDLIB_H 1
| #define HAVE_STRING_H 1
| #define HAVE_MEMORY_H 1
| #define HAVE_STRINGS_H 1
| #define HAVE_INTTYPES_H 1
| #define HAVE_STDINT_H 1
| #define HAVE_UNISTD_H 1
| #define HAVE_BOOST_SHARED_PTR_HPP 1
| #define CONF_SHELL "/bin/sh"
| /* end confdefs.h.  */
| #include <unistd.h>
| int
| main ()
| {
| fpathconf(0, _PC_MIN_HOLE_SIZE);
| lseek(0, 0L, SEEK_DATA); lseek(0, 0L, SEEK_HOLE);
|   ;
|   return 0;
| }
configure:4538: result: no
configure:4601: result: Rewriting --libdir=/usr/local/lib/srecord
configure:4610: result: Rewriting --datadir=/usr/local/share/srecord
configure:4725: creating ./config.status

## ---------------------- ##
## Running config.status. ##
## ---------------------- ##

This file was extended by config.status, which was
generated by GNU Autoconf 2.61.  Invocation command line was

  CONFIG_FILES    = 
  CONFIG_HEADERS  = 
  CONFIG_LINKS    = 
  CONFIG_COMMANDS = 
  $ ./config.status 

on Gigantor6

config.status:606: creating Makefile
config.status:606: creating lib/config.h

## ---------------- ##
## Cache variables. ##
## ---------------- ##

ac_cv_c_compiler_gnu=yes
ac_cv_cxx_compiler_gnu=yes
ac_cv_env_CCC_set=
ac_cv_env_CCC_value=
ac_cv_env_CC_set=
ac_cv_env_CC_value=
ac_cv_env_CFLAGS_set=
ac_cv_env_CFLAGS_value=
ac_cv_env_CPPFLAGS_set=
ac_cv_env_CPPFLAGS_value=
ac_cv_env_CPP_set=
ac_cv_env_CPP_value=
ac_cv_env_CXXCPP_set=
ac_cv_env_CXXCPP_value=
ac_cv_env_CXXFLAGS_set=
ac_cv_env_CXXFLAGS_value=
ac_cv_env_CXX_set=
ac_cv_env_CXX_value=
ac_cv_env_LDFLAGS_set=
ac_cv_env_LDFLAGS_value=
ac_cv_env_LIBS_set=
ac_cv_env_LIBS_value=
ac_cv_env_YACC_set=
ac_cv_env_YACC_value=
ac_cv_env_YFLAGS_set=
ac_cv_env_YFLAGS_value=
ac_cv_env_build_alias_set=
ac_cv_env_build_alias_value=
ac_cv_env_host_alias_set=
ac_cv_env_host_alias_value=
ac_cv_env_target_alias_set=
ac_cv_env_target_alias_value=
ac_cv_func_snprintf=yes
ac_cv_func_vsnprintf=yes
ac_cv_header_boost_shared_ptr_hpp=yes
ac_cv_header_inttypes_h=yes
ac_cv_header_memory_h=yes
ac_cv_header_stdc=yes
ac_cv_header_stdint_h=yes
ac_cv_header_stdlib_h=yes
ac_cv_header_string_h=yes
ac_cv_header_strings_h=yes
ac_cv_header_sys_stat_h=yes
ac_cv_header_sys_types_h=yes
ac_cv_header_unistd_h=yes
ac_cv_objext=o
ac_cv_path_EGREP='/bin/grep -E'
ac_cv_path_GREP=/bin/grep
ac_cv_path_install='/usr/bin/install -c'
ac_cv_prog_CPP='gcc -E'
ac_cv_prog_CXXCPP='g++ -E'
ac_cv_prog_GROFF=groff
ac_cv_prog_SOELIM=soelim
ac_cv_prog_ac_ct_CC=gcc
ac_cv_prog_ac_ct_CXX=g++
ac_cv_prog_ac_ct_RANLIB=ranlib
ac_cv_prog_cc_c89=
ac_cv_prog_cc_g=yes
ac_cv_prog_cxx_g=yes

## ----------------- ##
## Output variables. ##
## ----------------- ##

CC='gcc'
CFLAGS='-g -O2'
CPP='gcc -E'
CPPFLAGS=''
CXX='g++'
CXXCPP='g++ -E'
CXXFLAGS='-g -O2'
DEFS='-DHAVE_CONFIG_H'
ECHO_C=''
ECHO_N='-n'
ECHO_T=''
EGREP='/bin/grep -E'
EXEEXT=''
GREP='/bin/grep'
GROFF='groff'
HAVE_GROFF='yes'
INSTALL_DATA='${INSTALL} -m 644'
INSTALL_PROGRAM='${INSTALL}'
INSTALL_SCRIPT='${INSTALL}'
LDFLAGS=''
LIBOBJS=''
LIBS=''
LTLIBOBJS=''
OBJEXT='o'
PACKAGE_BUGREPORT=''
PACKAGE_NAME=''
PACKAGE_STRING=''
PACKAGE_TARNAME=''
PACKAGE_VERSION=''
PATH_SEPARATOR=':'
RANLIB='ranlib'
SH='/bin/sh'
SHELL='/bin/sh'
SOELIM='soelim'
YACC='yacc'
YFLAGS=''
ac_ct_CC='gcc'
ac_ct_CXX='g++'
bindir='/usr/local/bin'
build_alias=''
datadir='/usr/local/share/srecord'
datarootdir='/usr/local/share'
docdir='${datarootdir}/doc/${PACKAGE}'
dvidir='${docdir}'
exec_prefix='/usr/local'
host_alias=''
htmldir='${docdir}'
includedir='${prefix}/include'
infodir='${datarootdir}/info'
libdir='/usr/local/lib/srecord'
libexecdir='${exec_prefix}/libexec'
localedir='${datarootdir}/locale'
localstatedir='${prefix}/var'
mandir='/usr/local/share/man'
oldincludedir='/usr/include'
pdfdir='${docdir}'
prefix='/usr/local'
program_transform_name='s,x,x,'
psdir='${docdir}'
sbindir='${exec_prefix}/sbin'
sharedstatedir='${prefix}/com'
sysconfdir='${prefix}/etc'
target_alias=''

## ----------- ##
## confdefs.h. ##
## ----------- ##

#define PACKAGE_NAME ""
#define PACKAGE_TARNAME ""
#define PACKAGE_VERSION ""
#define PACKAGE_STRING ""
#define PACKAGE_BUGREPORT ""
#define _GNU_SOURCE 1
#define HAVE_SNPRINTF 1
#define HAVE_VSNPRINTF 1
#define STDC_HEADERS 1
#define HAVE_SYS_TYPES_H 1
#define HAVE_SYS_STAT_H 1
#define HAVE_STDLIB_H 1
#define HAVE_STRING_H 1
#define HAVE_MEMORY_H 1
#define HAVE_STRINGS_H 1
#define HAVE_INTTYPES_H 1
#define HAVE_STDINT_H 1
#define HAVE_UNISTD_H 1
#define HAVE_BOOST_SHARED_PTR_HPP 1
#define CONF_SHELL "/bin/sh"

configure: exit 0

## ---------------------- ##
## Running config.status. ##
## ---------------------- ##

This file was extended by config.status, which was
generated by GNU Autoconf 2.61.  Invocation command line was

  CONFIG_FILES    = script/test_prelude:script/test_prelude.in
  CONFIG_HEADERS  = 
  CONFIG_LINKS    = 
  CONFIG_COMMANDS = 
  $ ./config.status 

on Gigantor6

config.status:606: creating script/test_prelude
