                   '#line 1 "../../../target_p2/Catalina_LMM_threaded_dynamic.spin2"
                   {{
                   '------------------------------------------------------------------------------
                   ' Catalina_LMM_threaded_dynamic - Implements a multi-threaded dynamically
                   '                                  loadable Large Memory Model Kernel
                   '                                  intended for use by the Catalina Code
                   '                                  Generator backend for LCC
                   '
                   ' Version 2.6 - Initial version
                   ' Version 3.5 - Minor virtual machine changes (e.g. load_i replaced load_a).
                   ' Version 3.6 - New smaller image format.
                   '               New smaller division.
                   ' Version 3.15 - Modified for 1 .
                   '
                   '
                   ' This file incorporates software derived from:
                   '    Float_32A by Cam Thompson, Micromega Corporation,
                   '              Copyright (c) 2006-2007 Parallax, Inc.
                   '
                   '------------------------------------------------------------------------------
                   '
                   '    Copyright 2009 Ross Higson
                   '
                   '    The portion of this file identified as the LMM Kernel is part of the
                   '    Catalina Target Package.
                   '
                   '    The Catalina Target Package is free software: you can redistribute
                   '    it and/or modify it under the terms of the GNU Lesser General Public
                   '    License as published by the Free Software Foundation, either version
                   '    3 of the License, or (at your option) any later version.
                   '
                   '    The Catalina Target Package is distributed in the hope that it will
                   '    be useful, but WITHOUT ANY WARRANTY; without even the implied warranty
                   '    of MERCHANTABILITY or FITNESS FOR A PARTICULAR PURPOSE.
                   '    See the GNU Lesser General Public License for more details.
                   '
                   '    You should have received a copy of the GNU Lesser General Public
                   '    License along with the Catalina Target Package.  If not, see
                   '    <http:
                   '
                   '------------------------------------------------------------------------------
                   }}
                   
                   
                   
                   
                   
                   CON
                   
                   '#line 1 "../../../target_p2/Catalina_constants.inc"
                   '--------------------------- START OF CONSTANTS -------------------------------
                   
                   
                   
                   ' stop multiple inclusions of constants ...
                   
                   
                   
                   '#line 1 "../../../target_p2/Catalina_platforms.inc"
                   
                   
                   ' stop multiple inclusions of platform constants ...
                   
                   
                   
                   
                   '--------------------------- START OF PLATFORM CONSTANTS ---------------------
                   '
                   CON
                   
                   
                   
                   
                   
                   
                   
                   
                   
                   
                   
                   
                   
                   
                   
                   
                   
                   
                   
                   
                   
                   
                   
                   
                   
                   
                   
                   
                   
                   
                   
                   
                   
                   
                   
                   
                   
                   
                   
                   
                   
                   
                   
                   
                   
                   
                   
                   
                   
                   
                   
                   
                   
                   
                   
                   
                   
                   
                   
                   
                   
                   
                   
                   
                   
                   
                   
                   
                   
                   
                   
                   
                   
                   
                   
                   
                   
                   
                   
                   
                   
                   
                   
                   
                   
                   
                   
                   
                   
                   
                   
                   
                   
                   
                   
                   
                   
                   
                   
                   
                   
                   
                   
                   
                   
                   
                   
                   
                   
                   
                   
                   
                   
                   
                   
                   
                   
                   
                   
                   
                   
                   
                   
                   
                   
                   
                   
                   
                   
                   
                   
                   
                   
                   
                   
                   
                   
                   
                   
                   
                   
                   
                   
                   
                   
                   
                   
                   
                   
                   
                   
                   
                   
                   
                   
                   
                   
                   
                   
                   
                   
                   
                   
                   
                   
                   
                   
                   
                   
                   
                   
                   
                   
                   
                   
                   
                   
                   
                   
                   
                   
                   
                   
                   
                   
                   
                   
                   
                   
                   
                   
                   
                   
                   
                   
                   
                   
                   
                   
                   
                   
                   
                   
                   
                   
                   
                   
                   
                   
                   
                   
                   
                   
                   
                   
                   
                   
                   
                   
                   
                   
                   
                   
                   
                   
                   
                   
                   
                   
                   
                   
                   
                   
                   
                   
                   
                   
                   
                   
                   
                   
                   
                   
                   
                   
                   
                   
                   
                   
                   
                   
                   
                   
                   
                   
                   
                   
                   
                   
                   
                   
                   
                   
                   
                   
                   
                   
                   
                   
                   
                   
                   
                   
                   
                   
                   
                   
                   
                   
                   
                   
                   
                   
                   
                   
                   
                   
                   
                   
                   
                   
                   
                   
                   
                   
                   
                   
                   
                   
                   
                   
                   
                   
                   
                   
                   
                   
                   
                   
                   
                   
                   
                   
                   
                   
                   
                   
                   
                   
                   
                   
                   
                   
                   
                   
                   
                   
                   
                   
                   
                   
                   
                   
                   
                   
                   
                   
                   
                   
                   
                   
                   
                   
                   
                   
                   
                   
                   
                   
                   
                   
                   
                   
                   
                   
                   
                   
                   
                   
                   
                   
                   
                   
                   
                   
                   
                   
                   
                   
                   
                   
                   
                   
                   
                   
                   
                   
                   
                   
                   
                   
                   
                   
                   
                   
                   
                   
                   
                   
                   
                   
                   
                   
                   
                   
                   
                   
                   
                   
                   
                   
                   
                   
                   
                   
                   
                   
                   
                   
                   
                   
                   
                   
                   
                   
                   
                   
                   
                   
                   
                   
                   
                   
                   
                   
                   
                   
                   
                   
                   
                   
                   
                   
                   
                   
                   
                   
                   
                   
                   
                   
                   
                   
                   
                   
                   
                   
                   
                   
                   
                   
                   
                   
                   
                   
                   
                   
                   
                   
                   
                   
                   
                   
                   
                   
                   
                   
                   
                   
                   
                   
                   
                   
                   
                   
                   
                   
                   
                   
                   
                   
                   
                   
                   
                   
                   
                   
                   
                   
                   
                   
                   
                   
                   
                   
                   
                   
                   
                   
                   
                   
                   
                   
                   
                   
                   
                   
                   
                   
                   
                   
                   
                   
                   
                   
                   
                   
                   
                   
                   
                   
                   
                   
                   
                   
                   
                   
                   
                   
                   
                   
                   
                   
                   
                   
                   
                   
                   
                   
                   
                   
                   
                   
                   
                   
                   
                   
                   
                   
                   
                   
                   
                   
                   
                   
                   
                   
                   
                   
                   
                   
                   
                   '---------------- default constants (same as P2_EVAL) -------------------------
                   
                   ' clock configuration constants
                   
                   
                   
                   
                   
                   
                   
                   
                   
                   
                   
                   
                   
                   
                   
                   
                   
                   
                   _XTALFREQ = 20_000_000  ' crystal frequency
                   _XDIV     = 4           '\ crystal divider             to give 5.0MHz
                   _XMUL     = 72          '| crystal / div * mul         to give 360MHz
                   _XDIVP    = 2           '/ crystal / div * mul / divp  to give 180MHz
                   _XOSC     = %10         ' %00=OFF, %01=OSC, %10=15pF, %11=30pF
                   _XSEL     = %11         ' %00=rcfast, %01=rcslow, %10=XI, %11=PLL
                   _XPLL     = 1           ' 0= PLL off, 1=PLL on
                   
                   
                   ' serial constants
                   
                   _RX_PIN    = 63
                   _TX_PIN    = 62
                   _BAUDRATE  = 230400
                   
                   ' BlackCat Debugger I/O constants
                   
                   
                   
                   
                   _BLACKCAT_MODE    = %0000
                   _BLACKCAT_BAUD    = 115200
                   _BLACKCAT_SIZE    = 5*4   ' 5 longs
                   
                   ' SD Card constants
                   
                   _SD_CK     = 61         'pin SD Card clock
                   _SD_CS     = 60         'pin SD Card select
                   _SD_DI     = 59         'pin SD Card MOSI
                   _SD_DO     = 58         'pin SD Card MISO
                   
                   ' 2 Port Serial constants
                   
                   _RX1_PIN   = _RX_PIN
                   _TX1_PIN   = _TX_PIN
                   _RX1_MODE  = %0000_0000_000_0000000000000_00_11111_0 ' async rx mode, true input, input  enabled for smart input
                   _TX1_MODE  = %0000_0000_000_0000000000000_01_11110_0 ' async tx mode, true output, output enabled for smart output
                   _BAUDRATE1 = _BAUDRATE
                   _RX2_PIN   = 50
                   _TX2_PIN   = 52
                   _RX2_MODE  = %0000_0000_000_0000000000000_00_11111_0 ' async rx mode, true input, input  enabled for smart input
                   _TX2_MODE  = %0000_0000_000_0000000000000_01_11110_0 ' async tx mode, true output, output enabled for smart output
                   _BAUDRATE2 = _BAUDRATE
                   
                   ' Multi Port Serial constants
                   
                   ' NOTE Multi Port 1 and 2 use the 2 Port Serial constants defined above for pins and baud rate (but not mode) -
                   ' This is done so that by default the Multi Port Serial plugin behaves the same way as the 2 Port Serial plugin.
                   ' To disable thiis "auto-configuration" behaviour, set the pins to -1 (or anything outside the range 0 .. 63).
                   ' All such ports will have to be manually configured in the C program (see the s8_openport() function).
                   
                   '    rxmode = %0xx1 = invert rx              (same for txmode)
                   '             %0x1x = invert tx
                   '             %01xx = open-drain/open-source tx
                   
                   _RX1_MULTI_PIN  = _RX1_PIN
                   _TX1_MULTI_PIN  = _TX1_PIN
                   _RX1_MULTI_BAUD = _BAUDRATE
                   _TX1_MULTI_BAUD = _BAUDRATE
                   _RX1_MULTI_MODE = %0000
                   _TX1_MULTI_MODE = %0000
                   _RX2_MULTI_PIN  = _RX2_PIN
                   _TX2_MULTI_PIN  = _TX2_PIN
                   _RX2_MULTI_BAUD = _BAUDRATE
                   _TX2_MULTI_BAUD = _BAUDRATE
                   _RX2_MULTI_MODE = %0000
                   _TX2_MULTI_MODE = %0000
                   _RX3_MULTI_PIN  = -1
                   _TX3_MULTI_PIN  = -1
                   _RX3_MULTI_BAUD = _BAUDRATE
                   _TX3_MULTI_BAUD = _BAUDRATE
                   _RX3_MULTI_MODE = %0000
                   _TX3_MULTI_MODE = %0000
                   _RX4_MULTI_PIN  = -1
                   _TX4_MULTI_PIN  = -1
                   _RX4_MULTI_BAUD = _BAUDRATE
                   _TX4_MULTI_BAUD = _BAUDRATE
                   _RX4_MULTI_MODE = %0000
                   _TX4_MULTI_MODE = %0000
                   _RX5_MULTI_PIN  = -1
                   _TX5_MULTI_PIN  = -1
                   _RX5_MULTI_BAUD = _BAUDRATE
                   _TX5_MULTI_BAUD = _BAUDRATE
                   _RX5_MULTI_MODE = %0000
                   _TX5_MULTI_MODE = %0000
                   _RX6_MULTI_PIN  = -1
                   _TX6_MULTI_PIN  = -1
                   _RX6_MULTI_BAUD = _BAUDRATE
                   _TX6_MULTI_BAUD = _BAUDRATE
                   _RX6_MULTI_MODE = %0000
                   _TX6_MULTI_MODE = %0000
                   _RX7_MULTI_PIN  = -1
                   _TX7_MULTI_PIN  = -1
                   _RX7_MULTI_BAUD = _BAUDRATE
                   _TX7_MULTI_BAUD = _BAUDRATE
                   _RX7_MULTI_MODE = %0000
                   _TX7_MULTI_MODE = %0000
                   _RX8_MULTI_PIN  = -1
                   _TX8_MULTI_PIN  = -1
                   _RX8_MULTI_BAUD = _BAUDRATE
                   _TX8_MULTI_BAUD = _BAUDRATE
                   _RX8_MULTI_MODE = %0000
                   _TX8_MULTI_MODE = %0000
                   
                   ' VGA constants
                   
                   _VGA_BASE_PIN = 32
                   
                   ' USB constants
                   
                   _USB_BASE_PIN = 40
                   
                   ' miscellaneous constants
                   
                   _DEBUG_PIN = 56
                   
                   
                   
                   '--------------------------- END OF PLATFORM CONSTANTS -----------------------
                   
                   
                   
                   '#line 10 "../../../target_p2/Catalina_constants.inc"
                   
                   CON
                   '
                   ' Platform-independent clock configuration constants
                   '
                   _XPPPP    = ((_XDIVP>>1) + 15) & $F  ' 1->15, 2->0, 4->1, 6->2...30->14
                   
                   ' %0000_000e_dddddd_mmmmmmmmmm_pppp_cc_ss  ' set clock oscillator mode
                   
                   ' initial clock mode => enable crystal+PLL, stay in 20MHz+
                   
                   _CLOCKINIT  = _XPLL<<24 + (_XDIV-1)<<18 + (_XMUL-1)<<8 + _XPPPP<<4 + _XOSC<<2 + %00
                   
                   ' wait time => 10ms (@ 20Mhz) for crystal+PLL to stabilize
                   
                   _CLOCKWAIT  = 20000000/100
                   
                   ' final clock mode => switch to PLL
                   
                   _CLOCKMODE  = _XPLL<<24 + (_XDIV-1)<<18 + (_XMUL-1)<<8 + _XPPPP<<4 + _XOSC<<2 +_XSEL
                   
                   ' final clock frequency
                   
                   _CLOCKFREQ  = _XTALFREQ / _XDIV * _XMUL / _XDIVP
                   
                   '
                   ' Plugin types - the Catalina Kernel generally attempts to locate plugins
                   ' by type, not by the cog they happen to be running on. Values up to 127
                   ' and the value 255 are reserved.
                   '
                   ' User plugin types should be in the range 128 .. 254. Note that the LMM
                   ' prefix is historical - the same definitions are used for all program
                   ' types (LMM, EMM, SMM, XMM etc).
                   '
                   LMM_VMM = 0       ' main LMM (single threaded)
                   LMM_HMI = 1       ' HMI Drivers (Kbd/Mouse/Screen)
                   LMM_LIB = 2       ' Utility library
                   LMM_FLA = 3       ' Floating Point Library A
                   LMM_FLB = 4       ' Floating Point Library B
                   LMM_RTC = 5       ' Real-Time Clock
                   LMM_FIL = 6       ' File System
                   LMM_SIO = 7       ' Serial I/O
                   LMM_DUM = 8       ' Dummy Plugin
                   LMM_CGI = 9       ' Graphics Plugin
                   LMM_KBD = 10      ' Keyboard Driver
                   LMM_SCR = 11      ' Screen Driver
                   LMM_MOU = 12      ' Mouse Driver
                   LMM_PRX = 13      ' Proxy Driver
                   LMM_GAM = 14      ' Gamepad Driver
                   LMM_SND = 15      ' Sound Driver
                   LMM_ADC = 16      ' ADC Driver
                   LMM_S4  = 17      ' 4 Port Serial Driver (Propeller 1 only)
                   LMM_TTY = 18      ' Full Duplex Serial Driver
                   LMM_VGI = 19      ' Virtual Graphics Plugin
                   LMM_VDB = 20      ' Virtual Double Buffer Support Driver
                   LMM_SPI = 21      ' SPI Support Driver
                   LMM_FLC = 22      ' Floating Point Library C (Propeller 2 only)
                   LMM_S2A = 23      ' 2 Port Serial Driver A (Propeller 2 only)
                   LMM_S2B = 24      ' 2 Port Serial Driver B (Propeller 2 only)
                   LMM_S8A = 25      ' 8 Port Serial Driver A (Propeler 2 only)
                   LMM_NUL = 255     ' No plugin
                   '
                   ' Notes on the Registry definitions.
                   '
                   ' The Catalina registry provides a place where all plugins can be found,
                   ' and a request block for sending requests to each plugin. The registry
                   ' location must be known to all plugins. To use the registry, each plugin
                   ' finds its own cog number, and then registers by putting its plugin type
                   ' in the top 8 bits of the long at
                   '    long[REGISTRY][cog]
                   ' The bottom 24 bits of that long point to the request block the plugin
                   ' must use to receive requests and return results. A request block of
                   ' two longs is automatically created for each plugin, but plugins that
                   ' need more are free to allocate their own. However, all request blocks
                   ' must be at least two longs - the first long is the request, which may
                   ' be a 'short' request (if the request and all its parameters can fit
                   ' into a single long, or the address of a 'long' parameter block that
                   ' is allocated elsewhere in Hub RAM. Note that all requests are plugin
                   ' specific, and each plugin only typically knows how to interpret its
                   ' own requests. When complete, the plugin zeroes the first long of the
                   ' request block, and may either return the result in the second long
                   ' of the request block (typical for ' short' requests, but also used
                   ' for some 'long' requests), or in the 'long' parameter block.
                   ' Below the cog-oriented registry is a service-oriented registry. Each
                   ' Service is allocated a word, and services go from 1 to SVC_MAX (i.e.
                   ' there is no service 0). The details of the service can be found in
                   ' the word at
                   '    word[REGISTRY][-service]
                   ' The top 4 bits of the word are the cog number (top bit of the 4 bits
                   ' set if not used), the next lower 4 bits are a lock number (top bit of
                   ' the 4 set if not required) and the lower 8 bits are the request number
                   ' to send to the cog to request the service.
                   '
                   ' Predefined Service Numbers (and the internal plugin types and requests):
                   '
                   SVC_FLOAT_ADD    = 1  ' LMM_FLA 1
                   SVC_FLOAT_SUB    = 2  ' LMM_FLA 2
                   SVC_FLOAT_MUL    = 3  ' LMM_FLA 3
                   SVC_FLOAT_DIV    = 4  ' LMM_FLA 4
                   SVC_FLOAT_FLOAT  = 5  ' LMM_FLA 5
                   SVC_FLOAT_TRUNC  = 6  ' LMM_FLA 6
                   SVC_FLOAT_RND    = 7  ' LMM_FLA 7
                   SVC_FLOAT_SQR    = 8  ' LMM_FLA 8
                   SVC_FLOAT_CMP    = 9  ' LMM_FLA 9
                   SVC_K_PRESENT    = 10 ' LMM_HMI 1
                   SVC_K_GET        = 11 ' LMM_HMI 2
                   SVC_K_WAIT       = 12 ' LMM_HMI 3
                   SVC_K_NEW        = 13 ' LMM_HMI 4
                   SVC_K_READY      = 14 ' LMM_HMI 5
                   SVC_K_CLEAR      = 15 ' LMM_HMI 6
                   SVC_K_STATE      = 16 ' LMM_HMI 7
                   SVC_M_PRESENT    = 17 ' LMM_HMI 11
                   SVC_M_BUTTON     = 18 ' LMM_HMI 12
                   SVC_M_BUTTONS    = 19 ' LMM_HMI 13
                   SVC_M_ABS_X      = 20 ' LMM_HMI 14
                   SVC_M_ABS_Y      = 21 ' LMM_HMI 15
                   SVC_M_ABS_Z      = 22 ' LMM_HMI 16
                   SVC_M_DELTA_X    = 23 ' LMM_HMI 17
                   SVC_M_DELTA_Y    = 24 ' LMM_HMI 18
                   SVC_M_DELTA_Z    = 25 ' LMM_HMI 19
                   SVC_M_RESET      = 26 ' LMM_HMI 20
                   SVC_T_GEOMETRY   = 27 ' LMM_HMI 21
                   SVC_T_CHAR       = 28 ' LMM_HMI 22
                   SVC_T_STRING     = 29 ' LMM_HMI 23
                   SVC_T_INT        = 30 ' LMM_HMI 24
                   SVC_T_UNSIGNED   = 31 ' LMM_HMI 25
                   SVC_T_HEX        = 32 ' LMM_HMI 26
                   SVC_T_BIN        = 33 ' LMM_HMI 27
                   SVC_T_SETPOS     = 34 ' LMM_HMI 28
                   SVC_T_GETPOS     = 35 ' LMM_HMI 29
                   SVC_T_MODE       = 36 ' LMM_HMI 30
                   SVC_T_SCROLL     = 37 ' LMM_HMI 31
                   SVC_T_COLOR      = 38 ' LMM_HMI 32
                   SVC_SD_INIT      = 39 ' LMM_FIL 1
                   SVC_SD_READ      = 40 ' LMM_FIL 2
                   SVC_SD_WRITE     = 41 ' LMM_FIL 3
                   SVC_SD_BYTEIO    = 42 ' LMM_FIL 4
                   SVC_SD_STOPIO    = 43 ' LMM_FIL 5
                   SVC_RTC_DEBUG    = 44 ' LMM_RTC 10 or RTC_FIL 10
                   SVC_RTC_SETFREQ  = 45 ' LMM_RTC 6 or RTC_FIL 6
                   SVC_RTC_GETCLOCK = 46 ' LMM_RTC 7 or RTC_FIL 7
                   SVC_RTC_SETTIME  = 47 ' LMM_RTC 8 or RTC_FIL 8
                   SVC_RTC_GETTIME  = 48 ' LMM_RTC 9 or RTC_FIL 9
                   SVC_FLOAT_SIN    = 49 ' LMM_FLA 10
                   SVC_FLOAT_COS    = 50 ' LMM_FLA 11
                   SVC_FLOAT_TAN    = 51 ' LMM_FLA 12
                   SVC_FLOAT_LOG    = 52 ' LMM_FLA 13
                   SVC_FLOAT_LOG10  = 53 ' LMM_FLA 14
                   SVC_FLOAT_EXP    = 54 ' LMM_FLA 15
                   SVC_FLOAT_EXP10  = 55 ' LMM_FLA 16
                   SVC_FLOAT_POW    = 56 ' LMM_FLA 17
                   SVC_FLOAT_FRAC   = 57 ' LMM_FLA 18
                   SVC_FLOAT_FMOD   = 58 ' LMM_FLB 19
                   SVC_FLOAT_ASIN   = 59 ' LMM_FLB 20
                   SVC_FLOAT_ACOS   = 60 ' LMM_FLB 21
                   SVC_FLOAT_ATAN   = 61 ' LMM_FLB 22
                   SVC_FLOAT_ATAN2  = 62 ' LMM_FLB 23
                   SVC_FLOAT_FLOOR  = 63 ' LMM_FLB 24
                   SVC_FLOAT_CEIL   = 64 ' LMM_FLB 25
                   SVC_T_COLOR_FG   = 65 ' LMM_HMI 33
                   SVC_T_COLOR_BG   = 66 ' LMM_HMI 34
                   '
                   SVC_RESERVED     = 80 ' Services 1..80 reserved for Catalina
                   
                   ' Floating point constants
                   
                   pi = 3.141592654
                   
                   FAddCmd       = 1 << 24       ' Implemented in Float32_A and Float32_B
                   FSubCmd       = 2 << 24       ' Implemented in Float32_A and Float32_B
                   FMulCmd       = 3 << 24       ' Implemented in Float32_A and Float32_B
                   FDivCmd       = 4 << 24       ' Implemented in Float32_A and Float32_B
                   FFloatCmd     = 5 << 24       ' Implemented in Float32_A and Float32_B
                   FTruncCmd     = 6 << 24       ' Implemented in Float32_A and Float32_B
                   FRoundCmd     = 7 << 24       ' Implemented in Float32_A and Float32_B
                   FSqrCmd       = 8 << 24       ' Implemented in Float32_A and Float32_B
                   FCmpCmd       = 9 << 24       ' Implemented in Float32_A and Float32_B
                   
                   SinCmd        = 10 << 24      ' Implemented in Float32_A
                   CosCmd        = 11 << 24      ' Implemented in Float32_A
                   TanCmd        = 12 << 24      ' Implemented in Float32_A
                   LogCmd        = 13 << 24      ' Implemented in Float32_A
                   Log10Cmd      = 14 << 24      ' Implemented in Float32_A
                   ExpCmd        = 15 << 24      ' Implemented in Float32_A
                   Exp10Cmd      = 16 << 24      ' Implemented in Float32_A
                   PowCmd        = 17 << 24      ' Implemented in Float32_A
                   FracCmd       = 18 << 24      ' Implemented in Float32_A
                   
                   FModCmd       = 19 << 24      ' Implemented in Float32_B
                   ASinCmd       = 20 << 24      ' Implemented in Float32_B
                   ACosCmd       = 21 << 24      ' Implemented in Float32_B
                   ATanCmd       = 22 << 24      ' Implemented in Float32_B
                   ATan2Cmd      = 23 << 24      ' Implemented in Float32_B
                   FloorCmd      = 24 << 24      ' Implemented in Float32_B
                   CeilCmd       = 25 << 24      ' Implemented in Float32_B
                   
                   SignFlag      = $1
                   ZeroFlag      = $2
                   NaNFlag       = $8
                   
                   ' CogStore constants
                   
                   MAX_LONGS  = 300                ' store up to 300 LONGS (1200 chars)
                   
                   CMD_READ   = $1000_0000         ' copy Hub to Cog (address in lower 24 bits)
                                                   ' COGSTORE set to zero when complete
                   
                   CMD_WRITE  = $2000_0000         ' copy Cog to Hub (address in lower 24 bits)
                                                   ' COGSTORE set to zero when complete
                   
                   CMD_SIZE   = $3000_0000         ' return size of stored data (in LONGs) - set
                                                   ' lower 24 bits to $FFFFFF on call - lower 24
                                                   ' bits (set to size when complete)
                   
                   CMD_SETUP  = $4000_0000         ' setup argc and argv array with the stored
                                                   ' data (set to zero when complete)
                   
                   CMD_STOP   = $5000_0000         ' stop the CogStore cog.
                   
                   CMD_RESPONSE = $FEED_FACE       ' COGSTORE set to this on any other command
                   
                   STORE_COG    = 7                ' Catalina CogStore will use this cog
                   LAST_COG     = 6                ' Last cog to be restarted is 6
                   QUOTE_CHAR = $22
                   
                   '------------------------------- HUB CONSTANTS -------------------------------
                   '
                   CON
                   '
                   ' Maximum number of cogs (note that this 1 may not have them all!)
                   '
                   MAX_COGS   = 16
                   
                   ' HUB RAM Definitions
                   '
                   '   (make sure these are the same in all targets)
                   '
                   ' Size of Service array (if this changes, the Hub Layout below must change
                   ' as well):
                   '
                   SVC_MAX    = 96                ' must be a multiple of 2
                   '
                   ' Size of ARGV array (if this changes, the Hub Layout below must change
                   '  as well):
                   '
                   ARGV_MAX   = 24                ' maximum size (LONGs) of argv array
                   '
                   ' Base Address for all hub programs (on the 1 this is genrally zero)
                   '
                   BASE_ADDR  = $00000
                   '
                   ' Useable Hub RAM (The 1 has 512Kb but the top 16Kb hold a copy of the boot ROM)
                   '
                   HUB_SIZE   = $7C000            ' the last 16K contain a copy of the boot ROM.
                   '
                   FREE_MEM   = HUB_SIZE-4                               ' $7BFFC the FREE_MEM pointer
                   '
                   ' <<< ALLOCATE OTHER RESERVED HUB LOCATIONS DOWN FROM HERE >>>
                   '
                   COGSTORE        = FREE_MEM - 4                        ' $7BFF8 CHECK Catalyst_Arguments.spin
                   XMM_CACHE_RSP   = COGSTORE - 4                        ' $7BFF4
                   XMM_CACHE_CMD   = XMM_CACHE_RSP - 4                   ' $7BFF0
                   REGISTRY        = XMM_CACHE_CMD - MAX_COGS*4          ' $7BFB0 CHECK registry.e
                   REQUESTS        = REGISTRY - 2*SVC_MAX - MAX_COGS*4*2 ' $7BE70 CHECK request_status.e
                   ARGV_0          = REQUESTS - ARGV_MAX*4               ' $7BE10 CHECK Catalyst_Arguments.spin2
                   ARGV_ADDR       = ARGV_0 - 4                          ' $7BE0C CHECK Catalyst_Arguments.spin2
                   ARGC_ADDR       = ARGV_ADDR - 4                       ' $7BE08 CHECK Catalyst_Arguments.spin2, blackbox_comms.c, catalina_default.s, catalina_blackcat.s (all targets)
                   DEBUG_FLAG      = ARGC_ADDR - 16                      ' $7BDF8 CHECK blackbox_comms.c, BlackCat_DebugCog.spin2 & catalina_blackcat.s (all targets)
                   DEBUG_IN        = DEBUG_FLAG - 4                      ' $7BDF4 CHECK blackbox_comms.c, BlackCat_DebugCog.spin2 & catalina_blackcat.s (all targets)
                   DEBUG_OUT       = DEBUG_IN - 4                        ' $7BDF0 CHECK blackbox_comms.c, BlackCat_DebugCog.spin2 & catalina_blackcat.s (all targets)
                   DEBUG_ADDR      = DEBUG_OUT - 4                       ' $7BDEC CHECK blackbox_comms.c, BlackCat_DebugCog.spin2 & catalina_blackcat.s (all targets)
                   DEBUG_BREAK     = DEBUG_ADDR - 4                      ' $7BDE8 CHECK blackbox_comms.c, BlackCat_DebugCog.spin2 & catalina_blackcat.s (all targets)
                   PROXY_XFER      = DEBUG_BREAK - 4                     ' $7BDE4
                   CGI_DATA        = PROXY_XFER - 4                      ' $7BDE0 CHECK cgi_data.e
                   '
                   HUB_TOP         = CGI_DATA                            ' used to initialize FREE_MEM
                   '
                   ' For loading programs from SD card, the key decision is how large a program
                   ' we want to be able to load, because the larger the program, the more Hub RAM
                   ' space it takes to store the cluster list for it. The following calculations
                   ' determine how much Hub RAM space to allocate for a particular load size,
                   ' assuming FAT32 is in use and we have a cluster size of 32768 (note that
                   ' smaller clusters will result in correspondingly smaller load sizes):
                   '
                   MAX_LOAD_SIZE  = 4194304                       ' we want 4MB loads (2^22 bytes)
                                                                  ' (if this is changed, check catalyst.h
                                                                  ' and Catalina_SD_Loader.spin)
                   MAX_CLUS_SIZE  = 32768                         ' assumed cluster size (2^15 bytes)
                   MAX_FLIST_SIZE = MAX_LOAD_SIZE/MAX_CLUS_SIZE   ' number of entries in cluster list (2^7)
                   '
                   FLIST_LOG2     = 9                             ' LOG (Base 2) of sector size
                   FLIST_SSIZ     = 1<<FLIST_LOG2                 ' size of sector
                   '
                   ' Now resume defining Loadtime Hub Layout (note overlap with registry!!!):
                   '
                   FLIST_ADDRESS  = ARGC_ADDR - (4*MAX_FLIST_SIZE)     ' $7BC08 check catalyst.h
                   FLIST_BUFF     = FLIST_ADDRESS - FLIST_SSIZ         ' $7BA08 check catalyst.h
                   FLIST_SIOB     = FLIST_BUFF - 68                    ' $7B9C4 check catalyst.h
                   FLIST_XFER     = FLIST_SIOB - 12                    ' $7B9B8 check catalyst.h
                   FLIST_SECT     = FLIST_XFER - 4                     ' $7B9B4 check catalyst.h
                   FLIST_SHFT     = FLIST_SECT - 4                     ' $7B9B0 check catalyst.h
                   FLIST_FSIZ     = FLIST_SHFT - 4                     ' $7B9AC check catalyst.h
                   FLIST_PSTK     = FLIST_FSIZ - 4                     ' $7B9A8 check catalyst.h
                   FLIST_PREG     = FLIST_PSTK - 4                     ' $7B9A4 check catalyst.h
                   
                   
                   '--------------------------- END OF CONSTANTS ---------------------------------
                   
                   
                   
                   '#line 50 "../../../target_p2/Catalina_LMM_threaded_dynamic.spin2"
                   
                   ' PRIMITIVE - defines how to invoke primitives for this kernel
                   '             For example: PRIMITIVE(#LODF)
                   
                   
                   
                   
                   
                   ' NO_INTERRUPTS - if defined, we can the use SKIPF because this code will not
                   '                 be used in an interrupt service routine. Can be defined here
                   '                 or on the command-line (i.e. -C NO_INTERRUPTS)
                   
                   '#ifndef NO_INTERRUPTS
                   '#define NO_INTERRUPTS
                   '#endif
                   
                   '--------------------- Start of LMM Kernel ------------------------------------
                   
                   DAT
                   
00000 000                  org 0
                   
                   ' the first $73 longs must be in the same place in all LMM kernels, to
                   ' allow for the separate compilation of code that uses these locations
                   
00000 000 fd900164 INIT    jmp #lmm_init          '$00 ' CAN ONLY BE CALLED ONCE !!!
00004 001 fd900d68 SPEC    jmp #special           '$01
00008 002 fd9001cc LODL    jmp #load_l            '$02
0000c 003 fd9001d0 LODI    jmp #load_i            '$03
00010 004 fd9001d8 LODF    jmp #fp_ind            '$04
00014 005 fd9001e0 PSHL    jmp #push_l            '$05
00018 006 fd900274 PSHB    jmp #push_b            '$06
0001c 007 fd900290 CPYB    jmp #copy_b            '$07
00020 008 fd9002c0 NEWF    jmp #new_fp            '$08
00024 009 fd9002d4 RETF    jmp #fp_ret            '$09
00028 00a fd9002e4 CALA    jmp #f_call            '$0a
0002c 00b fd9002d4 RETN    jmp #f_ret             '$0b
00030 00c fd9002e4 CALI    jmp #f_cali            '$0c
00034 00d fd9002ec JMPA    jmp #f_jump            '$0d
00038 00e fd9002f0 JMPI    jmp #f_jmpi            '$0e
0003c 00f fd900324 DIVS    jmp #f_d32s            '$0f
00040 010 fd900328 DIVU    jmp #f_d32u            '$10
00044 011 fd90032c MULT    jmp #f_m32             '$11
00048 012 fd900334 BR_Z    jmp #bra_z             '$12
0004c 013 fd900338 BRNZ    jmp #bra_nz            '$13
00050 014 fd90033c BRAE    jmp #bra_ae            '$14
00054 015 fd900340 BR_A    jmp #bra_a             '$15
00058 016 fd900344 BRBE    jmp #bra_be            '$16
0005c 017 fd900348 BR_B    jmp #bra_b             '$17
00060 018 fd90034c SYSP    jmp #plugin            '$18
00064 019 fd90019c PSHA    jmp #push_a            '$19
00068 01a fd90034c FADD    jmp #flt_add           '$1a
0006c 01b fd900350 FSUB    jmp #flt_sub           '$1b
00070 01c fd900354 FMUL    jmp #flt_mul           '$1c
00074 01d fd900358 FDIV    jmp #flt_div           '$1d
00078 01e fd9004a8 FCMP    jmp #flt_cmp           '$1e
0007c 01f fd900358 FLIN    jmp #flt_int           '$1f
00080 020 fd90035c INFL    jmp #int_flt           '$20
00084 021 fd90019c PSHM    jmp #push_m            '$21
                   
00088 022 fd9001d8 POPM    jmp #pop_m             '$22
0008c 023 fd90017c PSHF    jmp #push_i            '$23
00090 024 fd9002a0 RLNG    jmp #rd_long           '$24
00094 025 fd9002a4 RWRD    jmp #rd_word           '$25
00098 026 fd9002a8 RBYT    jmp #rd_byte           '$26
0009c 027 fd9002ac WLNG    jmp #wr_long           '$27
000a0 028 fd9002b0 WWRD    jmp #wr_word           '$28
000a4 029 fd9002b4 WBYT    jmp #wr_byte           '$29
                   
000a8 02a 00000000         long 0                 '$2a spare
                   
000ac 02b 00000000 PC      long 0                 '$2b set up during initialization
000b0 02c 00000000 SP      long 0                 '$2c set up during initialization
000b4 02d 00000000 FP      long 0                 '$2d
000b8 02e 00000000 RI      long 0                 '$2e
000bc 02f 00000000 BC      long 0                 '$2f
000c0 030 00000000 Save_PC long 0                 '$30
000c4 031 00000000 DBG1    long 0                 '$31 debug opAddr
000c8 032 00000000 DBG2    long 0                 '$32 debug temp
                   
000cc 033 00000000 r0      long 0                 '$33
000d0 034 00000000 r1      long 0                 '$34
000d4 035 00000000 r2      long 0                 '$35
000d8 036 00000000 r3      long 0                 '$36
                   
000dc 037          _Thread_init
000dc 037 fb046d61 r4       rdlong  r3,PTRA++     '$37 load argc
000e0 038 fb046b61 r5       rdlong  r2,PTRA++     '$38 load argv
000e4 039 fb046761 r6       rdlong  r0,PTRA++     '$39 load return address
000e8 03a f184580c r7       sub     SP,#12        '$3a allow space for spilled arguments
000ec 03b fc60662c r8       wrlong  r0,SP         '$3b set up return address
000f0 03c f6046600 r9       mov     r0,#0         '$3c zero ...
000f4 03d fc606651 r10      wrlong  r0,req        '$3d ... our request block
000f8 03e f1845808 r11      sub     SP,#8         '$3e reserve space ...
000fc 03f f602b22c r12      mov     xfer,SP       '$3f .. for xfer block at top of stack
00100 040 f1845804 r13      sub     SP,#4         '$40 top of stack will be first thread block
00104 041 fd60a601 r14      cogid   t1            '$41 set up ...
00108 042 f064a608 r15      shl     t1,#8         '$42 ... affinity, flags ...
0010c 043 fc60a62c r16      wrlong  t1,SP         '$43 ... and set ticks to zero
00110 044 f1845884 r17      sub     SP,#33*4      '$44 point to begining of thread block
00114 045 fc60582c r18      wrlong  SP,SP         '$45 make thread block point to itself
00118 046 f603d02c r19      mov     TP,SP         '$46 make thread block the current thread
0011c 047 fd64002d r20      ret                   '$47
                   
00120 048 00000000 r21      long    0             '$48
00124 049 00000000 r22      long    0             '$49
00128 04a 00000000 r23      long    0             '$4a
                   
0012c 04b 80000000 Bit31   long  $80000000        '$4b
00130 04c ffffffff all_1s  long  $ffffffff        '$4c
00134 04d 000000ff cviu_m1 long  $000000ff        '$4d
00138 04e 0000ffff cviu_m2 long  $0000ffff        '$4e
0013c 04f ff000000 top8    long  $ff000000        '$4f ' top 8 bits bitmask
00140 050 00ffffff low24   long  $00ffffff        '$50 ' low 24 bits bitmask
                   
00144 051 00000000 req     long  0                '$51 request block address
00148 052 00000000 reg     long  0                '$52 registry address
                   
                   ' NOTE - the initial values below are used only during kernel initialization
                   
0014c 053 00000000 t1      long  0                '$53
00150 054 00000000 t2      long  0                '$54
00154 055 00000000 t3      long  0                '$55
00158 056 00000000 t4      long  0                '$56
                   
0015c 057 00000000 ct1     long  0                '$57
00160 058 00000000 ct2     long  0                '$58
00164 059 00000000 ct3     long  0                '$59
                   
                   ' lmm_init : initialize VM - note that this code must be at least 17 longs
                   '            to make various offsets match the main kernel, where this
                   '            code may be overlaid by 17 longs of debug code once
                   '            initialization is complete - eventually, the same may be
                   '            true of this kernel as well.
                   
00168 05a          DEBUG_OVERLAY
00168 05a          lmm_init
00168 05a fb04a561         rdlong  reg,PTRA++      '$5a  1 load registry address (used later)
0016c 05b fd606a01         cogid   r2              '$5b  2 register ...
00170 05c f0646a02         shl     r2,#2           '$5c  3 ... ourselves ...
00174 05d f1006a52         add     r2,reg          '$5d  4 ... as ...
00178 05e fb00a235         rdlong  req,r2          '$5e  5 ... a ...
0017c 05f f500a250         and     req,low24       '$5f  6 ... new ...
00180 060 fc60a235         wrlong  req,r2          '$60  7  kernel
00184 061 fb045761         rdlong  PC,PTRA++       '$61  8 load initial PC
00188 062 fb045961         rdlong  SP,PTRA++       '$62  9 load initial SP
0018c 063 fb046761         rdlong  r0,PTRA++       '$63 10 load initial LUT library size (-1)
00190 064 fb046961         rdlong  r1,PTRA++       '$64 11 load initial LUT library address
00194 065 fd606629         setq2   r0              '$65 12 copy lut library ...
00198 066 fb020034         rdlong  $100,r1         '$66 13 ... to LUT RAM, starting at $100
0019c 067 fdbfff3c         call    #_Thread_init   '$67 14 set up initial thread
001a0 068 fd900018         jmp     #LMM_loop       '$68 15 we can now start executing LMM code
001a4 069 00000000         long    0               '$69 16
001a8 06a 00000000         long    0               '$6a 17
001ac 06b 00000000         long    0               '$6b 18
001b0 06c 00000000         long    0               '$6c 19
001b4 06d 00000000         long    0               '$6d 20
                   '
                   ' LMM_next - increment the PC then execute the instruction pointed to by the new PC
                   '
001b8 06e          LMM_next
001b8 06e f1045604         add    PC,#4            '$6e
                   '
                   ' LMM_loop - Fetch an instruction from HUB RAM to COG RAM and execute it.
                   ' The basic LMM loop is unrolled 4 times to increase speed.
                   '
001bc 06f          LMM_loop
001bc 06f fd604224         stalli                  '$6f
001c0 070 fb00e62b         rdlong LMM_1,PC         '$70
001c4 071 f1045604         add    PC,#4            '$71
001c8 072 00000000         nop                     '$72 1 needs an extra NOP
001cc 073          LMM_1
001cc 073 00000000         nop                     '$73
001d0 074 fd604024         allowi
001d4 075 fd900244         jmp    #LMM_check   ' check if context switch is due yet
                   '
                   'load_l - load the long stored at the PC into RI, incrementing the PC
                   '
001d8 076          load_l
001d8 076 fb005c2b        rdlong RI,PC         ' load the address
001dc 077 fd900238        jmp    #LMM_next_chk ' increment PC, execute next instruction
                   '
                   'load_i - load the long at the address stored at the PC into RI,
                   '         incrementing the PC (i.e. load indirect)
                   '
001e0 078          load_i
001e0 078 fb005c2b        rdlong RI,PC         ' load the address
001e4 079 fb005c2e        rdlong RI,RI         ' load the long at that address
001e8 07a fd90022c        jmp    #LMM_next_chk ' increment PC, execute next instruction
                   '
                   ' fp_ind - load the FP into RI, then add the long at the PC to result, incrementing the PC
                   '
001ec 07b          fp_ind
001ec 07b fb005c2b        rdlong RI,PC         ' load the long value
001f0 07c f1405c2d        adds   RI,FP         ' add the frame pointer
001f4 07d fd900220        jmp    #LMM_next_chk ' increment PC, execute next instruction
                   '
                   ' push_l - push a long value in RI onto the stack, decrementing the SP
                   '
001f8 07e          push_l
001f8 07e f1845804        sub    SP,#4         ' decrement SP
001fc 07f fc605c2c        wrlong RI,SP         ' save value on stack
00200 080 fd900218        jmp    #LMM_check    ' increment PC, execute next instruction
                   '
                   ' push_a - push a value whose address is specified indirectly in a global
                   '          variable onto the stack
                   '
00204 081          push_a
00204 081 fb005c2b        rdlong RI,PC         ' load the address
00208 082 fd900008        jmp    #push_x       ' use the result as an address of the value to push
                   '
                   ' push_i - push a value whose address is specified indirectly in a frame variable
                   '          onto the stack
                   '
0020c 083          push_i
0020c 083 fb005c2b        rdlong RI,PC         ' load the long value
00210 084 f1405c2d        adds   RI,FP         ' add the frame pointer
00214 085          push_x
00214 085 fb005c2e        rdlong RI,RI         ' read the value at that address
00218 086 f1845804        sub    SP,#4         ' decrement SP
0021c 087 fc605c2c        wrlong RI,SP         ' save value on stack
00220 088 fd9001f4        jmp    #LMM_next_chk ' increment PC, execute next instruction
                   '
                   ' push_m - push many registers (specified by long at PC) onto the stack,
                   ' decrementing the SP before each one
                   '
00224 089          push_m
00224 089 fb005c2b        rdlong RI,PC         ' load the long value specifying the registers to push
00228 08a f600a62e        mov    t1,RI         ' save register specification for later
0022c 08b f604a839        mov    t2, #r6       ' start with ...
00230 08c f0445c06        shr    RI,#6         ' ... r6 ...
00234 08d f7cc5dff        test   RI,#$1FF wz   ' ... or ...
00238 08e a0445c09   if_z shr    RI,#9         ' ... with ...
0023c 08f a604a842   if_z mov    t2,#r15       ' ... r15 if r6 - r15 not used
00240 090          push_nxt
00240 090 f05c5c01        shr    RI,#1 wcz     ' save rX?
00244 091 c1845804  if_c  sub    SP,#4         ' yes - save ...
00248 092 c98ca800  if_c  altd   t2
0024c 093 cc60002c  if_c  wrlong 0-0,SP        ' ... register
00250 094 f104a801        add    t2,#1         ' point to next register
00254 095 5d9fffe8  if_nz jmp    #push_nxt    ' continue till all registers checked
00258 096 f1845804        sub    SP,#4         ' save ...
0025c 097 fc60a62c        wrlong t1,SP         ' .... register specification
00260 098 fd9fff54        jmp    #LMM_next     ' increment PC, execute next instruction
                   '
                   ' pop_m - pop many registers (specified by the long on top of stack)
                   ' from the stack, incremening the SP after each one
                   '
00264 099          pop_m
00264 099 fb005c2c        rdlong RI,SP         ' load ...
00268 09a f1045804        add    SP,#4         ' ... register specification to pop
0026c 09b f604a84a        mov    t2, #r23      ' start with ...
00270 09c f0645c08        shl    RI,#(32-24)   ' ... r23
00274 09d          pop_nxt
00274 09d f07c5c01        shl    RI,#1 wcz     ' load rX?
00278 09e c98ca800  if_c  altd   t2
0027c 09f cb00002c  if_c  rdlong 0-0,SP        ' ... load ...
00280 0a0 c1045804  if_c  add    SP,#4         ' ... the register
00284 0a1 ad9fff34  if_z  jmp    #LMM_loop     ' execute next instruction if all done
00288 0a2 f184a801        sub    t2,#1         ' point to previous register
0028c 0a3 fd9fffe4        jmp    #pop_nxt      ' continue till all registers popped
                   '
                   ' push_b - push a structure (size in bytes at the PC) pointed to by R0
                   '          onto the stack, decrementing the SP. Note that the source
                   '          and destination data MUST be long aligned - but this is true
                   '          for all normal structures.
                   '
00290 0a4          push_b
00290 0a4 fb005e2b        rdlong BC,PC         ' load the byte count
00294 0a5 f1045604        add    PC,#4         ' increment the PC
00298 0a6 f1045e03        add    BC,#3         ' round up BC ...
0029c 0a7 f5245e03        andn   BC,#3         ' ... to be a multiple of 4
002a0 0a8 f180582f        sub    SP,BC         ' decrement SP by rounded up size
002a4 0a9 f600a633        mov    t1,R0         ' source is in R0
002a8 0aa f600a82c        mov    t2,SP         ' destination is SP
002ac 0ab fd900018        jmp    #copy_longs   ' do the copy
                   '
                   ' copy_b - copy a structure (size in bytes at the PC)
                   '          from the address in R1 to the address in R0
                   '
002b0 0ac          copy_b
002b0 0ac fb005e2b        rdlong BC,PC         ' load the byte count
002b4 0ad f1045604        add    PC,#4         ' increment the PC
002b8 0ae f1045e03        add    BC,#3         ' round up BC ...
002bc 0af f5245e03        andn   BC,#3         ' ... to be a multiple of 4
002c0 0b0 f600a634        mov    t1,R1         ' source is in R1
002c4 0b1 f600a833        mov    t2,R0         ' destination is in R0
                   '
002c8 0b2          copy_longs
002c8 0b2 fb945e54        tjz    BC,#LMM_check ' no more to copy
002cc 0b3 fb00aa53        rdlong t3,t1         ' read from src to t3
002d0 0b4 fc60aa54        wrlong t3,t2         ' write t3 to dst
002d4 0b5 f104a604        add    t1,#4         ' increment source
002d8 0b6 f104a804        add    t2,#4         ' increment destination
002dc 0b7 f1845e04        sub    BC,#4         ' decrement count ...
002e0 0b8 fd9fffe4        jmp    #copy_longs   ' ... and keep copying
                   '
                   ' new_fp - save current frame pointer and set up a new frame pointer
                   ' also calculate what SP was before data was pushed and save it in BC
                   '
002e4 0b9          new_fp
002e4 0b9 f1845804        sub    SP,#4         ' decrement the stack pointer
002e8 0ba fc605a2c        wrlong FP,SP         ' save FP to stack
002ec 0bb f6005a2c        mov    FP,SP         ' set up new FP
002f0 0bc f1045e08        add    BC,#8         ' calculate what SP was ...
002f4 0bd f1005e2d        add    BC,FP         ' ... before arguments were pushed
002f8 0be fd900120        jmp    #LMM_check    ' execute the next instruction
                   '
                   ' fp_ret - pop current frame, restore previous frame and stack pointers,
                   '          then restore the previous program counter
                   '
                   ' f_ret -  just restore the previous program counter
                   '
002fc 0bf          fp_ret
002fc 0bf fb005a2c        rdlong FP,SP         ' restore previous FP
00300 0c0 f1045804        add    SP,#4         ' increment the SP
00304 0c1          f_ret
00304 0c1 fb00562c        rdlong PC,SP         ' read the PC
00308 0c2 f1045808        add    SP,#8         ' increment the SP
0030c 0c3 fd90010c        jmp    #LMM_check    ' execute the next instruction
                   '
                   ' f_call - call the routine at the address pointed to by the PC (increment the PC)
                   ' f_cali - call the routine whose address is in RI
                   '
00310 0c4          f_call
00310 0c4 fb005c2b        rdlong RI,PC         ' get the address to call
00314 0c5 f1045604        add    PC,#4         ' increment the PC (this is the return address)
00318 0c6          f_cali
00318 0c6 f1845808        sub    SP,#8         ' decrement the SP
0031c 0c7 fc60562c        wrlong PC,SP         ' save current PC to stack
00320 0c8 fd900008        jmp    #f_jmpi       ' jump to location in RI
                   '
                   ' f_jump - jump to the location at the address pointed to by PC (increment the PC)
                   '
00324 0c9          f_jump
00324 0c9 fb00562b        rdlong PC,PC         ' get the address to jump to
00328 0ca fd9000f0        jmp    #LMM_check    ' execute next instruction
                   '
                   ' f_jmpi - jump to the location whose address in RI
                   '
0032c 0cb          f_jmpi
0032c 0cb f600562e        mov    PC,RI         ' get the address to jump to
00330 0cc fd9000e8        jmp    #LMM_check    ' execute next instruction
                   '
                   ' rd_long/rd_word/rd_byte : Read long/word/byte from HUB memory at address in RI into BC.
                   '
                   ' On entry:
                   '    RI : address to read
                   ' On exit:
                   '    BC : long/word/byte read
                   '
00334 0cd          rd_long
00334 0cd fb005e2e         rdlong  BC,RI
00338 0ce fd9000dc         jmp     #LMM_next_chk
0033c 0cf          rd_word
0033c 0cf fae05e2e         rdword  BC,RI
00340 0d0 fd9000d4         jmp     #LMM_next_chk
00344 0d1          rd_byte
00344 0d1 fac05e2e         rdbyte  BC,RI
00348 0d2 fd9000cc         jmp     #LMM_next_chk
                   '
                   ' wr_long/wr_word/wr_byte : Write long/word/byte to HUB memory at address in RI into BC.
                   '
                   ' On entry:
                   '    RI : address to write
                   '    BC : long/word/byte to write
                   ' On exit:
                   '    (none)
                   '
0034c 0d3          wr_long
0034c 0d3 fc605e2e         wrlong  BC,RI
00350 0d4 fd9000c4         jmp     #LMM_next_chk
00354 0d5          wr_word
00354 0d5 fc505e2e         wrword  BC,RI
00358 0d6 fd9000bc         jmp     #LMM_next_chk
0035c 0d7          wr_byte
0035c 0d7 fc405e2e         wrbyte  BC,RI
00360 0d8 fd9000b4         jmp     #LMM_next_chk
                   
                   'fd_32s - Signed 32 bit division
                   '         Divisor --> r1
                   '         Dividend--> r0
                   '         Result --> Quotient in r0
                   '                    Remainder in r1
                   
00364 0d9          f_d32s
00364 0d9 fda00303         call    #\signed_d32     ' perform signed division
00368 0da fd9000b0         jmp     #LMM_check
                   
                   'f_d32u - unsigned 32 bit division
                   '         Divisor : r1
                   '         Dividend : r0
                   '         Result:
                   '             Quotient in r0
                   '             Remainder in r1
                   
0036c 0db          f_d32u
0036c 0db fda00300         call    #\unsigned_d32   ' perform signed division
00370 0dc fd9000a8         jmp     #LMM_check
                   
                   
                   'f_m32 - multiplication
                   '        r0 : 1st operand (32 bit)
                   '        r1 : 2nd operand (32 bit)
                   '        Result:
                   '           Product in r0 (<= 32 bit)
                   
00374 0dd          f_m32
00374 0dd fd006634         qmul   r0,r1
00378 0de fd606618         getqx  r0
0037c 0df fd90009c         jmp    #LMM_check
                   
                   ' bra_xx - branch if condition is true to the address at the PC,
                   '          otherwise, just increment the PC by 4
                   
00380 0e0          bra_z
00380 0e0 ad9fffa0   if_z  jmp    #f_jump       ' if condition true, branch is equiv to jump
00384 0e1 fd900090         jmp    #LMM_next_chk ' increment PC, execute next instruction
00388 0e2          bra_nz
00388 0e2 5d9fff98  if_nz  jmp    #f_jump       ' if condition true, branch is equiv to jump
0038c 0e3 fd900088         jmp    #LMM_next_chk ' increment PC, execute next instruction
00390 0e4          bra_ae
00390 0e4 3d9fff90  if_ae  jmp    #f_jump       ' if condition true, branch is equiv to jump
00394 0e5 fd900080         jmp    #LMM_next_chk ' increment PC, execute next instruction
00398 0e6          bra_a
00398 0e6 1d9fff88  if_a   jmp    #f_jump       ' if condition true, branch is equiv to jump
0039c 0e7 fd900078         jmp    #LMM_next_chk ' increment PC, execute next instruction
003a0 0e8          bra_be
003a0 0e8 ed9fff80  if_be  jmp    #f_jump       ' if condition true, branch is equiv to jump
003a4 0e9 fd900070         jmp    #LMM_next_chk ' increment PC, execute next instruction
003a8 0ea          bra_b
003a8 0ea cd9fff78  if_b   jmp    #f_jump       ' if condition true, branch is equiv to jump
003ac 0eb fd900068         jmp    #LMM_next_chk ' increment PC, execute next instruction
                   
                   ' plugin - call a plugin
                   ' On entry:
                   '       R3 = code:
                   '            - cog id if >= 128 (i.e. $80 + cog id)
                   '            - plugin type if < 128 (i.e. 0 .. 127)
                   '            - service id if < 0
                   '       R2 = data (optional pointer)
                   '
                   ' NOTES: Locks are currently only supported when invoking via a service id.
                   '        When using service id, the data should only use the lower 24 bits.
                   '
                   ' On exit:
                   '       R0 = result
                   
003b0 0ec          plugin
003b0 0ec fda0030d         call    #\do_plugin     ' do_plugin does all the work
003b4 0ed fd900064         jmp     #LMM_check
                   
003b8 0ee          flt_add
003b8 0ee f664a601         neg     t1,#SVC_FLOAT_ADD
003bc 0ef fd900024         jmp     #fp_service
003c0 0f0          flt_sub
003c0 0f0 f664a602         neg     t1,#SVC_FLOAT_SUB
003c4 0f1 fd90001c         jmp     #fp_service
003c8 0f2          flt_mul
003c8 0f2 f664a603         neg     t1,#SVC_FLOAT_MUL
003cc 0f3 fd900014         jmp     #fp_service
003d0 0f4          flt_div
003d0 0f4 f664a604         neg     t1,#SVC_FLOAT_DIV
003d4 0f5 fd90000c         jmp     #fp_service
003d8 0f6          flt_int
003d8 0f6 f664a605         neg     t1,#SVC_FLOAT_FLOAT
003dc 0f7 fd900004         jmp     #fp_service
003e0 0f8          int_flt
003e0 0f8 f664a606         neg     t1,#SVC_FLOAT_TRUNC
                           ' fall through to
                   '
                   '------------------------------------------------------------------------------
                   ' fp_service - request a floating point service
                   ' input:   t2          service to request
                   '          r0          32-bit floating point value
                   '          r1          32-bit floating point value
                   ' output:  r0          32-bit floating point result
                   '------------------------------------------------------------------------------
                   '
003e4 0f9          fp_service
003e4 0f9 f602b635         mov     ftmp2,r2        ' save r2
003e8 0fa f602b836         mov     ftmp3,r3        ' save r3
003ec 0fb f6006c53         mov     r3,t1           ' r3 = code of service to request
003f0 0fc f6006b59         mov     r2,xfer         ' r2 = data is address of xfer block
003f4 0fd f600a759         mov     t1,xfer         ' write ...
003f8 0fe fc606653         wrlong  r0,t1           ' ... first argument to xfer block
003fc 0ff f104a604         add     t1,#4           ' write ...
00400 100 fc606853         wrlong  r1,t1           ' ... second argument to xfer block
00404 101 fdb0082c         call    #do_plugin      ' request the service
00408 102 f6006b5b         mov     r2,ftmp2        ' restore r2
0040c 103 f6006d5c         mov     r3,ftmp3        ' restore r3
                   
00410 104 f25c6600         cmps    r0,#0 wcz       ' set C & Z flags according to result
                   
                   
                   
00414 105 fd900004         jmp     #LMM_check
                   '
                   '-------------------------- Multi-Threading Support ----------------------------
                   '
                   ' LMM_check - check whether we should context switch (and switch if so)
                   '
00418 106          LMM_next_chk
00418 106 f1045604         add     PC,#4
0041c 107          LMM_check
0041c 107 fd604224         stalli
00420 108 fb6fcd66         djnz    ticks, #LMM_loop ' if ticks not yet zero, don't context switch
00424 109 f607cc64         mov     ticks, #100     ' in case we cannot get lock, set up ticks to wait before retry
00428 10a f587ce01         muxc    flags, #1       ' save C ...
0042c 10b f5e7ce02         muxnz   flags, #2       ' ... and Z flags
                   
00430 10c f43bd5e9         bith    lockbits,lock wcz    ' have we acquired ...
00434 10d 5d73d206  if_nz  locktry lock wc              ' ... both intra-cog and inter-cog locks?
00438 10e 1403d5e9  if_nc_and_nz  bitl lockbits,lock    ' true = if_c_and_z, false = if_nc_or_nz
0043c 10f bd900078  if_nc_or_z  jmp #LMM_resume    ' no - cannot switch - restore C & Z and resume
                   
                   
                   
                   
00440 110 fb00a9e8         rdlong  t2, TP          ' yes - load next thread block pointer
00444 111 fb08a651         rdlong  t1, req wz      ' is there an affinity request oustanding?
00448 112 5d900078  if_nz  jmp     #LMM_affine     ' yes - service it
0044c 113 f208a9e8         cmp     t2, TP wz       ' no - is there only one thread executing?
00450 114 ad90005c  if_z   jmp     #LMM_unlock     ' yes - restore C & Z flags, unlock and resume
00454 115          LMM_switch
00454 115 f600aa54         mov     t3, t2          ' no - get ...
00458 116 f104aa85         add     t3, #33*4+1     ' ... affinity byte
0045c 117 fac0a655         rdbyte  t1, t3          ' ... of proposed next thread
00460 118 f7cca6e0         test    t1, #%11100000 wz ' affinity stop, or thread terminated or completed?
00464 119 ad900010   if_z  jmp     #:next          ' no - switch to next thread
00468 11a f544a680         or      t1, #%10000000  ' yes - make sure ...
0046c 11b fc40a655         wrbyte  t1, t3          ' ... thread terminated bit of next thread is set
00470 11c fb00a854         rdlong  t2, t2          ' remove next thread ...
00474 11d fc60a9e8         wrlong  t2, TP          ' ... from the executing thread list
00478 11e f600a7e8 :next   mov     t1, TP          ' point to ...
0047c 11f f104a604         add     t1, #4          ' ... current thread register save area
                   
00480 120 fd643e28         setq    #32-1           ' save 32 registers ...
00484 121 fc605653         wrlong  PC,t1           ' ... to register save area
00488 122 f104a680         add     t1,#32*4        ' point to flag save area
                   
                   
                   
                   
                   
                   
                   
                   
0048c 123 fc43ce53         wrbyte  flags, t1       ' save C & Z flags
00490 124 f603d054         mov     TP, t2          ' set TP to next thread block
00494 125 f104a804         add     t2, #4          ' point to that thread's register save area
                   
00498 126 fd643e28         setq    #32-1           ' load 32 registers ...
0049c 127 fb005654         rdlong  PC,t2           ' ... from register save area
004a0 128 f104a880         add     t2,#32*4        ' point to flag save area
                   
                   
                   
                   
                   
                   
                   
                   
004a4 129 fac3ce54         rdbyte  flags, t2       ' load C & Z flags
004a8 12a f104a802         add     t2,#2           ' load ...
004ac 12b fae3cc54         rdword  ticks, t2       ' ... tick count assigned to this thread
004b0 12c          LMM_unlock
                   
004b0 12c fd63d207         lockrel lock                 ' release inter-cog lock
004b4 12d f403d5e9         bitl    lockbits,lock        ' release intra-cog lock
004b8 12e          LMM_resume
004b8 12e f05fce01         shr     flags, #1 wcz   ' restore Z & C flags ...
                   
                   
                   
                   
                   
004bc 12f fd604024         allowi
004c0 130 fd9ffcf8         jmp     #LMM_loop       ' ... and resume execution
004c4 131          LMM_affine
004c4 131 f208a9e8         cmp     t2, TP wz       ' is there only one thread executing?
004c8 132 5b00aa54  if_nz  rdlong  t3, t2          ' no - get next thread of next thread ...
004cc 133 5c60aa53  if_nz  wrlong  t3, t1          ' no - ... and make it next thread of new thread
004d0 134 ac60a853  if_z   wrlong  t2, t1          ' yes - make new thread next thread of current thread
004d4 135 fc60a654         wrlong  t1, t2          ' make current thread next thread of new thread
004d8 136 f606b485         mov     ftemp, #33*4+1  ' update ...
004dc 137 f102b453         add     ftemp, t1       ' ...
004e0 138 fac2b75a         rdbyte  ftmp2, ftemp    ' ...
004e4 139 fd62b801         cogid   ftmp3           ' ...
004e8 13a f526b607         andn    ftmp2, #%111    ' ...
004ec 13b f542b75c         or      ftmp2, ftmp3    ' ...
004f0 13c fc42b75a         wrbyte  ftmp2, ftemp    ' ... thread affinity
004f4 13d f606b400         mov     ftemp, #0       ' zero ...
004f8 13e fc62b451         wrlong  ftemp, req      ' ... request block
004fc 13f fd9fff54         jmp     #LMM_switch     ' now switch to next thread
00500 140          LMM_force                       ' NOTE IF THIS CHANGES, CHANGE threads_misc.e !!
00500 140 fd604224         stalli
00504 141 f587ce01         muxc    flags, #1       ' force context switch - save C ...
00508 142 f5e7ce02         muxnz   flags, #2       ' ... and Z flags
0050c 143 fb00a9e8         rdlong  t2, TP          ' load next thread pointer
00510 144 fb08a651         rdlong  t1, req wz      ' is there an affinity request oustanding?
00514 145 5d9fffac  if_nz  jmp     #LMM_affine     ' yes - service it
00518 146 f208a9e8         cmp     t2, TP wz       ' is there only one thread executing?
0051c 147 5d9fff34  if_nz  jmp     #LMM_switch     ' no - perform context switch
00520 148 fd9fff8c         jmp     #LMM_unlock     ' yes - unlock, restore C & Z amd resume
                   
                   '--------------------- End of LMM Kernel --------------------------------------
                   
                   '---------------------------- local constants ---------------------------------
                   
                   
                   
                   
                   
                   '--------------------- Start of Float32 Components ----------------------------
                   '
                   {{
                                               TERMS OF USE: MIT License
                                 (Float32 Components only - i.e. excludes LMM Kernel)
                   
                    Permission is hereby granted, free of charge, to any person obtaining a copy
                    of this software and associated documentation files (the "Software"), to deal
                    in the Software without restriction, including without limitation the rights
                    to use, copy, modify, merge, publish, distribute, sublicense, and/or sell
                    copies of the Software, and to permit persons to whom the Software is
                    furnished to do so, subject to the following conditions:
                   
                    The above copyright notice and this permission notice shall be included in
                    all copies or substantial portions of the Software.
                   
                    THE SOFTWARE IS PROVIDED "AS IS", WITHOUT WARRANTY OF ANY KIND, EXPRESS OR
                    IMPLIED, INCLUDING BUT NOT LIMITED TO THE WARRANTIES OF MERCHANTABILITY,
                    FITNESS FOR A PARTICULAR PURPOSE AND NONINFRINGEMENT. IN NO EVENT SHALL THE
                    AUTHORS OR COPYRIGHT HOLDERS BE LIABLE FOR ANY CLAIM, DAMAGES OR OTHER
                    LIABILITY, WHETHER IN AN ACTION OF CONTRACT, TORT OR OTHERWISE,ARISING FROM,
                    OUT OF OR IN CONNECTION WITH THE SOFTWARE OR THE USE OR OTHER DEALINGS IN
                    THE SOFTWARE.
                   }}
                   
                   '------------------------------------------------------------------------------
                   ' _FCmp    set Z and C flags for r0 - r1
                   ' changes: t1
                   '------------------------------------------------------------------------------
                   
00524 149          flt_cmp
00524 149 f600a633 _FCmp                   mov     t1, r0        ' compare signs
00528 14a f560a634                         xor     t1, r1
0052c 14b f508a64b                         and     t1, Bit31 wz
00530 14c ad900018           if_z          jmp     #cmp1                  ' same, then compare magnitude
                   
00534 14d f600a633                         mov     t1, r0               ' check for +0 or -0
00538 14e f540a634                         or      t1, r1
0053c 14f f538a64b                         andn    t1, Bit31 wcz
00540 150 ad9ffed8           if_z          jmp     #LMM_check
                   
00544 151 f7d0664b                         test    r0, Bit31 wc         ' compare signs
00548 152 fd9ffed0                         jmp     #LMM_check
                   
0054c 153 f7c8664b cmp1                    test    r0, Bit31 wz         ' check signs
00550 154 5d900008           if_nz         jmp     #cmp2
00554 155 f2186634                         cmp     r0, r1 wcz
00558 156 fd9ffec0                         jmp     #LMM_check
0055c 157 f2186833 cmp2                    cmp     r1, r0 wcz           ' reverse test if negative
00560 158 fd9ffeb8                         jmp     #LMM_check
                   
                   
                   '-------------------- End of Float32 Components -------------------------------
                   
                   '---------------------------- local variables ---------------------------------
                   
00564 159 00000000 xfer                    long    0
                   
                   ' temporary storage used in mul & div calculations
                   
00568 15a 00000000 ftemp                   long    0
0056c 15b 00000000 ftmp2                   long    0
00570 15c 00000000 ftmp3                   long    0
                   
                   '-------------------------- Multi-Threading Support ----------------------------
                   
                   ' These must be in the same place in all the threaded kernels of the
                   ' same 'flavor' (i.e. CMM, LMM, NMM etc).
                   
00574 15d                   fit    $1e6
00798 1e6                   orgf   $1e6
                   
00798 1e6 00000064 ticks    long   100             ' time till next thread swap (~10 milliseconds)
0079c 1e7 00000000 flags    long   0               ' used for storing flags
007a0 1e8 00000000 TP       long   0               ' current thread pointer
007a4 1e9 00000007 lock     long   7               ' lock to use for context switching (default 7)
007a8 1ea 00000000 lockbits long   0               ' lockbits used to simulate P1-style locks
                   
                   ' last 5 longs are reserved for debug overlay vectors (or debug LED)
                   
007ac 1eb                   fit    $1eb
007ac 1eb                   orgf   $1eb
                   
007ac 1eb          DEBUG_VECTORS
                   
                   
                   
                   
                   
                   
                   
                   
                   
                   
                   
007ac 1eb 0007bde8          long   DEBUG_BREAK
007b0 1ec 0007bdec          long   DEBUG_ADDR
007b4 1ed 0007bdf0          long   DEBUG_OUT
007b8 1ee 0007bdf4          long   DEBUG_IN
007bc 1ef 0007bdf8          long   DEBUG_FLAG
                   
007c0 1f0                   fit    $1f0
                   
                   '------------------------- END OF KERNEL --------------------------------------
                   
007c0 300                   org $300
                   
                   ' Common Kernel library functions. This code is included only to get the LUT
                   ' offsets correct in the dynamically loaded kernel. The actual LUT code is
                   ' loaded into LUT from elsewhere. There must be a better way to do this, but I
                   ' can't think of one at the moment :(
                   
                   '#line 1 "../../../target_p2/Catalina_kernel_library.inc"
                   ' Catalina kernel library functions ...
                   
                   ' avoid including the kernel library functions twice ...
                   
                   
                   
                   
                   DAT
                   
                   ' unsigned_d32 - 32 bit unsigned division
                   
007c0 300          unsigned_d32
007c0 300 fd106634          qdiv   r0,r1
007c4 301 fd606618          getqx  r0
007c8 302 0d606819   _ret_  getqy  r1
                   
                   ' signed_d32 - 32 bit signed division
                   
007cc 303          signed_d32
007cc 303 f600aa34          mov    t3,r1           ' save sign for later
007d0 304 f600ac33          mov    t4,r0
007d4 305 f6406834          abs    r1,r1
007d8 306 f6406633          abs    r0,r0
007dc 307 f560aa56          xor    t3,t4
007e0 308 fda00300          call   #\unsigned_d32  ' perform unsigned division
007e4 309 f610ac56          mov    t4,t4 WC        ' get bit #31 into carry
007e8 30a f6806834          negc   r1,r1           ' adjust the sign of the remainder
007ec 30b f610aa55          mov    t3,t3 WC        ' get bit #31 into carry
007f0 30c 06806633   _ret_  negc   r0,r0           ' adjust the sign of the result
                   
                   ' do_plugin - call a plugin
                   '
                   ' On entry:
                   '       r3 = code:
                   '            - cog id if >= 128 (i.e. $80 + cog id)
                   '            - plugin type if < 128 (i.e. 0 .. 127)
                   '            - service id if < 0
                   '       r2 = data (optional pointer)
                   '
                   ' NOTES: Locks are currently only supported when invoking via a service id.
                   '        When using service id, the data should only use the lower 24 bits.
                   '
                   ' On exit:
                   '       R0 = result
                   
007f4 30d          do_plugin
007f4 30d f604ac08         mov     t4,#8           ' t4 stores lock - default to none required
007f8 30e f6106636         mov     r0,r3 wc        ' get plugin type or cog id or service id
007fc 30f cd90003c  if_b   jmp     #psvc           ' if < 0, code is a service id
00800 310 f7cc6680         test    r0,#$80 wz      ' if bit 7 set ...
00804 311 5d900074  if_nz  jmp     #pcog           ' code is a cog id ...
00808 312          ptype                           ' ... otherwize it's a plugin type
00808 312 f600a652         mov     t1,reg          ' point to registry
0080c 313 f604a800         mov     t2,#0           ' start at cog id 0
00810 314          plgt1
00810 314 f21ca808         cmp     t2,#8 wcz       ' run out of cogs?
00814 315 3d9000a0  if_ae  jmp     #plugerr        ' yes - no such plugin
00818 316 fb00aa53         rdlong  t3,t1           ' no - check cog's plugin type
0081c 317 f044aa18         shr     t3,#24          ' is it ...
00820 318 f208aa33         cmp     t3,r0 wz        ' ... the plugin type what we wanted?
00824 319 ad90000c  if_z   jmp     #plgt2          ' yes - invoke plugin at this cog id
00828 31a 5104a801  if_nz  add     t2,#1           ' no - try ...
0082c 31b 5104a604  if_nz  add     t1,#4           ' ... next ...
00830 31c 5d9fffdc  if_nz  jmp     #plgt1          ' ... cog id
00834 31d          plgt2
00834 31d f6006654         mov     r0,t2           ' use the cog where we found the plugin
00838 31e fd900040         jmp     #pcog           ' invoke plugin (via the cog id)
0083c 31f          psvc
0083c 31f f0646601         shl     r0,#1           ' read entry ...
00840 320 f1006652         add     r0,reg          ' ... from ...
00844 321 fae06633         rdword  r0,r0           ' ... the service registry
00848 322 f600a633         mov     t1,r0           ' save in t1 and extract ...
0084c 323 f044660c         shr     r0,#12          ' ... cog number to r0
00850 324 f600a853         mov     t2,t1           ' save in t2 and extract ...
00854 325 f06ca618         shl     t1,#24 wz       ' ... request code to t1 (top 8 bits) ...
00858 326 ad90005c  if_z   jmp     #plugerr        ' ... or throw error if request code is zero
0085c 327 f600ac54         mov     t4,t2           ' extract ...
00860 328 f044ac08         shr     t4,#8           ' ... lock number to t4
00864 329 f7ccac08         test    t4,#8 wz        ' are we required to use a lock?
00868 32a 5d900008  if_nz  jmp     #no_lock        ' no - just make the request
0086c 32b          set_lock
0086c 32b fd70ac06         locktry t4 wc           ' yes - loop ...
00870 32c 3d9ffff8  if_nc  jmp     #set_lock       ' ... until we have set the lock
00874 32d          no_lock
00874 32d f5206a4f         andn    r2,top8         ' combine data ...
00878 32e f5406a53         or      r2,t1           ' ... with request code
0087c 32f          pcog
0087c 32f f5046607         and     r0,#7           ' mask off cog id to 0 .. 7
00880 330 f0646602         shl     r0,#2           ' point to ...
00884 331 f1006652         add     r0,reg          ' ... registry entry for the cog
00888 332 fb006633         rdlong  r0,r0           ' get request block from registry
0088c 333 f7c8664f         test    r0,top8 wz      ' is a plugin registered in this cog?
00890 334 ad900024  if_z   jmp     #plugerr        ' no - throw error
00894 335 f520664f         andn    r0,top8         ' yes - write ...
00898 336 fc606a33         wrlong  r2,r0           ' ... request
0089c 337          ploop
0089c 337 fb086c33         rdlong  r3,r0   wz      ' wait till ...
008a0 338 5d9ffff8  if_nz  jmp     #ploop          ' ... request completed
008a4 339 f1046604         add     r0,#4           ' get ...
008a8 33a fb006633         rdlong  r0,r0           ' ... result
008ac 33b          clr_lock
008ac 33b f7ccac08         test    t4,#8 wz        ' did we set a lock?
008b0 33c ad60ac07  if_z   lockrel t4              ' yes - release the lock we set
008b4 33d fd64002d         ret
008b8 33e          plugerr
008b8 33e f6646601         neg     r0,#1           ' plugin error (e.g. not registered)
008bc 33f fd9fffec         jmp     #clr_lock       ' done - clear lock if required
                   
                   ' do_register - register a plugin
                   '
                   ' On entry:
                   '
                   '        r0 - initial value to write to request block
                   '        r1 - cog to register (lost)
                   '        r3 - plugin type to register (lost)
                   
008c0 340          do_register
008c0 340 f0646802         shl     r1, #2          ' register ...
008c4 341 ff0003df         add     r1, ##REGISTRY  ' ... plugin ...
008c8 342 f10469b0 
008cc 343 fb006a34         rdlong  r2, r1          ' ...
008d0 344 ff007fff         and     r2, ##$00FFFFFF ' ... as ...
008d4 345 f5046bff 
008d8 346 f0646c18         shl     r3, #24         ' ...
008dc 347 f5406a36         or      r2, r3          ' ...
008e0 348 fc606a34         wrlong  r2, r1          ' ... plugin type
008e4 349 0c606635   _ret_ wrlong  r0, r2          ' save in request block
                   
                   '
                   ' do_copy
                   '
                   ' On entry:
                   '
                   '       r0 - dst addr
                   '       r1 - number of bytes to copy
                   '       r2 - src addr
                   '
                   ' On exit:
                   '
                   '       r0 incremented by r1 (i.e. number of bytes)
                   '       r3 lost
                   
008e8 34a          do_copy
008e8 34a fac06c35        rdbyte  r3, r2           '
008ec 34b fc406c33        wrbyte  r3, r0
008f0 34c f1046601        add     r0, #1
008f4 34d f1046a01        add     r2, #1
008f8 34e fb6c69fb        djnz    r1, #do_copy     '
008fc 34f fd64002d        ret
                   
                   
                   
                   '#line 777 "../../../target_p2/Catalina_LMM_threaded_dynamic.spin2"
                   
                   '#line 1 "../../../target_p2/Catalina_LMM_kernel_library.inc"
                   ' Catalina kernel functions that are specific to the LMM kernels ...
                   
                   ' avoid including the kernel library functions twice ...
                   
                   
                   
                   
                   DAT
                   
                   ' do_initcog - cannot be executed via LMM because rdlongs interrupt the setq
                   '    r4 points to data block (REGISTRY, PC, SP)
                   '    r0 contains cog id (or ANY_COG)
                   '    r3 contains pointer to code to load into cog
                   
00900 350          do_initcog
00900 350 fd606e28         setq    r4             ' this will end up in PTRA of new cog
00904 351 fcf06636         coginit r0, r3 wc
00908 352 fd9ff470         jmp     #LMM_Loop
                   
                   ' do_rotxy - cannot be executed via LMM because rdlongs interrupt the setq
                   '    r1 contains Y
                   '    r0 contains X
                   '    r2 contains angle
                   
0090c 353          do_rotxy
0090c 353 fd606828         setq    r1
00910 354 fd406635         qrotate r0, r2
00914 355 fd9ff464         jmp     #LMM_Loop
                   
                   ' do_cnthl - cannot be executed via LMM as the 2 instructions must be adjacent
00918 356          do_cnthl
00918 356 fd70681a         getct   r1 wc
0091c 357 fd60661a         getct   r0
00920 358 fd9ff458         jmp     #LMM_Loop
                   
                   ' do_div64 - cannot be executed via LMM because rdlongs interrupt the setq
                    ' on entry r0 = lower 32 bits of dividend
                    '          r1 = upper 32 bits of dividend
                    '          r2 = divisor
                    ' on exit  r0 = quotient
                   
00924 359          do_div64
00924 359 fd606828         setq    r1       ' set upper 32 bits of product to q register
00928 35a fd106635         qdiv    r0, r2   ' divide 64 bit product by 32 bit divisor
0092c 35b fd9ff44c         jmp     #LMM_loop
                   
                   ' special - perform a special operation that cannot be performed via LMM
                   '    RI contains 1 => do_initcog
                   '                2 => do_rotxy
                   '                3 => do_cnthl
                   '                4 => do_div64
                   
00930 35c          special
00930 35c fb645df3         djz     RI, #do_initcog
00934 35d fb645df5         djz     RI, #do_rotxy
00938 35e fb645df7         djz     RI, #do_cnthl
0093c 35f fd9fffe4         jmp     #do_div64
                   
                   
                   
                   
                   '#line 779 "../../../target_p2/Catalina_LMM_threaded_dynamic.spin2"
                   
                   '#line 1 "../../../target_p2/Catalina_thread_library.inc"
                   ' Catalina thread library functions ...
                   
                   ' avoid including the thread library functions twice ...
                   
                   
                   
                   
                   DAT
                   
                   ' GET_KERNEL_LOCK : do not return until we get kernel lock (specified in lock)
                   
00940 360          GET_KERNEL_LOCK
00940 360 fd604224         stalli
00944 361 f43bd5e9         bith    lockbits,lock wcz    ' have we acquired ...
00948 362 5d73d206  if_nz  locktry lock wc              ' ... both intra-cog and inter-cog locks?
0094c 363 1403d5e9  if_nc_and_nz  bitl lockbits,lock    ' true = if_c_and_nz, false = if_nc_or_z
00950 364 bd800360  if_nc_or_z    jmp #\GET_KERNEL_LOCK
00954 365 fd604024         allowi
00958 366 fd64002d         ret
                   
                   ' REL_KERNEL_LOCK : release the kernel lock (specified in lock)
                   
0095c 367          REL_KERNEL_LOCK
0095c 367 fd604224         stalli
00960 368 fd63d207         lockrel lock                 ' release inter-cog lock
00964 369 f403d5e9         bitl    lockbits,lock        ' release intra-cog lock
00968 36a fd604024 	allowi
0096c 36b fd64002d         ret
                   
                   ' GET_POOL_LOCK : do not return until we get pool lock (specified in r1)
                   
00970 36c          GET_POOL_LOCK
00970 36c fd604224         stalli
00974 36d f43bd5e9         bith    lockbits,lock wcz    ' have we acquired ...
00978 36e 5d706806  if_nz  locktry r1 wc                ' ... both intra-cog and inter-cog locks?
0097c 36f 1403d5e9  if_nc_and_nz  bitl lockbits,lock    ' true = if_c_and_nz, false = if_nc_or_z
00980 370 bd80036c  if_nc_or_z    jmp #\GET_POOL_LOCK
00984 371 fd604024         allowi
00988 372 fd64002d         ret
                   
                   ' REL_POOL_LOCK : release the pool lock (specified in r1)
                   
0098c 373          REL_POOL_LOCK
0098c 373 fd604224         stalli
00990 374 fd606807         lockrel r1                   ' release inter-cog lock
00994 375 f403d5e9         bitl    lockbits,lock        ' release intra-cog lock
00998 376 fd604024 	allowi
0099c 377 fd64002d         ret
                   
                   
                   
                   '#line 781 "../../../target_p2/Catalina_LMM_threaded_dynamic.spin2"
                   
