                   '#line 1 "../../../target_p2/Catalina_LMM_library.spin2"
                   '
                   ' This file exists to allow the LMM LUT library code to be compiled and
                   ' then turned into a blob suitable for loading as part of dynamically
                   ' loading a program. This is required because with Multi-Model support,
                   ' the kernel being loaded may require a different LUT library to the
                   ' kernel doing the loading.
                   '
                   ' Compile this library and convert it to a blob using commands similar
                   ' to the following:
                   '
                   '    p2_asm -I ..\..\target_p2 ..\..\target_p2\Catalina_LMM_library.spin2 -o lmm
                   '    spinc -p2 -B2 -n LMM_LUT_LIBRARY lmm.bin >LMM_library.inc
                   '
                   ' The resulting binary is not a true Catalina 1 binary - it is intended
                   ' only to allow the LUT library to be extracted using the spinc command.
                   '
                   
                   CON
                   
                   '#line 1 "../../../target_p2/Catalina_reserved.inc"
                   '------------------------- START OF RESERVED HUB ------------------------------
                   DAT
                   
01000                      orgh  $1000
                   
01000     fd801038 RESERVED jmp  #\NON_RESERVED  ' Lower 20 bits = address of non-reserved hub
01004     0aba9500 CLKFREQ  long _CLOCKFREQ      ' initial clock frequency (not updated)
01008     010c4707 CLKMODE  long _CLOCKMODE      ' initial clock mode (not updated)
0100c     00038400 BAUDRATE long _BAUDRATE       ' initial baud rate (not updated)
                   
                   ' seglayout specifies the layout of the segments
                   
01010              seglayout                     ' $1010 - if this changes, change catbind.c
01010     00000000         long  SEGMENT_LAYOUT
                   
                   ' segtable contains the start address of each of the segments
                   
01014              segtable
01014     00001c00         long  @Catalina_Code
01018     00001d30         long  @Catalina_Cnst
0101c     00001d30         long  @Catalina_Init
01020     00001d30         long  @Catalina_Data
01024     00001d30         long  @Catalina_Ends
01028     00001c00         long  @Catalina_RO_Base
0102c     00001d30         long  @Catalina_RW_Base
01030     00001d30         long  @Catalina_RO_Ends
01034     00001d30         long  @Catalina_RW_Ends
                   
01038              NON_RESERVED
                   '--------------------------- END OF RESERVED HUB ------------------------------
                   '#line 21 "../../../target_p2/Catalina_LMM_library.spin2"
                   
                   ' PRIMITIVE - defines how to invoke primitives for this kernel
                   '             For example: PRIMITIVE(#LODF)
                   
                   
                   
                   
                   
                   CON
                   
                   SEGMENT_LAYOUT=0 ' LMM memory layout 0 (Code, Cnst, Init, Data)
                   
                   DAT
                   
                   ' Common Kernel library functions. This code is loaded and started by all
                   ' kernels (static and dynamic) and must fit in the area $300 - $3FF ...
                   
01c00 300           orgf $300
                   
01c00 300          Catalina_RO_Base
01c00 300          Catalina_Code
                   
01c00 300          LUT_LIBRARY
                   
                   ' include any necessary kernel library functions. This code is loaded and
                   ' executed from the LUT RAM ...
                   
                   '#line 1 "../../../target_p2/Catalina_kernel_library.inc"
                   ' Catalina kernel library functions ...
                   
                   ' avoid including the kernel library functions twice ...
                   
                   
                   
                   
                   DAT
                   
                   ' unsigned_d32 - 32 bit unsigned division
                   
01c00 300          unsigned_d32
01c00 300 fd106634          qdiv   r0,r1
01c04 301 fd606618          getqx  r0
01c08 302 0d606819   _ret_  getqy  r1
                   
                   ' signed_d32 - 32 bit signed division
                   
01c0c 303          signed_d32
01c0c 303 f600aa34          mov    t3,r1           ' save sign for later
01c10 304 f600ac33          mov    t4,r0
01c14 305 f6406834          abs    r1,r1
01c18 306 f6406633          abs    r0,r0
01c1c 307 f560aa56          xor    t3,t4
01c20 308 fda00300          call   #\unsigned_d32  ' perform unsigned division
01c24 309 f610ac56          mov    t4,t4 WC        ' get bit #31 into carry
01c28 30a f6806834          negc   r1,r1           ' adjust the sign of the remainder
01c2c 30b f610aa55          mov    t3,t3 WC        ' get bit #31 into carry
01c30 30c 06806633   _ret_  negc   r0,r0           ' adjust the sign of the result
                   
                   ' do_plugin - call a plugin
                   '
                   ' On entry:
                   '       R3 = code:
                   '            - cog id if >= 128 (i.e. $80 + cog id)
                   '            - plugin type if < 128 (i.e. 0 .. 127)
                   '            - service id if < 0
                   '       R2 = data (optional pointer)
                   '
                   ' NOTES: Locks are currently only supported when invoking via a service id.
                   '        When using service id, the data should only use the lower 24 bits.
                   '
                   ' On exit:
                   '       R0 = result
                   
01c34 30d          do_plugin
01c34 30d f604ac08         mov     t4,#8           ' t4 stores lock - default to none required
01c38 30e f6106636         mov     r0,r3 wc        ' get plugin type or cog id or service id
01c3c 30f cd90003c  if_b   jmp     #psvc           ' if < 0, code is a service id
01c40 310 f7cc6680         test    r0,#$80 wz      ' if bit 7 set ...
01c44 311 5d900074  if_nz  jmp     #pcog           ' code is a cog id ...
01c48 312          ptype                           ' ... otherwize it's a plugin type
01c48 312 f600a652         mov     t1,reg          ' point to registry
01c4c 313 f604a800         mov     t2,#0           ' start at cog id 0
01c50 314          plgt1
01c50 314 f21ca808         cmp     t2,#8 wcz       ' run out of cogs?
01c54 315 3d9000a0  if_ae  jmp     #plugerr        ' yes - no such plugin
01c58 316 fb00aa53         rdlong  t3,t1           ' no - check cog's plugin type
01c5c 317 f044aa18         shr     t3,#24          ' is it ...
01c60 318 f208aa33         cmp     t3,r0 wz        ' ... the plugin type what we wanted?
01c64 319 ad90000c  if_z   jmp     #plgt2          ' yes - invoke plugin at this cog id
01c68 31a 5104a801  if_nz  add     t2,#1           ' no - try ...
01c6c 31b 5104a604  if_nz  add     t1,#4           ' ... next ...
01c70 31c 5d9fffdc  if_nz  jmp     #plgt1          ' ... cog id
01c74 31d          plgt2
01c74 31d f6006654         mov     r0,t2           ' use the cog where we found the plugin
01c78 31e fd900040         jmp     #pcog           ' invoke plugin (via the cog id)
01c7c 31f          psvc
01c7c 31f f0646601         shl     r0,#1           ' read entry ...
01c80 320 f1006652         add     r0,reg          ' ... from ...
01c84 321 fae06633         rdword  r0,r0           ' ... the service registry
01c88 322 f600a633         mov     t1,r0           ' save in t1 and extract ...
01c8c 323 f044660c         shr     r0,#12          ' ... cog number to r0
01c90 324 f600a853         mov     t2,t1           ' save in t2 and extract ...
01c94 325 f06ca618         shl     t1,#24 wz       ' ... request code to t1 (top 8 bits) ...
01c98 326 ad90005c  if_z   jmp     #plugerr        ' ... or throw error if request code is zero
01c9c 327 f600ac54         mov     t4,t2           ' extract ...
01ca0 328 f044ac08         shr     t4,#8           ' ... lock number to t4
01ca4 329 f7ccac08         test    t4,#8 wz        ' are we required to use a lock?
01ca8 32a 5d900008  if_nz  jmp     #no_lock        ' no - just make the request
01cac 32b          set_lock
01cac 32b fd70ac06         locktry t4 wc           ' yes - loop ...
01cb0 32c 3d9ffff8  if_nc  jmp     #set_lock       ' ... until we have set the lock
01cb4 32d          no_lock
01cb4 32d f5206a4f         andn    r2,top8         ' combine data ...
01cb8 32e f5406a53         or      r2,t1           ' ... with request code
01cbc 32f          pcog
01cbc 32f f5046607         and     r0,#7           ' mask off cog id to 0 .. 7
01cc0 330 f0646602         shl     r0,#2           ' point to ...
01cc4 331 f1006652         add     r0,reg          ' ... registry entry for the cog
01cc8 332 fb006633         rdlong  r0,r0           ' get request block from registry
01ccc 333 f7c8664f         test    r0,top8 wz      ' is a plugin registered in this cog?
01cd0 334 ad900024  if_z   jmp     #plugerr        ' no - throw error
01cd4 335 f520664f         andn    r0,top8         ' yes - write ...
01cd8 336 fc606a33         wrlong  r2,r0           ' ... request
01cdc 337          ploop
01cdc 337 fb086c33         rdlong  r3,r0   wz      ' wait till ...
01ce0 338 5d9ffff8  if_nz  jmp     #ploop          ' ... request completed
01ce4 339 f1046604         add     r0,#4           ' get ...
01ce8 33a fb006633         rdlong  r0,r0           ' ... result
01cec 33b          clr_lock
01cec 33b f7ccac08         test    t4,#8 wz        ' did we set a lock?
01cf0 33c ad60ac07  if_z   lockrel t4              ' yes - release the lock we set
01cf4 33d fd64002d         ret
01cf8 33e          plugerr
01cf8 33e f6646601         neg     r0,#1           ' plugin error (e.g. not registered)
01cfc 33f fd9fffec         jmp     #clr_lock       ' done - clear lock if required
                   
                   
                   
                   '#line 49 "../../../target_p2/Catalina_LMM_library.spin2"
                   
                   '#line 1 "../../../target_p2/Catalina_LMM_kernel_library.inc"
                   ' Catalina kernel functions that are specific to the LMM kernels ...
                   
                   ' avoid including the kernel library functions twice ...
                   
                   
                   
                   
                   DAT
                   
                   ' do_initcog - cannot be executed via LMM because rdlongs interrupt the setq
                   '    r4 points to data block (REGISTRY, PC, SP)
                   '    r0 contains cog id (or ANY_COG)
                   '    r3 contains pointer to code to load into cog
                   
01d00 340          do_initcog
01d00 340 fd606e28         setq    r4             ' this will end up in PTRA of new cog
01d04 341 fcf06636         coginit r0, r3 wc
01d08 342 fd9ff4b0         jmp     #LMM_Loop
                   
                   ' do_rotxy - cannot be executed via LMM because rdlongs interrupt the setq
                   '    r1 contains Y
                   '    r0 contains X
                   '    r2 contains angle
                   
01d0c 343          do_rotxy
01d0c 343 fd606828         setq    r1
01d10 344 fd406635         qrotate r0, r2
01d14 345 fd9ff4a4         jmp     #LMM_Loop
                   
                   ' do_cnthl - cannot be executed via LMM as the 2 instructions must be adjacent
01d18 346          do_cnthl
01d18 346 fd70681a         getct   r1 wc
01d1c 347 fd60661a         getct   r0
01d20 348 fd9ff498         jmp     #LMM_Loop
                   
                   ' special - perform a special operation that cannot be performed via LMM
                   '    RI contains 1 => do_initcog
                   '                2 => do_rotxy
                   '                3 => do_cnthl
                   
01d24 349          special
01d24 349 fb645df6         djz     RI, #do_initcog
01d28 34a fb645df8         djz     RI, #do_rotxy
01d2c 34b fd9fffe8         jmp     #do_cnthl
                   
                   
                   
                   '#line 51 "../../../target_p2/Catalina_LMM_library.spin2"
                   
                   
                   
                   
                   
01d30 34c          LUT_LIBRARY_END
                   
01d30 34c           fit $400
                   
01d30 34c          Catalina_Cnst
01d30 34c          Catalina_RO_Ends
01d30 34c          Catalina_RW_Base
01d30 34c          Catalina_Init
01d30 34c          Catalina_Data
01d30 34c          Catalina_RW_Ends
01d30 34c          Catalina_Ends
                   
                   ' Include the appropriate LMM Kernel (to define offsets etc) ...
                   
                   
                   
                   
                   '#line 1 "../../../target_p2/Catalina_LMM_dynamic.spin2"
                   {{
                   '------------------------------------------------------------------------------
                   ' Catalina_LMM_dynamic - Implements a dynamically loadable Large Memory Model
                   '                Kernel intended for use by the Catalina Code Generator
                   '                backend for LCC.
                   '
                   ' Version 2.6 - Initial version
                   ' Version 3.5 - Minor virtual machine changes (e.g. load_i replaced load_a).
                   ' Version 3.6 - New smaller image format.
                   '               New smaller division.
                   ' Version 3.15 - Modified for 1 .
                   '
                   '
                   ' This file incorporates software derived from:
                   '    Float_32A by Cam Thompson, Micromega Corporation,
                   '              Copyright (c) 2006-2007 Parallax, Inc.
                   '
                   '------------------------------------------------------------------------------
                   '
                   '    Copyright 2009 Ross Higson
                   '
                   '    The portion of this file identified as the LMM Kernel is part of the
                   '    Catalina Target Package.
                   '
                   '    The Catalina Target Package is free software: you can redistribute
                   '    it and/or modify it under the terms of the GNU Lesser General Public
                   '    License as published by the Free Software Foundation, either version
                   '    3 of the License, or (at your option) any later version.
                   '
                   '    The Catalina Target Package is distributed in the hope that it will
                   '    be useful, but WITHOUT ANY WARRANTY; without even the implied warranty
                   '    of MERCHANTABILITY or FITNESS FOR A PARTICULAR PURPOSE.
                   '    See the GNU Lesser General Public License for more details.
                   '
                   '    You should have received a copy of the GNU Lesser General Public
                   '    License along with the Catalina Target Package.  If not, see
                   '    <http:
                   '
                   '------------------------------------------------------------------------------
                   }}
                   
                   CON
                   
                   '#line 1 "../../../target_p2/Catalina_constants.inc"
                   '--------------------------- START OF CONSTANTS -------------------------------
                   
                   
                   
                   ' stop multiple inclusions of constants ...
                   
                   
                   
                   '#line 1 "../../../target_p2/Catalina_platforms.inc"
                   
                   
                   ' stop multiple inclusions of platform constants ...
                   
                   
                   
                   
                   '--------------------------- START OF PLATFORM CONSTANTS ---------------------
                   '
                   CON
                   
                   
                   
                   
                   
                   
                   
                   
                   
                   
                   
                   
                   
                   
                   
                   
                   
                   
                   
                   
                   
                   
                   
                   
                   
                   
                   
                   
                   
                   
                   
                   
                   
                   
                   
                   
                   
                   
                   
                   
                   
                   
                   
                   
                   
                   
                   
                   
                   
                   
                   
                   
                   
                   
                   
                   
                   
                   
                   
                   
                   
                   
                   
                   
                   
                   
                   
                   
                   
                   
                   
                   
                   
                   
                   
                   
                   
                   
                   
                   
                   
                   
                   
                   
                   
                   
                   
                   
                   
                   
                   
                   
                   
                   
                   
                   
                   
                   
                   
                   
                   
                   
                   
                   
                   
                   
                   
                   
                   
                   
                   
                   
                   
                   
                   
                   
                   
                   
                   
                   
                   
                   
                   
                   
                   
                   
                   
                   
                   
                   
                   
                   
                   
                   
                   
                   
                   
                   
                   
                   
                   
                   
                   
                   
                   
                   
                   
                   
                   
                   
                   
                   
                   
                   
                   
                   
                   
                   
                   
                   
                   
                   
                   
                   
                   
                   
                   
                   
                   
                   
                   
                   
                   
                   
                   
                   
                   
                   
                   
                   
                   
                   
                   
                   
                   
                   
                   
                   
                   
                   
                   
                   
                   
                   
                   
                   
                   
                   
                   
                   
                   
                   
                   
                   
                   
                   
                   
                   
                   
                   
                   
                   
                   
                   
                   
                   
                   
                   
                   
                   
                   
                   
                   
                   
                   
                   
                   
                   
                   
                   
                   
                   
                   
                   
                   
                   
                   
                   
                   
                   
                   
                   
                   
                   
                   
                   '---------------- default constants (same as P2_EVAL) -------------------------
                   
                   ' clock configuration constants
                   
                   
                   
                   
                   
                   
                   
                   
                   
                   
                   
                   
                   
                   
                   
                   
                   
                   
                   _XTALFREQ = 20_000_000  ' crystal frequency
                   _XDIV     = 4           '\ crystal divider             to give 5.0MHz
                   _XMUL     = 72          '| crystal / div * mul         to give 360MHz
                   _XDIVP    = 2           '/ crystal / div * mul / divp  to give 180MHz
                   _XOSC     = %01         ' %00=OFF, %01=OSC, %10=15pF, %11=30pF
                   _XSEL     = %11         ' %00=rcfast, %01=rcslow, %10=XI, %11=PLL
                   _XPLL     = 1           ' 0= PLL off, 1=PLL on
                   
                   
                   ' serial constants
                   
                   _RX_PIN    = 63
                   _TX_PIN    = 62
                   _BAUDRATE  = 230400
                   
                   ' BlackCat Debugger I/O constants
                   
                   
                   
                   
                   _BLACKCAT_MODE    = %0000
                   _BLACKCAT_BAUD    = 115200
                   _BLACKCAT_SIZE    = 5*4   ' 5 longs
                   
                   ' SD Card constants
                   
                   _SD_CK     = 61         'pin SD Card clock
                   _SD_CS     = 60         'pin SD Card select
                   _SD_DI     = 59         'pin SD Card MOSI
                   _SD_DO     = 58         'pin SD Card MISO
                   
                   ' 2 Port Serial constants
                   
                   _RX1_PIN   = _RX_PIN
                   _TX1_PIN   = _TX_PIN
                   _RX1_MODE  = %0000_0000_000_0000000000000_00_11111_0 ' async rx mode, true input, input  enabled for smart input
                   _TX1_MODE  = %0000_0000_000_0000000000000_01_11110_0 ' async tx mode, true output, output enabled for smart output
                   _BAUDRATE1 = _BAUDRATE
                   _RX2_PIN   = 50
                   _TX2_PIN   = 52
                   _RX2_MODE  = %0000_0000_000_0000000000000_00_11111_0 ' async rx mode, true input, input  enabled for smart input
                   _TX2_MODE  = %0000_0000_000_0000000000000_01_11110_0 ' async tx mode, true output, output enabled for smart output
                   _BAUDRATE2 = _BAUDRATE
                   
                   ' VGA constants
                   
                   _VGA_BASE_PIN = 32
                   
                   ' USB constants
                   
                   _USB_BASE_PIN = 40
                   
                   ' miscellaneous constants
                   
                   _DEBUG_PIN = 56
                   
                   
                   
                   '--------------------------- END OF PLATFORM CONSTANTS -----------------------
                   
                   
                   
                   '#line 10 "../../../target_p2/Catalina_constants.inc"
                   
                   CON
                   '
                   ' Platform-independent clock configuration constants
                   '
                   _XPPPP    = ((_XDIVP>>1) + 15) & $F  ' 1->15, 2->0, 4->1, 6->2...30->14
                   
                   ' %0000_000e_dddddd_mmmmmmmmmm_pppp_cc_ss  ' set clock oscillator mode
                   
                   ' initial clock mode => enable crystal+PLL, stay in 20MHz+
                   
                   _CLOCKINIT  = _XPLL<<24 + (_XDIV-1)<<18 + (_XMUL-1)<<8 + _XPPPP<<4 + _XOSC<<2 + %00
                   
                   ' wait time => 10ms (@ 20Mhz) for crystal+PLL to stabilize
                   
                   _CLOCKWAIT  = 20000000/100
                   
                   ' final clock mode => switch to PLL
                   
                   _CLOCKMODE  = _XPLL<<24 + (_XDIV-1)<<18 + (_XMUL-1)<<8 + _XPPPP<<4 + _XOSC<<2 +_XSEL
                   
                   ' final clock frequency
                   
                   _CLOCKFREQ  = _XTALFREQ / _XDIV * _XMUL / _XDIVP
                   
                   '
                   ' Plugin types - the Catalina Kernel generally attempts to locate plugins
                   ' by type, not by the cog they happen to be running on. Values up to 127
                   ' and the value 255 are reserved.
                   '
                   ' User plugin types should be in the range 128 .. 254. Note that the LMM
                   ' prefix is historical - the same definitions are used for all program
                   ' types (LMM, EMM, SMM, XMM etc).
                   '
                   LMM_VMM = 0       ' main LMM (single threaded)
                   LMM_HMI = 1       ' HMI Drivers (Kbd/Mouse/Screen)
                   LMM_LIB = 2       ' Utility library
                   LMM_FLA = 3       ' Floating Point Library A
                   LMM_FLB = 4       ' Floating Point Library B
                   LMM_RTC = 5       ' Real-Time Clock
                   LMM_FIL = 6       ' File System
                   LMM_SIO = 7       ' Serial I/O
                   LMM_DUM = 8       ' Dummy Plugin
                   LMM_CGI = 9       ' Graphics Plugin
                   LMM_KBD = 10      ' Keyboard Driver
                   LMM_SCR = 11      ' Screen Driver
                   LMM_MOU = 12      ' Mouse Driver
                   LMM_PRX = 13      ' Proxy Driver
                   LMM_GAM = 14      ' Gamepad Driver
                   LMM_SND = 15      ' Sound Driver
                   LMM_ADC = 16      ' ADC Driver
                   LMM_S4  = 17      ' 4 Port Serial Driver
                   LMM_TTY = 18      ' Full Duplex Serial Driver
                   LMM_VGI = 19      ' Virtual Graphics Plugin
                   LMM_VDB = 20      ' Virtual Double Buffer Support Driver
                   LMM_SPI = 21      ' SPI Support Driver
                   LMM_FLC = 22      ' Floating Point Library C (Propeller 2 only)
                   LMM_S2A = 23      ' 2 Port Serial Driver A (Propeller 2 only)
                   LMM_S2B = 24      ' 2 Port Serial Driver B (Propeller 2 only)
                   LMM_NUL = 255     ' No plugin
                   '
                   ' Notes on the Registry definitions.
                   '
                   ' The Catalina registry provides a place where all plugins can be found,
                   ' and a request block for sending requests to each plugin. The registry
                   ' location must be known to all plugins. To use the registry, each plugin
                   ' finds its own cog number, and then registers by putting its plugin type
                   ' in the top 8 bits of the long at
                   '    long[REGISTRY][cog]
                   ' The bottom 24 bits of that long point to the request block the plugin
                   ' must use to receive requests and return results. A request block of
                   ' two longs is automatically created for each plugin, but plugins that
                   ' need more are free to allocate their own. However, all request blocks
                   ' must be at least two longs - the first long is the request, which may
                   ' be a 'short' request (if the request and all its parameters can fit
                   ' into a single long, or the address of a 'long' parameter block that
                   ' is allocated elsewhere in Hub RAM. Note that all requests are plugin
                   ' specific, and each plugin only typically knows how to interpret its
                   ' own requests. When complete, the plugin zeroes the first long of the
                   ' request block, and may either return the result in the second long
                   ' of the request block (typical for ' short' requests, but also used
                   ' for some 'long' requests), or in the 'long' parameter block.
                   ' Below the cog-oriented registry is a service-oriented registry. Each
                   ' Service is allocated a word, and services go from 1 to SVC_MAX (i.e.
                   ' there is no service 0). The details of the service can be found in
                   ' the word at
                   '    word[REGISTRY][-service]
                   ' The top 4 bits of the word are the cog number (top bit of the 4 bits
                   ' set if not used), the next lower 4 bits are a lock number (top bit of
                   ' the 4 set if not required) and the lower 8 bits are the request number
                   ' to send to the cog to request the service.
                   '
                   ' Predefined Service Numbers (and the internal plugin types and requests):
                   '
                   SVC_FLOAT_ADD    = 1  ' LMM_FLA 1
                   SVC_FLOAT_SUB    = 2  ' LMM_FLA 2
                   SVC_FLOAT_MUL    = 3  ' LMM_FLA 3
                   SVC_FLOAT_DIV    = 4  ' LMM_FLA 4
                   SVC_FLOAT_FLOAT  = 5  ' LMM_FLA 5
                   SVC_FLOAT_TRUNC  = 6  ' LMM_FLA 6
                   SVC_FLOAT_RND    = 7  ' LMM_FLA 7
                   SVC_FLOAT_SQR    = 8  ' LMM_FLA 8
                   SVC_FLOAT_CMP    = 9  ' LMM_FLA 9
                   SVC_K_PRESENT    = 10 ' LMM_HMI 1
                   SVC_K_GET        = 11 ' LMM_HMI 2
                   SVC_K_WAIT       = 12 ' LMM_HMI 3
                   SVC_K_NEW        = 13 ' LMM_HMI 4
                   SVC_K_READY      = 14 ' LMM_HMI 5
                   SVC_K_CLEAR      = 15 ' LMM_HMI 6
                   SVC_K_STATE      = 16 ' LMM_HMI 7
                   SVC_M_PRESENT    = 17 ' LMM_HMI 11
                   SVC_M_BUTTON     = 18 ' LMM_HMI 12
                   SVC_M_BUTTONS    = 19 ' LMM_HMI 13
                   SVC_M_ABS_X      = 20 ' LMM_HMI 14
                   SVC_M_ABS_Y      = 21 ' LMM_HMI 15
                   SVC_M_ABS_Z      = 22 ' LMM_HMI 16
                   SVC_M_DELTA_X    = 23 ' LMM_HMI 17
                   SVC_M_DELTA_Y    = 24 ' LMM_HMI 18
                   SVC_M_DELTA_Z    = 25 ' LMM_HMI 19
                   SVC_M_RESET      = 26 ' LMM_HMI 20
                   SVC_T_GEOMETRY   = 27 ' LMM_HMI 21
                   SVC_T_CHAR       = 28 ' LMM_HMI 22
                   SVC_T_STRING     = 29 ' LMM_HMI 23
                   SVC_T_INT        = 30 ' LMM_HMI 24
                   SVC_T_UNSIGNED   = 31 ' LMM_HMI 25
                   SVC_T_HEX        = 32 ' LMM_HMI 26
                   SVC_T_BIN        = 33 ' LMM_HMI 27
                   SVC_T_SETPOS     = 34 ' LMM_HMI 28
                   SVC_T_GETPOS     = 35 ' LMM_HMI 29
                   SVC_T_MODE       = 36 ' LMM_HMI 30
                   SVC_T_SCROLL     = 37 ' LMM_HMI 31
                   SVC_T_COLOR      = 38 ' LMM_HMI 32
                   SVC_SD_INIT      = 39 ' LMM_FIL 1
                   SVC_SD_READ      = 40 ' LMM_FIL 2
                   SVC_SD_WRITE     = 41 ' LMM_FIL 3
                   SVC_SD_BYTEIO    = 42 ' LMM_FIL 4
                   SVC_SD_STOPIO    = 43 ' LMM_FIL 5
                   SVC_RTC_DEBUG    = 44 ' LMM_RTC 10 or RTC_FIL 10
                   SVC_RTC_SETFREQ  = 45 ' LMM_RTC 6 or RTC_FIL 6
                   SVC_RTC_GETCLOCK = 46 ' LMM_RTC 7 or RTC_FIL 7
                   SVC_RTC_SETTIME  = 47 ' LMM_RTC 8 or RTC_FIL 8
                   SVC_RTC_GETTIME  = 48 ' LMM_RTC 9 or RTC_FIL 9
                   SVC_FLOAT_SIN    = 49 ' LMM_FLA 10
                   SVC_FLOAT_COS    = 50 ' LMM_FLA 11
                   SVC_FLOAT_TAN    = 51 ' LMM_FLA 12
                   SVC_FLOAT_LOG    = 52 ' LMM_FLA 13
                   SVC_FLOAT_LOG10  = 53 ' LMM_FLA 14
                   SVC_FLOAT_EXP    = 54 ' LMM_FLA 15
                   SVC_FLOAT_EXP10  = 55 ' LMM_FLA 16
                   SVC_FLOAT_POW    = 56 ' LMM_FLA 17
                   SVC_FLOAT_FRAC   = 57 ' LMM_FLA 18
                   SVC_FLOAT_FMOD   = 58 ' LMM_FLB 19
                   SVC_FLOAT_ASIN   = 59 ' LMM_FLB 20
                   SVC_FLOAT_ACOS   = 60 ' LMM_FLB 21
                   SVC_FLOAT_ATAN   = 61 ' LMM_FLB 22
                   SVC_FLOAT_ATAN2  = 62 ' LMM_FLB 23
                   SVC_FLOAT_FLOOR  = 63 ' LMM_FLB 24
                   SVC_FLOAT_CEIL   = 64 ' LMM_FLB 25
                   SVC_T_COLOR_FG   = 65 ' LMM_HMI 33
                   SVC_T_COLOR_BG   = 66 ' LMM_HMI 34
                   '
                   SVC_RESERVED     = 80 ' Services 1..80 reserved for Catalina
                   
                   ' Floating point constants
                   
                   pi = 3.141592654
                   
                   FAddCmd       = 1 << 24       ' Implemented in Float32_A and Float32_B
                   FSubCmd       = 2 << 24       ' Implemented in Float32_A and Float32_B
                   FMulCmd       = 3 << 24       ' Implemented in Float32_A and Float32_B
                   FDivCmd       = 4 << 24       ' Implemented in Float32_A and Float32_B
                   FFloatCmd     = 5 << 24       ' Implemented in Float32_A and Float32_B
                   FTruncCmd     = 6 << 24       ' Implemented in Float32_A and Float32_B
                   FRoundCmd     = 7 << 24       ' Implemented in Float32_A and Float32_B
                   FSqrCmd       = 8 << 24       ' Implemented in Float32_A and Float32_B
                   FCmpCmd       = 9 << 24       ' Implemented in Float32_A and Float32_B
                   
                   SinCmd        = 10 << 24      ' Implemented in Float32_A
                   CosCmd        = 11 << 24      ' Implemented in Float32_A
                   TanCmd        = 12 << 24      ' Implemented in Float32_A
                   LogCmd        = 13 << 24      ' Implemented in Float32_A
                   Log10Cmd      = 14 << 24      ' Implemented in Float32_A
                   ExpCmd        = 15 << 24      ' Implemented in Float32_A
                   Exp10Cmd      = 16 << 24      ' Implemented in Float32_A
                   PowCmd        = 17 << 24      ' Implemented in Float32_A
                   FracCmd       = 18 << 24      ' Implemented in Float32_A
                   
                   FModCmd       = 19 << 24      ' Implemented in Float32_B
                   ASinCmd       = 20 << 24      ' Implemented in Float32_B
                   ACosCmd       = 21 << 24      ' Implemented in Float32_B
                   ATanCmd       = 22 << 24      ' Implemented in Float32_B
                   ATan2Cmd      = 23 << 24      ' Implemented in Float32_B
                   FloorCmd      = 24 << 24      ' Implemented in Float32_B
                   CeilCmd       = 25 << 24      ' Implemented in Float32_B
                   
                   SignFlag      = $1
                   ZeroFlag      = $2
                   NaNFlag       = $8
                   
                   ' CogStore constants
                   
                   MAX_LONGS  = 300                ' store up to 300 LONGS (1200 chars)
                   
                   CMD_READ   = $1000_0000         ' copy Hub to Cog (address in lower 24 bits)
                                                   ' COGSTORE set to zero when complete
                   
                   CMD_WRITE  = $2000_0000         ' copy Cog to Hub (address in lower 24 bits)
                                                   ' COGSTORE set to zero when complete
                   
                   CMD_SIZE   = $3000_0000         ' return size of stored data (in LONGs) - set
                                                   ' lower 24 bits to $FFFFFF on call - lower 24
                                                   ' bits (set to size when complete)
                   
                   CMD_SETUP  = $4000_0000         ' setup argc and argv array with the stored
                                                   ' data (set to zero when complete)
                   
                   CMD_STOP   = $5000_0000         ' stop the CogStore cog.
                   
                   CMD_RESPONSE = $FEED_FACE       ' COGSTORE set to this on any other command
                   
                   STORE_COG    = 7                ' Catalina CogStore will use this cog
                   LAST_COG     = 6                ' Last cog to be restarted is 6
                   QUOTE_CHAR = $22
                   
                   '------------------------------- HUB CONSTANTS -------------------------------
                   '
                   CON
                   '
                   ' Maximum number of cogs (note that this 1 may not have them all!)
                   '
                   MAX_COGS   = 16
                   
                   ' HUB RAM Definitions
                   '
                   '   (make sure these are the same in all targets)
                   '
                   ' Size of Service array (if this changes, the Hub Layout below must change
                   ' as well):
                   '
                   SVC_MAX    = 96                ' must be a multiple of 2
                   '
                   ' Size of ARGV array (if this changes, the Hub Layout below must change
                   '  as well):
                   '
                   ARGV_MAX   = 24                ' maximum size (LONGs) of argv array
                   '
                   ' Base Address for all hub programs (on the 1 this is genrally zero)
                   '
                   BASE_ADDR  = $00000
                   '
                   ' Useable Hub RAM (The 1 has 512Kb but the top 16Kb hold a copy of the boot ROM)
                   '
                   HUB_SIZE   = $7C000            ' the last 16K contain a copy of the boot ROM.
                   '
                   FREE_MEM   = HUB_SIZE-4                               ' $7BFFC the FREE_MEM pointer
                   '
                   ' <<< ALLOCATE OTHER RESERVED HUB LOCATIONS DOWN FROM HERE >>>
                   '
                   COGSTORE        = FREE_MEM - 4                        ' $7BFF8 CHECK Catalyst_Arguments.spin
                   XMM_CACHE_RSP   = COGSTORE - 4                        ' $7BFF4
                   XMM_CACHE_CMD   = XMM_CACHE_RSP - 4                   ' $7BFF0
                   REGISTRY        = XMM_CACHE_CMD - MAX_COGS*4          ' $7BFB0 CHECK registry.e
                   REQUESTS        = REGISTRY - 2*SVC_MAX - MAX_COGS*4*2 ' $7BE70 CHECK request_status.e
                   ARGV_0          = REQUESTS - ARGV_MAX*4               ' $7BE10 CHECK Catalyst_Arguments.spin2
                   ARGV_ADDR       = ARGV_0 - 4                          ' $7BE0C CHECK Catalyst_Arguments.spin2
                   ARGC_ADDR       = ARGV_ADDR - 4                       ' $7BE08 CHECK Catalyst_Arguments.spin2, blackbox_comms.c, catalina_default.s, catalina_blackcat.s (all targets)
                   DEBUG_FLAG      = ARGC_ADDR - 16                      ' $7BDF8 CHECK blackbox_comms.c, BlackCat_DebugCog.spin2 & catalina_blackcat.s (all targets)
                   DEBUG_IN        = DEBUG_FLAG - 4                      ' $7BDF4 CHECK blackbox_comms.c, BlackCat_DebugCog.spin2 & catalina_blackcat.s (all targets)
                   DEBUG_OUT       = DEBUG_IN - 4                        ' $7BDF0 CHECK blackbox_comms.c, BlackCat_DebugCog.spin2 & catalina_blackcat.s (all targets)
                   DEBUG_ADDR      = DEBUG_OUT - 4                       ' $7BDEC CHECK blackbox_comms.c, BlackCat_DebugCog.spin2 & catalina_blackcat.s (all targets)
                   DEBUG_BREAK     = DEBUG_ADDR - 4                      ' $7BDE8 CHECK blackbox_comms.c, BlackCat_DebugCog.spin2 & catalina_blackcat.s (all targets)
                   PROXY_XFER      = DEBUG_BREAK - 4                     ' $7BDE4
                   CGI_DATA        = PROXY_XFER - 4                      ' $7BDE0 CHECK cgi_data.e
                   '
                   HUB_TOP         = CGI_DATA                            ' used to initialize FREE_MEM
                   '
                   ' For loading programs from SD card, the key decision is how large a program
                   ' we want to be able to load, because the larger the program, the more Hub RAM
                   ' space it takes to store the cluster list for it. The following calculations
                   ' determine how much Hub RAM space to allocate for a particular load size,
                   ' assuming FAT32 is in use and we have a cluster size of 32768 (note that
                   ' smaller clusters will result in correspondingly smaller load sizes):
                   '
                   MAX_LOAD_SIZE  = 4194304                       ' we want 4MB loads (2^22 bytes)
                                                                  ' (if this is changed, check catalyst.h
                                                                  ' and Catalina_SD_Loader.spin)
                   MAX_CLUS_SIZE  = 32768                         ' assumed cluster size (2^15 bytes)
                   MAX_FLIST_SIZE = MAX_LOAD_SIZE/MAX_CLUS_SIZE   ' number of entries in cluster list (2^7)
                   '
                   FLIST_LOG2     = 9                             ' LOG (Base 2) of sector size
                   FLIST_SSIZ     = 1<<FLIST_LOG2                 ' size of sector
                   '
                   ' Now resume defining Loadtime Hub Layout (note overlap with registry!!!):
                   '
                   FLIST_ADDRESS  = ARGC_ADDR - (4*MAX_FLIST_SIZE)     ' $7BC08 check catalyst.h
                   FLIST_BUFF     = FLIST_ADDRESS - FLIST_SSIZ         ' $7BA08 check catalyst.h
                   FLIST_SIOB     = FLIST_BUFF - 68                    ' $7B9C4 check catalyst.h
                   FLIST_XFER     = FLIST_SIOB - 12                    ' $7B9B8 check catalyst.h
                   FLIST_SECT     = FLIST_XFER - 4                     ' $7B9B4 check catalyst.h
                   FLIST_SHFT     = FLIST_SECT - 4                     ' $7B9B0 check catalyst.h
                   FLIST_FSIZ     = FLIST_SHFT - 4                     ' $7B9AC check catalyst.h
                   FLIST_PSTK     = FLIST_FSIZ - 4                     ' $7B9A8 check catalyst.h
                   FLIST_PREG     = FLIST_PSTK - 4                     ' $7B9A4 check catalyst.h
                   
                   
                   '--------------------------- END OF CONSTANTS ---------------------------------
                   
                   
                   
                   '#line 45 "../../../target_p2/Catalina_LMM_dynamic.spin2"
                   
                   ' PRIMITIVE - defines how to invoke primitives for this kernel
                   '             For example: jmp #LODF
                   
                   
                   
                   
                   
                   ' NO_INTERRUPTS - if defined, we can the use SKIPF because this code will not
                   '                 be used in an interrupt service routine. Can be defined here
                   '                 or on the command-line (i.e. -C NO_INTERRUPTS)
                   
                   '#ifndef NO_INTERRUPTS
                   '#define NO_INTERRUPTS
                   '#endif
                   
                   '--------------------- Start of LMM Kernel ------------------------------------
                   
                   DAT
                   
01d30 000                  org 0
                   
                   ' the first $73 longs must be in the same place in all LMM kernels, to
                   ' allow for the separate compilation of code that uses these locations
                   
01d30 000 fd900164 INIT    jmp #lmm_init          '$00 ' CAN ONLY BE CALLED ONCE !!!
01d34 001 fd900d1c SPEC    jmp #special           '$01
01d38 002 fd9001cc LODL    jmp #load_l            '$02
01d3c 003 fd9001d0 LODI    jmp #load_i            '$03
01d40 004 fd9001d8 LODF    jmp #fp_ind            '$04
01d44 005 fd9001e0 PSHL    jmp #push_l            '$05
01d48 006 fd900274 PSHB    jmp #push_b            '$06
01d4c 007 fd900290 CPYB    jmp #copy_b            '$07
01d50 008 fd9002c0 NEWF    jmp #new_fp            '$08
01d54 009 fd9002d4 RETF    jmp #fp_ret            '$09
01d58 00a fd9002e4 CALA    jmp #f_call            '$0a
01d5c 00b fd9002d4 RETN    jmp #f_ret             '$0b
01d60 00c fd9002e4 CALI    jmp #f_cali            '$0c
01d64 00d fd9002ec JMPA    jmp #f_jump            '$0d
01d68 00e fd9002f0 JMPI    jmp #f_jmpi            '$0e
01d6c 00f fd900324 DIVS    jmp #f_d32s            '$0f
01d70 010 fd900328 DIVU    jmp #f_d32u            '$10
01d74 011 fd90032c MULT    jmp #f_m32             '$11
01d78 012 fd900334 BR_Z    jmp #bra_z             '$12
01d7c 013 fd900338 BRNZ    jmp #bra_nz            '$13
01d80 014 fd90033c BRAE    jmp #bra_ae            '$14
01d84 015 fd900340 BR_A    jmp #bra_a             '$15
01d88 016 fd900344 BRBE    jmp #bra_be            '$16
01d8c 017 fd900348 BR_B    jmp #bra_b             '$17
01d90 018 fd90034c SYSP    jmp #plugin            '$18
01d94 019 fd90019c PSHA    jmp #push_a            '$19
01d98 01a fd900354 FADD    jmp #flt_add           '$1a
01d9c 01b fd90034c FSUB    jmp #flt_sub           '$1b
01da0 01c fd9003a0 FMUL    jmp #flt_mul           '$1c
01da4 01d fd9003e4 FDIV    jmp #flt_div           '$1d
01da8 01e fd900478 FCMP    jmp #flt_cmp           '$1e
01dac 01f fd900408 FLIN    jmp #flt_int           '$1f
01db0 020 fd900434 INFL    jmp #int_flt           '$20
01db4 021 fd90019c PSHM    jmp #push_m            '$21
01db8 022 fd9001d8 POPM    jmp #pop_m             '$22
01dbc 023 fd90017c PSHF    jmp #push_i            '$23
01dc0 024 fd9002a0 RLNG    jmp #rd_long           '$24
01dc4 025 fd9002a4 RWRD    jmp #rd_word           '$25
01dc8 026 fd9002a8 RBYT    jmp #rd_byte           '$26
01dcc 027 fd9002ac WLNG    jmp #wr_long           '$27
01dd0 028 fd9002b0 WWRD    jmp #wr_word           '$28
01dd4 029 fd9002b4 WBYT    jmp #wr_byte           '$29
                   
01dd8 02a 00000000         long 0                 '$2a spare
                   
01ddc 02b 00000000 PC      long 0                 '$2b ' set up during initialization
01de0 02c 00000000 SP      long 0                 '$2c ' set up during initialization
01de4 02d 00000000 FP      long 0                 '$2d
01de8 02e 00000000 RI      long 0                 '$2e
01dec 02f 00000000 BC      long 0                 '$2f
01df0 030 00000000 Save_PC long 0                 '$30
01df4 031 00000000 DBG1    long 0                 '$31 debug opAddr
01df8 032 00000000 DBG2    long 0                 '$32 debug temp
                   
01dfc 033 00000000 r0      long 0                 '$33
01e00 034 00000000 r1      long 0                 '$34
01e04 035 00000000 r2      long 0                 '$35
01e08 036 00000000 r3      long 0                 '$36
01e0c 037 00000000 r4      long 0                 '$37
01e10 038 00000000 r5      long 0                 '$38
01e14 039 00000000 r6      long 0                 '$39
01e18 03a 00000000 r7      long 0                 '$3a
01e1c 03b 00000000 r8      long 0                 '$3b
01e20 03c 00000000 r9      long 0                 '$3c
01e24 03d 00000000 r10     long 0                 '$3d
01e28 03e 00000000 r11     long 0                 '$3e
01e2c 03f 00000000 r12     long 0                 '$3f
01e30 040 00000000 r13     long 0                 '$40
01e34 041 00000000 r14     long 0                 '$41
01e38 042 00000000 r15     long 0                 '$42
01e3c 043 00000000 r16     long 0                 '$43
01e40 044 00000000 r17     long 0                 '$44
01e44 045 00000000 r18     long 0                 '$45
01e48 046 00000000 r19     long 0                 '$46
01e4c 047 00000000 r20     long 0                 '$47
01e50 048 00000000 r21     long 0                 '$48
01e54 049 00000000 r22     long 0                 '$49
01e58 04a 00000000 r23     long 0                 '$4a
                   
01e5c 04b 80000000 Bit31   long  $80000000        '$4b
01e60 04c ffffffff all_1s  long  $ffffffff        '$4c
01e64 04d 000000ff cviu_m1 long  $000000ff        '$4d
01e68 04e 0000ffff cviu_m2 long  $0000ffff        '$4e
01e6c 04f ff000000 top8    long  $ff000000        '$4f ' top 8 bits bitmask
01e70 050 00ffffff low24   long  $00ffffff        '$50 ' low 24 bits bitmask
                   
01e74 051 00000000         long  0                '$51 ' spare, but left to keep offsets correct
01e78 052 00000000 reg     long  0                '$52 ' registry address
                   
01e7c 053 00000000 t1      long  0                '$53
01e80 054 00000000 t2      long  0                '$54
01e84 055 00000000 t3      long  0                '$55
01e88 056 00000000 t4      long  0                '$56
                   
01e8c 057 00000000 ct1     long  0                '$57
01e90 058 00000000 ct2     long  0                '$58
01e94 059 00000000 ct3     long  0                '$59
                   
                   ' lmm_init : initialize VM - note that this code is kept 17 longs long
                   '            to make various offsets match the main kernel, where this
                   '            code may be overlaid by 17 longs of debug code once
                   '            initialization is complete - eventually, the same may be
                   '            true of this kernel as well.
                   
01e98 05a          DEBUG_OVERLAY
01e98 05a          lmm_init
01e98 05a fb04a561         rdlong  reg,PTRA++      '$5a  1 load registry address (used later)
01e9c 05b fd606a01         cogid   r2              '$5b  2 register ...
01ea0 05c f0646a02         shl     r2,#2           '$5c  3 ... ourselves ...
01ea4 05d f1006a52         add     r2,reg          '$5d  4 ... as ...
01ea8 05e fb006835         rdlong  r1,r2           '$5e  5 ... a ...
01eac 05f f5006850         and     r1,low24        '$5f  6 ... new ...
01eb0 060 fc606835         wrlong  r1,r2           '$60  7  kernel
01eb4 061 fb045761         rdlong  PC,PTRA++       '$61  8 load initial PC
01eb8 062 fb045961         rdlong  SP,PTRA++       '$62  9 load initial SP
01ebc 063 fb046761         rdlong  r0,PTRA++       '$63 10 load initial LUT library size (-1)
01ec0 064 fb046961         rdlong  r1,PTRA++       '$64 11 load initial LUT library address
01ec4 065 fb046b61         rdlong  r2,PTRA++       '$65 12 load initial arg
01ec8 066 fd606629         setq2   r0              '$66 13 copy lut library ...
01ecc 067 fb020034         rdlong  $100,r1         '$67 14 ... to LUT RAM, starting at $100
01ed0 068 fd900018         jmp     #LMM_loop       '$68 15 we can now start executing LMM code
01ed4 069 00000000         long    0               '$69 16
01ed8 06a 00000000         long    0               '$6a 17
01edc 06b 00000000         long    0               '$6b 18
01ee0 06c 00000000         long    0               '$6c 19
01ee4 06d 00000000         long    0               '$6d 20
                   '
                   ' LMM_next - increment the PC then execute the instruction pointed to by the new PC
                   '
01ee8 06e          LMM_next
01ee8 06e f1045604         add    PC,#4            '$6e
                   '
                   ' LMM_loop - Fetch an instruction from HUB RAM to COG RAM and execute it.
                   ' The basic LMM loop is unrolled 4 times to increase speed.
                   '
01eec 06f          LMM_loop
01eec 06f fd604224         stalli                  '$6f
01ef0 070 fb00e62b         rdlong LMM_1,PC         '$70
01ef4 071 f1045604         add    PC,#4            '$71
01ef8 072 00000000         nop                     '$72 1 needs an extra NOP
01efc 073          LMM_1
01efc 073 00000000         nop                     '$73
01f00 074 fd604024         allowi
01f04 075 fd9fffe4         jmp    #LMM_loop
                   '
                   'load_l - load the long stored at the PC into RI, incrementing the PC
                   '
01f08 076          load_l
01f08 076 fb005c2b        rdlong RI,PC         ' load the address
01f0c 077 fd9fffd8        jmp    #LMM_next     ' increment PC, execute next instruction
                   '
                   'load_i - load the long at the address stored at the PC into RI,
                   '         incrementing the PC (i.e. load indirect)
                   '
01f10 078          load_i
01f10 078 fb005c2b        rdlong RI,PC         ' load the address
01f14 079 fb005c2e        rdlong RI,RI         ' load the long at that address
01f18 07a fd9fffcc        jmp    #LMM_next     ' execute next instruction
                   '
                   ' fp_ind - load the FP into RI, then add the long at the PC to result, incrementing the PC
                   '
01f1c 07b          fp_ind
01f1c 07b fb005c2b        rdlong RI,PC         ' load the long value
01f20 07c f1405c2d        adds   RI,FP         ' add the frame pointer
01f24 07d fd9fffc0        jmp    #LMM_next     ' increment PC, execute next instruction
                   '
                   ' push_l - push a long value in RI onto the stack, decrementing the SP
                   '
01f28 07e          push_l
01f28 07e f1845804        sub    SP,#4         ' decrement SP
01f2c 07f fc605c2c        wrlong RI,SP         ' save value on stack
01f30 080 fd9fffb8        jmp    #LMM_loop     ' increment PC, execute next instruction
                   '
                   ' push_a - push a value whose address is specified indirectly in a global
                   '          variable onto the stack
                   '
01f34 081          push_a
01f34 081 fb005c2b        rdlong RI,PC         ' load the address
01f38 082 fd900008        jmp    #push_x       ' use the result as an address of the value to push
                   '
                   ' push_i - push a value whose address is specified indirectly in a frame variable
                   '          onto the stack
                   '
01f3c 083          push_i
01f3c 083 fb005c2b        rdlong RI,PC         ' load the long value
01f40 084 f1405c2d        adds   RI,FP         ' add the frame pointer
01f44 085          push_x
01f44 085 fb005c2e        rdlong RI,RI         ' read the value at that address
01f48 086 f1845804        sub    SP,#4         ' decrement SP
01f4c 087 fc605c2c        wrlong RI,SP         ' save value on stack
01f50 088 fd9fff94        jmp    #LMM_next     ' increment PC, execute next instruction
                   '
                   ' push_m - push many registers (specified by long at PC) onto the stack,
                   ' decrementing the SP before each one
                   '
01f54 089          push_m
01f54 089 fb005c2b        rdlong RI,PC         ' load the long value specifying the registers to push
01f58 08a f600a62e        mov    t1,RI         ' save register specification for later
01f5c 08b f604a839        mov    t2, #r6       ' start with ...
01f60 08c f0445c06        shr    RI,#6         ' ... r6 ...
01f64 08d f7cc5dff        test   RI,#$1FF wz   ' ... or ...
01f68 08e a0445c09   if_z shr    RI,#9         ' ... with ...
01f6c 08f a604a842   if_z mov    t2,#r15       ' ... r15 if r6 - r15 not used
01f70 090          push_nxt
01f70 090 f05c5c01        shr    RI,#1 wcz     ' save rX?
01f74 091 c1845804  if_c  sub    SP,#4         ' yes - save ...
01f78 092 c98ca800  if_c  altd   t2
01f7c 093 cc60002c  if_c  wrlong 0-0,SP        ' ... register
01f80 094 f104a801        add    t2,#1         ' point to next register
01f84 095 5d9fffe8  if_nz jmp    #push_nxt    ' continue till all registers checked
01f88 096 f1845804        sub    SP,#4         ' save ...
01f8c 097 fc60a62c        wrlong t1,SP         ' .... register specification
01f90 098 fd9fff54        jmp    #LMM_next     ' increment PC, execute next instruction
                   '
                   ' pop_m - pop many registers (specified by the long on top of stack)
                   ' from the stack, incremening the SP after each one
                   '
01f94 099          pop_m
01f94 099 fb005c2c        rdlong RI,SP         ' load ...
01f98 09a f1045804        add    SP,#4         ' ... register specification to pop
01f9c 09b f604a84a        mov    t2, #r23      ' start with ...
01fa0 09c f0645c08        shl    RI,#(32-24)   ' ... r23
01fa4 09d          pop_nxt
01fa4 09d f07c5c01        shl    RI,#1 wcz     ' load rX?
01fa8 09e c98ca800  if_c  altd   t2
01fac 09f cb00002c  if_c  rdlong 0-0,SP        ' ... load ...
01fb0 0a0 c1045804  if_c  add    SP,#4         ' ... the register
01fb4 0a1 ad9fff34  if_z  jmp    #LMM_loop     ' execute next instruction if all done
01fb8 0a2 f184a801        sub    t2,#1         ' point to previous register
01fbc 0a3 fd9fffe4        jmp    #pop_nxt     ' continue till all registers popped
                   '
                   ' push_b - push a structure (size in bytes at the PC) pointed to by R0
                   '          onto the stack, decrementing the SP. Note that the source
                   '          and destination data MUST be long aligned - but this is true
                   '          for all normal structures.
                   '
01fc0 0a4          push_b
01fc0 0a4 fb005e2b        rdlong BC,PC         ' load the byte count
01fc4 0a5 f1045604        add    PC,#4         ' increment the PC
01fc8 0a6 f1045e03        add    BC,#3         ' round up BC ...
01fcc 0a7 f5245e03        andn   BC,#3         ' ... to be a multiple of 4
01fd0 0a8 f180582f        sub    SP,BC         ' decrement SP by rounded up size
01fd4 0a9 f600a633        mov    t1,R0         ' source is in R0
01fd8 0aa f600a82c        mov    t2,SP         ' destination is SP
01fdc 0ab fd900018        jmp    #copy_longs   ' do the copy
                   '
                   ' copy_b - copy a structure (size in bytes at the PC)
                   '          from the address in R1 to the address in R0
                   '
01fe0 0ac          copy_b
01fe0 0ac fb005e2b        rdlong BC,PC         ' load the byte count
01fe4 0ad f1045604        add    PC,#4         ' increment the PC
01fe8 0ae f1045e03        add    BC,#3         ' round up BC ...
01fec 0af f5245e03        andn   BC,#3         ' ... to be a multiple of 4
01ff0 0b0 f600a634        mov    t1,R1         ' source is in R1
01ff4 0b1 f600a833        mov    t2,R0         ' destination is in R0
                   '
01ff8 0b2          copy_longs
01ff8 0b2 fb945fbc        tjz    BC,#LMM_loop  ' no more to copy
01ffc 0b3 fb00aa53        rdlong t3,t1         ' read from src to t3
02000 0b4 fc60aa54        wrlong t3,t2         ' write t3 to dst
02004 0b5 f104a604        add    t1,#4         ' increment source
02008 0b6 f104a804        add    t2,#4         ' increment destination
0200c 0b7 f1845e04        sub    BC,#4         ' decrement count ...
02010 0b8 fd9fffe4        jmp    #copy_longs   ' ... and keep copying
                   '
                   ' new_fp - save current frame pointer and set up a new frame pointer
                   ' also calculate what SP was before data was pushed and save it in BC
                   '
02014 0b9          new_fp
02014 0b9 f1845804        sub    SP,#4         ' decrement the stack pointer
02018 0ba fc605a2c        wrlong FP,SP         ' save FP to stack
0201c 0bb f6005a2c        mov    FP,SP         ' set up new FP
02020 0bc f1045e08        add    BC,#8         ' calculate what SP was ...
02024 0bd f1005e2d        add    BC,FP         ' ... before arguments were pushed
02028 0be fd9ffec0        jmp    #LMM_loop     ' execute the next instruction
                   '
                   ' fp_ret - pop current frame, restore previous frame and stack pointers,
                   '          then restore the previous program counter
                   '
                   ' f_ret -  just restore the previous program counter
                   '
0202c 0bf          fp_ret
0202c 0bf fb005a2c        rdlong FP,SP         ' restore previous FP
02030 0c0 f1045804        add    SP,#4         ' increment the SP
02034 0c1          f_ret
02034 0c1 fb00562c        rdlong PC,SP         ' read the PC
02038 0c2 f1045808        add    SP,#8         ' increment the SP
0203c 0c3 fd9ffeac        jmp    #LMM_loop     ' execute the next instruction
                   '
                   ' f_call - call the routine at the address pointed to by the PC (increment the PC)
                   ' f_cali - call the routine whose address is in RI
                   '
02040 0c4          f_call
02040 0c4 fb005c2b        rdlong RI,PC         ' get the address to call
02044 0c5 f1045604        add    PC,#4         ' increment the PC (this is the return address)
02048 0c6          f_cali
02048 0c6 f1845808        sub    SP,#8         ' decrement the SP
0204c 0c7 fc60562c        wrlong PC,SP         ' save current PC to stack
02050 0c8 fd900008        jmp    #f_jmpi       ' jump to location in RI
                   '
                   ' f_jump - jump to the location at the address pointed to by PC (increment the PC)
                   '
02054 0c9          f_jump
02054 0c9 fb00562b        rdlong PC,PC         ' get the address to jump to
02058 0ca fd9ffe90        jmp    #LMM_loop     ' execute next instruction
                   '
                   ' f_jmpi - jump to the location whose address in RI
                   '
0205c 0cb          f_jmpi
0205c 0cb f600562e        mov    PC,RI         ' get the address to jump to
02060 0cc fd9ffe88        jmp    #LMM_loop     ' execute next instruction
                   '
                   ' rd_long/rd_word/rd_byte : Read long/word/byte from HUB memory at address in RI into BC.
                   '
                   ' On entry:
                   '    RI : address to read
                   ' On exit:
                   '    BC : long/word/byte read
                   '
02064 0cd          rd_long
02064 0cd fb005e2e         rdlong  BC,RI
02068 0ce fd9ffe7c         jmp     #LMM_Next
0206c 0cf          rd_word
0206c 0cf fae05e2e         rdword  BC,RI
02070 0d0 fd9ffe74         jmp     #LMM_Next
02074 0d1          rd_byte
02074 0d1 fac05e2e         rdbyte  BC,RI
02078 0d2 fd9ffe6c         jmp     #LMM_Next
                   '
                   ' wr_long/wr_word/wr_byte : Write long/word/byte to HUB memory at address in RI into BC.
                   '
                   ' On entry:
                   '    RI : address to write
                   '    BC : long/word/byte to write
                   ' On exit:
                   '    (none)
                   
0207c 0d3          wr_long
0207c 0d3 fc605e2e         wrlong  BC,RI
02080 0d4 fd9ffe64         jmp     #LMM_Next
02084 0d5          wr_word
02084 0d5 fc505e2e         wrword  BC,RI
02088 0d6 fd9ffe5c         jmp     #LMM_Next
0208c 0d7          wr_byte
0208c 0d7 fc405e2e         wrbyte  BC,RI
02090 0d8 fd9ffe54         jmp     #LMM_Next
                   
                   'fd_32s - Signed 32 bit division
                   '         Divisor --> r1
                   '         Dividend--> r0
                   '         Result --> Quotient in r0
                   '                    Remainder in r1
                   
02094 0d9          f_d32s
02094 0d9 fda00303         call    #\signed_d32     ' perform signed division
02098 0da fd9ffe50         jmp     #LMM_loop
                   
                   'f_d32u - unsigned 32 bit division
                   '         Divisor : r1
                   '         Dividend : r0
                   '         Result:
                   '             Quotient in r0
                   '             Remainder in r1
                   
0209c 0db          f_d32u
0209c 0db fda00300         call    #\unsigned_d32   ' perform signed division
020a0 0dc fd9ffe48         jmp     #LMM_loop
                   
                   
                   'f_m32 - multiplication
                   '        r0 : 1st operand (32 bit)
                   '        r1 : 2nd operand (32 bit)
                   '        Result:
                   '           Product in r0 (<= 32 bit)
                   
020a4 0dd          f_m32
020a4 0dd fd006634         qmul   r0,r1
020a8 0de fd606618         getqx  r0
020ac 0df fd9ffe3c         jmp #LMM_loop
                   
                   ' bra_xx - branch if condition is true to the address at the PC,
                   '          otherwise, just increment the PC by 4
                   '
020b0 0e0          bra_z
020b0 0e0 ad9fffa0   if_z  jmp    #f_jump       ' if condition true, branch is equiv to jump
020b4 0e1 fd9ffe30         jmp    #LMM_next     ' increment PC, execute next instruction
020b8 0e2          bra_nz
020b8 0e2 5d9fff98  if_nz  jmp    #f_jump       ' if condition true, branch is equiv to jump
020bc 0e3 fd9ffe28         jmp    #LMM_next     ' increment PC, execute next instruction
020c0 0e4          bra_ae
020c0 0e4 3d9fff90  if_ae  jmp    #f_jump       ' if condition true, branch is equiv to jump
020c4 0e5 fd9ffe20         jmp    #LMM_next     ' increment PC, execute next instruction
020c8 0e6          bra_a
020c8 0e6 1d9fff88  if_a   jmp    #f_jump       ' if condition true, branch is equiv to jump
020cc 0e7 fd9ffe18         jmp    #LMM_next     ' increment PC, execute next instruction
020d0 0e8          bra_be
020d0 0e8 ed9fff80  if_be  jmp    #f_jump       ' if condition true, branch is equiv to jump
020d4 0e9 fd9ffe10         jmp    #LMM_next     ' increment PC, execute next instruction
020d8 0ea          bra_b
020d8 0ea cd9fff78  if_b   jmp    #f_jump       ' if condition true, branch is equiv to jump
020dc 0eb fd9ffe08         jmp    #LMM_next     ' increment PC, execute next instruction
                   
                   ' plugin - call a plugin
                   ' On entry:
                   '       R3 = code:
                   '            - cog id if >= 128 (i.e. $80 + cog id)
                   '            - plugin type if < 128 (i.e. 0 .. 127)
                   '            - service id if < 0
                   '       R2 = data (optional pointer)
                   '
                   ' NOTES: Locks are currently only supported when invoking via a service id.
                   '        When using service id, the data should only use the lower 24 bits.
                   '
                   ' On exit:
                   '       R0 = result
                   
020e0 0ec          plugin
020e0 0ec fda0030d         call    #\do_plugin     ' do_plugin does all the work
020e4 0ed fd9ffe04         jmp     #LMM_loop
                   
                   '---------------------------- local constants ---------------------------------
                   
020e8 0ee 00000200 dlsb          long   1<<9
                   
                   '--------------------- Start of Float32 Components ----------------------------
                   '
                   {{
                                               TERMS OF USE: MIT License
                                 (Float32 Components only - i.e. excludes LMM Kernel)
                   
                    Permission is hereby granted, free of charge, to any person obtaining a copy
                    of this software and associated documentation files (the "Software"), to deal
                    in the Software without restriction, including without limitation the rights
                    to use, copy, modify, merge, publish, distribute, sublicense, and/or sell
                    copies of the Software, and to permit persons to whom the Software is
                    furnished to do so, subject to the following conditions:
                   
                    The above copyright notice and this permission notice shall be included in
                    all copies or substantial portions of the Software.
                   
                    THE SOFTWARE IS PROVIDED "AS IS", WITHOUT WARRANTY OF ANY KIND, EXPRESS OR
                    IMPLIED, INCLUDING BUT NOT LIMITED TO THE WARRANTIES OF MERCHANTABILITY,
                    FITNESS FOR A PARTICULAR PURPOSE AND NONINFRINGEMENT. IN NO EVENT SHALL THE
                    AUTHORS OR COPYRIGHT HOLDERS BE LIABLE FOR ANY CLAIM, DAMAGES OR OTHER
                    LIABILITY, WHETHER IN AN ACTION OF CONTRACT, TORT OR OTHERWISE,ARISING FROM,
                    OUT OF OR IN CONNECTION WITH THE SOFTWARE OR THE USE OR OTHER DEALINGS IN
                    THE SOFTWARE.
                   }}
                   
                   
                   
                   
                   
                   
                   
                   
                   
                   
                   
                   
                   DAT
                   
                   '------------------------------------------------------------------------------
                   ' Float32 Assembly language routines
                   '------------------------------------------------------------------------------
                   ' flt_add   r0 = r0 + r1
                   ' flt_sub   r0 = r0 - r1
                   ' changes: r0, flagA, expA, manA, r1, flagB, expB, manB, t1
                   '------------------------------------------------------------------------------
                   
020ec 0ef f560684b flt_sub                 xor     r1, Bit31               ' negate B
020f0 0f0 fdb00170 flt_add                 call    #_Unpack2               ' unpack two variables
020f4 0f1 ed9ffdf4           if_c_or_z     jmp     #LMM_loop               ' check for NaN or B = 0
                   
020f8 0f2 f7cf2a01                         test    flagA, #SignFlag wz     ' negate A mantissa if negative
020fc 0f3 56632f97           if_nz         neg     manA, manA
02100 0f4 f7cf3001                         test    flagB, #SignFlag wz     ' negate B mantissa if negative
02104 0f5 5663359a           if_nz         neg     manB, manB
                   
02108 0f6 f600a796                         mov     t1, expA                ' align mantissas
0210c 0f7 f180a799                         sub     t1, expB
02110 0f8 f640a653                         abs     t1, t1
02114 0f9 f324a61f                         fle     t1, #31
02118 0fa f25b2d99                         cmps    expA, expB wcz
0211c 0fb 10c33453           if_nz_and_nc  sar     manB, t1
02120 0fc 40c32e53           if_nz_and_c   sar     manA, t1
02124 0fd 46032d99           if_nz_and_c   mov     expA, expB
                   
02128 0fe f1032f9a                         add     manA, manB              ' add the two mantissas
                   
0212c 0ff f2572e00                         cmps    manA, #0 wc             ' set sign of result
02130 100 c5472a01           if_c          or      flagA, #SignFlag
02134 101 35272a01           if_nc         andn    flagA, #SignFlag
02138 102 f6432f97                         abs     manA, manA              ' pack result and exit
0213c 103 fdb001cc pack_loop               call    #_Pack
02140 104 fd9ffda8                         jmp     #LMM_loop
                   
                   '------------------------------------------------------------------------------
                   ' flt_mul  r0 = r0 * r1
                   ' changes: r0, flagA, expA, manA, r1, flagB, expB, manB, t1, t2
                   '------------------------------------------------------------------------------
                   
02144 105 fdb0011c flt_mul                 call    #_Unpack2               ' unpack two variables
02148 106 3d900024           if_nc         jmp     #flt_mul2               ' multiply if neither is NaN
0214c 107 f20f2cff                         cmp     expA, #255 wz           ' NaN, so check for r0 = Inf
02150 108 ad900008           if_z          jmp     #flt_mul1               ' yes - return Inf
02154 109 f20f32ff                         cmp     expB, #255 wz           ' no - check for r1 = Inf
02158 10a 5d9ffd90           if_nz         jmp     #LMM_loop               ' no - return NaN
0215c 10b f6006791 flt_mul1                mov     r0, Inf                 ' yes, r0 or r1 is Inf, so return Inf
02160 10c f5632b98                         xor     flagA, flagB            '
02164 10d f7cf2a01                         test    flagA, #SignFlag wz
02168 10e 5540664b           if_nz         or      r0, Bit31
0216c 10f fd9ffd7c                         jmp     #LMM_loop
02170 110 f5632b98 flt_mul2                xor     flagA, flagB            ' get sign of result
02174 111 f1032d99                         add     expA, expB              ' add exponents
02178 112 fd032f9a                         qmul    manA, manB
0217c 113 fd60a619                         getqy   t1
02180 114 f064a603                         shl     t1, #3                  ' justify result and exit
02184 115 f6032e53                         mov     manA, t1
02188 116 fd9fffb0                         jmp     #pack_loop
                   
                   '------------------------------------------------------------------------------
                   ' flt_div  r0 = r0 / r1
                   ' changes: r0, flagA, expA, manA, r1, flagB, expB, manB, t1, t2
                   '------------------------------------------------------------------------------
                   
0218c 117 fdb000d4 flt_div                 call    #_Unpack2               ' unpack two variables
02190 118 e6006790           if_c_or_z     mov     r0, NaN                 ' check for NaN or divide by 0
02194 119 ed9ffd54           if_c_or_z     jmp     #LMM_loop
                   
02198 11a f5632b98                         xor     flagA, flagB            ' get sign of result
0219c 11b f1832d99                         sub     expA, expB              ' subtract exponents
021a0 11c f0472e01                         shr     manA, #1
021a4 11d fd632e28                         setq    manA
021a8 11e fd18019a                         qdiv    #0, manB
021ac 11f fd632e18                         getqx   manA
021b0 120 f0472e02                         shr     manA, #2
021b4 121 fd9fff84                         jmp     #pack_loop
                   
                   '------------------------------------------------------------------------------
                   ' flt_int  r0 = float(r0)
                   ' changes: r0, flagA, expA, manA
                   '------------------------------------------------------------------------------
                   
021b8 122 f6032a33 flt_int                 mov     flagA, r0               ' get integer value
021bc 123 f6046600                         mov     r0, #0                  ' set initial result to zero
021c0 124 f64b2f95                         abs     manA, flagA wz          ' get absolute value of integer
021c4 125 ad9ffd24           if_z          jmp     #LMM_loop               ' if zero, exit
021c8 126 f0472a1f                         shr     flagA, #31              ' set sign flag
021cc 127 f6072c1f                         mov     expA, #31               ' set initial value for exponent
021d0 128 f0772e01 normalize_1             shl     manA, #1 wc             ' normalize the mantissa
021d4 129 31872c01           if_nc         sub     expA, #1                ' adjust exponent
021d8 12a 3d9ffff4           if_nc         jmp     #normalize_1
021dc 12b f0872e01                         rcr     manA, #1                ' justify mantissa
021e0 12c f0472e02                         shr     manA, #2
021e4 12d fd9fff54                         jmp     #pack_loop
                   
                   '------------------------------------------------------------------------------
                   ' int_flt  r0 = fix(r0)
                   ' changes: r0, flagA, expA, manA, t1
                   '------------------------------------------------------------------------------
                   
021e8 12e f604a600 int_flt                  mov     t1, #0                  ' set for no rounding
                   '                        jmp     #fix
                   
                   'rnd_flt                 mov     t1, #1                  ' set for rounding
                   
021ec 12f fdb000a4 fix                     call    #_Unpack                ' unpack floating point value
021f0 130 cd9ffcf8           if_c          jmp     #LMM_loop               ' check for NaN
021f4 131 f0672e02                         shl     manA, #2                ' left justify mantissa
021f8 132 f6046600                         mov     r0, #0                  ' initialize result to zero
021fc 133 f6632d96                         neg     expA, expA              ' adjust for exponent value
02200 134 f10f2c1e                         add     expA, #30 wz
02204 135 f2572c20                         cmps    expA, #32 wc
02208 136 bd9ffce0           if_nc_or_z    jmp     #LMM_loop
0220c 137 f0432f96                         shr     manA, expA
                   
02210 138 f1032e53                         add     manA, t1                ' round up 1/2 lsb
02214 139 f0472e01                         shr     manA, #1
                   
02218 13a f7cf2a01                         test    flagA, #signFlag wz     ' check sign and exit
0221c 13b f3e06797                         sumnz   r0, manA
02220 13c fd9ffcc8                         jmp     #LMM_loop
                   
                   '------------------------------------------------------------------------------
                   ' flt_cmp   set Z and C flags for r0 - r1
                   ' changes: status, t1
                   '------------------------------------------------------------------------------
                   
02224 13d f600a633 flt_cmp                 mov     t1, r0               ' compare signs
02228 13e f560a634                         xor     t1, r1
0222c 13f f508a64b                         and     t1, Bit31 wz
02230 140 ad900018           if_z          jmp     #cmp1                  ' same, then compare magnitude
                   
02234 141 f600a633                         mov     t1, r0               ' check for +0 or -0
02238 142 f540a634                         or      t1, r1
0223c 143 f538a64b                         andn    t1, Bit31 wcz
02240 144 ad9ffca8           if_z          jmp     #LMM_loop
                   
02244 145 f7d0664b                         test    r0, Bit31 wc         ' compare signs
02248 146 fd9ffca0                         jmp     #LMM_loop
                   
0224c 147 f7c8664b cmp1                    test    r0, Bit31 wz         ' check signs
02250 148 5d900008           if_nz         jmp     #cmp2
02254 149 f2186634                         cmp     r0, r1 wcz
02258 14a fd9ffc90                         jmp     #LMM_loop
0225c 14b f2186833 cmp2                    cmp     r1, r0 wcz           ' reverse test if negative
02260 14c fd9ffc88                         jmp     #LMM_loop
                   
                   '------------------------------------------------------------------------------
                   ' input:   r0        32-bit floating point value
                   '          r1        32-bit floating point value
                   ' output:  flagA        r0 flag bits (Nan, Infinity, Zero, Sign)
                   '          expA         r0 exponent (no bias)
                   '          manA         r0 mantissa (aligned to bit 29)
                   '          flagB        r1 flag bits (Nan, Infinity, Zero, Sign)
                   '          expB         r1 exponent (no bias)
                   '          manB         r1 mantissa (aligned to bit 29)
                   '          C flag       set if r0 or r1 is NaN
                   '          Z flag       set if r1 is zero
                   ' changes: r0, flagA, expA, manA, r1, flagB, expB, manB, t1
                   '------------------------------------------------------------------------------
                   
02264 14d f600a633 _Unpack2                mov     t1, r0               ' save A
02268 14e f6006634                         mov     r0, r1               ' unpack B to A
0226c 14f fdb00024                         call    #_Unpack
02270 150 f6006833                         mov     r1, r0               ' save B variables
02274 151 f6033195                         mov     flagB, flagA
02278 152 f6033396                         mov     expB, expA
0227c 153 f6033597                         mov     manB, manA
02280 154 f6006653                         mov     r0, t1               ' unpack A
02284 155 fdb0000c                         call    #_Unpack
02288 156 37cf3008           if_nc         test    flagB, #NanFlag wz
0228c 157 1d75e06f           if_nc_and_nz  modc    _set wc
02290 158 020f3400           _ret_         cmp     manB, #0 wz          ' set Z flag
                   
                   '------------------------------------------------------------------------------
                   ' input:   r0        32-bit floating point value
                   ' output:  flagA        r0 flag bits (Nan, Infinity, Zero, Sign)
                   '          expA         r0 exponent (no bias)
                   '          manA         r0 mantissa (aligned to bit 29)
                   '          C flag       set if r0 is NaN
                   '          Z flag       set if r0 is zero
                   ' changes: r0, flagA, expA, manA
                   '------------------------------------------------------------------------------
                   
02294 159 f6032a33 _Unpack                 mov     flagA, r0            ' get sign
02298 15a f0472a1f                         shr     flagA, #31
0229c 15b f6032e33                         mov     manA, r0             ' get mantissa
022a0 15c f5032f93                         and     manA, Mask23
022a4 15d f6032c33                         mov     expA, r0             ' get exponent
022a8 15e f0672c01                         shl     expA, #1
022ac 15f f04f2c18                         shr     expA, #24 wz
022b0 160 ad900014           if_z          jmp     #zeroSubnormal         ' check for zero or subnormal
022b4 161 f20f2cff                         cmp     expA, #255 wz           ' check if finite
022b8 162 5d90003c           if_nz         jmp     #finite
022bc 163 f6006790                         mov     r0, NaN              ' no, then return NaN
022c0 164 f5472a08                         or      flagA, #NaNFlag
022c4 165 fd90003c                         jmp     #U_exit2
                   
022c8 166 f600ad97 zeroSubnormal          mov     t4, manA
022cc 167 f548ad96                         or      t4, expA wz             ' check for zero
022d0 168 5d90000c           if_nz         jmp     #subnorm
022d4 169 f5472a02                         or      flagA, #ZeroFlag        ' yes, then set zero flag
022d8 16a f6672c96                         neg     expA, #150              ' set exponent and exit
022dc 16b fd900024                         jmp     #U_exit2
                   
022e0 16c f0672e07 subnorm                 shl     manA, #7                ' fix justification for subnormals
022e4 16d f7cb2f94 subnorm2                test    manA, Bit29 wz
022e8 16e 5d900014           if_nz         jmp     #U_exit1
022ec 16f f0672e01                         shl     manA, #1
022f0 170 f1872c01                         sub     expA, #1
022f4 171 fd9fffec                         jmp     #subnorm2
                   
022f8 172 f0672e06 finite                  shl     manA, #6                ' justify mantissa to bit 29
022fc 173 f5432f94                         or      manA, Bit29             ' add leading one bit
                   
02300 174 f1872c7f U_exit1                 sub     expA, #127              ' remove bias from exponent
02304 175 f7d72a08 U_exit2                 test    flagA, #NaNFlag wc      ' set C flag
02308 176 020f2e00           _ret_         cmp     manA, #0 wz             ' set Z flag
                   
                   '------------------------------------------------------------------------------
                   ' input:   flagA        r0 flag bits (Nan, Infinity, Zero, Sign)
                   '          expA         r0 exponent (no bias)
                   '          manA         r0 mantissa (aligned to bit 29)
                   ' output:  r0        32-bit floating point value
                   ' changes: r0, flagA, expA, manA
                   '------------------------------------------------------------------------------
                   
0230c 177 f20f2e00 _Pack                   cmp     manA, #0 wz             ' check for zero
02310 178 a6072c00           if_z          mov     expA, #0
02314 179 ad900040           if_z          jmp     #P_exit3
                   
02318 17a f0772e01 normalize_2             shl     manA, #1 wc             ' normalize the mantissa
0231c 17b 31872c01           if_nc         sub     expA, #1                ' adjust exponent
02320 17c 3d9ffff4           if_nc         jmp     #normalize_2
                   
02324 17d f1072c02                         add     expA, #2                ' adjust exponent
02328 17e f1172f00                         add     manA, #$100 wc          ' round up by 1/2 lsb
0232c 17f c1072c01           if_c          add     expA, #1
                   
02330 180 f1072c7f                         add     expA, #127              ' add bias to exponent
02334 181 f3432d92                         fges    expA, Minus23
02338 182 f3672cff                         fles    expA, #255
                   
0233c 183 f2572c01                         cmps    expA, #1 wc             ' check for subnormals
02340 184 3d900014           if_nc         jmp     #P_exit3
                   
02344 185 f5472e01 subnormal               or      manA, #1                ' adjust mantissa
02348 186 f0072e01                         ror     manA, #1
                   
0234c 187 f6632d96                         neg     expA, expA
02350 188 f0432f96                         shr     manA, expA
02354 189 f6072c00                         mov     expA, #0                ' biased exponent = 0
                   
02358 18a f6006797 P_exit3                 mov     r0, manA             ' bits 22:0 mantissa
0235c 18b f0446609                         shr     r0, #9
02360 18c f0672c17                         shl     expA, #23
02364 18d f5406796                         or      r0, expA
02368 18e f0672a1f                         shl     flagA, #31
0236c 18f 05406795          _ret_          or      r0, flagA            ' bit 31 sign
                   
02370 190 7fffffff NaN                     long    $7FFF_FFFF
02374 191 7f800000 Inf                     long    $7F80_0000
02378 192 ffffffe9 Minus23                 long    -23
0237c 193 007fffff Mask23                  long    $007F_FFFF
02380 194 20000000 Bit29                   long    $2000_0000
                   
02384 195 00000000 flagA                   long    0
02388 196 00000000 expA                    long    0
0238c 197 00000000 manA                    long    0
                   
02390 198 00000000 flagB                   long    0
02394 199 00000000 expB                    long    0
02398 19a 00000000 manB                    long    0
                   
                   '-------------------- End of Float32 Components -------------------------------
                   
                   '---------------------------- local variables ---------------------------------
                   
                   ' temporary storage used in mul & div calculations
                   
0239c 19b 00000000 ftemp    long    0
023a0 19c 00000000 ftmp2    long    0
                   
                   ' lockbits must be in the same place in all LMM kernels
                   
023a4 19d                   fit    $1ea
024d8 1ea                   orgf   $1ea
                   
024d8 1ea 00000000 lockbits long   0               ' lockbits used to simulate P1-style locks
                   
                   ' last 5 longs are reserved for debug overlay vectors (or debug LED)
                   
024dc 1eb                   fit    $1eb
024dc 1eb                   orgf   $1eb
                   
024dc 1eb          DEBUG_VECTORS
                   
                   
                   
                   
                   
                   
                   
                   
                   
                   
                   
024dc 1eb 0007bde8          long   DEBUG_BREAK
024e0 1ec 0007bdec          long   DEBUG_ADDR
024e4 1ed 0007bdf0          long   DEBUG_OUT
024e8 1ee 0007bdf4          long   DEBUG_IN
024ec 1ef 0007bdf8          long   DEBUG_FLAG
                   
024f0 1f0                   fit    $1f0
                   
                   '------------------------- END OF KERNEL --------------------------------------
                   
024f0 300                   org $300
                   
                   ' Common Kernel library functions. This code is included only to get the LUT
                   ' offsets correct in the dynamically loaded kernel. The actual LUT code is
                   ' loaded into LUT from elsewhere. There must be a better way to do this, but I
                   ' can't think of one at the moment :(
                   
                   '#line 1 "../../../target_p2/Catalina_kernel_library.inc"
                   ' Catalina kernel library functions ...
                   
                   ' avoid including the kernel library functions twice ...
                   
                   
                   
                   
                   
                   
                   
                   
                   
                   
                   
                   
                   
                   
                   
                   
                   
                   
                   
                   
                   
                   
                   
                   
                   
                   
                   
                   
                   
                   
                   
                   
                   
                   
                   
                   
                   
                   
                   
                   
                   
                   
                   
                   
                   
                   
                   
                   
                   
                   
                   
                   
                   
                   
                   
                   
                   
                   
                   
                   
                   
                   
                   
                   
                   
                   
                   
                   
                   
                   
                   
                   
                   
                   
                   
                   
                   
                   
                   
                   
                   
                   
                   
                   
                   
                   
                   
                   
                   
                   
                   
                   
                   
                   
                   
                   
                   
                   
                   
                   
                   
                   
                   
                   
                   
                   
                   
                   '#line 858 "../../../target_p2/Catalina_LMM_dynamic.spin2"
                   
                   '#line 1 "../../../target_p2/Catalina_LMM_kernel_library.inc"
                   ' Catalina kernel functions that are specific to the LMM kernels ...
                   
                   ' avoid including the kernel library functions twice ...
                   
                   
                   
                   
                   
                   
                   
                   
                   
                   
                   
                   
                   
                   
                   
                   
                   
                   
                   
                   
                   
                   
                   
                   
                   
                   
                   
                   
                   
                   
                   
                   
                   
                   
                   
                   
                   
                   
                   
                   
                   
                   
                   
                   
                   '#line 860 "../../../target_p2/Catalina_LMM_dynamic.spin2"
                   
                   
                   '#line 74 "../../../target_p2/Catalina_LMM_library.spin2"
                   
                   CON
                   
                   
