                   '#line 1 "../../../target_p2/Catalina_NMM_library.spin2"
                   '
                   ' This file exists to allow the NMM LUT library code to be compiled and
                   ' then turned into a blob suitable for loading as part of dynamically
                   ' loading a program. This is required because with Multi-Model support,
                   ' the kernel being loaded may require a different LUT library to the
                   ' kernel doing the loading.
                   '
                   ' Compile this library and convert it to a blob using commands similar
                   ' to the following:
                   '
                   '    p2_asm -I ..\..\target_p2 ..\..\target_p2\Catalina_NMM_library.spin2 -o nmm
                   '    spinc -p2 -B2 -n NMM_LUT_LIBRARY nmm.bin >CMM_library.inc
                   '
                   ' The resulting binary is not a true Catalina 1 binary - it is intended
                   ' only to allow the LUT library to be extracted using the spinc command.
                   '
                   
                   CON
                   
                   '#line 1 "../../../target_p2/Catalina_reserved.inc"
                   '------------------------- START OF RESERVED HUB ------------------------------
                   DAT
                   
01000                      orgh  $1000
                   
01000     fd801038 RESERVED jmp  #\NON_RESERVED  ' Lower 20 bits = address of non-reserved hub
01004     0aba9500 CLKFREQ  long _CLOCKFREQ      ' initial clock frequency (not updated)
01008     010c470b CLKMODE  long _CLOCKMODE      ' initial clock mode (not updated)
0100c     00038400 BAUDRATE long _BAUDRATE       ' initial baud rate (not updated)
                   
                   ' seglayout specifies the layout of the segments
                   
01010              seglayout                     ' $1010 - if this changes, change catbind.c
01010     0000000b         long  SEGMENT_LAYOUT
                   
                   ' segtable contains the start address of each of the segments
                   
01014              segtable
01014     00001c00         long  @Catalina_Code
01018     00001d40         long  @Catalina_Cnst
0101c     00001d40         long  @Catalina_Init
01020     00001d40         long  @Catalina_Data
01024     00001d40         long  @Catalina_Ends
01028     00001c00         long  @Catalina_RO_Base
0102c     00001d40         long  @Catalina_RW_Base
01030     00001d40         long  @Catalina_RO_Ends
01034     00001d40         long  @Catalina_RW_Ends
                   
01038              NON_RESERVED
                   '--------------------------- END OF RESERVED HUB ------------------------------
                   '#line 21 "../../../target_p2/Catalina_NMM_library.spin2"
                   
                   CON
                   
                   SEGMENT_LAYOUT=11 ' NMM memory layout 0 (Code, Cnst, Init, Data)
                   
                   DAT
                   
                   ' Common Kernel library functions. This code is loaded and started by all
                   ' kernels (static and dynamic) and must fit in the area $300 - $3FF ...
                   
01c00 300           orgf $300
                   
01c00 300          Catalina_RO_Base
01c00 300          Catalina_Code
                   
01c00 300          LUT_LIBRARY
                   
                   ' include any necessary kernel library functions. This code is loaded and
                   ' executed from the LUT RAM ...
                   
                   '#line 1 "../../../target_p2/Catalina_kernel_library.inc"
                   ' Catalina kernel library functions ...
                   
                   ' avoid including the kernel library functions twice ...
                   
                   
                   
                   
                   DAT
                   
                   ' unsigned_d32 - 32 bit unsigned division
                   
01c00 300          unsigned_d32
01c00 300 fd102c17          qdiv   r0,r1
01c04 301 fd602c18          getqx  r0
01c08 302 0d602e19   _ret_  getqy  r1
                   
                   ' signed_d32 - 32 bit signed division
                   
01c0c 303          signed_d32
01c0c 303 f6007817          mov    t3,r1           ' save sign for later
01c10 304 f6007a16          mov    t4,r0
01c14 305 f6402e17          abs    r1,r1
01c18 306 f6402c16          abs    r0,r0
01c1c 307 f560783d          xor    t3,t4
01c20 308 fda00300          call   #\unsigned_d32  ' perform unsigned division
01c24 309 f6107a3d          mov    t4,t4 WC        ' get bit #31 into carry
01c28 30a f6802e17          negc   r1,r1           ' adjust the sign of the remainder
01c2c 30b f610783c          mov    t3,t3 WC        ' get bit #31 into carry
01c30 30c 06802c16   _ret_  negc   r0,r0           ' adjust the sign of the result
                   
                   ' do_plugin - call a plugin
                   '
                   ' On entry:
                   '       r3 = code:
                   '            - cog id if >= 128 (i.e. $80 + cog id)
                   '            - plugin type if < 128 (i.e. 0 .. 127)
                   '            - service id if < 0
                   '       r2 = data (optional pointer)
                   '
                   ' NOTES: Locks are currently only supported when invoking via a service id.
                   '        When using service id, the data should only use the lower 24 bits.
                   '
                   ' On exit:
                   '       R0 = result
                   
01c34 30d          do_plugin
01c34 30d f6047a08         mov     t4,#8           ' t4 stores lock - default to none required
01c38 30e f6102c19         mov     r0,r3 wc        ' get plugin type or cog id or service id
01c3c 30f cd90003c  if_b   jmp     #psvc           ' if < 0, code is a service id
01c40 310 f7cc2c80         test    r0,#$80 wz      ' if bit 7 set ...
01c44 311 5d900074  if_nz  jmp     #pcog           ' code is a cog id ...
01c48 312          ptype                           ' ... otherwize it's a plugin type
01c48 312 f6007439         mov     t1,reg          ' point to registry
01c4c 313 f6047600         mov     t2,#0           ' start at cog id 0
01c50 314          plgt1
01c50 314 f21c7608         cmp     t2,#8 wcz       ' run out of cogs?
01c54 315 3d9000a0  if_ae  jmp     #plugerr        ' yes - no such plugin
01c58 316 fb00783a         rdlong  t3,t1           ' no - check cog's plugin type
01c5c 317 f0447818         shr     t3,#24          ' is it ...
01c60 318 f2087816         cmp     t3,r0 wz        ' ... the plugin type what we wanted?
01c64 319 ad90000c  if_z   jmp     #plgt2          ' yes - invoke plugin at this cog id
01c68 31a 51047601  if_nz  add     t2,#1           ' no - try ...
01c6c 31b 51047404  if_nz  add     t1,#4           ' ... next ...
01c70 31c 5d9fffdc  if_nz  jmp     #plgt1          ' ... cog id
01c74 31d          plgt2
01c74 31d f6002c3b         mov     r0,t2           ' use the cog where we found the plugin
01c78 31e fd900040         jmp     #pcog           ' invoke plugin (via the cog id)
01c7c 31f          psvc
01c7c 31f f0642c01         shl     r0,#1           ' read entry ...
01c80 320 f1002c39         add     r0,reg          ' ... from ...
01c84 321 fae02c16         rdword  r0,r0           ' ... the service registry
01c88 322 f6007416         mov     t1,r0           ' save in t1 and extract ...
01c8c 323 f0442c0c         shr     r0,#12          ' ... cog number to r0
01c90 324 f600763a         mov     t2,t1           ' save in t2 and extract ...
01c94 325 f06c7418         shl     t1,#24 wz       ' ... request code to t1 (top 8 bits) ...
01c98 326 ad90005c  if_z   jmp     #plugerr        ' ... or throw error if request code is zero
01c9c 327 f6007a3b         mov     t4,t2           ' extract ...
01ca0 328 f0447a08         shr     t4,#8           ' ... lock number to t4
01ca4 329 f7cc7a08         test    t4,#8 wz        ' are we required to use a lock?
01ca8 32a 5d900008  if_nz  jmp     #no_lock        ' no - just make the request
01cac 32b          set_lock
01cac 32b fd707a06         locktry t4 wc           ' yes - loop ...
01cb0 32c 3d9ffff8  if_nc  jmp     #set_lock       ' ... until we have set the lock
01cb4 32d          no_lock
01cb4 32d f5203036         andn    r2,top8         ' combine data ...
01cb8 32e f540303a         or      r2,t1           ' ... with request code
01cbc 32f          pcog
01cbc 32f f5042c07         and     r0,#7           ' mask off cog id to 0 .. 7
01cc0 330 f0642c02         shl     r0,#2           ' point to ...
01cc4 331 f1002c39         add     r0,reg          ' ... registry entry for the cog
01cc8 332 fb002c16         rdlong  r0,r0           ' get request block from registry
01ccc 333 f7c82c36         test    r0,top8 wz      ' is a plugin registered in this cog?
01cd0 334 ad900024  if_z   jmp     #plugerr        ' no - throw error
01cd4 335 f5202c36         andn    r0,top8         ' yes - write ...
01cd8 336 fc603016         wrlong  r2,r0           ' ... request
01cdc 337          ploop
01cdc 337 fb083216         rdlong  r3,r0   wz      ' wait till ...
01ce0 338 5d9ffff8  if_nz  jmp     #ploop          ' ... request completed
01ce4 339 f1042c04         add     r0,#4           ' get ...
01ce8 33a fb002c16         rdlong  r0,r0           ' ... result
01cec 33b          clr_lock
01cec 33b f7cc7a08         test    t4,#8 wz        ' did we set a lock?
01cf0 33c ad607a07  if_z   lockrel t4              ' yes - release the lock we set
01cf4 33d fd64002d         ret
01cf8 33e          plugerr
01cf8 33e f6642c01         neg     r0,#1           ' plugin error (e.g. not registered)
01cfc 33f fd9fffec         jmp     #clr_lock       ' done - clear lock if required
                   
                   ' do_register - register a plugin
                   '
                   ' On entry:
                   '
                   '        r0 - initial value to write to request block
                   '        r1 - cog to register (lost)
                   '        r3 - plugin type to register (lost)
                   
01d00 340          do_register
01d00 340 f0642e02         shl     r1, #2          ' register ...
01d04 341 ff0003df         add     r1, ##REGISTRY  ' ... plugin ...
01d08 342 f1042fb0 
01d0c 343 fb003017         rdlong  r2, r1          ' ...
01d10 344 ff007fff         and     r2, ##$00FFFFFF ' ... as ...
01d14 345 f50431ff 
01d18 346 f0643218         shl     r3, #24         ' ...
01d1c 347 f5403019         or      r2, r3          ' ...
01d20 348 fc603017         wrlong  r2, r1          ' ... plugin type
01d24 349 0c602c18   _ret_ wrlong  r0, r2          ' save in request block
                   
                   '
                   ' do_copy
                   '
                   ' On entry:
                   '
                   '       r0 - dst addr
                   '       r1 - number of bytes to copy
                   '       r2 - src addr
                   '
                   ' On exit:
                   '
                   '       r0 incremented by r1 (i.e. number of bytes)
                   '       r3 lost
                   
01d28 34a          do_copy
01d28 34a fac03218        rdbyte  r3, r2           '
01d2c 34b fc403216        wrbyte  r3, r0
01d30 34c f1042c01        add     r0, #1
01d34 34d f1043001        add     r2, #1
01d38 34e fb6c2ffb        djnz    r1, #do_copy     '
01d3c 34f fd64002d        ret
                   
                   
                   
                   '#line 42 "../../../target_p2/Catalina_NMM_library.spin2"
                   
                   '#line 1 "../../../target_p2/Catalina_NMM_kernel_library.inc"
                   ' Catalina kernel functions that are specific to the NMM kernels ...
                   
                   ' avoid including the kernel library functions twice ...
                   
                   
                   
                   
                   DAT
                   
                   ' NOTE: There are currently no NMM-specific kernel library functions.
                   '       This file exists as a place to put them if any are required.
                   
                   
                   
                   '#line 44 "../../../target_p2/Catalina_NMM_library.spin2"
                   
                   
                   
                   
                   
01d40 350          LUT_LIBRARY_END
                   
01d40 350           fit $400
                   
01d40 350          Catalina_Cnst
01d40 350          Catalina_RO_Ends
01d40 350          Catalina_RW_Base
01d40 350          Catalina_Init
01d40 350          Catalina_Data
01d40 350          Catalina_RW_Ends
01d40 350          Catalina_Ends
                   
                   ' Include the appropriate NMM Kernel (to define offsets etc) ...
                   
                   
                   
                   
                   '#line 1 "../../../target_p2/Catalina_NMM_dynamic.spin2"
                   {{
                   '------------------------------------------------------------------------------
                   ' Catalina_NMM_dynamic - Implements a dynamically loadable Native Memory Model
                   '                        Kernel intended for use by the Catalina Code
                   '                        Generator backend for LCC.
                   '
                   ' Version 3.15 - Initial version.
                   '
                   '
                   ' This file incorporates software derived from:
                   '    Float_32A by Cam Thompson, Micromega Corporation,
                   '              Copyright (c) 2006-2007 Parallax, Inc.
                   '
                   '------------------------------------------------------------------------------
                   '
                   '    Copyright 2009 Ross Higson
                   '
                   '    The portion of this file identified as the LMM Kernel is part of the
                   '    Catalina Target Package.
                   '
                   '    The Catalina Target Package is free software: you can redistribute
                   '    it and/or modify it under the terms of the GNU Lesser General Public
                   '    License as published by the Free Software Foundation, either version
                   '    3 of the License, or (at your option) any later version.
                   '
                   '    The Catalina Target Package is distributed in the hope that it will
                   '    be useful, but WITHOUT ANY WARRANTY; without even the implied warranty
                   '    of MERCHANTABILITY or FITNESS FOR A PARTICULAR PURPOSE.
                   '    See the GNU Lesser General Public License for more details.
                   '
                   '    You should have received a copy of the GNU Lesser General Public
                   '    License along with the Catalina Target Package.  If not, see
                   '    <http:
                   '
                   '------------------------------------------------------------------------------
                   }}
                   
                   '#line 1 "../../../target_p2/Catalina_constants.inc"
                   '--------------------------- START OF CONSTANTS -------------------------------
                   
                   
                   
                   ' stop multiple inclusions of constants ...
                   
                   
                   
                   '#line 1 "../../../target_p2/Catalina_platforms.inc"
                   
                   
                   ' stop multiple inclusions of platform constants ...
                   
                   
                   
                   
                   '--------------------------- START OF PLATFORM CONSTANTS ---------------------
                   '
                   CON
                   
                   
                   
                   
                   
                   
                   
                   
                   
                   
                   
                   
                   
                   
                   
                   
                   
                   
                   
                   
                   
                   
                   
                   
                   
                   
                   
                   
                   
                   
                   
                   
                   
                   
                   
                   
                   
                   
                   
                   
                   
                   
                   
                   
                   
                   
                   
                   
                   
                   
                   
                   
                   
                   
                   
                   
                   
                   
                   
                   
                   
                   
                   
                   
                   
                   
                   
                   
                   
                   
                   
                   
                   
                   
                   
                   
                   
                   
                   
                   
                   
                   
                   
                   
                   
                   
                   
                   
                   
                   
                   
                   
                   
                   
                   
                   
                   
                   
                   
                   
                   
                   
                   
                   
                   
                   
                   
                   
                   
                   
                   
                   
                   
                   
                   
                   
                   
                   
                   
                   
                   
                   
                   
                   
                   
                   
                   
                   
                   
                   
                   
                   
                   
                   
                   
                   
                   
                   
                   
                   
                   
                   
                   
                   
                   
                   
                   
                   
                   
                   
                   
                   
                   
                   
                   
                   
                   
                   
                   
                   
                   
                   
                   
                   
                   
                   
                   
                   
                   
                   
                   
                   
                   
                   
                   
                   
                   
                   
                   
                   
                   
                   
                   
                   
                   
                   
                   
                   
                   
                   
                   
                   
                   
                   
                   
                   
                   
                   
                   
                   
                   
                   
                   
                   
                   
                   
                   
                   
                   
                   
                   
                   
                   
                   
                   
                   
                   
                   
                   
                   
                   
                   
                   
                   
                   
                   
                   
                   
                   
                   
                   
                   
                   
                   
                   
                   
                   
                   
                   
                   
                   
                   
                   
                   
                   
                   
                   
                   
                   
                   
                   
                   
                   
                   
                   
                   
                   
                   
                   
                   
                   
                   
                   
                   
                   
                   
                   
                   
                   
                   
                   
                   
                   
                   
                   
                   
                   
                   
                   
                   
                   
                   
                   
                   
                   
                   
                   
                   
                   
                   
                   
                   
                   
                   
                   
                   
                   
                   
                   
                   
                   
                   
                   
                   
                   
                   
                   
                   
                   
                   
                   
                   
                   
                   
                   
                   
                   
                   
                   
                   
                   
                   
                   
                   
                   
                   
                   
                   
                   
                   
                   
                   
                   
                   
                   
                   
                   
                   
                   
                   
                   
                   
                   
                   
                   
                   
                   
                   
                   
                   
                   
                   
                   
                   
                   
                   
                   
                   
                   
                   
                   
                   
                   
                   
                   
                   
                   
                   
                   
                   
                   
                   
                   
                   
                   
                   
                   
                   
                   
                   
                   
                   
                   
                   
                   
                   
                   
                   
                   
                   
                   
                   
                   
                   
                   
                   
                   
                   
                   
                   
                   
                   
                   
                   
                   
                   
                   
                   
                   
                   
                   
                   
                   
                   
                   
                   
                   
                   
                   
                   
                   
                   
                   
                   
                   
                   
                   
                   
                   
                   
                   
                   
                   
                   
                   
                   
                   
                   
                   
                   
                   
                   
                   
                   
                   
                   
                   
                   
                   
                   
                   
                   
                   
                   
                   
                   
                   
                   
                   
                   
                   
                   
                   
                   
                   
                   
                   
                   
                   
                   
                   
                   
                   
                   
                   
                   
                   
                   
                   
                   
                   
                   
                   
                   
                   
                   
                   
                   
                   
                   
                   
                   
                   
                   
                   
                   
                   
                   
                   
                   
                   
                   
                   
                   
                   
                   
                   
                   
                   
                   
                   
                   
                   
                   
                   
                   
                   
                   
                   
                   
                   
                   
                   
                   
                   
                   
                   
                   
                   
                   
                   
                   
                   
                   
                   
                   
                   
                   
                   
                   
                   
                   
                   
                   
                   
                   
                   
                   
                   
                   
                   
                   
                   
                   
                   
                   
                   
                   
                   
                   
                   
                   
                   '---------------- default constants (same as P2_EVAL) -------------------------
                   
                   ' clock configuration constants
                   
                   
                   
                   
                   
                   
                   
                   
                   
                   
                   
                   
                   
                   
                   
                   
                   
                   
                   _XTALFREQ = 20_000_000  ' crystal frequency
                   _XDIV     = 4           '\ crystal divider             to give 5.0MHz
                   _XMUL     = 72          '| crystal / div * mul         to give 360MHz
                   _XDIVP    = 2           '/ crystal / div * mul / divp  to give 180MHz
                   _XOSC     = %10         ' %00=OFF, %01=OSC, %10=15pF, %11=30pF
                   _XSEL     = %11         ' %00=rcfast, %01=rcslow, %10=XI, %11=PLL
                   _XPLL     = 1           ' 0= PLL off, 1=PLL on
                   
                   
                   ' serial constants
                   
                   _RX_PIN    = 63
                   _TX_PIN    = 62
                   _BAUDRATE  = 230400
                   
                   ' BlackCat Debugger I/O constants
                   
                   
                   
                   
                   _BLACKCAT_MODE    = %0000
                   _BLACKCAT_BAUD    = 115200
                   _BLACKCAT_SIZE    = 5*4   ' 5 longs
                   
                   ' SD Card constants
                   
                   _SD_CK     = 61         'pin SD Card clock
                   _SD_CS     = 60         'pin SD Card select
                   _SD_DI     = 59         'pin SD Card MOSI
                   _SD_DO     = 58         'pin SD Card MISO
                   
                   ' 2 Port Serial constants
                   
                   _RX1_PIN   = _RX_PIN
                   _TX1_PIN   = _TX_PIN
                   _RX1_MODE  = %0000_0000_000_0000000000000_00_11111_0 ' async rx mode, true input, input  enabled for smart input
                   _TX1_MODE  = %0000_0000_000_0000000000000_01_11110_0 ' async tx mode, true output, output enabled for smart output
                   _BAUDRATE1 = _BAUDRATE
                   _RX2_PIN   = 50
                   _TX2_PIN   = 52
                   _RX2_MODE  = %0000_0000_000_0000000000000_00_11111_0 ' async rx mode, true input, input  enabled for smart input
                   _TX2_MODE  = %0000_0000_000_0000000000000_01_11110_0 ' async tx mode, true output, output enabled for smart output
                   _BAUDRATE2 = _BAUDRATE
                   
                   ' Multi Port Serial constants
                   
                   ' NOTE Multi Port 1 and 2 use the 2 Port Serial constants defined above for pins and baud rate (but not mode) -
                   ' This is done so that by default the Multi Port Serial plugin behaves the same way as the 2 Port Serial plugin.
                   ' To disable thiis "auto-configuration" behaviour, set the pins to -1 (or anything outside the range 0 .. 63).
                   ' All such ports will have to be manually configured in the C program (see the s8_openport() function).
                   
                   '    rxmode = %0xx1 = invert rx              (same for txmode)
                   '             %0x1x = invert tx
                   '             %01xx = open-drain/open-source tx
                   
                   _RX1_MULTI_PIN  = _RX1_PIN
                   _TX1_MULTI_PIN  = _TX1_PIN
                   _RX1_MULTI_BAUD = _BAUDRATE
                   _TX1_MULTI_BAUD = _BAUDRATE
                   _RX1_MULTI_MODE = %0000
                   _TX1_MULTI_MODE = %0000
                   _RX2_MULTI_PIN  = _RX2_PIN
                   _TX2_MULTI_PIN  = _TX2_PIN
                   _RX2_MULTI_BAUD = _BAUDRATE
                   _TX2_MULTI_BAUD = _BAUDRATE
                   _RX2_MULTI_MODE = %0000
                   _TX2_MULTI_MODE = %0000
                   _RX3_MULTI_PIN  = -1
                   _TX3_MULTI_PIN  = -1
                   _RX3_MULTI_BAUD = _BAUDRATE
                   _TX3_MULTI_BAUD = _BAUDRATE
                   _RX3_MULTI_MODE = %0000
                   _TX3_MULTI_MODE = %0000
                   _RX4_MULTI_PIN  = -1
                   _TX4_MULTI_PIN  = -1
                   _RX4_MULTI_BAUD = _BAUDRATE
                   _TX4_MULTI_BAUD = _BAUDRATE
                   _RX4_MULTI_MODE = %0000
                   _TX4_MULTI_MODE = %0000
                   _RX5_MULTI_PIN  = -1
                   _TX5_MULTI_PIN  = -1
                   _RX5_MULTI_BAUD = _BAUDRATE
                   _TX5_MULTI_BAUD = _BAUDRATE
                   _RX5_MULTI_MODE = %0000
                   _TX5_MULTI_MODE = %0000
                   _RX6_MULTI_PIN  = -1
                   _TX6_MULTI_PIN  = -1
                   _RX6_MULTI_BAUD = _BAUDRATE
                   _TX6_MULTI_BAUD = _BAUDRATE
                   _RX6_MULTI_MODE = %0000
                   _TX6_MULTI_MODE = %0000
                   _RX7_MULTI_PIN  = -1
                   _TX7_MULTI_PIN  = -1
                   _RX7_MULTI_BAUD = _BAUDRATE
                   _TX7_MULTI_BAUD = _BAUDRATE
                   _RX7_MULTI_MODE = %0000
                   _TX7_MULTI_MODE = %0000
                   _RX8_MULTI_PIN  = -1
                   _TX8_MULTI_PIN  = -1
                   _RX8_MULTI_BAUD = _BAUDRATE
                   _TX8_MULTI_BAUD = _BAUDRATE
                   _RX8_MULTI_MODE = %0000
                   _TX8_MULTI_MODE = %0000
                   
                   ' VGA constants
                   
                   _VGA_BASE_PIN = 32
                   
                   ' USB constants
                   
                   _USB_BASE_PIN = 40
                   
                   ' miscellaneous constants
                   
                   _DEBUG_PIN = 56
                   
                   
                   
                   '--------------------------- END OF PLATFORM CONSTANTS -----------------------
                   
                   
                   
                   '#line 10 "../../../target_p2/Catalina_constants.inc"
                   
                   CON
                   '
                   ' Platform-independent clock configuration constants
                   '
                   _XPPPP    = ((_XDIVP>>1) + 15) & $F  ' 1->15, 2->0, 4->1, 6->2...30->14
                   
                   ' %0000_000e_dddddd_mmmmmmmmmm_pppp_cc_ss  ' set clock oscillator mode
                   
                   ' initial clock mode => enable crystal+PLL, stay in 20MHz+
                   
                   _CLOCKINIT  = _XPLL<<24 + (_XDIV-1)<<18 + (_XMUL-1)<<8 + _XPPPP<<4 + _XOSC<<2 + %00
                   
                   ' wait time => 10ms (@ 20Mhz) for crystal+PLL to stabilize
                   
                   _CLOCKWAIT  = 20000000/100
                   
                   ' final clock mode => switch to PLL
                   
                   _CLOCKMODE  = _XPLL<<24 + (_XDIV-1)<<18 + (_XMUL-1)<<8 + _XPPPP<<4 + _XOSC<<2 +_XSEL
                   
                   ' final clock frequency
                   
                   _CLOCKFREQ  = _XTALFREQ / _XDIV * _XMUL / _XDIVP
                   
                   '
                   ' Plugin types - the Catalina Kernel generally attempts to locate plugins
                   ' by type, not by the cog they happen to be running on. Values up to 127
                   ' and the value 255 are reserved.
                   '
                   ' User plugin types should be in the range 128 .. 254. Note that the LMM
                   ' prefix is historical - the same definitions are used for all program
                   ' types (LMM, EMM, SMM, XMM etc).
                   '
                   LMM_VMM = 0       ' main LMM (single threaded)
                   LMM_HMI = 1       ' HMI Drivers (Kbd/Mouse/Screen)
                   LMM_LIB = 2       ' Utility library
                   LMM_FLA = 3       ' Floating Point Library A
                   LMM_FLB = 4       ' Floating Point Library B
                   LMM_RTC = 5       ' Real-Time Clock
                   LMM_FIL = 6       ' File System
                   LMM_SIO = 7       ' Serial I/O
                   LMM_DUM = 8       ' Dummy Plugin
                   LMM_CGI = 9       ' Graphics Plugin
                   LMM_KBD = 10      ' Keyboard Driver
                   LMM_SCR = 11      ' Screen Driver
                   LMM_MOU = 12      ' Mouse Driver
                   LMM_PRX = 13      ' Proxy Driver
                   LMM_GAM = 14      ' Gamepad Driver
                   LMM_SND = 15      ' Sound Driver
                   LMM_ADC = 16      ' ADC Driver
                   LMM_S4  = 17      ' 4 Port Serial Driver (Propeller 1 only)
                   LMM_TTY = 18      ' Full Duplex Serial Driver
                   LMM_VGI = 19      ' Virtual Graphics Plugin
                   LMM_VDB = 20      ' Virtual Double Buffer Support Driver
                   LMM_SPI = 21      ' SPI Support Driver
                   LMM_FLC = 22      ' Floating Point Library C (Propeller 2 only)
                   LMM_S2A = 23      ' 2 Port Serial Driver A (Propeller 2 only)
                   LMM_S2B = 24      ' 2 Port Serial Driver B (Propeller 2 only)
                   LMM_S8A = 25      ' 8 Port Serial Driver A (Propeler 2 only)
                   LMM_NUL = 255     ' No plugin
                   '
                   ' Notes on the Registry definitions.
                   '
                   ' The Catalina registry provides a place where all plugins can be found,
                   ' and a request block for sending requests to each plugin. The registry
                   ' location must be known to all plugins. To use the registry, each plugin
                   ' finds its own cog number, and then registers by putting its plugin type
                   ' in the top 8 bits of the long at
                   '    long[REGISTRY][cog]
                   ' The bottom 24 bits of that long point to the request block the plugin
                   ' must use to receive requests and return results. A request block of
                   ' two longs is automatically created for each plugin, but plugins that
                   ' need more are free to allocate their own. However, all request blocks
                   ' must be at least two longs - the first long is the request, which may
                   ' be a 'short' request (if the request and all its parameters can fit
                   ' into a single long, or the address of a 'long' parameter block that
                   ' is allocated elsewhere in Hub RAM. Note that all requests are plugin
                   ' specific, and each plugin only typically knows how to interpret its
                   ' own requests. When complete, the plugin zeroes the first long of the
                   ' request block, and may either return the result in the second long
                   ' of the request block (typical for ' short' requests, but also used
                   ' for some 'long' requests), or in the 'long' parameter block.
                   ' Below the cog-oriented registry is a service-oriented registry. Each
                   ' Service is allocated a word, and services go from 1 to SVC_MAX (i.e.
                   ' there is no service 0). The details of the service can be found in
                   ' the word at
                   '    word[REGISTRY][-service]
                   ' The top 4 bits of the word are the cog number (top bit of the 4 bits
                   ' set if not used), the next lower 4 bits are a lock number (top bit of
                   ' the 4 set if not required) and the lower 8 bits are the request number
                   ' to send to the cog to request the service.
                   '
                   ' Predefined Service Numbers (and the internal plugin types and requests):
                   '
                   SVC_FLOAT_ADD    = 1  ' LMM_FLA 1
                   SVC_FLOAT_SUB    = 2  ' LMM_FLA 2
                   SVC_FLOAT_MUL    = 3  ' LMM_FLA 3
                   SVC_FLOAT_DIV    = 4  ' LMM_FLA 4
                   SVC_FLOAT_FLOAT  = 5  ' LMM_FLA 5
                   SVC_FLOAT_TRUNC  = 6  ' LMM_FLA 6
                   SVC_FLOAT_RND    = 7  ' LMM_FLA 7
                   SVC_FLOAT_SQR    = 8  ' LMM_FLA 8
                   SVC_FLOAT_CMP    = 9  ' LMM_FLA 9
                   SVC_K_PRESENT    = 10 ' LMM_HMI 1
                   SVC_K_GET        = 11 ' LMM_HMI 2
                   SVC_K_WAIT       = 12 ' LMM_HMI 3
                   SVC_K_NEW        = 13 ' LMM_HMI 4
                   SVC_K_READY      = 14 ' LMM_HMI 5
                   SVC_K_CLEAR      = 15 ' LMM_HMI 6
                   SVC_K_STATE      = 16 ' LMM_HMI 7
                   SVC_M_PRESENT    = 17 ' LMM_HMI 11
                   SVC_M_BUTTON     = 18 ' LMM_HMI 12
                   SVC_M_BUTTONS    = 19 ' LMM_HMI 13
                   SVC_M_ABS_X      = 20 ' LMM_HMI 14
                   SVC_M_ABS_Y      = 21 ' LMM_HMI 15
                   SVC_M_ABS_Z      = 22 ' LMM_HMI 16
                   SVC_M_DELTA_X    = 23 ' LMM_HMI 17
                   SVC_M_DELTA_Y    = 24 ' LMM_HMI 18
                   SVC_M_DELTA_Z    = 25 ' LMM_HMI 19
                   SVC_M_RESET      = 26 ' LMM_HMI 20
                   SVC_T_GEOMETRY   = 27 ' LMM_HMI 21
                   SVC_T_CHAR       = 28 ' LMM_HMI 22
                   SVC_T_STRING     = 29 ' LMM_HMI 23
                   SVC_T_INT        = 30 ' LMM_HMI 24
                   SVC_T_UNSIGNED   = 31 ' LMM_HMI 25
                   SVC_T_HEX        = 32 ' LMM_HMI 26
                   SVC_T_BIN        = 33 ' LMM_HMI 27
                   SVC_T_SETPOS     = 34 ' LMM_HMI 28
                   SVC_T_GETPOS     = 35 ' LMM_HMI 29
                   SVC_T_MODE       = 36 ' LMM_HMI 30
                   SVC_T_SCROLL     = 37 ' LMM_HMI 31
                   SVC_T_COLOR      = 38 ' LMM_HMI 32
                   SVC_SD_INIT      = 39 ' LMM_FIL 1
                   SVC_SD_READ      = 40 ' LMM_FIL 2
                   SVC_SD_WRITE     = 41 ' LMM_FIL 3
                   SVC_SD_BYTEIO    = 42 ' LMM_FIL 4
                   SVC_SD_STOPIO    = 43 ' LMM_FIL 5
                   SVC_RTC_DEBUG    = 44 ' LMM_RTC 10 or RTC_FIL 10
                   SVC_RTC_SETFREQ  = 45 ' LMM_RTC 6 or RTC_FIL 6
                   SVC_RTC_GETCLOCK = 46 ' LMM_RTC 7 or RTC_FIL 7
                   SVC_RTC_SETTIME  = 47 ' LMM_RTC 8 or RTC_FIL 8
                   SVC_RTC_GETTIME  = 48 ' LMM_RTC 9 or RTC_FIL 9
                   SVC_FLOAT_SIN    = 49 ' LMM_FLA 10
                   SVC_FLOAT_COS    = 50 ' LMM_FLA 11
                   SVC_FLOAT_TAN    = 51 ' LMM_FLA 12
                   SVC_FLOAT_LOG    = 52 ' LMM_FLA 13
                   SVC_FLOAT_LOG10  = 53 ' LMM_FLA 14
                   SVC_FLOAT_EXP    = 54 ' LMM_FLA 15
                   SVC_FLOAT_EXP10  = 55 ' LMM_FLA 16
                   SVC_FLOAT_POW    = 56 ' LMM_FLA 17
                   SVC_FLOAT_FRAC   = 57 ' LMM_FLA 18
                   SVC_FLOAT_FMOD   = 58 ' LMM_FLB 19
                   SVC_FLOAT_ASIN   = 59 ' LMM_FLB 20
                   SVC_FLOAT_ACOS   = 60 ' LMM_FLB 21
                   SVC_FLOAT_ATAN   = 61 ' LMM_FLB 22
                   SVC_FLOAT_ATAN2  = 62 ' LMM_FLB 23
                   SVC_FLOAT_FLOOR  = 63 ' LMM_FLB 24
                   SVC_FLOAT_CEIL   = 64 ' LMM_FLB 25
                   SVC_T_COLOR_FG   = 65 ' LMM_HMI 33
                   SVC_T_COLOR_BG   = 66 ' LMM_HMI 34
                   '
                   SVC_RESERVED     = 80 ' Services 1..80 reserved for Catalina
                   
                   ' Floating point constants
                   
                   pi = 3.141592654
                   
                   FAddCmd       = 1 << 24       ' Implemented in Float32_A and Float32_B
                   FSubCmd       = 2 << 24       ' Implemented in Float32_A and Float32_B
                   FMulCmd       = 3 << 24       ' Implemented in Float32_A and Float32_B
                   FDivCmd       = 4 << 24       ' Implemented in Float32_A and Float32_B
                   FFloatCmd     = 5 << 24       ' Implemented in Float32_A and Float32_B
                   FTruncCmd     = 6 << 24       ' Implemented in Float32_A and Float32_B
                   FRoundCmd     = 7 << 24       ' Implemented in Float32_A and Float32_B
                   FSqrCmd       = 8 << 24       ' Implemented in Float32_A and Float32_B
                   FCmpCmd       = 9 << 24       ' Implemented in Float32_A and Float32_B
                   
                   SinCmd        = 10 << 24      ' Implemented in Float32_A
                   CosCmd        = 11 << 24      ' Implemented in Float32_A
                   TanCmd        = 12 << 24      ' Implemented in Float32_A
                   LogCmd        = 13 << 24      ' Implemented in Float32_A
                   Log10Cmd      = 14 << 24      ' Implemented in Float32_A
                   ExpCmd        = 15 << 24      ' Implemented in Float32_A
                   Exp10Cmd      = 16 << 24      ' Implemented in Float32_A
                   PowCmd        = 17 << 24      ' Implemented in Float32_A
                   FracCmd       = 18 << 24      ' Implemented in Float32_A
                   
                   FModCmd       = 19 << 24      ' Implemented in Float32_B
                   ASinCmd       = 20 << 24      ' Implemented in Float32_B
                   ACosCmd       = 21 << 24      ' Implemented in Float32_B
                   ATanCmd       = 22 << 24      ' Implemented in Float32_B
                   ATan2Cmd      = 23 << 24      ' Implemented in Float32_B
                   FloorCmd      = 24 << 24      ' Implemented in Float32_B
                   CeilCmd       = 25 << 24      ' Implemented in Float32_B
                   
                   SignFlag      = $1
                   ZeroFlag      = $2
                   NaNFlag       = $8
                   
                   ' CogStore constants
                   
                   MAX_LONGS  = 300                ' store up to 300 LONGS (1200 chars)
                   
                   CMD_READ   = $1000_0000         ' copy Hub to Cog (address in lower 24 bits)
                                                   ' COGSTORE set to zero when complete
                   
                   CMD_WRITE  = $2000_0000         ' copy Cog to Hub (address in lower 24 bits)
                                                   ' COGSTORE set to zero when complete
                   
                   CMD_SIZE   = $3000_0000         ' return size of stored data (in LONGs) - set
                                                   ' lower 24 bits to $FFFFFF on call - lower 24
                                                   ' bits (set to size when complete)
                   
                   CMD_SETUP  = $4000_0000         ' setup argc and argv array with the stored
                                                   ' data (set to zero when complete)
                   
                   CMD_STOP   = $5000_0000         ' stop the CogStore cog.
                   
                   CMD_RESPONSE = $FEED_FACE       ' COGSTORE set to this on any other command
                   
                   STORE_COG    = 7                ' Catalina CogStore will use this cog
                   LAST_COG     = 6                ' Last cog to be restarted is 6
                   QUOTE_CHAR = $22
                   
                   '------------------------------- HUB CONSTANTS -------------------------------
                   '
                   CON
                   '
                   ' Maximum number of cogs (note that this 1 may not have them all!)
                   '
                   MAX_COGS   = 16
                   
                   ' HUB RAM Definitions
                   '
                   '   (make sure these are the same in all targets)
                   '
                   ' Size of Service array (if this changes, the Hub Layout below must change
                   ' as well):
                   '
                   SVC_MAX    = 96                ' must be a multiple of 2
                   '
                   ' Size of ARGV array (if this changes, the Hub Layout below must change
                   '  as well):
                   '
                   ARGV_MAX   = 24                ' maximum size (LONGs) of argv array
                   '
                   ' Base Address for all hub programs (on the 1 this is genrally zero)
                   '
                   BASE_ADDR  = $00000
                   '
                   ' Useable Hub RAM (The 1 has 512Kb but the top 16Kb hold a copy of the boot ROM)
                   '
                   HUB_SIZE   = $7C000            ' the last 16K contain a copy of the boot ROM.
                   '
                   FREE_MEM   = HUB_SIZE-4                               ' $7BFFC the FREE_MEM pointer
                   '
                   ' <<< ALLOCATE OTHER RESERVED HUB LOCATIONS DOWN FROM HERE >>>
                   '
                   COGSTORE        = FREE_MEM - 4                        ' $7BFF8 CHECK Catalyst_Arguments.spin
                   XMM_CACHE_RSP   = COGSTORE - 4                        ' $7BFF4
                   XMM_CACHE_CMD   = XMM_CACHE_RSP - 4                   ' $7BFF0
                   REGISTRY        = XMM_CACHE_CMD - MAX_COGS*4          ' $7BFB0 CHECK registry.e
                   REQUESTS        = REGISTRY - 2*SVC_MAX - MAX_COGS*4*2 ' $7BE70 CHECK request_status.e
                   ARGV_0          = REQUESTS - ARGV_MAX*4               ' $7BE10 CHECK Catalyst_Arguments.spin2
                   ARGV_ADDR       = ARGV_0 - 4                          ' $7BE0C CHECK Catalyst_Arguments.spin2
                   ARGC_ADDR       = ARGV_ADDR - 4                       ' $7BE08 CHECK Catalyst_Arguments.spin2, blackbox_comms.c, catalina_default.s, catalina_blackcat.s (all targets)
                   DEBUG_FLAG      = ARGC_ADDR - 16                      ' $7BDF8 CHECK blackbox_comms.c, BlackCat_DebugCog.spin2 & catalina_blackcat.s (all targets)
                   DEBUG_IN        = DEBUG_FLAG - 4                      ' $7BDF4 CHECK blackbox_comms.c, BlackCat_DebugCog.spin2 & catalina_blackcat.s (all targets)
                   DEBUG_OUT       = DEBUG_IN - 4                        ' $7BDF0 CHECK blackbox_comms.c, BlackCat_DebugCog.spin2 & catalina_blackcat.s (all targets)
                   DEBUG_ADDR      = DEBUG_OUT - 4                       ' $7BDEC CHECK blackbox_comms.c, BlackCat_DebugCog.spin2 & catalina_blackcat.s (all targets)
                   DEBUG_BREAK     = DEBUG_ADDR - 4                      ' $7BDE8 CHECK blackbox_comms.c, BlackCat_DebugCog.spin2 & catalina_blackcat.s (all targets)
                   PROXY_XFER      = DEBUG_BREAK - 4                     ' $7BDE4
                   CGI_DATA        = PROXY_XFER - 4                      ' $7BDE0 CHECK cgi_data.e
                   '
                   HUB_TOP         = CGI_DATA                            ' used to initialize FREE_MEM
                   '
                   ' For loading programs from SD card, the key decision is how large a program
                   ' we want to be able to load, because the larger the program, the more Hub RAM
                   ' space it takes to store the cluster list for it. The following calculations
                   ' determine how much Hub RAM space to allocate for a particular load size,
                   ' assuming FAT32 is in use and we have a cluster size of 32768 (note that
                   ' smaller clusters will result in correspondingly smaller load sizes):
                   '
                   MAX_LOAD_SIZE  = 4194304                       ' we want 4MB loads (2^22 bytes)
                                                                  ' (if this is changed, check catalyst.h
                                                                  ' and Catalina_SD_Loader.spin)
                   MAX_CLUS_SIZE  = 32768                         ' assumed cluster size (2^15 bytes)
                   MAX_FLIST_SIZE = MAX_LOAD_SIZE/MAX_CLUS_SIZE   ' number of entries in cluster list (2^7)
                   '
                   FLIST_LOG2     = 9                             ' LOG (Base 2) of sector size
                   FLIST_SSIZ     = 1<<FLIST_LOG2                 ' size of sector
                   '
                   ' Now resume defining Loadtime Hub Layout (note overlap with registry!!!):
                   '
                   FLIST_ADDRESS  = ARGC_ADDR - (4*MAX_FLIST_SIZE)     ' $7BC08 check catalyst.h
                   FLIST_BUFF     = FLIST_ADDRESS - FLIST_SSIZ         ' $7BA08 check catalyst.h
                   FLIST_SIOB     = FLIST_BUFF - 68                    ' $7B9C4 check catalyst.h
                   FLIST_XFER     = FLIST_SIOB - 12                    ' $7B9B8 check catalyst.h
                   FLIST_SECT     = FLIST_XFER - 4                     ' $7B9B4 check catalyst.h
                   FLIST_SHFT     = FLIST_SECT - 4                     ' $7B9B0 check catalyst.h
                   FLIST_FSIZ     = FLIST_SHFT - 4                     ' $7B9AC check catalyst.h
                   FLIST_PSTK     = FLIST_FSIZ - 4                     ' $7B9A8 check catalyst.h
                   FLIST_PREG     = FLIST_PSTK - 4                     ' $7B9A4 check catalyst.h
                   
                   
                   '--------------------------- END OF CONSTANTS ---------------------------------
                   
                   
                   
                   '#line 39 "../../../target_p2/Catalina_NMM_dynamic.spin2"
                   
                   ' PRIMITIVE - defines how to invoke primitives for this kernel
                   '             For example: PRIMITIVE(#NEWF)
                   
                   
                   
                   
                   
                   ' NO_INTERRUPTS - note that we CANNOT use SKIPF (which is enabled by the
                   '                 symbol NO_INTERRUPTS) in either the dynamic or threaded
                   '                 NMM kernels - either because they need interrupts themselves,
                   '                 or because because we cannot guarantee they will not be used
                   '                 in programs that use interrupts.  We cannot check even check
                   '                 for this this at compile time, because these kernels are
                   '                 precompiled into the library. So we must simply avoid SKIPF.
                   
                   ' FAST_SAVE_RESTORE - if defined, we use fast block moves to save and restore
                   '                     multiple registers. This improves speed, but uses more
                   '                     stack space. Can be defined here but not on the
                   '                     command-line for programs that use multiple cogs.
                   '                     Note that if you change this option, you also need
                   '                     to change it in the non-dynamic threaded kernel, and
                   '                     recompile the library. This option can't be used with
                   '                     NO_INTERRUPTS, which uses SKIPF.
                   '
                   '#ifndef FAST_SAVE_RESTORE
                   '#define FAST_SAVE_RESTORE
                   '#endif
                   
                   '--------------------- Start of NMM Dynamic Kernel ----------------------------
                   
                   DAT
                   
01d40 000                  org 0
                   
                   ' the first $54 longs must be in the same place in all nmm kernels, to
                   ' allow for the separate compilation of code that uses these locations
                   
01d40 000 fd900108 init    jmp #nmm_init          '$00 ' can only be called once !!!
01d44 001 fd9001fc pshb    jmp #push_b            '$01
01d48 002 fd90021c cpyb    jmp #copy_b            '$02
01d4c 003 fd900250 newf    jmp #new_fp            '$03
01d50 004 fd900264 retf    jmp #fp_ret            '$04
01d54 005 fd900278 cala    jmp #f_call            '$05
01d58 006 fd900264 retn    jmp #f_ret             '$06
01d5c 007 fd90027c cali    jmp #f_cali            '$07
01d60 008 fd90028c divs    jmp #f_d32s            '$08
01d64 009 fd900294 sysp    jmp #plugin            '$09
01d68 00a fd9002a0 fadd    jmp #flt_add           '$0a
01d6c 00b fd900298 fsub    jmp #flt_sub           '$0b
01d70 00c fd9002f0 fmul    jmp #flt_mul           '$0c
01d74 00d fd900338 fdiv    jmp #flt_div           '$0d
01d78 00e fd9003d8 fcmp    jmp #flt_cmp           '$0e
01d7c 00f fd900360 flin    jmp #flt_int           '$0f
01d80 010 fd900390 infl    jmp #int_flt           '$10
01d84 011 fd90015c pshm    jmp #push_m            '$11
01d88 012 fd900190 popm    jmp #pop_m             '$12
01d8c 013 fd900130 pshf    jmp #push_i            '$13
                   
01d90 014 00000000 ri      long 0                 '$14
01d94 015 00000000 bc      long 0                 '$15
                   
01d98 016 00000000 r0      long 0                 '$16
01d9c 017 00000000 r1      long 0                 '$17
01da0 018 00000000 r2      long 0                 '$18
01da4 019 00000000 r3      long 0                 '$19
01da8 01a 00000000 r4      long 0                 '$1a
01dac 01b 00000000 r5      long 0                 '$1b
01db0 01c 00000000 r6      long 0                 '$1c
01db4 01d 00000000 r7      long 0                 '$1d
01db8 01e 00000000 r8      long 0                 '$2e
01dbc 01f 00000000 r9      long 0                 '$2f
01dc0 020 00000000 r10     long 0                 '$20
01dc4 021 00000000 r11     long 0                 '$21
01dc8 022 00000000 r12     long 0                 '$22
01dcc 023 00000000 r13     long 0                 '$23
01dd0 024 00000000 r14     long 0                 '$24
01dd4 025 00000000 r15     long 0                 '$25
01dd8 026 00000000 r16     long 0                 '$26
01ddc 027 00000000 r17     long 0                 '$27
01de0 028 00000000 r18     long 0                 '$28
01de4 029 00000000 r19     long 0                 '$29
01de8 02a 00000000 r20     long 0                 '$2a
01dec 02b 00000000 r21     long 0                 '$2b
01df0 02c 00000000 r22     long 0                 '$2c
01df4 02d 00000000 r23     long 0                 '$2d
                   
01df8 02e 00000000 Save_PC long 0                 '$2e
01dfc 02f 00000000 Save_FP long 0                 '$2f
01e00 030 00000000 Save_SP long 0                 '$30
01e04 031 00000000 Save_PA long 0                 '$31
                   
01e08 032 80000000 Bit31   long  $80000000        '$32
01e0c 033 ffffffff all_1s  long  $ffffffff        '$33
01e10 034 000000ff cviu_m1 long  $000000ff        '$34
01e14 035 0000ffff cviu_m2 long  $0000ffff        '$35
01e18 036 ff000000 top8    long  $ff000000        '$36 top 8 bits bitmask
01e1c 037 00ffffff low24   long  $00ffffff        '$37 low 24 bits bitmask
                   
01e20 038 00000000 req     long  0                '$38 request block address
01e24 039 00000000 reg     long  0                '$39 registry address
                   
01e28 03a 00000000 t1      long  0                '$3a
01e2c 03b 00000000 t2      long  0                '$3b
01e30 03c 00000000 t3      long  0                '$3c
01e34 03d 00000000 t4      long  0                '$3d
                   
01e38 03e 00000000 ct1     long  0                '$3e
01e3c 03f 00000000 ct2     long  0                '$3f
01e40 040 00000000 ct3     long  0                '$40
                   
01e44 041 00000000 DBG1    long  0                '$41 ' debugger opAddr
01e48 042 00000000 DBG2    long  0                '$42 ' debugger temp
                   
                   ' nmm_init : initialize VM - note that this code is kept 20 longs long
                   '            to make various offsets match the main kernel, where this
                   '            code may be overlaid by 19 longs of debug code once
                   '            initialization is complete - eventually, the same may be
                   '            true of this kernel as well.
                   
01e4c 043          DEBUG_OVERLAY
01e4c 043          nmm_init
01e4c 043 fb047361         rdlong  reg,PTRA++     '$43  1 load registry address (used later)
01e50 044 fd603001         cogid   r2             '$44  2 register ...
01e54 045 f0643002         shl     r2,#2          '$45  3 ... ourselves ...
01e58 046 f1003039         add     r2,reg         '$46  4 ... as ...
01e5c 047 fb007018         rdlong  req,r2         '$47  5 ... a ...
01e60 048 f5007037         and     req,low24      '$48  6 ... new ...
01e64 049 fc607018         wrlong  req,r2         '$49  7  kernel
01e68 04a fb043361         rdlong  r3,PTRA++      '$4a  8 load initial PC (to r3 temporarily)
01e6c 04b fb043561         rdlong  r4,PTRA++      '$4b  9 load initial SP (to r4 temporarily)
01e70 04c fb042d61         rdlong  r0,PTRA++      '$4c 10 load initial LUT library size (-1)
01e74 04d fb042f61         rdlong  r1,PTRA++      '$4d 11 load initial LUT library address
01e78 04e fb043161         rdlong  r2,PTRA++      '$4e 12 load initial arg
01e7c 04f fd602c29         setq2   r0             '$4f 13 copy lut library ...
01e80 050 fb020017         rdlong  $100,r1        '$50 14 ... to LUT RAM, starting at $100
01e84 051 f603f01a         mov     PTRA,r4        '$51 15 set up correct SP
01e88 052 fd60322c         jmp     r3             '$52 16 we can now start executing Native code
01e8c 053 00000000         long    0              '$53 17
01e90 054 00000000         long    0              '$54 18
01e94 055 00000000         long    0              '$55 19
01e98 056 00000000         long    0              '$56 20
01e9c 057 00000000         long    0              '$57 21
01ea0 058 00000000         long    0              '$58 22
01ea4 059 00000000         long    0              '$59 23
01ea8 05a 00000000         long    0              '$5a 24
01eac 05b 00000000         long    0              '$5a 25
01eb0 05c 00000000         long    0              '$5b 26
01eb4 05d 00000000         long    0              '$5c 27
01eb8 05e 00000000         long    0              '$5d 28
01ebc 05f 00000000         long    0              '$5e 29
                   '
                   ' push_i - push a value whose address is specified indirectly in a
                   '          frame variable onto the stack
                   '
01ec0 060          push_i
01ec0 060 fd604224        stalli               ' disable interrupts
01ec4 061 fb0029f6        rdlong RI,PA         ' load the long value
01ec8 062 f14029f9        adds   RI,PTRB       ' add the frame pointer
01ecc 063          push_x
01ecc 063 fd604224        stalli               ' disable interrupts
01ed0 064 fb002814        rdlong RI,RI         ' read the value at that address
01ed4 065 fc64295f        wrlong RI,--PTRA     ' save value on stack
01ed8 066 f107ec04        add    PA,#4         ' increment PC ...
01edc 067          returni
01edc 067 fd604024        allowi               ' ... enable interrupts ...
01ee0 068 fd63ec2c        jmp    PA            ' ... and return
                   
                   '
                   ' push_m - push many registers (specified by long at PC) onto the stack,
                   ' decrementing the SP (PTRA) before each one
                   '
01ee4 069          push_m
                   
01ee4 069 fd604224        stalli               ' disable interrupts
                   
                   
                   
                   
                   
                   
                   
01ee8 06a fb0029f6        rdlong RI,PA         ' load the long value specifying registers to push
                   
01eec 06b f6007414        mov    t1,RI         ' save register specification for later
01ef0 06c f0442806        shr    RI,#6         ' ignore registers r0 - r5 (never saved)
01ef4 06d f604781c        mov    t3,#r6        ' start with r6
01ef8 06e          push_nxt
01ef8 06e f05c2801        shr    RI,#1 wcz     ' save rX?
01efc 06f c98c7800  if_c  altd   t3            ' yes - decrement SP ...
01f00 070 cc64015f  if_c  wrlong 0-0,--PTRA    ' ... and save the register
01f04 071 f1047801        add    t3,#1         ' point to next register
01f08 072 5d9fffec  if_nz jmp    #push_nxt     ' continue till all registers saved
                   
                   
                   
                   
                   
                   
                   
                   
                   
                   
                   
                   
                   
                   
                   
                   
                   
                   
                   
                   
                   
                   
                   
                   
                   
01f0c 073 fc64755f        wrlong t1,--PTRA     ' save register specification
                   
01f10 074 f107ec04        add    PA,#4         ' increment PC ...
01f14 075 fd9fffc4        jmp    #returni      ' ... and return
                   
01f18 076 0003ffff Bits18 long   %0000_0000_0000_0011_1111_1111_1111_1111
                   
                   '
                   ' pop_m - pop many registers (specified by the long on top of stack)
                   ' from the stack, incremening the SP after each one
                   '
01f1c 077          pop_m
                   
01f1c 077 fd604224        stalli               ' disable interrupts
                   
                   
                   
                   
                   
                   
                   
01f20 078 fb042961        rdlong RI,PTRA++     ' pop the long value specifying registers to pop
                   
01f24 079 f604762d        mov    t2,#r23       ' start with ...
01f28 07a f0642808        shl    RI,#(32-24)   ' ... r23
01f2c 07b          pop_nxt
01f2c 07b f07c2801        shl    RI,#1 wcz     ' load rX?
01f30 07c c98c7600  if_c  altd   t2            ' yes - load the register ...
01f34 07d cb040161  if_c  rdlong 0-0,PTRA++    ' ... and increment the stack pointer
01f38 07e 51847601  if_nz sub    t2,#1         ' if more to do, point to previous register ...
01f3c 07f 5d9fffec  if_nz jmp    #pop_nxt      ' ... and continue till all registers popped
                   
                   
                   
                   
                   
                   
                   
                   
                   
                   
                   
                   
                   
                   
                   
                   
                   
                   
                   
                   
                   
                   
                   
                   
01f40 080 fd9fff98        jmp    #returni
                   
                   '
                   ' push_b - push a structure (size in bytes at the PC) pointed to by R0
                   '          onto the stack, decrementing the SP (PTRA). Note that the source
                   '          and destination data MUST be long aligned - but this is true
                   '          for all normal structures.
                   '
01f44 081          push_b
01f44 081 fd604224        stalli               ' disable interrupts
01f48 082 fb002bf6        rdlong BC,PA         ' load the byte count
01f4c 083 f107ec04        add    PA,#4         ' increment the PC
01f50 084 f1042a03        add    BC,#3         ' round up BC ...
01f54 085 f5242a03        andn   BC,#3         ' ... to be a multiple of 4
01f58 086 f183f015        sub    PTRA,BC       ' decrement SP (PTRA) by rounded up size
01f5c 087 f6007416        mov    t1,R0         ' source is in R0
01f60 088 f60077f8        mov    t2,PTRA       ' destination is SP (PTRA)
01f64 089 fd90001c        jmp    #copy_longs   ' do the copy
                   '
                   ' copy_b - copy a structure (size in bytes at the PC)
                   '          from the address in R1 to the address in R0
                   '
01f68 08a          copy_b
01f68 08a fd604224        stalli               ' disable interrupts
01f6c 08b fb002bf6        rdlong BC,PA         ' load the byte count
01f70 08c f107ec04        add    PA,#4         ' increment the PC
01f74 08d f1042a03        add    BC,#3         ' round up BC ...
01f78 08e f5242a03        andn   BC,#3         ' ... to be a multiple of 4
01f7c 08f f6007417        mov    t1,R1         ' source is in R1
01f80 090 f6007616        mov    t2,R0         ' destination is in R0
                   '
01f84 091          copy_longs
01f84 091 f0442a02        shr    BC,#2         ' number of times to repeat
01f88 092 fcd80815        rep    #4,BC         ' repeat the next 4 instructions BC times
01f8c 093 fb00783a        rdlong t3,t1         ' read from src to t3
01f90 094 fc60783b        wrlong t3,t2         ' write t3 to dst
01f94 095 f1047404        add    t1,#4         ' increment source
01f98 096 f1047604        add    t2,#4         ' increment destination
01f9c 097 fd9fff3c        jmp    #returni
                   '
                   ' new_fp - save current frame pointer and set up a new frame pointer
                   ' also calculate what SP (PTRA) was before data was pushed and save it in BC
                   '
01fa0 098          new_fp
01fa0 098 fd604224        stalli               ' disable interrupts
01fa4 099 fc67f35f        wrlong PTRB,--PTRA   ' save FP (PTRB) to stack
01fa8 09a f603f3f8        mov    PTRB,PTRA     ' set up new FP (PTRB)
01fac 09b f1042a08        add    BC,#8         ' calculate what SP (PTRA) was ...
01fb0 09c f1002bf9        add    BC,PTRB       ' ... before arguments were pushed
01fb4 09d fd9fff24        jmp    #returni
                   '
                   ' fp_ret - pop current frame, restore previous frame and stack pointers,
                   '          then restore the previous program counter
                   '
                   ' f_ret -  just restore the previous program counter
                   '
01fb8 09e          fp_ret
01fb8 09e fd604224        stalli               ' disable interrupts
01fbc 09f fb07f361        rdlong PTRB,PTRA++   ' restore previous FP (PTRB)
01fc0 0a0          f_ret
01fc0 0a0 fd604224        stalli               ' disable interrupts
01fc4 0a1 fb07ed00        rdlong PA,PTRA       ' read the PC
01fc8 0a2 f107f008        add    PTRA,#8       ' increment the SP (PTRA)
01fcc 0a3 fd9fff0c        jmp    #returni
                   '
                   ' f_call - call the routine at the address pointed to by the PC
                   ' f_cali - call the routine whose address is in RI
                   '
01fd0 0a4          f_call
01fd0 0a4 fd604224        stalli               ' disable interrupts
01fd4 0a5 fb0029f6        rdlong RI,PA         ' get the address to call
01fd8 0a6 f107ec04        add    PA,#4         ' increment the PC (this is the return address)
01fdc 0a7          f_cali
01fdc 0a7 fd604224        stalli               ' disable interrupts
01fe0 0a8 f187f008        sub    PTRA,#8       ' decrement the SP (PTRA)
01fe4 0a9 fc67ed00        wrlong PA,PTRA       ' save current PC to stack
01fe8 0aa fd604024        allowi               ' enable interrupts
01fec 0ab fd60282c        jmp    RI            ' execute next instruction
                   
                   'fd_32s - Signed 32 bit division
                   '         Divisor --> r1
                   '         Dividend--> r0
                   '         Result --> Quotient in r0
                   '                    Remainder in r1
                   
01ff0 0ac          f_d32s
01ff0 0ac fd604224        stalli               ' disable interrupts
01ff4 0ad fda00303        call   #\signed_d32  ' perform signed division
01ff8 0ae fd9ffee0        jmp    #returni
                   
                   ' plugin - call a plugin
                   ' On entry:
                   '       R3 = code:
                   '            - cog id if >= 128 (i.e. $80 + cog id)
                   '            - plugin type if < 128 (i.e. 0 .. 127)
                   '            - service id if < 0
                   '       R2 = data (optional pointer)
                   '
                   ' NOTES: Locks are currently only supported when invoking via a service id.
                   '        When using service id, the data should only use the lower 24 bits.
                   '
                   ' On exit:
                   '       R0 = result
                   
01ffc 0af          plugin
01ffc 0af fd604224        stalli               ' disable interrupts
02000 0b0 fda0030d        call   #\do_plugin   ' do_plugin does all the work
02004 0b1 fd9ffed4        jmp    #returni
                   
                   '--------------------- Start of Float32 Components ----------------------------
                   
                   {{
                                               TERMS OF USE: MIT License
                                 (Float32 Components only - i.e. excludes LMM Kernel)
                   
                    Permission is hereby granted, free of charge, to any person obtaining a copy
                    of this software and associated documentation files (the "Software"), to deal
                    in the Software without restriction, including without limitation the rights
                    to use, copy, modify, merge, publish, distribute, sublicense, and/or sell
                    copies of the Software, and to permit persons to whom the Software is
                    furnished to do so, subject to the following conditions:
                   
                    The above copyright notice and this permission notice shall be included in
                    all copies or substantial portions of the Software.
                   
                    THE SOFTWARE IS PROVIDED "AS IS", WITHOUT WARRANTY OF ANY KIND, EXPRESS OR
                    IMPLIED, INCLUDING BUT NOT LIMITED TO THE WARRANTIES OF MERCHANTABILITY,
                    FITNESS FOR A PARTICULAR PURPOSE AND NONINFRINGEMENT. IN NO EVENT SHALL THE
                    AUTHORS OR COPYRIGHT HOLDERS BE LIABLE FOR ANY CLAIM, DAMAGES OR OTHER
                    LIABILITY, WHETHER IN AN ACTION OF CONTRACT, TORT OR OTHERWISE,ARISING FROM,
                    OUT OF OR IN CONNECTION WITH THE SOFTWARE OR THE USE OR OTHER DEALINGS IN
                    THE SOFTWARE.
                   }}
                   
                   
                   
                   
                   
                   
                   
                   
                   
                   
                   
                   
                   
                   DAT
                   
                   '------------------------------------------------------------------------------
                   ' Float32 Assembly language routines
                   '------------------------------------------------------------------------------
                   ' flt_add   r0 = r0 + r1
                   ' flt_sub   r0 = r0 - r1
                   ' changes: r0, flagA, expA, manA, r1, flagB, expB, manB, t1
                   '------------------------------------------------------------------------------
                   
02008 0b2 f5602e32 flt_sub                 xor     r1, Bit31               ' negate B
0200c 0b3 fd604224 flt_add                 stalli
02010 0b4 fdb00184                         call    #_Unpack2               ' unpack two variables
02014 0b5 ed9ffec4           if_c_or_z     jmp     #returni                ' check for NaN or B = 0
                   
02018 0b6 f7cebc01                         test    flagA, #SignFlag wz     ' negate A mantissa if negative
0201c 0b7 5662c160           if_nz         neg     manA, manA
02020 0b8 f7cec201                         test    flagB, #SignFlag wz     ' negate B mantissa if negative
02024 0b9 5662c763           if_nz         neg     manB, manB
                   
02028 0ba f600755f                         mov     t1, expA                ' align mantissas
0202c 0bb f1807562                         sub     t1, expB
02030 0bc f640743a                         abs     t1, t1
02034 0bd f324741f                         fle     t1, #31
02038 0be f25abf62                         cmps    expA, expB wcz
0203c 0bf 10c2c63a           if_nz_and_nc  sar     manB, t1
02040 0c0 40c2c03a           if_nz_and_c   sar     manA, t1
02044 0c1 4602bf62           if_nz_and_c   mov     expA, expB
                   
02048 0c2 f102c163                         add     manA, manB              ' add the two mantissas
0204c 0c3 f256c000                         cmps    manA, #0 wc             ' set sign of result
02050 0c4 c546bc01           if_c          or      flagA, #SignFlag
02054 0c5 3526bc01           if_nc         andn    flagA, #SignFlag
02058 0c6 f642c160                         abs     manA, manA              ' pack result and exit
0205c 0c7 fdb001e0 pack_rtni               call    #_Pack
02060 0c8 fd9ffe78                         jmp     #returni
                   
                   '------------------------------------------------------------------------------
                   ' flt_mul  r0 = r0 * r1
                   ' changes: r0, flagA, expA, manA, r1, flagB, expB, manB, t1, t2
                   '------------------------------------------------------------------------------
                   
02064 0c9 fd604224 flt_mul                 stalli
02068 0ca fdb0012c                         call    #_Unpack2               ' unpack two variables
0206c 0cb 3d900024           if_nc         jmp     #flt_mul2               ' multiply if neither is NaN
02070 0cc f20ebeff                         cmp     expA, #255 wz           ' NaN, so check for r0 = Inf
02074 0cd ad900008           if_z          jmp     #flt_mul1               ' yes - return Inf
02078 0ce f20ec4ff                         cmp     expB, #255 wz           ' no - check for r1 = Inf
0207c 0cf 5d9ffe5c           if_nz         jmp     #returni                ' no - return NaN
02080 0d0 f6002d5a flt_mul1                mov     r0, Inf                 ' yes, r0 or r1 is Inf, so return Inf
02084 0d1 f562bd61                         xor     flagA, flagB            '
02088 0d2 f7cebc01                         test    flagA, #SignFlag wz
0208c 0d3 55402c32           if_nz         or      r0, Bit31
02090 0d4 fd9ffe48                         jmp     #returni
02094 0d5 f562bd61 flt_mul2                xor     flagA, flagB            ' get sign of result
02098 0d6 f102bf62                         add     expA, expB              ' add exponents
0209c 0d7 fd02c163                         qmul    manA, manB
020a0 0d8 fd607419                         getqy   t1
020a4 0d9 f0647403                         shl     t1, #3                  ' justify result and exit
020a8 0da f602c03a                         mov     manA, t1
020ac 0db fd9fffac                         jmp     #pack_rtni
                   
                   '------------------------------------------------------------------------------
                   ' flt_div  r0 = r0 / r1
                   ' changes: r0, flagA, expA, manA, r1, flagB, expB, manB, t1, t2
                   '------------------------------------------------------------------------------
                   
020b0 0dc fd604224 flt_div                 stalli
020b4 0dd fdb000e0                         call    #_Unpack2               ' unpack two variables
020b8 0de e6002d59           if_c_or_z     mov     r0, NaN                 ' check for NaN or divide by 0
020bc 0df ed9ffe1c           if_c_or_z     jmp     #returni
                   
020c0 0e0 f562bd61                         xor     flagA, flagB            ' get sign of result
020c4 0e1 f182bf62                         sub     expA, expB              ' subtract exponents
                   
020c8 0e2 f046c001                         shr     manA, #1
020cc 0e3 fd62c028                         setq    manA
020d0 0e4 fd180163                         qdiv    #0, manB
020d4 0e5 fd62c018                         getqx   manA
020d8 0e6 f046c002                         shr     manA, #2
020dc 0e7 fd9fff7c                         jmp     #pack_rtni
                   
                   '------------------------------------------------------------------------------
                   ' flt_int  r0 = float(r0)
                   ' changes: r0, flagA, expA, manA
                   '------------------------------------------------------------------------------
                   
020e0 0e8 fd604224 flt_int                 stalli
020e4 0e9 f602bc16                         mov     flagA, r0               ' get integer value
020e8 0ea f6042c00                         mov     r0, #0                  ' set initial result to zero
020ec 0eb f64ac15e                         abs     manA, flagA wz          ' get absolute value of integer
020f0 0ec ad9ffde8           if_z          jmp     #returni                ' if zero, exit
020f4 0ed f046bc1f                         shr     flagA, #31              ' set sign flag
020f8 0ee f606be1f                         mov     expA, #31               ' set initial value for exponent
020fc 0ef f076c001 normalize_1             shl     manA, #1 wc             ' normalize the mantissa
02100 0f0 3186be01           if_nc         sub     expA, #1                ' adjust exponent
02104 0f1 3d9ffff4           if_nc         jmp     #normalize_1
02108 0f2 f086c001                         rcr     manA, #1                ' justify mantissa
0210c 0f3 f046c002                         shr     manA, #2
02110 0f4 fd9fff48                         jmp     #pack_rtni
                   
                   '------------------------------------------------------------------------------
                   ' int_flt  r0 = fix(r0)
                   ' changes: r0, flagA, expA, manA, t1
                   '------------------------------------------------------------------------------
                   
02114 0f5 fd604224 int_flt                 stalli
02118 0f6 f6047400                         mov     t1, #0                  ' set for no rounding
                   '                        jmp     #fix
                   
                   'rnd_flt                 mov     t1, #1                  ' set for rounding
                   
0211c 0f7 fdb000a8 fix                     call    #_Unpack                ' unpack floating point value
02120 0f8 cd9ffdb8           if_c          jmp     #returni                ' check for NaN
02124 0f9 f066c002                         shl     manA, #2                ' left justify mantissa
02128 0fa f6042c00                         mov     r0, #0                  ' initialize result to zero
0212c 0fb f662bf5f                         neg     expA, expA              ' adjust for exponent value
02130 0fc f10ebe1e                         add     expA, #30 wz
02134 0fd f256be20                         cmps    expA, #32 wc
02138 0fe bd9ffda0           if_nc_or_z    jmp     #returni
0213c 0ff f042c15f                         shr     manA, expA
                   
02140 100 f102c03a                         add     manA, t1                ' round up 1/2 lsb
02144 101 f046c001                         shr     manA, #1
                   
02148 102 f7cebc01                         test    flagA, #signFlag wz     ' check sign and exit
0214c 103 f3e02d60                         sumnz   r0, manA
02150 104 fd9ffd88                         jmp     #returni
                   
                   '------------------------------------------------------------------------------
                   ' flt_cmp   set Z and C flags for r0 - r1
                   ' changes: status, t1
                   '------------------------------------------------------------------------------
                   
02154 105 fd604224 flt_cmp                 stalli
02158 106 f6007416                         mov     t1, r0               ' compare signs
0215c 107 f5607417                         xor     t1, r1
02160 108 f5087432                         and     t1, Bit31 wz
02164 109 ad900018           if_z          jmp     #cmp1                  ' same, then compare magnitude
                   
02168 10a f6007416                         mov     t1, r0               ' check for +0 or -0
0216c 10b f5407417                         or      t1, r1
02170 10c f5387432                         andn    t1, Bit31 wcz
02174 10d ad9ffd64           if_z          jmp     #returni
                   
02178 10e f7d02c32                         test    r0, Bit31 wc         ' compare signs
0217c 10f fd9ffd5c                         jmp     #returni
                   
02180 110 f7c82c32 cmp1                    test    r0, Bit31 wz         ' check signs
02184 111 5d900008           if_nz         jmp     #cmp2
02188 112 f2182c17                         cmp     r0, r1 wcz
0218c 113 fd9ffd4c                         jmp     #returni
02190 114 f2182e16 cmp2                    cmp     r1, r0 wcz           ' reverse test if negative
02194 115 fd9ffd44                         jmp     #returni
                   
                   '------------------------------------------------------------------------------
                   ' input:   r0        32-bit floating point value
                   '          r1        32-bit floating point value
                   ' output:  flagA        r0 flag bits (Nan, Infinity, Zero, Sign)
                   '          expA         r0 exponent (no bias)
                   '          manA         r0 mantissa (aligned to bit 29)
                   '          flagB        r1 flag bits (Nan, Infinity, Zero, Sign)
                   '          expB         r1 exponent (no bias)
                   '          manB         r1 mantissa (aligned to bit 29)
                   '          C flag       set if r0 or r1 is NaN
                   '          Z flag       set if r1 is zero
                   ' changes: r0, flagA, expA, manA, r1, flagB, expB, manB, t1
                   '------------------------------------------------------------------------------
                   
02198 116 f6007416 _Unpack2                mov     t1, r0               ' save A
0219c 117 f6002c17                         mov     r0, r1               ' unpack B to A
021a0 118 fdb00024                         call    #_Unpack
                   
021a4 119 f6002e16                         mov     r1, r0               ' save B variables
021a8 11a f602c35e                         mov     flagB, flagA
021ac 11b f602c55f                         mov     expB, expA
021b0 11c f602c760                         mov     manB, manA
                   
021b4 11d f6002c3a                         mov     r0, t1               ' unpack A
021b8 11e fdb0000c                         call    #_Unpack
021bc 11f 37cec208           if_nc         test    flagB, #NanFlag wz
021c0 120 1d75e06f           if_nc_and_nz  modc    _set wc
021c4 121 020ec600           _ret_         cmp     manB, #0 wz          ' set Z flag
                   
                   '------------------------------------------------------------------------------
                   ' input:   r0        32-bit floating point value
                   ' output:  flagA        r0 flag bits (Nan, Infinity, Zero, Sign)
                   '          expA         r0 exponent (no bias)
                   '          manA         r0 mantissa (aligned to bit 29)
                   '          C flag       set if r0 is NaN
                   '          Z flag       set if r0 is zero
                   ' changes: r0, flagA, expA, manA
                   '------------------------------------------------------------------------------
                   
021c8 122 f602bc16 _Unpack                 mov     flagA, r0            ' get sign
021cc 123 f046bc1f                         shr     flagA, #31
021d0 124 f602c016                         mov     manA, r0             ' get mantissa
021d4 125 f502c15c                         and     manA, Mask23
021d8 126 f602be16                         mov     expA, r0             ' get exponent
021dc 127 f066be01                         shl     expA, #1
021e0 128 f04ebe18                         shr     expA, #24 wz
021e4 129 ad900014           if_z          jmp     #zeroSubnormal         ' check for zero or subnormal
021e8 12a f20ebeff                         cmp     expA, #255 wz           ' check if finite
021ec 12b 5d90003c           if_nz         jmp     #finite
021f0 12c f6002d59                         mov     r0, NaN              ' no, then return NaN
021f4 12d f546bc08                         or      flagA, #NaNFlag
021f8 12e fd90003c                         jmp     #U_exit2
                   
021fc 12f f6007b60 zeroSubnormal           mov     t4, manA
02200 130 f5487b5f                         or      t4, expA wz             ' check for zero
02204 131 5d90000c           if_nz         jmp     #subnorm
02208 132 f546bc02                         or      flagA, #ZeroFlag        ' yes, then set zero flag
0220c 133 f666be96                         neg     expA, #150              ' set exponent and exit
02210 134 fd900024                         jmp     #U_exit2
                   
02214 135 f066c007 subnorm                 shl     manA, #7                ' fix justification for subnormals
02218 136 f7cac15d subnorm2                test    manA, Bit29 wz
0221c 137 5d900014           if_nz         jmp     #U_exit1
02220 138 f066c001                         shl     manA, #1
02224 139 f186be01                         sub     expA, #1
02228 13a fd9fffec                         jmp     #subnorm2
                   
0222c 13b f066c006 finite                  shl     manA, #6                ' justify mantissa to bit 29
02230 13c f542c15d                         or      manA, Bit29             ' add leading one bit
                   
02234 13d f186be7f U_exit1                 sub     expA, #127              ' remove bias from exponent
02238 13e f7d6bc08 U_exit2                 test    flagA, #NaNFlag wc      ' set C flag
0223c 13f 020ec000           _ret_         cmp     manA, #0 wz             ' set Z flag
                   
                   '------------------------------------------------------------------------------
                   ' input:   flagA        r0 flag bits (Nan, Infinity, Zero, Sign)
                   '          expA         r0 exponent (no bias)
                   '          manA         r0 mantissa (aligned to bit 29)
                   ' output:  r0        32-bit floating point value
                   ' changes: r0, flagA, expA, manA
                   '------------------------------------------------------------------------------
                   
02240 140 f20ec000 _Pack                   cmp     manA, #0 wz             ' check for zero
02244 141 a606be00           if_z          mov     expA, #0
02248 142 ad900040           if_z          jmp     #P_exit3
                   
0224c 143 f076c001 normalize_2             shl     manA, #1 wc             ' normalize the mantissa
02250 144 3186be01           if_nc         sub     expA, #1                ' adjust exponent
02254 145 3d9ffff4           if_nc         jmp     #normalize_2
                   
02258 146 f106be02                         add     expA, #2                ' adjust exponent
0225c 147 f116c100                         add     manA, #$100 wc          ' round up by 1/2 lsb
02260 148 c106be01           if_c          add     expA, #1
                   
02264 149 f106be7f                         add     expA, #127              ' add bias to exponent
02268 14a f342bf5b                         fges    expA, Minus23
0226c 14b f366beff                         fles    expA, #255
                   
02270 14c f256be01                         cmps    expA, #1 wc             ' check for subnormals
02274 14d 3d900014           if_nc         jmp     #P_exit3
                   
02278 14e f546c001 subnormal               or      manA, #1                ' adjust mantissa
0227c 14f f006c001                         ror     manA, #1
                   
02280 150 f662bf5f                         neg     expA, expA
02284 151 f042c15f                         shr     manA, expA
02288 152 f606be00                         mov     expA, #0                ' biased exponent = 0
                   
0228c 153 f6002d60 P_exit3                 mov     r0, manA             ' bits 22:0 mantissa
02290 154 f0442c09                         shr     r0, #9
02294 155 f066be17                         shl     expA, #23
02298 156 f5402d5f                         or      r0, expA
0229c 157 f066bc1f                         shl     flagA, #31
022a0 158 05402d5e           _ret_          or      r0, flagA            ' bit 31 sign
                   
022a4 159 7fffffff NaN                     long    $7FFF_FFFF
022a8 15a 7f800000 Inf                     long    $7F80_0000
022ac 15b ffffffe9 Minus23                 long    -23
022b0 15c 007fffff Mask23                  long    $007F_FFFF
022b4 15d 20000000 Bit29                   long    $2000_0000
                   
022b8 15e 00000000 flagA                   long    0
022bc 15f 00000000 expA                    long    0
022c0 160 00000000 manA                    long    0
                   
022c4 161 00000000 flagB                   long    0
022c8 162 00000000 expB                    long    0
022cc 163 00000000 manB                    long    0
                   
                   '-------------------- End of Float32 Components -------------------------------
                   
                   ' lockbits must be in the same place in all CMM kernels
                   
022d0 164                   fit    $1ea
024e8 1ea                   orgf   $1ea
                   
024e8 1ea 00000000 lockbits long   0               ' lockbits used to simulate P1-style locks
                   
                   ' last 5 longs are reserved for debug overlay vectors (or debug LED)
                   
024ec 1eb                   fit    $1eb
024ec 1eb                   orgf   $1eb
                   
024ec 1eb          DEBUG_VECTORS
                   
                   
                   
                   
                   
                   
                   
                   
                   
                   
                   
024ec 1eb 0007bde8          long   DEBUG_BREAK
024f0 1ec 0007bdec          long   DEBUG_ADDR
024f4 1ed 0007bdf0          long   DEBUG_OUT
024f8 1ee 0007bdf4          long   DEBUG_IN
024fc 1ef 0007bdf8          long   DEBUG_FLAG
                   
02500 1f0                   fit    $1f0
                   
02500 1f0                   fit    $1f8
02520 1f8                   orgf   $1f8
02520 1f8 00000000 SP       long   $0    ' SP is PTRA
02524 1f9 00000000 FP       long   $0    ' FP is PTRB
                   
                   '------------------------- END OF KERNEL --------------------------------------
                   
02528 300                   org $300
                   
                   ' Common Kernel library functions. This code is included only to get the LUT
                   ' offsets correct in the dynamically loaded kernel. The actual LUT code is
                   ' loaded into LUT from elsewhere. There must be a better way to do this, but I
                   ' can't think of one at the moment :(
                   
                   '#line 1 "../../../target_p2/Catalina_kernel_library.inc"
                   ' Catalina kernel library functions ...
                   
                   ' avoid including the kernel library functions twice ...
                   
                   
                   
                   
                   
                   
                   
                   
                   
                   
                   
                   
                   
                   
                   
                   
                   
                   
                   
                   
                   
                   
                   
                   
                   
                   
                   
                   
                   
                   
                   
                   
                   
                   
                   
                   
                   
                   
                   
                   
                   
                   
                   
                   
                   
                   
                   
                   
                   
                   
                   
                   
                   
                   
                   
                   
                   
                   
                   
                   
                   
                   
                   
                   
                   
                   
                   
                   
                   
                   
                   
                   
                   
                   
                   
                   
                   
                   
                   
                   
                   
                   
                   
                   
                   
                   
                   
                   
                   
                   
                   
                   
                   
                   
                   
                   
                   
                   
                   
                   
                   
                   
                   
                   
                   
                   
                   
                   
                   
                   
                   
                   
                   
                   
                   
                   
                   
                   
                   
                   
                   
                   
                   
                   
                   
                   
                   
                   
                   
                   
                   
                   
                   
                   
                   
                   
                   
                   
                   
                   
                   
                   
                   
                   
                   
                   
                   
                   '#line 791 "../../../target_p2/Catalina_NMM_dynamic.spin2"
                   
                   '#line 1 "../../../target_p2/Catalina_NMM_kernel_library.inc"
                   ' Catalina kernel functions that are specific to the NMM kernels ...
                   
                   ' avoid including the kernel library functions twice ...
                   
                   
                   
                   
                   
                   
                   
                   
                   
                   
                   
                   '#line 793 "../../../target_p2/Catalina_NMM_dynamic.spin2"
                   
                   
                   '#line 67 "../../../target_p2/Catalina_NMM_library.spin2"
                   
                   CON
                   
                   
