                   '#line 1 "../../../target_p2/Catalina_NMM_dynamic.spin2"
                   {{
                   '------------------------------------------------------------------------------
                   ' Catalina_NMM_dynamic - Implements a dynamically loadable Native Memory Model
                   '                        Kernel intended for use by the Catalina Code
                   '                        Generator backend for LCC.
                   '
                   ' Version 3.15 - Initial version.
                   '
                   '
                   ' This file incorporates software derived from:
                   '    Float_32A by Cam Thompson, Micromega Corporation,
                   '              Copyright (c) 2006-2007 Parallax, Inc.
                   '
                   '------------------------------------------------------------------------------
                   '
                   '    Copyright 2009 Ross Higson
                   '
                   '    The portion of this file identified as the LMM Kernel is part of the
                   '    Catalina Target Package.
                   '
                   '    The Catalina Target Package is free software: you can redistribute
                   '    it and/or modify it under the terms of the GNU Lesser General Public
                   '    License as published by the Free Software Foundation, either version
                   '    3 of the License, or (at your option) any later version.
                   '
                   '    The Catalina Target Package is distributed in the hope that it will
                   '    be useful, but WITHOUT ANY WARRANTY; without even the implied warranty
                   '    of MERCHANTABILITY or FITNESS FOR A PARTICULAR PURPOSE.
                   '    See the GNU Lesser General Public License for more details.
                   '
                   '    You should have received a copy of the GNU Lesser General Public
                   '    License along with the Catalina Target Package.  If not, see
                   '    <http:
                   '
                   '------------------------------------------------------------------------------
                   }}
                   
                   '#line 1 "../../../target_p2/Catalina_constants.inc"
                   '--------------------------- START OF CONSTANTS -------------------------------
                   
                   
                   
                   ' stop multiple inclusions of constants ...
                   
                   
                   
                   '#line 1 "../../../target_p2/Catalina_platforms.inc"
                   
                   
                   ' stop multiple inclusions of platform constants ...
                   
                   
                   
                   
                   '--------------------------- START OF PLATFORM CONSTANTS ---------------------
                   '
                   CON
                   
                   
                   
                   
                   
                   
                   
                   
                   
                   
                   
                   
                   
                   
                   
                   
                   
                   
                   
                   
                   
                   
                   
                   
                   
                   
                   
                   
                   
                   
                   
                   
                   
                   
                   
                   
                   
                   
                   
                   
                   
                   
                   
                   
                   
                   
                   
                   
                   
                   
                   
                   
                   
                   
                   
                   
                   
                   
                   
                   
                   
                   
                   
                   
                   
                   
                   
                   
                   
                   
                   
                   
                   
                   
                   
                   
                   
                   
                   
                   
                   
                   
                   
                   
                   
                   
                   
                   
                   
                   
                   
                   
                   
                   
                   
                   
                   
                   
                   
                   
                   
                   
                   
                   
                   
                   
                   
                   
                   
                   
                   
                   
                   
                   
                   
                   
                   
                   
                   
                   
                   
                   
                   
                   
                   
                   
                   
                   
                   
                   
                   
                   
                   
                   
                   
                   
                   
                   
                   
                   
                   
                   
                   
                   
                   
                   
                   
                   
                   
                   
                   
                   
                   
                   
                   
                   
                   
                   
                   
                   
                   
                   
                   
                   
                   
                   
                   
                   
                   
                   
                   
                   
                   
                   
                   
                   
                   
                   
                   
                   
                   
                   
                   
                   
                   
                   
                   
                   
                   
                   
                   
                   
                   
                   
                   
                   
                   
                   
                   
                   
                   
                   
                   
                   
                   
                   
                   
                   
                   
                   
                   
                   
                   
                   
                   
                   
                   
                   
                   
                   
                   
                   
                   
                   
                   
                   
                   
                   
                   
                   
                   
                   
                   
                   
                   
                   
                   
                   
                   
                   
                   
                   
                   
                   
                   
                   '---------------- default constants (same as P2_EVAL) -------------------------
                   
                   ' clock configuration constants
                   
                   
                   
                   
                   
                   
                   
                   
                   
                   
                   
                   
                   
                   
                   
                   
                   
                   
                   _XTALFREQ = 20_000_000  ' crystal frequency
                   _XDIV     = 4           '\ crystal divider             to give 5.0MHz
                   _XMUL     = 72          '| crystal / div * mul         to give 360MHz
                   _XDIVP    = 2           '/ crystal / div * mul / divp  to give 180MHz
                   _XOSC     = %01         ' %00=OFF, %01=OSC, %10=15pF, %11=30pF
                   _XSEL     = %11         ' %00=rcfast, %01=rcslow, %10=XI, %11=PLL
                   _XPLL     = 1           ' 0= PLL off, 1=PLL on
                   
                   
                   ' serial constants
                   
                   _RX_PIN    = 63
                   _TX_PIN    = 62
                   _BAUDRATE  = 230400
                   
                   ' BlackCat Debugger I/O constants
                   
                   
                   
                   
                   _BLACKCAT_MODE    = %0000
                   _BLACKCAT_BAUD    = 115200
                   _BLACKCAT_SIZE    = 5*4   ' 5 longs
                   
                   ' SD Card constants
                   
                   _SD_CK     = 61         'pin SD Card clock
                   _SD_CS     = 60         'pin SD Card select
                   _SD_DI     = 59         'pin SD Card MOSI
                   _SD_DO     = 58         'pin SD Card MISO
                   
                   ' 2 Port Serial constants
                   
                   _RX1_PIN   = _RX_PIN
                   _TX1_PIN   = _TX_PIN
                   _RX1_MODE  = %0000_0000_000_0000000000000_00_11111_0 ' async rx mode, true input, input  enabled for smart input
                   _TX1_MODE  = %0000_0000_000_0000000000000_01_11110_0 ' async tx mode, true output, output enabled for smart output
                   _BAUDRATE1 = _BAUDRATE
                   _RX2_PIN   = 50
                   _TX2_PIN   = 52
                   _RX2_MODE  = %0000_0000_000_0000000000000_00_11111_0 ' async rx mode, true input, input  enabled for smart input
                   _TX2_MODE  = %0000_0000_000_0000000000000_01_11110_0 ' async tx mode, true output, output enabled for smart output
                   _BAUDRATE2 = _BAUDRATE
                   
                   ' VGA constants
                   
                   _VGA_BASE_PIN = 32
                   
                   ' USB constants
                   
                   _USB_BASE_PIN = 40
                   
                   ' miscellaneous constants
                   
                   _DEBUG_PIN = 56
                   
                   
                   
                   '--------------------------- END OF PLATFORM CONSTANTS -----------------------
                   
                   
                   
                   '#line 10 "../../../target_p2/Catalina_constants.inc"
                   
                   CON
                   '
                   ' Platform-independent clock configuration constants
                   '
                   _XPPPP    = ((_XDIVP>>1) + 15) & $F  ' 1->15, 2->0, 4->1, 6->2...30->14
                   
                   ' %0000_000e_dddddd_mmmmmmmmmm_pppp_cc_ss  ' set clock oscillator mode
                   
                   ' initial clock mode => enable crystal+PLL, stay in 20MHz+
                   
                   _CLOCKINIT  = _XPLL<<24 + (_XDIV-1)<<18 + (_XMUL-1)<<8 + _XPPPP<<4 + _XOSC<<2 + %00
                   
                   ' wait time => 10ms (@ 20Mhz) for crystal+PLL to stabilize
                   
                   _CLOCKWAIT  = 20000000/100
                   
                   ' final clock mode => switch to PLL
                   
                   _CLOCKMODE  = _XPLL<<24 + (_XDIV-1)<<18 + (_XMUL-1)<<8 + _XPPPP<<4 + _XOSC<<2 +_XSEL
                   
                   ' final clock frequency
                   
                   _CLOCKFREQ  = _XTALFREQ / _XDIV * _XMUL / _XDIVP
                   
                   '
                   ' Plugin types - the Catalina Kernel generally attempts to locate plugins
                   ' by type, not by the cog they happen to be running on. Values up to 127
                   ' and the value 255 are reserved.
                   '
                   ' User plugin types should be in the range 128 .. 254. Note that the LMM
                   ' prefix is historical - the same definitions are used for all program
                   ' types (LMM, EMM, SMM, XMM etc).
                   '
                   LMM_VMM = 0       ' main LMM (single threaded)
                   LMM_HMI = 1       ' HMI Drivers (Kbd/Mouse/Screen)
                   LMM_LIB = 2       ' Utility library
                   LMM_FLA = 3       ' Floating Point Library A
                   LMM_FLB = 4       ' Floating Point Library B
                   LMM_RTC = 5       ' Real-Time Clock
                   LMM_FIL = 6       ' File System
                   LMM_SIO = 7       ' Serial I/O
                   LMM_DUM = 8       ' Dummy Plugin
                   LMM_CGI = 9       ' Graphics Plugin
                   LMM_KBD = 10      ' Keyboard Driver
                   LMM_SCR = 11      ' Screen Driver
                   LMM_MOU = 12      ' Mouse Driver
                   LMM_PRX = 13      ' Proxy Driver
                   LMM_GAM = 14      ' Gamepad Driver
                   LMM_SND = 15      ' Sound Driver
                   LMM_ADC = 16      ' ADC Driver
                   LMM_S4  = 17      ' 4 Port Serial Driver
                   LMM_TTY = 18      ' Full Duplex Serial Driver
                   LMM_VGI = 19      ' Virtual Graphics Plugin
                   LMM_VDB = 20      ' Virtual Double Buffer Support Driver
                   LMM_SPI = 21      ' SPI Support Driver
                   LMM_FLC = 22      ' Floating Point Library C (Propeller 2 only)
                   LMM_S2A = 23      ' 2 Port Serial Driver A (Propeller 2 only)
                   LMM_S2B = 24      ' 2 Port Serial Driver B (Propeller 2 only)
                   LMM_NUL = 255     ' No plugin
                   '
                   ' Notes on the Registry definitions.
                   '
                   ' The Catalina registry provides a place where all plugins can be found,
                   ' and a request block for sending requests to each plugin. The registry
                   ' location must be known to all plugins. To use the registry, each plugin
                   ' finds its own cog number, and then registers by putting its plugin type
                   ' in the top 8 bits of the long at
                   '    long[REGISTRY][cog]
                   ' The bottom 24 bits of that long point to the request block the plugin
                   ' must use to receive requests and return results. A request block of
                   ' two longs is automatically created for each plugin, but plugins that
                   ' need more are free to allocate their own. However, all request blocks
                   ' must be at least two longs - the first long is the request, which may
                   ' be a 'short' request (if the request and all its parameters can fit
                   ' into a single long, or the address of a 'long' parameter block that
                   ' is allocated elsewhere in Hub RAM. Note that all requests are plugin
                   ' specific, and each plugin only typically knows how to interpret its
                   ' own requests. When complete, the plugin zeroes the first long of the
                   ' request block, and may either return the result in the second long
                   ' of the request block (typical for ' short' requests, but also used
                   ' for some 'long' requests), or in the 'long' parameter block.
                   ' Below the cog-oriented registry is a service-oriented registry. Each
                   ' Service is allocated a word, and services go from 1 to SVC_MAX (i.e.
                   ' there is no service 0). The details of the service can be found in
                   ' the word at
                   '    word[REGISTRY][-service]
                   ' The top 4 bits of the word are the cog number (top bit of the 4 bits
                   ' set if not used), the next lower 4 bits are a lock number (top bit of
                   ' the 4 set if not required) and the lower 8 bits are the request number
                   ' to send to the cog to request the service.
                   '
                   ' Predefined Service Numbers (and the internal plugin types and requests):
                   '
                   SVC_FLOAT_ADD    = 1  ' LMM_FLA 1
                   SVC_FLOAT_SUB    = 2  ' LMM_FLA 2
                   SVC_FLOAT_MUL    = 3  ' LMM_FLA 3
                   SVC_FLOAT_DIV    = 4  ' LMM_FLA 4
                   SVC_FLOAT_FLOAT  = 5  ' LMM_FLA 5
                   SVC_FLOAT_TRUNC  = 6  ' LMM_FLA 6
                   SVC_FLOAT_RND    = 7  ' LMM_FLA 7
                   SVC_FLOAT_SQR    = 8  ' LMM_FLA 8
                   SVC_FLOAT_CMP    = 9  ' LMM_FLA 9
                   SVC_K_PRESENT    = 10 ' LMM_HMI 1
                   SVC_K_GET        = 11 ' LMM_HMI 2
                   SVC_K_WAIT       = 12 ' LMM_HMI 3
                   SVC_K_NEW        = 13 ' LMM_HMI 4
                   SVC_K_READY      = 14 ' LMM_HMI 5
                   SVC_K_CLEAR      = 15 ' LMM_HMI 6
                   SVC_K_STATE      = 16 ' LMM_HMI 7
                   SVC_M_PRESENT    = 17 ' LMM_HMI 11
                   SVC_M_BUTTON     = 18 ' LMM_HMI 12
                   SVC_M_BUTTONS    = 19 ' LMM_HMI 13
                   SVC_M_ABS_X      = 20 ' LMM_HMI 14
                   SVC_M_ABS_Y      = 21 ' LMM_HMI 15
                   SVC_M_ABS_Z      = 22 ' LMM_HMI 16
                   SVC_M_DELTA_X    = 23 ' LMM_HMI 17
                   SVC_M_DELTA_Y    = 24 ' LMM_HMI 18
                   SVC_M_DELTA_Z    = 25 ' LMM_HMI 19
                   SVC_M_RESET      = 26 ' LMM_HMI 20
                   SVC_T_GEOMETRY   = 27 ' LMM_HMI 21
                   SVC_T_CHAR       = 28 ' LMM_HMI 22
                   SVC_T_STRING     = 29 ' LMM_HMI 23
                   SVC_T_INT        = 30 ' LMM_HMI 24
                   SVC_T_UNSIGNED   = 31 ' LMM_HMI 25
                   SVC_T_HEX        = 32 ' LMM_HMI 26
                   SVC_T_BIN        = 33 ' LMM_HMI 27
                   SVC_T_SETPOS     = 34 ' LMM_HMI 28
                   SVC_T_GETPOS     = 35 ' LMM_HMI 29
                   SVC_T_MODE       = 36 ' LMM_HMI 30
                   SVC_T_SCROLL     = 37 ' LMM_HMI 31
                   SVC_T_COLOR      = 38 ' LMM_HMI 32
                   SVC_SD_INIT      = 39 ' LMM_FIL 1
                   SVC_SD_READ      = 40 ' LMM_FIL 2
                   SVC_SD_WRITE     = 41 ' LMM_FIL 3
                   SVC_SD_BYTEIO    = 42 ' LMM_FIL 4
                   SVC_SD_STOPIO    = 43 ' LMM_FIL 5
                   SVC_RTC_DEBUG    = 44 ' LMM_RTC 10 or RTC_FIL 10
                   SVC_RTC_SETFREQ  = 45 ' LMM_RTC 6 or RTC_FIL 6
                   SVC_RTC_GETCLOCK = 46 ' LMM_RTC 7 or RTC_FIL 7
                   SVC_RTC_SETTIME  = 47 ' LMM_RTC 8 or RTC_FIL 8
                   SVC_RTC_GETTIME  = 48 ' LMM_RTC 9 or RTC_FIL 9
                   SVC_FLOAT_SIN    = 49 ' LMM_FLA 10
                   SVC_FLOAT_COS    = 50 ' LMM_FLA 11
                   SVC_FLOAT_TAN    = 51 ' LMM_FLA 12
                   SVC_FLOAT_LOG    = 52 ' LMM_FLA 13
                   SVC_FLOAT_LOG10  = 53 ' LMM_FLA 14
                   SVC_FLOAT_EXP    = 54 ' LMM_FLA 15
                   SVC_FLOAT_EXP10  = 55 ' LMM_FLA 16
                   SVC_FLOAT_POW    = 56 ' LMM_FLA 17
                   SVC_FLOAT_FRAC   = 57 ' LMM_FLA 18
                   SVC_FLOAT_FMOD   = 58 ' LMM_FLB 19
                   SVC_FLOAT_ASIN   = 59 ' LMM_FLB 20
                   SVC_FLOAT_ACOS   = 60 ' LMM_FLB 21
                   SVC_FLOAT_ATAN   = 61 ' LMM_FLB 22
                   SVC_FLOAT_ATAN2  = 62 ' LMM_FLB 23
                   SVC_FLOAT_FLOOR  = 63 ' LMM_FLB 24
                   SVC_FLOAT_CEIL   = 64 ' LMM_FLB 25
                   SVC_T_COLOR_FG   = 65 ' LMM_HMI 33
                   SVC_T_COLOR_BG   = 66 ' LMM_HMI 34
                   '
                   SVC_RESERVED     = 80 ' Services 1..80 reserved for Catalina
                   
                   ' Floating point constants
                   
                   pi = 3.141592654
                   
                   FAddCmd       = 1 << 24       ' Implemented in Float32_A and Float32_B
                   FSubCmd       = 2 << 24       ' Implemented in Float32_A and Float32_B
                   FMulCmd       = 3 << 24       ' Implemented in Float32_A and Float32_B
                   FDivCmd       = 4 << 24       ' Implemented in Float32_A and Float32_B
                   FFloatCmd     = 5 << 24       ' Implemented in Float32_A and Float32_B
                   FTruncCmd     = 6 << 24       ' Implemented in Float32_A and Float32_B
                   FRoundCmd     = 7 << 24       ' Implemented in Float32_A and Float32_B
                   FSqrCmd       = 8 << 24       ' Implemented in Float32_A and Float32_B
                   FCmpCmd       = 9 << 24       ' Implemented in Float32_A and Float32_B
                   
                   SinCmd        = 10 << 24      ' Implemented in Float32_A
                   CosCmd        = 11 << 24      ' Implemented in Float32_A
                   TanCmd        = 12 << 24      ' Implemented in Float32_A
                   LogCmd        = 13 << 24      ' Implemented in Float32_A
                   Log10Cmd      = 14 << 24      ' Implemented in Float32_A
                   ExpCmd        = 15 << 24      ' Implemented in Float32_A
                   Exp10Cmd      = 16 << 24      ' Implemented in Float32_A
                   PowCmd        = 17 << 24      ' Implemented in Float32_A
                   FracCmd       = 18 << 24      ' Implemented in Float32_A
                   
                   FModCmd       = 19 << 24      ' Implemented in Float32_B
                   ASinCmd       = 20 << 24      ' Implemented in Float32_B
                   ACosCmd       = 21 << 24      ' Implemented in Float32_B
                   ATanCmd       = 22 << 24      ' Implemented in Float32_B
                   ATan2Cmd      = 23 << 24      ' Implemented in Float32_B
                   FloorCmd      = 24 << 24      ' Implemented in Float32_B
                   CeilCmd       = 25 << 24      ' Implemented in Float32_B
                   
                   SignFlag      = $1
                   ZeroFlag      = $2
                   NaNFlag       = $8
                   
                   ' CogStore constants
                   
                   MAX_LONGS  = 300                ' store up to 300 LONGS (1200 chars)
                   
                   CMD_READ   = $1000_0000         ' copy Hub to Cog (address in lower 24 bits)
                                                   ' COGSTORE set to zero when complete
                   
                   CMD_WRITE  = $2000_0000         ' copy Cog to Hub (address in lower 24 bits)
                                                   ' COGSTORE set to zero when complete
                   
                   CMD_SIZE   = $3000_0000         ' return size of stored data (in LONGs) - set
                                                   ' lower 24 bits to $FFFFFF on call - lower 24
                                                   ' bits (set to size when complete)
                   
                   CMD_SETUP  = $4000_0000         ' setup argc and argv array with the stored
                                                   ' data (set to zero when complete)
                   
                   CMD_STOP   = $5000_0000         ' stop the CogStore cog.
                   
                   CMD_RESPONSE = $FEED_FACE       ' COGSTORE set to this on any other command
                   
                   STORE_COG    = 7                ' Catalina CogStore will use this cog
                   LAST_COG     = 6                ' Last cog to be restarted is 6
                   QUOTE_CHAR = $22
                   
                   '------------------------------- HUB CONSTANTS -------------------------------
                   '
                   CON
                   '
                   ' Maximum number of cogs (note that this 1 may not have them all!)
                   '
                   MAX_COGS   = 16
                   
                   ' HUB RAM Definitions
                   '
                   '   (make sure these are the same in all targets)
                   '
                   ' Size of Service array (if this changes, the Hub Layout below must change
                   ' as well):
                   '
                   SVC_MAX    = 96                ' must be a multiple of 2
                   '
                   ' Size of ARGV array (if this changes, the Hub Layout below must change
                   '  as well):
                   '
                   ARGV_MAX   = 24                ' maximum size (LONGs) of argv array
                   '
                   ' Base Address for all hub programs (on the 1 this is genrally zero)
                   '
                   BASE_ADDR  = $00000
                   '
                   ' Useable Hub RAM (The 1 has 512Kb but the top 16Kb hold a copy of the boot ROM)
                   '
                   HUB_SIZE   = $7C000            ' the last 16K contain a copy of the boot ROM.
                   '
                   FREE_MEM   = HUB_SIZE-4                               ' $7BFFC the FREE_MEM pointer
                   '
                   ' <<< ALLOCATE OTHER RESERVED HUB LOCATIONS DOWN FROM HERE >>>
                   '
                   COGSTORE        = FREE_MEM - 4                        ' $7BFF8 CHECK Catalyst_Arguments.spin
                   XMM_CACHE_RSP   = COGSTORE - 4                        ' $7BFF4
                   XMM_CACHE_CMD   = XMM_CACHE_RSP - 4                   ' $7BFF0
                   REGISTRY        = XMM_CACHE_CMD - MAX_COGS*4          ' $7BFB0 CHECK registry.e
                   REQUESTS        = REGISTRY - 2*SVC_MAX - MAX_COGS*4*2 ' $7BE70 CHECK request_status.e
                   ARGV_0          = REQUESTS - ARGV_MAX*4               ' $7BE10 CHECK Catalyst_Arguments.spin2
                   ARGV_ADDR       = ARGV_0 - 4                          ' $7BE0C CHECK Catalyst_Arguments.spin2
                   ARGC_ADDR       = ARGV_ADDR - 4                       ' $7BE08 CHECK Catalyst_Arguments.spin2, blackbox_comms.c, catalina_default.s, catalina_blackcat.s (all targets)
                   DEBUG_FLAG      = ARGC_ADDR - 16                      ' $7BDF8 CHECK blackbox_comms.c, BlackCat_DebugCog.spin2 & catalina_blackcat.s (all targets)
                   DEBUG_IN        = DEBUG_FLAG - 4                      ' $7BDF4 CHECK blackbox_comms.c, BlackCat_DebugCog.spin2 & catalina_blackcat.s (all targets)
                   DEBUG_OUT       = DEBUG_IN - 4                        ' $7BDF0 CHECK blackbox_comms.c, BlackCat_DebugCog.spin2 & catalina_blackcat.s (all targets)
                   DEBUG_ADDR      = DEBUG_OUT - 4                       ' $7BDEC CHECK blackbox_comms.c, BlackCat_DebugCog.spin2 & catalina_blackcat.s (all targets)
                   DEBUG_BREAK     = DEBUG_ADDR - 4                      ' $7BDE8 CHECK blackbox_comms.c, BlackCat_DebugCog.spin2 & catalina_blackcat.s (all targets)
                   PROXY_XFER      = DEBUG_BREAK - 4                     ' $7BDE4
                   CGI_DATA        = PROXY_XFER - 4                      ' $7BDE0 CHECK cgi_data.e
                   '
                   HUB_TOP         = CGI_DATA                            ' used to initialize FREE_MEM
                   '
                   ' For loading programs from SD card, the key decision is how large a program
                   ' we want to be able to load, because the larger the program, the more Hub RAM
                   ' space it takes to store the cluster list for it. The following calculations
                   ' determine how much Hub RAM space to allocate for a particular load size,
                   ' assuming FAT32 is in use and we have a cluster size of 32768 (note that
                   ' smaller clusters will result in correspondingly smaller load sizes):
                   '
                   MAX_LOAD_SIZE  = 4194304                       ' we want 4MB loads (2^22 bytes)
                                                                  ' (if this is changed, check catalyst.h
                                                                  ' and Catalina_SD_Loader.spin)
                   MAX_CLUS_SIZE  = 32768                         ' assumed cluster size (2^15 bytes)
                   MAX_FLIST_SIZE = MAX_LOAD_SIZE/MAX_CLUS_SIZE   ' number of entries in cluster list (2^7)
                   '
                   FLIST_LOG2     = 9                             ' LOG (Base 2) of sector size
                   FLIST_SSIZ     = 1<<FLIST_LOG2                 ' size of sector
                   '
                   ' Now resume defining Loadtime Hub Layout (note overlap with registry!!!):
                   '
                   FLIST_ADDRESS  = ARGC_ADDR - (4*MAX_FLIST_SIZE)     ' $7BC08 check catalyst.h
                   FLIST_BUFF     = FLIST_ADDRESS - FLIST_SSIZ         ' $7BA08 check catalyst.h
                   FLIST_SIOB     = FLIST_BUFF - 68                    ' $7B9C4 check catalyst.h
                   FLIST_XFER     = FLIST_SIOB - 12                    ' $7B9B8 check catalyst.h
                   FLIST_SECT     = FLIST_XFER - 4                     ' $7B9B4 check catalyst.h
                   FLIST_SHFT     = FLIST_SECT - 4                     ' $7B9B0 check catalyst.h
                   FLIST_FSIZ     = FLIST_SHFT - 4                     ' $7B9AC check catalyst.h
                   FLIST_PSTK     = FLIST_FSIZ - 4                     ' $7B9A8 check catalyst.h
                   FLIST_PREG     = FLIST_PSTK - 4                     ' $7B9A4 check catalyst.h
                   
                   
                   '--------------------------- END OF CONSTANTS ---------------------------------
                   
                   
                   
                   '#line 39 "../../../target_p2/Catalina_NMM_dynamic.spin2"
                   
                   ' PRIMITIVE - defines how to invoke primitives for this kernel
                   '             For example: PRIMITIVE(#NEWF)
                   
                   
                   
                   
                   
                   ' NO_INTERRUPTS - note that we CANNOT use SKIPF (which is enabled by the
                   '                 symbol NO_INTERRUPTS) in either the dynamic or threaded
                   '                 NMM kernels - either because they need interrupts themselves,
                   '                 or because because we cannot guarantee they will not be used
                   '                 in programs that use interrupts.  We cannot check even check
                   '                 for this this at compile time, because these kernels are
                   '                 precompiled into the library. So we must simply avoid SKIPF.
                   
                   ' FAST_SAVE_RESTORE - if defined, we use fast block moves to save and restore
                   '                     multiple registers. This improves speed, but uses more
                   '                     stack space. Can be defined here but not on the
                   '                     command-line for programs that use multiple cogs.
                   '                     Note that if you change this option, you also need
                   '                     to change it in the non-dynamic threaded kernel, and
                   '                     recompile the library. This option can't be used with
                   '                     NO_INTERRUPTS, which uses SKIPF.
                   '
                   '#ifndef FAST_SAVE_RESTORE
                   '#define FAST_SAVE_RESTORE
                   '#endif
                   
                   '--------------------- Start of NMM Dynamic Kernel ----------------------------
                   
                   DAT
                   
00000 000                  org 0
                   
                   ' the first $54 longs must be in the same place in all nmm kernels, to
                   ' allow for the separate compilation of code that uses these locations
                   
00000 000 fd900108 init    jmp #nmm_init          '$00 ' can only be called once !!!
00004 001 fd9001fc pshb    jmp #push_b            '$01
00008 002 fd90021c cpyb    jmp #copy_b            '$02
0000c 003 fd900250 newf    jmp #new_fp            '$03
00010 004 fd900264 retf    jmp #fp_ret            '$04
00014 005 fd900278 cala    jmp #f_call            '$05
00018 006 fd900264 retn    jmp #f_ret             '$06
0001c 007 fd90027c cali    jmp #f_cali            '$07
00020 008 fd90028c divs    jmp #f_d32s            '$08
00024 009 fd900294 sysp    jmp #plugin            '$09
00028 00a fd9002a0 fadd    jmp #flt_add           '$0a
0002c 00b fd900298 fsub    jmp #flt_sub           '$0b
00030 00c fd9002f0 fmul    jmp #flt_mul           '$0c
00034 00d fd900338 fdiv    jmp #flt_div           '$0d
00038 00e fd9003d8 fcmp    jmp #flt_cmp           '$0e
0003c 00f fd900360 flin    jmp #flt_int           '$0f
00040 010 fd900390 infl    jmp #int_flt           '$10
00044 011 fd90015c pshm    jmp #push_m            '$11
00048 012 fd900190 popm    jmp #pop_m             '$12
0004c 013 fd900130 pshf    jmp #push_i            '$13
                   
00050 014 00000000 ri      long 0                 '$14
00054 015 00000000 bc      long 0                 '$15
                   
00058 016 00000000 r0      long 0                 '$16
0005c 017 00000000 r1      long 0                 '$17
00060 018 00000000 r2      long 0                 '$18
00064 019 00000000 r3      long 0                 '$19
00068 01a 00000000 r4      long 0                 '$1a
0006c 01b 00000000 r5      long 0                 '$1b
00070 01c 00000000 r6      long 0                 '$1c
00074 01d 00000000 r7      long 0                 '$1d
00078 01e 00000000 r8      long 0                 '$2e
0007c 01f 00000000 r9      long 0                 '$2f
00080 020 00000000 r10     long 0                 '$20
00084 021 00000000 r11     long 0                 '$21
00088 022 00000000 r12     long 0                 '$22
0008c 023 00000000 r13     long 0                 '$23
00090 024 00000000 r14     long 0                 '$24
00094 025 00000000 r15     long 0                 '$25
00098 026 00000000 r16     long 0                 '$26
0009c 027 00000000 r17     long 0                 '$27
000a0 028 00000000 r18     long 0                 '$28
000a4 029 00000000 r19     long 0                 '$29
000a8 02a 00000000 r20     long 0                 '$2a
000ac 02b 00000000 r21     long 0                 '$2b
000b0 02c 00000000 r22     long 0                 '$2c
000b4 02d 00000000 r23     long 0                 '$2d
                   
000b8 02e 00000000 Save_PC long 0                 '$2e
000bc 02f 00000000 Save_FP long 0                 '$2f
000c0 030 00000000 Save_SP long 0                 '$30
000c4 031 00000000 Save_PA long 0                 '$31
                   
000c8 032 80000000 Bit31   long  $80000000        '$32
000cc 033 ffffffff all_1s  long  $ffffffff        '$33
000d0 034 000000ff cviu_m1 long  $000000ff        '$34
000d4 035 0000ffff cviu_m2 long  $0000ffff        '$35
000d8 036 ff000000 top8    long  $ff000000        '$36 top 8 bits bitmask
000dc 037 00ffffff low24   long  $00ffffff        '$37 low 24 bits bitmask
                   
000e0 038 00000000 req     long  0                '$38 request block address
000e4 039 00000000 reg     long  0                '$39 registry address
                   
000e8 03a 00000000 t1      long  0                '$3a
000ec 03b 00000000 t2      long  0                '$3b
000f0 03c 00000000 t3      long  0                '$3c
000f4 03d 00000000 t4      long  0                '$3d
                   
000f8 03e 00000000 ct1     long  0                '$3e
000fc 03f 00000000 ct2     long  0                '$3f
00100 040 00000000 ct3     long  0                '$40
                   
00104 041 00000000 DBG1    long  0                '$41 ' debugger opAddr
00108 042 00000000 DBG2    long  0                '$42 ' debugger temp
                   
                   ' nmm_init : initialize VM - note that this code is kept 20 longs long
                   '            to make various offsets match the main kernel, where this
                   '            code may be overlaid by 19 longs of debug code once
                   '            initialization is complete - eventually, the same may be
                   '            true of this kernel as well.
                   
0010c 043          DEBUG_OVERLAY
0010c 043          nmm_init
0010c 043 fb047361         rdlong  reg,PTRA++     '$43  1 load registry address (used later)
00110 044 fd603001         cogid   r2             '$44  2 register ...
00114 045 f0643002         shl     r2,#2          '$45  3 ... ourselves ...
00118 046 f1003039         add     r2,reg         '$46  4 ... as ...
0011c 047 fb007018         rdlong  req,r2         '$47  5 ... a ...
00120 048 f5007037         and     req,low24      '$48  6 ... new ...
00124 049 fc607018         wrlong  req,r2         '$49  7  kernel
00128 04a fb043361         rdlong  r3,PTRA++      '$4a  8 load initial PC (to r3 temporarily)
0012c 04b fb043561         rdlong  r4,PTRA++      '$4b  9 load initial SP (to r4 temporarily)
00130 04c fb042d61         rdlong  r0,PTRA++      '$4c 10 load initial LUT library size (-1)
00134 04d fb042f61         rdlong  r1,PTRA++      '$4d 11 load initial LUT library address
00138 04e fb043161         rdlong  r2,PTRA++      '$4e 12 load initial arg
0013c 04f fd602c29         setq2   r0             '$4f 13 copy lut library ...
00140 050 fb020017         rdlong  $100,r1        '$50 14 ... to LUT RAM, starting at $100
00144 051 f603f01a         mov     PTRA,r4        '$51 15 set up correct SP
00148 052 fd60322c         jmp     r3             '$52 16 we can now start executing Native code
0014c 053 00000000         long    0              '$53 17
00150 054 00000000         long    0              '$54 18
00154 055 00000000         long    0              '$55 19
00158 056 00000000         long    0              '$56 20
0015c 057 00000000         long    0              '$57 21
00160 058 00000000         long    0              '$58 22
00164 059 00000000         long    0              '$59 23
00168 05a 00000000         long    0              '$5a 24
0016c 05b 00000000         long    0              '$5a 25
00170 05c 00000000         long    0              '$5b 26
00174 05d 00000000         long    0              '$5c 27
00178 05e 00000000         long    0              '$5d 28
0017c 05f 00000000         long    0              '$5e 29
                   '
                   ' push_i - push a value whose address is specified indirectly in a
                   '          frame variable onto the stack
                   '
00180 060          push_i
00180 060 fd604224        stalli               ' disable interrupts
00184 061 fb0029f6        rdlong RI,PA         ' load the long value
00188 062 f14029f9        adds   RI,PTRB       ' add the frame pointer
0018c 063          push_x
0018c 063 fd604224        stalli               ' disable interrupts
00190 064 fb002814        rdlong RI,RI         ' read the value at that address
00194 065 fc64295f        wrlong RI,--PTRA     ' save value on stack
00198 066 f107ec04        add    PA,#4         ' increment PC ...
0019c 067          returni
0019c 067 fd604024        allowi               ' ... enable interrupts ...
001a0 068 fd63ec2c        jmp    PA            ' ... and return
                   
                   '
                   ' push_m - push many registers (specified by long at PC) onto the stack,
                   ' decrementing the SP (PTRA) before each one
                   '
001a4 069          push_m
                   
001a4 069 fd604224        stalli               ' disable interrupts
                   
                   
                   
                   
                   
                   
                   
001a8 06a fb0029f6        rdlong RI,PA         ' load the long value specifying registers to push
                   
001ac 06b f6007414        mov    t1,RI         ' save register specification for later
001b0 06c f0442806        shr    RI,#6         ' ignore registers r0 - r5 (never saved)
001b4 06d f604781c        mov    t3,#r6        ' start with r6
001b8 06e          push_nxt
001b8 06e f05c2801        shr    RI,#1 wcz     ' save rX?
001bc 06f c98c7800  if_c  altd   t3            ' yes - decrement SP ...
001c0 070 cc64015f  if_c  wrlong 0-0,--PTRA    ' ... and save the register
001c4 071 f1047801        add    t3,#1         ' point to next register
001c8 072 5d9fffec  if_nz jmp    #push_nxt     ' continue till all registers saved
                   
                   
                   
                   
                   
                   
                   
                   
                   
                   
                   
                   
                   
                   
                   
                   
                   
                   
                   
                   
                   
                   
                   
                   
                   
001cc 073 fc64755f        wrlong t1,--PTRA     ' save register specification
                   
001d0 074 f107ec04        add    PA,#4         ' increment PC ...
001d4 075 fd9fffc4        jmp    #returni      ' ... and return
                   
001d8 076 0003ffff Bits18 long   %0000_0000_0000_0011_1111_1111_1111_1111
                   
                   '
                   ' pop_m - pop many registers (specified by the long on top of stack)
                   ' from the stack, incremening the SP after each one
                   '
001dc 077          pop_m
                   
001dc 077 fd604224        stalli               ' disable interrupts
                   
                   
                   
                   
                   
                   
                   
001e0 078 fb042961        rdlong RI,PTRA++     ' pop the long value specifying registers to pop
                   
001e4 079 f604762d        mov    t2,#r23       ' start with ...
001e8 07a f0642808        shl    RI,#(32-24)   ' ... r23
001ec 07b          pop_nxt
001ec 07b f07c2801        shl    RI,#1 wcz     ' load rX?
001f0 07c c98c7600  if_c  altd   t2            ' yes - load the register ...
001f4 07d cb040161  if_c  rdlong 0-0,PTRA++    ' ... and increment the stack pointer
001f8 07e 51847601  if_nz sub    t2,#1         ' if more to do, point to previous register ...
001fc 07f 5d9fffec  if_nz jmp    #pop_nxt      ' ... and continue till all registers popped
                   
                   
                   
                   
                   
                   
                   
                   
                   
                   
                   
                   
                   
                   
                   
                   
                   
                   
                   
                   
                   
                   
                   
                   
00200 080 fd9fff98        jmp    #returni
                   
                   '
                   ' push_b - push a structure (size in bytes at the PC) pointed to by R0
                   '          onto the stack, decrementing the SP (PTRA). Note that the source
                   '          and destination data MUST be long aligned - but this is true
                   '          for all normal structures.
                   '
00204 081          push_b
00204 081 fd604224        stalli               ' disable interrupts
00208 082 fb002bf6        rdlong BC,PA         ' load the byte count
0020c 083 f107ec04        add    PA,#4         ' increment the PC
00210 084 f1042a03        add    BC,#3         ' round up BC ...
00214 085 f5242a03        andn   BC,#3         ' ... to be a multiple of 4
00218 086 f183f015        sub    PTRA,BC       ' decrement SP (PTRA) by rounded up size
0021c 087 f6007416        mov    t1,R0         ' source is in R0
00220 088 f60077f8        mov    t2,PTRA       ' destination is SP (PTRA)
00224 089 fd90001c        jmp    #copy_longs   ' do the copy
                   '
                   ' copy_b - copy a structure (size in bytes at the PC)
                   '          from the address in R1 to the address in R0
                   '
00228 08a          copy_b
00228 08a fd604224        stalli               ' disable interrupts
0022c 08b fb002bf6        rdlong BC,PA         ' load the byte count
00230 08c f107ec04        add    PA,#4         ' increment the PC
00234 08d f1042a03        add    BC,#3         ' round up BC ...
00238 08e f5242a03        andn   BC,#3         ' ... to be a multiple of 4
0023c 08f f6007417        mov    t1,R1         ' source is in R1
00240 090 f6007616        mov    t2,R0         ' destination is in R0
                   '
00244 091          copy_longs
00244 091 f0442a02        shr    BC,#2         ' number of times to repeat
00248 092 fcd80815        rep    #4,BC         ' repeat the next 4 instructions BC times
0024c 093 fb00783a        rdlong t3,t1         ' read from src to t3
00250 094 fc60783b        wrlong t3,t2         ' write t3 to dst
00254 095 f1047404        add    t1,#4         ' increment source
00258 096 f1047604        add    t2,#4         ' increment destination
0025c 097 fd9fff3c        jmp    #returni
                   '
                   ' new_fp - save current frame pointer and set up a new frame pointer
                   ' also calculate what SP (PTRA) was before data was pushed and save it in BC
                   '
00260 098          new_fp
00260 098 fd604224        stalli               ' disable interrupts
00264 099 fc67f35f        wrlong PTRB,--PTRA   ' save FP (PTRB) to stack
00268 09a f603f3f8        mov    PTRB,PTRA     ' set up new FP (PTRB)
0026c 09b f1042a08        add    BC,#8         ' calculate what SP (PTRA) was ...
00270 09c f1002bf9        add    BC,PTRB       ' ... before arguments were pushed
00274 09d fd9fff24        jmp    #returni
                   '
                   ' fp_ret - pop current frame, restore previous frame and stack pointers,
                   '          then restore the previous program counter
                   '
                   ' f_ret -  just restore the previous program counter
                   '
00278 09e          fp_ret
00278 09e fd604224        stalli               ' disable interrupts
0027c 09f fb07f361        rdlong PTRB,PTRA++   ' restore previous FP (PTRB)
00280 0a0          f_ret
00280 0a0 fd604224        stalli               ' disable interrupts
00284 0a1 fb07ed00        rdlong PA,PTRA       ' read the PC
00288 0a2 f107f008        add    PTRA,#8       ' increment the SP (PTRA)
0028c 0a3 fd9fff0c        jmp    #returni
                   '
                   ' f_call - call the routine at the address pointed to by the PC
                   ' f_cali - call the routine whose address is in RI
                   '
00290 0a4          f_call
00290 0a4 fd604224        stalli               ' disable interrupts
00294 0a5 fb0029f6        rdlong RI,PA         ' get the address to call
00298 0a6 f107ec04        add    PA,#4         ' increment the PC (this is the return address)
0029c 0a7          f_cali
0029c 0a7 fd604224        stalli               ' disable interrupts
002a0 0a8 f187f008        sub    PTRA,#8       ' decrement the SP (PTRA)
002a4 0a9 fc67ed00        wrlong PA,PTRA       ' save current PC to stack
002a8 0aa fd604024        allowi               ' enable interrupts
002ac 0ab fd60282c        jmp    RI            ' execute next instruction
                   
                   'fd_32s - Signed 32 bit division
                   '         Divisor --> r1
                   '         Dividend--> r0
                   '         Result --> Quotient in r0
                   '                    Remainder in r1
                   
002b0 0ac          f_d32s
002b0 0ac fd604224        stalli               ' disable interrupts
002b4 0ad fda00303        call   #\signed_d32  ' perform signed division
002b8 0ae fd9ffee0        jmp    #returni
                   
                   ' plugin - call a plugin
                   ' On entry:
                   '       R3 = code:
                   '            - cog id if >= 128 (i.e. $80 + cog id)
                   '            - plugin type if < 128 (i.e. 0 .. 127)
                   '            - service id if < 0
                   '       R2 = data (optional pointer)
                   '
                   ' NOTES: Locks are currently only supported when invoking via a service id.
                   '        When using service id, the data should only use the lower 24 bits.
                   '
                   ' On exit:
                   '       R0 = result
                   
002bc 0af          plugin
002bc 0af fd604224        stalli               ' disable interrupts
002c0 0b0 fda0030d        call   #\do_plugin   ' do_plugin does all the work
002c4 0b1 fd9ffed4        jmp    #returni
                   
                   '--------------------- Start of Float32 Components ----------------------------
                   
                   {{
                                               TERMS OF USE: MIT License
                                 (Float32 Components only - i.e. excludes LMM Kernel)
                   
                    Permission is hereby granted, free of charge, to any person obtaining a copy
                    of this software and associated documentation files (the "Software"), to deal
                    in the Software without restriction, including without limitation the rights
                    to use, copy, modify, merge, publish, distribute, sublicense, and/or sell
                    copies of the Software, and to permit persons to whom the Software is
                    furnished to do so, subject to the following conditions:
                   
                    The above copyright notice and this permission notice shall be included in
                    all copies or substantial portions of the Software.
                   
                    THE SOFTWARE IS PROVIDED "AS IS", WITHOUT WARRANTY OF ANY KIND, EXPRESS OR
                    IMPLIED, INCLUDING BUT NOT LIMITED TO THE WARRANTIES OF MERCHANTABILITY,
                    FITNESS FOR A PARTICULAR PURPOSE AND NONINFRINGEMENT. IN NO EVENT SHALL THE
                    AUTHORS OR COPYRIGHT HOLDERS BE LIABLE FOR ANY CLAIM, DAMAGES OR OTHER
                    LIABILITY, WHETHER IN AN ACTION OF CONTRACT, TORT OR OTHERWISE,ARISING FROM,
                    OUT OF OR IN CONNECTION WITH THE SOFTWARE OR THE USE OR OTHER DEALINGS IN
                    THE SOFTWARE.
                   }}
                   
                   
                   
                   
                   
                   
                   
                   
                   
                   
                   
                   
                   
                   DAT
                   
                   '------------------------------------------------------------------------------
                   ' Float32 Assembly language routines
                   '------------------------------------------------------------------------------
                   ' flt_add   r0 = r0 + r1
                   ' flt_sub   r0 = r0 - r1
                   ' changes: r0, flagA, expA, manA, r1, flagB, expB, manB, t1
                   '------------------------------------------------------------------------------
                   
002c8 0b2 f5602e32 flt_sub                 xor     r1, Bit31               ' negate B
002cc 0b3 fd604224 flt_add                 stalli
002d0 0b4 fdb00184                         call    #_Unpack2               ' unpack two variables
002d4 0b5 ed9ffec4           if_c_or_z     jmp     #returni                ' check for NaN or B = 0
                   
002d8 0b6 f7cebc01                         test    flagA, #SignFlag wz     ' negate A mantissa if negative
002dc 0b7 5662c160           if_nz         neg     manA, manA
002e0 0b8 f7cec201                         test    flagB, #SignFlag wz     ' negate B mantissa if negative
002e4 0b9 5662c763           if_nz         neg     manB, manB
                   
002e8 0ba f600755f                         mov     t1, expA                ' align mantissas
002ec 0bb f1807562                         sub     t1, expB
002f0 0bc f640743a                         abs     t1, t1
002f4 0bd f324741f                         fle     t1, #31
002f8 0be f25abf62                         cmps    expA, expB wcz
002fc 0bf 10c2c63a           if_nz_and_nc  sar     manB, t1
00300 0c0 40c2c03a           if_nz_and_c   sar     manA, t1
00304 0c1 4602bf62           if_nz_and_c   mov     expA, expB
                   
00308 0c2 f102c163                         add     manA, manB              ' add the two mantissas
0030c 0c3 f256c000                         cmps    manA, #0 wc             ' set sign of result
00310 0c4 c546bc01           if_c          or      flagA, #SignFlag
00314 0c5 3526bc01           if_nc         andn    flagA, #SignFlag
00318 0c6 f642c160                         abs     manA, manA              ' pack result and exit
0031c 0c7 fdb001e0 pack_rtni               call    #_Pack
00320 0c8 fd9ffe78                         jmp     #returni
                   
                   '------------------------------------------------------------------------------
                   ' flt_mul  r0 = r0 * r1
                   ' changes: r0, flagA, expA, manA, r1, flagB, expB, manB, t1, t2
                   '------------------------------------------------------------------------------
                   
00324 0c9 fd604224 flt_mul                 stalli
00328 0ca fdb0012c                         call    #_Unpack2               ' unpack two variables
0032c 0cb 3d900024           if_nc         jmp     #flt_mul2               ' multiply if neither is NaN
00330 0cc f20ebeff                         cmp     expA, #255 wz           ' NaN, so check for r0 = Inf
00334 0cd ad900008           if_z          jmp     #flt_mul1               ' yes - return Inf
00338 0ce f20ec4ff                         cmp     expB, #255 wz           ' no - check for r1 = Inf
0033c 0cf 5d9ffe5c           if_nz         jmp     #returni                ' no - return NaN
00340 0d0 f6002d5a flt_mul1                mov     r0, Inf                 ' yes, r0 or r1 is Inf, so return Inf
00344 0d1 f562bd61                         xor     flagA, flagB            '
00348 0d2 f7cebc01                         test    flagA, #SignFlag wz
0034c 0d3 55402c32           if_nz         or      r0, Bit31
00350 0d4 fd9ffe48                         jmp     #returni
00354 0d5 f562bd61 flt_mul2                xor     flagA, flagB            ' get sign of result
00358 0d6 f102bf62                         add     expA, expB              ' add exponents
0035c 0d7 fd02c163                         qmul    manA, manB
00360 0d8 fd607419                         getqy   t1
00364 0d9 f0647403                         shl     t1, #3                  ' justify result and exit
00368 0da f602c03a                         mov     manA, t1
0036c 0db fd9fffac                         jmp     #pack_rtni
                   
                   '------------------------------------------------------------------------------
                   ' flt_div  r0 = r0 / r1
                   ' changes: r0, flagA, expA, manA, r1, flagB, expB, manB, t1, t2
                   '------------------------------------------------------------------------------
                   
00370 0dc fd604224 flt_div                 stalli
00374 0dd fdb000e0                         call    #_Unpack2               ' unpack two variables
00378 0de e6002d59           if_c_or_z     mov     r0, NaN                 ' check for NaN or divide by 0
0037c 0df ed9ffe1c           if_c_or_z     jmp     #returni
                   
00380 0e0 f562bd61                         xor     flagA, flagB            ' get sign of result
00384 0e1 f182bf62                         sub     expA, expB              ' subtract exponents
                   
00388 0e2 f046c001                         shr     manA, #1
0038c 0e3 fd62c028                         setq    manA
00390 0e4 fd180163                         qdiv    #0, manB
00394 0e5 fd62c018                         getqx   manA
00398 0e6 f046c002                         shr     manA, #2
0039c 0e7 fd9fff7c                         jmp     #pack_rtni
                   
                   '------------------------------------------------------------------------------
                   ' flt_int  r0 = float(r0)
                   ' changes: r0, flagA, expA, manA
                   '------------------------------------------------------------------------------
                   
003a0 0e8 fd604224 flt_int                 stalli
003a4 0e9 f602bc16                         mov     flagA, r0               ' get integer value
003a8 0ea f6042c00                         mov     r0, #0                  ' set initial result to zero
003ac 0eb f64ac15e                         abs     manA, flagA wz          ' get absolute value of integer
003b0 0ec ad9ffde8           if_z          jmp     #returni                ' if zero, exit
003b4 0ed f046bc1f                         shr     flagA, #31              ' set sign flag
003b8 0ee f606be1f                         mov     expA, #31               ' set initial value for exponent
003bc 0ef f076c001 normalize_1             shl     manA, #1 wc             ' normalize the mantissa
003c0 0f0 3186be01           if_nc         sub     expA, #1                ' adjust exponent
003c4 0f1 3d9ffff4           if_nc         jmp     #normalize_1
003c8 0f2 f086c001                         rcr     manA, #1                ' justify mantissa
003cc 0f3 f046c002                         shr     manA, #2
003d0 0f4 fd9fff48                         jmp     #pack_rtni
                   
                   '------------------------------------------------------------------------------
                   ' int_flt  r0 = fix(r0)
                   ' changes: r0, flagA, expA, manA, t1
                   '------------------------------------------------------------------------------
                   
003d4 0f5 fd604224 int_flt                 stalli
003d8 0f6 f6047400                         mov     t1, #0                  ' set for no rounding
                   '                        jmp     #fix
                   
                   'rnd_flt                 mov     t1, #1                  ' set for rounding
                   
003dc 0f7 fdb000a8 fix                     call    #_Unpack                ' unpack floating point value
003e0 0f8 cd9ffdb8           if_c          jmp     #returni                ' check for NaN
003e4 0f9 f066c002                         shl     manA, #2                ' left justify mantissa
003e8 0fa f6042c00                         mov     r0, #0                  ' initialize result to zero
003ec 0fb f662bf5f                         neg     expA, expA              ' adjust for exponent value
003f0 0fc f10ebe1e                         add     expA, #30 wz
003f4 0fd f256be20                         cmps    expA, #32 wc
003f8 0fe bd9ffda0           if_nc_or_z    jmp     #returni
003fc 0ff f042c15f                         shr     manA, expA
                   
00400 100 f102c03a                         add     manA, t1                ' round up 1/2 lsb
00404 101 f046c001                         shr     manA, #1
                   
00408 102 f7cebc01                         test    flagA, #signFlag wz     ' check sign and exit
0040c 103 f3e02d60                         sumnz   r0, manA
00410 104 fd9ffd88                         jmp     #returni
                   
                   '------------------------------------------------------------------------------
                   ' flt_cmp   set Z and C flags for r0 - r1
                   ' changes: status, t1
                   '------------------------------------------------------------------------------
                   
00414 105 fd604224 flt_cmp                 stalli
00418 106 f6007416                         mov     t1, r0               ' compare signs
0041c 107 f5607417                         xor     t1, r1
00420 108 f5087432                         and     t1, Bit31 wz
00424 109 ad900018           if_z          jmp     #cmp1                  ' same, then compare magnitude
                   
00428 10a f6007416                         mov     t1, r0               ' check for +0 or -0
0042c 10b f5407417                         or      t1, r1
00430 10c f5387432                         andn    t1, Bit31 wcz
00434 10d ad9ffd64           if_z          jmp     #returni
                   
00438 10e f7d02c32                         test    r0, Bit31 wc         ' compare signs
0043c 10f fd9ffd5c                         jmp     #returni
                   
00440 110 f7c82c32 cmp1                    test    r0, Bit31 wz         ' check signs
00444 111 5d900008           if_nz         jmp     #cmp2
00448 112 f2182c17                         cmp     r0, r1 wcz
0044c 113 fd9ffd4c                         jmp     #returni
00450 114 f2182e16 cmp2                    cmp     r1, r0 wcz           ' reverse test if negative
00454 115 fd9ffd44                         jmp     #returni
                   
                   '------------------------------------------------------------------------------
                   ' input:   r0        32-bit floating point value
                   '          r1        32-bit floating point value
                   ' output:  flagA        r0 flag bits (Nan, Infinity, Zero, Sign)
                   '          expA         r0 exponent (no bias)
                   '          manA         r0 mantissa (aligned to bit 29)
                   '          flagB        r1 flag bits (Nan, Infinity, Zero, Sign)
                   '          expB         r1 exponent (no bias)
                   '          manB         r1 mantissa (aligned to bit 29)
                   '          C flag       set if r0 or r1 is NaN
                   '          Z flag       set if r1 is zero
                   ' changes: r0, flagA, expA, manA, r1, flagB, expB, manB, t1
                   '------------------------------------------------------------------------------
                   
00458 116 f6007416 _Unpack2                mov     t1, r0               ' save A
0045c 117 f6002c17                         mov     r0, r1               ' unpack B to A
00460 118 fdb00024                         call    #_Unpack
                   
00464 119 f6002e16                         mov     r1, r0               ' save B variables
00468 11a f602c35e                         mov     flagB, flagA
0046c 11b f602c55f                         mov     expB, expA
00470 11c f602c760                         mov     manB, manA
                   
00474 11d f6002c3a                         mov     r0, t1               ' unpack A
00478 11e fdb0000c                         call    #_Unpack
0047c 11f 37cec208           if_nc         test    flagB, #NanFlag wz
00480 120 1d75e06f           if_nc_and_nz  modc    _set wc
00484 121 020ec600           _ret_         cmp     manB, #0 wz          ' set Z flag
                   
                   '------------------------------------------------------------------------------
                   ' input:   r0        32-bit floating point value
                   ' output:  flagA        r0 flag bits (Nan, Infinity, Zero, Sign)
                   '          expA         r0 exponent (no bias)
                   '          manA         r0 mantissa (aligned to bit 29)
                   '          C flag       set if r0 is NaN
                   '          Z flag       set if r0 is zero
                   ' changes: r0, flagA, expA, manA
                   '------------------------------------------------------------------------------
                   
00488 122 f602bc16 _Unpack                 mov     flagA, r0            ' get sign
0048c 123 f046bc1f                         shr     flagA, #31
00490 124 f602c016                         mov     manA, r0             ' get mantissa
00494 125 f502c15c                         and     manA, Mask23
00498 126 f602be16                         mov     expA, r0             ' get exponent
0049c 127 f066be01                         shl     expA, #1
004a0 128 f04ebe18                         shr     expA, #24 wz
004a4 129 ad900014           if_z          jmp     #zeroSubnormal         ' check for zero or subnormal
004a8 12a f20ebeff                         cmp     expA, #255 wz           ' check if finite
004ac 12b 5d90003c           if_nz         jmp     #finite
004b0 12c f6002d59                         mov     r0, NaN              ' no, then return NaN
004b4 12d f546bc08                         or      flagA, #NaNFlag
004b8 12e fd90003c                         jmp     #U_exit2
                   
004bc 12f f6007b60 zeroSubnormal           mov     t4, manA
004c0 130 f5487b5f                         or      t4, expA wz             ' check for zero
004c4 131 5d90000c           if_nz         jmp     #subnorm
004c8 132 f546bc02                         or      flagA, #ZeroFlag        ' yes, then set zero flag
004cc 133 f666be96                         neg     expA, #150              ' set exponent and exit
004d0 134 fd900024                         jmp     #U_exit2
                   
004d4 135 f066c007 subnorm                 shl     manA, #7                ' fix justification for subnormals
004d8 136 f7cac15d subnorm2                test    manA, Bit29 wz
004dc 137 5d900014           if_nz         jmp     #U_exit1
004e0 138 f066c001                         shl     manA, #1
004e4 139 f186be01                         sub     expA, #1
004e8 13a fd9fffec                         jmp     #subnorm2
                   
004ec 13b f066c006 finite                  shl     manA, #6                ' justify mantissa to bit 29
004f0 13c f542c15d                         or      manA, Bit29             ' add leading one bit
                   
004f4 13d f186be7f U_exit1                 sub     expA, #127              ' remove bias from exponent
004f8 13e f7d6bc08 U_exit2                 test    flagA, #NaNFlag wc      ' set C flag
004fc 13f 020ec000           _ret_         cmp     manA, #0 wz             ' set Z flag
                   
                   '------------------------------------------------------------------------------
                   ' input:   flagA        r0 flag bits (Nan, Infinity, Zero, Sign)
                   '          expA         r0 exponent (no bias)
                   '          manA         r0 mantissa (aligned to bit 29)
                   ' output:  r0        32-bit floating point value
                   ' changes: r0, flagA, expA, manA
                   '------------------------------------------------------------------------------
                   
00500 140 f20ec000 _Pack                   cmp     manA, #0 wz             ' check for zero
00504 141 a606be00           if_z          mov     expA, #0
00508 142 ad900040           if_z          jmp     #P_exit3
                   
0050c 143 f076c001 normalize_2             shl     manA, #1 wc             ' normalize the mantissa
00510 144 3186be01           if_nc         sub     expA, #1                ' adjust exponent
00514 145 3d9ffff4           if_nc         jmp     #normalize_2
                   
00518 146 f106be02                         add     expA, #2                ' adjust exponent
0051c 147 f116c100                         add     manA, #$100 wc          ' round up by 1/2 lsb
00520 148 c106be01           if_c          add     expA, #1
                   
00524 149 f106be7f                         add     expA, #127              ' add bias to exponent
00528 14a f342bf5b                         fges    expA, Minus23
0052c 14b f366beff                         fles    expA, #255
                   
00530 14c f256be01                         cmps    expA, #1 wc             ' check for subnormals
00534 14d 3d900014           if_nc         jmp     #P_exit3
                   
00538 14e f546c001 subnormal               or      manA, #1                ' adjust mantissa
0053c 14f f006c001                         ror     manA, #1
                   
00540 150 f662bf5f                         neg     expA, expA
00544 151 f042c15f                         shr     manA, expA
00548 152 f606be00                         mov     expA, #0                ' biased exponent = 0
                   
0054c 153 f6002d60 P_exit3                 mov     r0, manA             ' bits 22:0 mantissa
00550 154 f0442c09                         shr     r0, #9
00554 155 f066be17                         shl     expA, #23
00558 156 f5402d5f                         or      r0, expA
0055c 157 f066bc1f                         shl     flagA, #31
00560 158 05402d5e           _ret_          or      r0, flagA            ' bit 31 sign
                   
00564 159 7fffffff NaN                     long    $7FFF_FFFF
00568 15a 7f800000 Inf                     long    $7F80_0000
0056c 15b ffffffe9 Minus23                 long    -23
00570 15c 007fffff Mask23                  long    $007F_FFFF
00574 15d 20000000 Bit29                   long    $2000_0000
                   
00578 15e 00000000 flagA                   long    0
0057c 15f 00000000 expA                    long    0
00580 160 00000000 manA                    long    0
                   
00584 161 00000000 flagB                   long    0
00588 162 00000000 expB                    long    0
0058c 163 00000000 manB                    long    0
                   
                   '-------------------- End of Float32 Components -------------------------------
                   
                   ' lockbits must be in the same place in all CMM kernels
                   
00590 164                   fit    $1ea
007a8 1ea                   orgf   $1ea
                   
007a8 1ea 00000000 lockbits long   0               ' lockbits used to simulate P1-style locks
                   
                   ' last 5 longs are reserved for debug overlay vectors (or debug LED)
                   
007ac 1eb                   fit    $1eb
007ac 1eb                   orgf   $1eb
                   
007ac 1eb          DEBUG_VECTORS
                   
                   
                   
                   
                   
                   
                   
                   
                   
                   
                   
007ac 1eb 0007bde8          long   DEBUG_BREAK
007b0 1ec 0007bdec          long   DEBUG_ADDR
007b4 1ed 0007bdf0          long   DEBUG_OUT
007b8 1ee 0007bdf4          long   DEBUG_IN
007bc 1ef 0007bdf8          long   DEBUG_FLAG
                   
007c0 1f0                   fit    $1f0
                   
007c0 1f0                   fit    $1f8
007e0 1f8                   orgf   $1f8
007e0 1f8 00000000 SP       long   $0    ' SP is PTRA
007e4 1f9 00000000 FP       long   $0    ' FP is PTRB
                   
                   '------------------------- END OF KERNEL --------------------------------------
                   
007e8 300                   org $300
                   
                   ' Common Kernel library functions. This code is included only to get the LUT
                   ' offsets correct in the dynamically loaded kernel. The actual LUT code is
                   ' loaded into LUT from elsewhere. There must be a better way to do this, but I
                   ' can't think of one at the moment :(
                   
                   '#line 1 "../../../target_p2/Catalina_kernel_library.inc"
                   ' Catalina kernel library functions ...
                   
                   ' avoid including the kernel library functions twice ...
                   
                   
                   
                   
                   DAT
                   
                   ' unsigned_d32 - 32 bit unsigned division
                   
007e8 300          unsigned_d32
007e8 300 fd102c17          qdiv   r0,r1
007ec 301 fd602c18          getqx  r0
007f0 302 0d602e19   _ret_  getqy  r1
                   
                   ' signed_d32 - 32 bit signed division
                   
007f4 303          signed_d32
007f4 303 f6007817          mov    t3,r1           ' save sign for later
007f8 304 f6007a16          mov    t4,r0
007fc 305 f6402e17          abs    r1,r1
00800 306 f6402c16          abs    r0,r0
00804 307 f560783d          xor    t3,t4
00808 308 fda00300          call   #\unsigned_d32  ' perform unsigned division
0080c 309 f6107a3d          mov    t4,t4 WC        ' get bit #31 into carry
00810 30a f6802e17          negc   r1,r1           ' adjust the sign of the remainder
00814 30b f610783c          mov    t3,t3 WC        ' get bit #31 into carry
00818 30c 06802c16   _ret_  negc   r0,r0           ' adjust the sign of the result
                   
                   ' do_plugin - call a plugin
                   '
                   ' On entry:
                   '       R3 = code:
                   '            - cog id if >= 128 (i.e. $80 + cog id)
                   '            - plugin type if < 128 (i.e. 0 .. 127)
                   '            - service id if < 0
                   '       R2 = data (optional pointer)
                   '
                   ' NOTES: Locks are currently only supported when invoking via a service id.
                   '        When using service id, the data should only use the lower 24 bits.
                   '
                   ' On exit:
                   '       R0 = result
                   
0081c 30d          do_plugin
0081c 30d f6047a08         mov     t4,#8           ' t4 stores lock - default to none required
00820 30e f6102c19         mov     r0,r3 wc        ' get plugin type or cog id or service id
00824 30f cd90003c  if_b   jmp     #psvc           ' if < 0, code is a service id
00828 310 f7cc2c80         test    r0,#$80 wz      ' if bit 7 set ...
0082c 311 5d900074  if_nz  jmp     #pcog           ' code is a cog id ...
00830 312          ptype                           ' ... otherwize it's a plugin type
00830 312 f6007439         mov     t1,reg          ' point to registry
00834 313 f6047600         mov     t2,#0           ' start at cog id 0
00838 314          plgt1
00838 314 f21c7608         cmp     t2,#8 wcz       ' run out of cogs?
0083c 315 3d9000a0  if_ae  jmp     #plugerr        ' yes - no such plugin
00840 316 fb00783a         rdlong  t3,t1           ' no - check cog's plugin type
00844 317 f0447818         shr     t3,#24          ' is it ...
00848 318 f2087816         cmp     t3,r0 wz        ' ... the plugin type what we wanted?
0084c 319 ad90000c  if_z   jmp     #plgt2          ' yes - invoke plugin at this cog id
00850 31a 51047601  if_nz  add     t2,#1           ' no - try ...
00854 31b 51047404  if_nz  add     t1,#4           ' ... next ...
00858 31c 5d9fffdc  if_nz  jmp     #plgt1          ' ... cog id
0085c 31d          plgt2
0085c 31d f6002c3b         mov     r0,t2           ' use the cog where we found the plugin
00860 31e fd900040         jmp     #pcog           ' invoke plugin (via the cog id)
00864 31f          psvc
00864 31f f0642c01         shl     r0,#1           ' read entry ...
00868 320 f1002c39         add     r0,reg          ' ... from ...
0086c 321 fae02c16         rdword  r0,r0           ' ... the service registry
00870 322 f6007416         mov     t1,r0           ' save in t1 and extract ...
00874 323 f0442c0c         shr     r0,#12          ' ... cog number to r0
00878 324 f600763a         mov     t2,t1           ' save in t2 and extract ...
0087c 325 f06c7418         shl     t1,#24 wz       ' ... request code to t1 (top 8 bits) ...
00880 326 ad90005c  if_z   jmp     #plugerr        ' ... or throw error if request code is zero
00884 327 f6007a3b         mov     t4,t2           ' extract ...
00888 328 f0447a08         shr     t4,#8           ' ... lock number to t4
0088c 329 f7cc7a08         test    t4,#8 wz        ' are we required to use a lock?
00890 32a 5d900008  if_nz  jmp     #no_lock        ' no - just make the request
00894 32b          set_lock
00894 32b fd707a06         locktry t4 wc           ' yes - loop ...
00898 32c 3d9ffff8  if_nc  jmp     #set_lock       ' ... until we have set the lock
0089c 32d          no_lock
0089c 32d f5203036         andn    r2,top8         ' combine data ...
008a0 32e f540303a         or      r2,t1           ' ... with request code
008a4 32f          pcog
008a4 32f f5042c07         and     r0,#7           ' mask off cog id to 0 .. 7
008a8 330 f0642c02         shl     r0,#2           ' point to ...
008ac 331 f1002c39         add     r0,reg          ' ... registry entry for the cog
008b0 332 fb002c16         rdlong  r0,r0           ' get request block from registry
008b4 333 f7c82c36         test    r0,top8 wz      ' is a plugin registered in this cog?
008b8 334 ad900024  if_z   jmp     #plugerr        ' no - throw error
008bc 335 f5202c36         andn    r0,top8         ' yes - write ...
008c0 336 fc603016         wrlong  r2,r0           ' ... request
008c4 337          ploop
008c4 337 fb083216         rdlong  r3,r0   wz      ' wait till ...
008c8 338 5d9ffff8  if_nz  jmp     #ploop          ' ... request completed
008cc 339 f1042c04         add     r0,#4           ' get ...
008d0 33a fb002c16         rdlong  r0,r0           ' ... result
008d4 33b          clr_lock
008d4 33b f7cc7a08         test    t4,#8 wz        ' did we set a lock?
008d8 33c ad607a07  if_z   lockrel t4              ' yes - release the lock we set
008dc 33d fd64002d         ret
008e0 33e          plugerr
008e0 33e f6642c01         neg     r0,#1           ' plugin error (e.g. not registered)
008e4 33f fd9fffec         jmp     #clr_lock       ' done - clear lock if required
                   
                   
                   
                   '#line 791 "../../../target_p2/Catalina_NMM_dynamic.spin2"
                   
                   '#line 1 "../../../target_p2/Catalina_NMM_kernel_library.inc"
                   ' Catalina kernel functions that are specific to the NMM kernels ...
                   
                   ' avoid including the kernel library functions twice ...
                   
                   
                   
                   
                   DAT
                   
                   ' NOTE: There are currently no NMM-specific kernel library functions.
                   '       This file exists as a place to put them if any are required.
                   
                   
                   
                   '#line 793 "../../../target_p2/Catalina_NMM_dynamic.spin2"
                   
                   
