                   '#line 1 "../../../target_p2/Catalina_NMM_library.spin2"
                   '
                   ' This file exists to allow the NMM LUT library code to be compiled and
                   ' then turned into a blob suitable for loading as part of dynamically
                   ' loading a program. This is required because with Multi-Model support,
                   ' the kernel being loaded may require a different LUT library to the
                   ' kernel doing the loading.
                   '
                   ' Compile this library and convert it to a blob using commands similar
                   ' to the following:
                   '
                   '    p2_asm -I ..\..\target_p2 ..\..\target_p2\Catalina_NMM_library.spin2 -o nmm
                   '    spinc -p2 -B2 -n NMM_LUT_LIBRARY nmm.bin >CMM_library.inc
                   '
                   ' The resulting binary is not a true Catalina 1 binary - it is intended
                   ' only to allow the LUT library to be extracted using the spinc command.
                   '
                   
                   CON
                   
                   '#line 1 "../../../target_p2/Catalina_reserved.inc"
                   '------------------------- START OF RESERVED HUB ------------------------------
                   DAT
                   
01000                      orgh  $1000
                   
01000     fd801038 RESERVED jmp  #\NON_RESERVED  ' Lower 20 bits = address of non-reserved hub
01004     0aba9500 CLKFREQ  long _CLOCKFREQ      ' initial clock frequency (not updated)
01008     010c4707 CLKMODE  long _CLOCKMODE      ' initial clock mode (not updated)
0100c     00038400 BAUDRATE long _BAUDRATE       ' initial baud rate (not updated)
                   
                   ' seglayout specifies the layout of the segments
                   
01010              seglayout                     ' $1010 - if this changes, change catbind.c
01010     0000000b         long  SEGMENT_LAYOUT
                   
                   ' segtable contains the start address of each of the segments
                   
01014              segtable
01014     00001c00         long  @Catalina_Code
01018     00001d60         long  @Catalina_Cnst
0101c     00001d60         long  @Catalina_Init
01020     00001d60         long  @Catalina_Data
01024     00001d60         long  @Catalina_Ends
01028     00001c00         long  @Catalina_RO_Base
0102c     00001d60         long  @Catalina_RW_Base
01030     00001d60         long  @Catalina_RO_Ends
01034     00001d60         long  @Catalina_RW_Ends
                   
01038              NON_RESERVED
                   '--------------------------- END OF RESERVED HUB ------------------------------
                   '#line 21 "../../../target_p2/Catalina_NMM_library.spin2"
                   
                   CON
                   
                   SEGMENT_LAYOUT=11 ' NMM memory layout 0 (Code, Cnst, Init, Data)
                   
                   DAT
                   
                   ' Common Kernel library functions. This code is loaded and started by all
                   ' kernels (static and dynamic) and must fit in the area $300 - $3FF ...
                   
01c00 300           orgf $300
                   
01c00 300          Catalina_RO_Base
01c00 300          Catalina_Code
                   
01c00 300          LUT_LIBRARY
                   
                   ' include any necessary kernel library functions. This code is loaded and
                   ' executed from the LUT RAM ...
                   
                   '#line 1 "../../../target_p2/Catalina_kernel_library.inc"
                   ' Catalina kernel library functions ...
                   
                   ' avoid including the kernel library functions twice ...
                   
                   
                   
                   
                   DAT
                   
                   ' unsigned_d32 - 32 bit unsigned division
                   
01c00 300          unsigned_d32
01c00 300 fd102c17          qdiv   r0,r1
01c04 301 fd602c18          getqx  r0
01c08 302 0d602e19   _ret_  getqy  r1
                   
                   ' signed_d32 - 32 bit signed division
                   
01c0c 303          signed_d32
01c0c 303 f6007817          mov    t3,r1           ' save sign for later
01c10 304 f6007a16          mov    t4,r0
01c14 305 f6402e17          abs    r1,r1
01c18 306 f6402c16          abs    r0,r0
01c1c 307 f560783d          xor    t3,t4
01c20 308 fda00300          call   #\unsigned_d32  ' perform unsigned division
01c24 309 f6107a3d          mov    t4,t4 WC        ' get bit #31 into carry
01c28 30a f6802e17          negc   r1,r1           ' adjust the sign of the remainder
01c2c 30b f610783c          mov    t3,t3 WC        ' get bit #31 into carry
01c30 30c 06802c16   _ret_  negc   r0,r0           ' adjust the sign of the result
                   
                   ' do_plugin - call a plugin
                   '
                   ' On entry:
                   '       R3 = code:
                   '            - cog id if >= 128 (i.e. $80 + cog id)
                   '            - plugin type if < 128 (i.e. 0 .. 127)
                   '            - service id if < 0
                   '       R2 = data (optional pointer)
                   '
                   ' NOTES: Locks are currently only supported when invoking via a service id.
                   '        When using service id, the data should only use the lower 24 bits.
                   '
                   ' On exit:
                   '       R0 = result
                   
01c34 30d          do_plugin
01c34 30d f6047a08         mov     t4,#8           ' t4 stores lock - default to none required
01c38 30e f6102c19         mov     r0,r3 wc        ' get plugin type or cog id or service id
01c3c 30f cd90003c  if_b   jmp     #psvc           ' if < 0, code is a service id
01c40 310 f7cc2c80         test    r0,#$80 wz      ' if bit 7 set ...
01c44 311 5d900074  if_nz  jmp     #pcog           ' code is a cog id ...
01c48 312          ptype                           ' ... otherwize it's a plugin type
01c48 312 f6007439         mov     t1,reg          ' point to registry
01c4c 313 f6047600         mov     t2,#0           ' start at cog id 0
01c50 314          plgt1
01c50 314 f21c7608         cmp     t2,#8 wcz       ' run out of cogs?
01c54 315 3d9000a0  if_ae  jmp     #plugerr        ' yes - no such plugin
01c58 316 fb00783a         rdlong  t3,t1           ' no - check cog's plugin type
01c5c 317 f0447818         shr     t3,#24          ' is it ...
01c60 318 f2087816         cmp     t3,r0 wz        ' ... the plugin type what we wanted?
01c64 319 ad90000c  if_z   jmp     #plgt2          ' yes - invoke plugin at this cog id
01c68 31a 51047601  if_nz  add     t2,#1           ' no - try ...
01c6c 31b 51047404  if_nz  add     t1,#4           ' ... next ...
01c70 31c 5d9fffdc  if_nz  jmp     #plgt1          ' ... cog id
01c74 31d          plgt2
01c74 31d f6002c3b         mov     r0,t2           ' use the cog where we found the plugin
01c78 31e fd900040         jmp     #pcog           ' invoke plugin (via the cog id)
01c7c 31f          psvc
01c7c 31f f0642c01         shl     r0,#1           ' read entry ...
01c80 320 f1002c39         add     r0,reg          ' ... from ...
01c84 321 fae02c16         rdword  r0,r0           ' ... the service registry
01c88 322 f6007416         mov     t1,r0           ' save in t1 and extract ...
01c8c 323 f0442c0c         shr     r0,#12          ' ... cog number to r0
01c90 324 f600763a         mov     t2,t1           ' save in t2 and extract ...
01c94 325 f06c7418         shl     t1,#24 wz       ' ... request code to t1 (top 8 bits) ...
01c98 326 ad90005c  if_z   jmp     #plugerr        ' ... or throw error if request code is zero
01c9c 327 f6007a3b         mov     t4,t2           ' extract ...
01ca0 328 f0447a08         shr     t4,#8           ' ... lock number to t4
01ca4 329 f7cc7a08         test    t4,#8 wz        ' are we required to use a lock?
01ca8 32a 5d900008  if_nz  jmp     #no_lock        ' no - just make the request
01cac 32b          set_lock
01cac 32b fd707a06         locktry t4 wc           ' yes - loop ...
01cb0 32c 3d9ffff8  if_nc  jmp     #set_lock       ' ... until we have set the lock
01cb4 32d          no_lock
01cb4 32d f5203036         andn    r2,top8         ' combine data ...
01cb8 32e f540303a         or      r2,t1           ' ... with request code
01cbc 32f          pcog
01cbc 32f f5042c07         and     r0,#7           ' mask off cog id to 0 .. 7
01cc0 330 f0642c02         shl     r0,#2           ' point to ...
01cc4 331 f1002c39         add     r0,reg          ' ... registry entry for the cog
01cc8 332 fb002c16         rdlong  r0,r0           ' get request block from registry
01ccc 333 f7c82c36         test    r0,top8 wz      ' is a plugin registered in this cog?
01cd0 334 ad900024  if_z   jmp     #plugerr        ' no - throw error
01cd4 335 f5202c36         andn    r0,top8         ' yes - write ...
01cd8 336 fc603016         wrlong  r2,r0           ' ... request
01cdc 337          ploop
01cdc 337 fb083216         rdlong  r3,r0   wz      ' wait till ...
01ce0 338 5d9ffff8  if_nz  jmp     #ploop          ' ... request completed
01ce4 339 f1042c04         add     r0,#4           ' get ...
01ce8 33a fb002c16         rdlong  r0,r0           ' ... result
01cec 33b          clr_lock
01cec 33b f7cc7a08         test    t4,#8 wz        ' did we set a lock?
01cf0 33c ad607a07  if_z   lockrel t4              ' yes - release the lock we set
01cf4 33d fd64002d         ret
01cf8 33e          plugerr
01cf8 33e f6642c01         neg     r0,#1           ' plugin error (e.g. not registered)
01cfc 33f fd9fffec         jmp     #clr_lock       ' done - clear lock if required
                   
                   
                   
                   '#line 42 "../../../target_p2/Catalina_NMM_library.spin2"
                   
                   '#line 1 "../../../target_p2/Catalina_NMM_kernel_library.inc"
                   ' Catalina kernel functions that are specific to the NMM kernels ...
                   
                   ' avoid including the kernel library functions twice ...
                   
                   
                   
                   
                   DAT
                   
                   ' NOTE: There are currently no NMM-specific kernel library functions.
                   '       This file exists as a place to put them if any are required.
                   
                   
                   
                   '#line 44 "../../../target_p2/Catalina_NMM_library.spin2"
                   
                   
                   '#line 1 "../../../target_p2/Catalina_thread_library.inc"
                   ' Catalina thread library functions ...
                   
                   ' avoid including the thread library functions twice ...
                   
                   
                   
                   
                   DAT
                   
                   ' GET_KERNEL_LOCK : do not return until we get kernel lock (specified in lock)
                   
01d00 340          GET_KERNEL_LOCK
01d00 340 fd604224         stalli
01d04 341 f43bd5e9         bith    lockbits,lock wcz    ' have we acquired ...
01d08 342 5d73d206  if_nz  locktry lock wc              ' ... both intra-cog and inter-cog locks?
01d0c 343 1403d5e9  if_nc_and_nz  bitl lockbits,lock    ' true = if_c_and_nz, false = if_nc_or_z
01d10 344 bd800340  if_nc_or_z    jmp #\GET_KERNEL_LOCK
01d14 345 fd604024         allowi
01d18 346 fd64002d         ret
                   
                   ' REL_KERNEL_LOCK : release the kernel lock (specified in lock)
                   
01d1c 347          REL_KERNEL_LOCK
01d1c 347 fd604224         stalli
01d20 348 fd63d207         lockrel lock                 ' release inter-cog lock
01d24 349 f403d5e9         bitl    lockbits,lock        ' release intra-cog lock
01d28 34a fd604024 	allowi
01d2c 34b fd64002d         ret
                   
                   ' GET_POOL_LOCK : do not return until we get pool lock (specified in r1)
                   
01d30 34c          GET_POOL_LOCK
01d30 34c fd604224         stalli
01d34 34d f43bd5e9         bith    lockbits,lock wcz    ' have we acquired ...
01d38 34e 5d702e06  if_nz  locktry r1 wc                ' ... both intra-cog and inter-cog locks?
01d3c 34f 1403d5e9  if_nc_and_nz  bitl lockbits,lock    ' true = if_c_and_nz, false = if_nc_or_z
01d40 350 bd80034c  if_nc_or_z    jmp #\GET_POOL_LOCK
01d44 351 fd604024         allowi
01d48 352 fd64002d         ret
                   
                   ' REL_POOL_LOCK : release the pool lock (specified in r1)
                   
01d4c 353          REL_POOL_LOCK
01d4c 353 fd604224         stalli
01d50 354 fd602e07         lockrel r1                   ' release inter-cog lock
01d54 355 f403d5e9         bitl    lockbits,lock        ' release intra-cog lock
01d58 356 fd604024 	allowi
01d5c 357 fd64002d         ret
                   
                   
                   
                   '#line 47 "../../../target_p2/Catalina_NMM_library.spin2"
                   
                   
01d60 358          LUT_LIBRARY_END
                   
01d60 358           fit $400
                   
01d60 358          Catalina_Cnst
01d60 358          Catalina_RO_Ends
01d60 358          Catalina_RW_Base
01d60 358          Catalina_Init
01d60 358          Catalina_Data
01d60 358          Catalina_RW_Ends
01d60 358          Catalina_Ends
                   
                   ' Include the appropriate NMM Kernel (to define offsets etc) ...
                   
                   
                   '#line 1 "../../../target_p2/Catalina_NMM_threaded_dynamic.spin2"
                   {{
                   '------------------------------------------------------------------------------
                   ' Catalina_NMM_threaded_dynamic - Implements a multi-threaded dynamically
                   '                                 loadable Native Memory Model Kernel
                   '                                 intended for use by the Catalina Code
                   '                                 Generator backend for LCC
                   '
                   ' Version 3.15 - Initial version.
                   '
                   '
                   ' This file incorporates software derived from:
                   '    Float_32A by Cam Thompson, Micromega Corporation,
                   '              Copyright (c) 2006-2007 Parallax, Inc.
                   '
                   '------------------------------------------------------------------------------
                   '
                   '    Copyright 2009 Ross Higson
                   '
                   '    The portion of this file identified as the LMM Kernel is part of the
                   '    Catalina Target Package.
                   '
                   '    The Catalina Target Package is free software: you can redistribute
                   '    it and/or modify it under the terms of the GNU Lesser General Public
                   '    License as published by the Free Software Foundation, either version
                   '    3 of the License, or (at your option) any later version.
                   '
                   '    The Catalina Target Package is distributed in the hope that it will
                   '    be useful, but WITHOUT ANY WARRANTY; without even the implied warranty
                   '    of MERCHANTABILITY or FITNESS FOR A PARTICULAR PURPOSE.
                   '    See the GNU Lesser General Public License for more details.
                   '
                   '    You should have received a copy of the GNU Lesser General Public
                   '    License along with the Catalina Target Package.  If not, see
                   '    <http:
                   '
                   '------------------------------------------------------------------------------
                   }}
                   
                   
                   
                   
                   
                   CON
                   
                   '#line 1 "../../../target_p2/Catalina_constants.inc"
                   '--------------------------- START OF CONSTANTS -------------------------------
                   
                   
                   
                   ' stop multiple inclusions of constants ...
                   
                   
                   
                   '#line 1 "../../../target_p2/Catalina_platforms.inc"
                   
                   
                   ' stop multiple inclusions of platform constants ...
                   
                   
                   
                   
                   '--------------------------- START OF PLATFORM CONSTANTS ---------------------
                   '
                   CON
                   
                   
                   
                   
                   
                   
                   
                   
                   
                   
                   
                   
                   
                   
                   
                   
                   
                   
                   
                   
                   
                   
                   
                   
                   
                   
                   
                   
                   
                   
                   
                   
                   
                   
                   
                   
                   
                   
                   
                   
                   
                   
                   
                   
                   
                   
                   
                   
                   
                   
                   
                   
                   
                   
                   
                   
                   
                   
                   
                   
                   
                   
                   
                   
                   
                   
                   
                   
                   
                   
                   
                   
                   
                   
                   
                   
                   
                   
                   
                   
                   
                   
                   
                   
                   
                   
                   
                   
                   
                   
                   
                   
                   
                   
                   
                   
                   
                   
                   
                   
                   
                   
                   
                   
                   
                   
                   
                   
                   
                   
                   
                   
                   
                   
                   
                   
                   
                   
                   
                   
                   
                   
                   
                   
                   
                   
                   
                   
                   
                   
                   
                   
                   
                   
                   
                   
                   
                   
                   
                   
                   
                   
                   
                   
                   
                   
                   
                   
                   
                   
                   
                   
                   
                   
                   
                   
                   
                   
                   
                   
                   
                   
                   
                   
                   
                   
                   
                   
                   
                   
                   
                   
                   
                   
                   
                   
                   
                   
                   
                   
                   
                   
                   
                   
                   
                   
                   
                   
                   
                   
                   
                   
                   
                   
                   
                   
                   
                   
                   
                   
                   
                   
                   
                   
                   
                   
                   
                   
                   
                   
                   
                   
                   
                   
                   
                   
                   
                   
                   
                   
                   
                   
                   
                   
                   
                   
                   
                   
                   
                   
                   
                   
                   
                   
                   
                   
                   
                   
                   
                   
                   
                   
                   
                   
                   
                   '---------------- default constants (same as P2_EVAL) -------------------------
                   
                   ' clock configuration constants
                   
                   
                   
                   
                   
                   
                   
                   
                   
                   
                   
                   
                   
                   
                   
                   
                   
                   
                   _XTALFREQ = 20_000_000  ' crystal frequency
                   _XDIV     = 4           '\ crystal divider             to give 5.0MHz
                   _XMUL     = 72          '| crystal / div * mul         to give 360MHz
                   _XDIVP    = 2           '/ crystal / div * mul / divp  to give 180MHz
                   _XOSC     = %01         ' %00=OFF, %01=OSC, %10=15pF, %11=30pF
                   _XSEL     = %11         ' %00=rcfast, %01=rcslow, %10=XI, %11=PLL
                   _XPLL     = 1           ' 0= PLL off, 1=PLL on
                   
                   
                   ' serial constants
                   
                   _RX_PIN    = 63
                   _TX_PIN    = 62
                   _BAUDRATE  = 230400
                   
                   ' BlackCat Debugger I/O constants
                   
                   
                   
                   
                   _BLACKCAT_MODE    = %0000
                   _BLACKCAT_BAUD    = 115200
                   _BLACKCAT_SIZE    = 5*4   ' 5 longs
                   
                   ' SD Card constants
                   
                   _SD_CK     = 61         'pin SD Card clock
                   _SD_CS     = 60         'pin SD Card select
                   _SD_DI     = 59         'pin SD Card MOSI
                   _SD_DO     = 58         'pin SD Card MISO
                   
                   ' 2 Port Serial constants
                   
                   _RX1_PIN   = _RX_PIN
                   _TX1_PIN   = _TX_PIN
                   _RX1_MODE  = %0000_0000_000_0000000000000_00_11111_0 ' async rx mode, true input, input  enabled for smart input
                   _TX1_MODE  = %0000_0000_000_0000000000000_01_11110_0 ' async tx mode, true output, output enabled for smart output
                   _BAUDRATE1 = _BAUDRATE
                   _RX2_PIN   = 50
                   _TX2_PIN   = 52
                   _RX2_MODE  = %0000_0000_000_0000000000000_00_11111_0 ' async rx mode, true input, input  enabled for smart input
                   _TX2_MODE  = %0000_0000_000_0000000000000_01_11110_0 ' async tx mode, true output, output enabled for smart output
                   _BAUDRATE2 = _BAUDRATE
                   
                   ' VGA constants
                   
                   _VGA_BASE_PIN = 32
                   
                   ' USB constants
                   
                   _USB_BASE_PIN = 40
                   
                   ' miscellaneous constants
                   
                   _DEBUG_PIN = 56
                   
                   
                   
                   '--------------------------- END OF PLATFORM CONSTANTS -----------------------
                   
                   
                   
                   '#line 10 "../../../target_p2/Catalina_constants.inc"
                   
                   CON
                   '
                   ' Platform-independent clock configuration constants
                   '
                   _XPPPP    = ((_XDIVP>>1) + 15) & $F  ' 1->15, 2->0, 4->1, 6->2...30->14
                   
                   ' %0000_000e_dddddd_mmmmmmmmmm_pppp_cc_ss  ' set clock oscillator mode
                   
                   ' initial clock mode => enable crystal+PLL, stay in 20MHz+
                   
                   _CLOCKINIT  = _XPLL<<24 + (_XDIV-1)<<18 + (_XMUL-1)<<8 + _XPPPP<<4 + _XOSC<<2 + %00
                   
                   ' wait time => 10ms (@ 20Mhz) for crystal+PLL to stabilize
                   
                   _CLOCKWAIT  = 20000000/100
                   
                   ' final clock mode => switch to PLL
                   
                   _CLOCKMODE  = _XPLL<<24 + (_XDIV-1)<<18 + (_XMUL-1)<<8 + _XPPPP<<4 + _XOSC<<2 +_XSEL
                   
                   ' final clock frequency
                   
                   _CLOCKFREQ  = _XTALFREQ / _XDIV * _XMUL / _XDIVP
                   
                   '
                   ' Plugin types - the Catalina Kernel generally attempts to locate plugins
                   ' by type, not by the cog they happen to be running on. Values up to 127
                   ' and the value 255 are reserved.
                   '
                   ' User plugin types should be in the range 128 .. 254. Note that the LMM
                   ' prefix is historical - the same definitions are used for all program
                   ' types (LMM, EMM, SMM, XMM etc).
                   '
                   LMM_VMM = 0       ' main LMM (single threaded)
                   LMM_HMI = 1       ' HMI Drivers (Kbd/Mouse/Screen)
                   LMM_LIB = 2       ' Utility library
                   LMM_FLA = 3       ' Floating Point Library A
                   LMM_FLB = 4       ' Floating Point Library B
                   LMM_RTC = 5       ' Real-Time Clock
                   LMM_FIL = 6       ' File System
                   LMM_SIO = 7       ' Serial I/O
                   LMM_DUM = 8       ' Dummy Plugin
                   LMM_CGI = 9       ' Graphics Plugin
                   LMM_KBD = 10      ' Keyboard Driver
                   LMM_SCR = 11      ' Screen Driver
                   LMM_MOU = 12      ' Mouse Driver
                   LMM_PRX = 13      ' Proxy Driver
                   LMM_GAM = 14      ' Gamepad Driver
                   LMM_SND = 15      ' Sound Driver
                   LMM_ADC = 16      ' ADC Driver
                   LMM_S4  = 17      ' 4 Port Serial Driver
                   LMM_TTY = 18      ' Full Duplex Serial Driver
                   LMM_VGI = 19      ' Virtual Graphics Plugin
                   LMM_VDB = 20      ' Virtual Double Buffer Support Driver
                   LMM_SPI = 21      ' SPI Support Driver
                   LMM_FLC = 22      ' Floating Point Library C (Propeller 2 only)
                   LMM_S2A = 23      ' 2 Port Serial Driver A (Propeller 2 only)
                   LMM_S2B = 24      ' 2 Port Serial Driver B (Propeller 2 only)
                   LMM_NUL = 255     ' No plugin
                   '
                   ' Notes on the Registry definitions.
                   '
                   ' The Catalina registry provides a place where all plugins can be found,
                   ' and a request block for sending requests to each plugin. The registry
                   ' location must be known to all plugins. To use the registry, each plugin
                   ' finds its own cog number, and then registers by putting its plugin type
                   ' in the top 8 bits of the long at
                   '    long[REGISTRY][cog]
                   ' The bottom 24 bits of that long point to the request block the plugin
                   ' must use to receive requests and return results. A request block of
                   ' two longs is automatically created for each plugin, but plugins that
                   ' need more are free to allocate their own. However, all request blocks
                   ' must be at least two longs - the first long is the request, which may
                   ' be a 'short' request (if the request and all its parameters can fit
                   ' into a single long, or the address of a 'long' parameter block that
                   ' is allocated elsewhere in Hub RAM. Note that all requests are plugin
                   ' specific, and each plugin only typically knows how to interpret its
                   ' own requests. When complete, the plugin zeroes the first long of the
                   ' request block, and may either return the result in the second long
                   ' of the request block (typical for ' short' requests, but also used
                   ' for some 'long' requests), or in the 'long' parameter block.
                   ' Below the cog-oriented registry is a service-oriented registry. Each
                   ' Service is allocated a word, and services go from 1 to SVC_MAX (i.e.
                   ' there is no service 0). The details of the service can be found in
                   ' the word at
                   '    word[REGISTRY][-service]
                   ' The top 4 bits of the word are the cog number (top bit of the 4 bits
                   ' set if not used), the next lower 4 bits are a lock number (top bit of
                   ' the 4 set if not required) and the lower 8 bits are the request number
                   ' to send to the cog to request the service.
                   '
                   ' Predefined Service Numbers (and the internal plugin types and requests):
                   '
                   SVC_FLOAT_ADD    = 1  ' LMM_FLA 1
                   SVC_FLOAT_SUB    = 2  ' LMM_FLA 2
                   SVC_FLOAT_MUL    = 3  ' LMM_FLA 3
                   SVC_FLOAT_DIV    = 4  ' LMM_FLA 4
                   SVC_FLOAT_FLOAT  = 5  ' LMM_FLA 5
                   SVC_FLOAT_TRUNC  = 6  ' LMM_FLA 6
                   SVC_FLOAT_RND    = 7  ' LMM_FLA 7
                   SVC_FLOAT_SQR    = 8  ' LMM_FLA 8
                   SVC_FLOAT_CMP    = 9  ' LMM_FLA 9
                   SVC_K_PRESENT    = 10 ' LMM_HMI 1
                   SVC_K_GET        = 11 ' LMM_HMI 2
                   SVC_K_WAIT       = 12 ' LMM_HMI 3
                   SVC_K_NEW        = 13 ' LMM_HMI 4
                   SVC_K_READY      = 14 ' LMM_HMI 5
                   SVC_K_CLEAR      = 15 ' LMM_HMI 6
                   SVC_K_STATE      = 16 ' LMM_HMI 7
                   SVC_M_PRESENT    = 17 ' LMM_HMI 11
                   SVC_M_BUTTON     = 18 ' LMM_HMI 12
                   SVC_M_BUTTONS    = 19 ' LMM_HMI 13
                   SVC_M_ABS_X      = 20 ' LMM_HMI 14
                   SVC_M_ABS_Y      = 21 ' LMM_HMI 15
                   SVC_M_ABS_Z      = 22 ' LMM_HMI 16
                   SVC_M_DELTA_X    = 23 ' LMM_HMI 17
                   SVC_M_DELTA_Y    = 24 ' LMM_HMI 18
                   SVC_M_DELTA_Z    = 25 ' LMM_HMI 19
                   SVC_M_RESET      = 26 ' LMM_HMI 20
                   SVC_T_GEOMETRY   = 27 ' LMM_HMI 21
                   SVC_T_CHAR       = 28 ' LMM_HMI 22
                   SVC_T_STRING     = 29 ' LMM_HMI 23
                   SVC_T_INT        = 30 ' LMM_HMI 24
                   SVC_T_UNSIGNED   = 31 ' LMM_HMI 25
                   SVC_T_HEX        = 32 ' LMM_HMI 26
                   SVC_T_BIN        = 33 ' LMM_HMI 27
                   SVC_T_SETPOS     = 34 ' LMM_HMI 28
                   SVC_T_GETPOS     = 35 ' LMM_HMI 29
                   SVC_T_MODE       = 36 ' LMM_HMI 30
                   SVC_T_SCROLL     = 37 ' LMM_HMI 31
                   SVC_T_COLOR      = 38 ' LMM_HMI 32
                   SVC_SD_INIT      = 39 ' LMM_FIL 1
                   SVC_SD_READ      = 40 ' LMM_FIL 2
                   SVC_SD_WRITE     = 41 ' LMM_FIL 3
                   SVC_SD_BYTEIO    = 42 ' LMM_FIL 4
                   SVC_SD_STOPIO    = 43 ' LMM_FIL 5
                   SVC_RTC_DEBUG    = 44 ' LMM_RTC 10 or RTC_FIL 10
                   SVC_RTC_SETFREQ  = 45 ' LMM_RTC 6 or RTC_FIL 6
                   SVC_RTC_GETCLOCK = 46 ' LMM_RTC 7 or RTC_FIL 7
                   SVC_RTC_SETTIME  = 47 ' LMM_RTC 8 or RTC_FIL 8
                   SVC_RTC_GETTIME  = 48 ' LMM_RTC 9 or RTC_FIL 9
                   SVC_FLOAT_SIN    = 49 ' LMM_FLA 10
                   SVC_FLOAT_COS    = 50 ' LMM_FLA 11
                   SVC_FLOAT_TAN    = 51 ' LMM_FLA 12
                   SVC_FLOAT_LOG    = 52 ' LMM_FLA 13
                   SVC_FLOAT_LOG10  = 53 ' LMM_FLA 14
                   SVC_FLOAT_EXP    = 54 ' LMM_FLA 15
                   SVC_FLOAT_EXP10  = 55 ' LMM_FLA 16
                   SVC_FLOAT_POW    = 56 ' LMM_FLA 17
                   SVC_FLOAT_FRAC   = 57 ' LMM_FLA 18
                   SVC_FLOAT_FMOD   = 58 ' LMM_FLB 19
                   SVC_FLOAT_ASIN   = 59 ' LMM_FLB 20
                   SVC_FLOAT_ACOS   = 60 ' LMM_FLB 21
                   SVC_FLOAT_ATAN   = 61 ' LMM_FLB 22
                   SVC_FLOAT_ATAN2  = 62 ' LMM_FLB 23
                   SVC_FLOAT_FLOOR  = 63 ' LMM_FLB 24
                   SVC_FLOAT_CEIL   = 64 ' LMM_FLB 25
                   SVC_T_COLOR_FG   = 65 ' LMM_HMI 33
                   SVC_T_COLOR_BG   = 66 ' LMM_HMI 34
                   '
                   SVC_RESERVED     = 80 ' Services 1..80 reserved for Catalina
                   
                   ' Floating point constants
                   
                   pi = 3.141592654
                   
                   FAddCmd       = 1 << 24       ' Implemented in Float32_A and Float32_B
                   FSubCmd       = 2 << 24       ' Implemented in Float32_A and Float32_B
                   FMulCmd       = 3 << 24       ' Implemented in Float32_A and Float32_B
                   FDivCmd       = 4 << 24       ' Implemented in Float32_A and Float32_B
                   FFloatCmd     = 5 << 24       ' Implemented in Float32_A and Float32_B
                   FTruncCmd     = 6 << 24       ' Implemented in Float32_A and Float32_B
                   FRoundCmd     = 7 << 24       ' Implemented in Float32_A and Float32_B
                   FSqrCmd       = 8 << 24       ' Implemented in Float32_A and Float32_B
                   FCmpCmd       = 9 << 24       ' Implemented in Float32_A and Float32_B
                   
                   SinCmd        = 10 << 24      ' Implemented in Float32_A
                   CosCmd        = 11 << 24      ' Implemented in Float32_A
                   TanCmd        = 12 << 24      ' Implemented in Float32_A
                   LogCmd        = 13 << 24      ' Implemented in Float32_A
                   Log10Cmd      = 14 << 24      ' Implemented in Float32_A
                   ExpCmd        = 15 << 24      ' Implemented in Float32_A
                   Exp10Cmd      = 16 << 24      ' Implemented in Float32_A
                   PowCmd        = 17 << 24      ' Implemented in Float32_A
                   FracCmd       = 18 << 24      ' Implemented in Float32_A
                   
                   FModCmd       = 19 << 24      ' Implemented in Float32_B
                   ASinCmd       = 20 << 24      ' Implemented in Float32_B
                   ACosCmd       = 21 << 24      ' Implemented in Float32_B
                   ATanCmd       = 22 << 24      ' Implemented in Float32_B
                   ATan2Cmd      = 23 << 24      ' Implemented in Float32_B
                   FloorCmd      = 24 << 24      ' Implemented in Float32_B
                   CeilCmd       = 25 << 24      ' Implemented in Float32_B
                   
                   SignFlag      = $1
                   ZeroFlag      = $2
                   NaNFlag       = $8
                   
                   ' CogStore constants
                   
                   MAX_LONGS  = 300                ' store up to 300 LONGS (1200 chars)
                   
                   CMD_READ   = $1000_0000         ' copy Hub to Cog (address in lower 24 bits)
                                                   ' COGSTORE set to zero when complete
                   
                   CMD_WRITE  = $2000_0000         ' copy Cog to Hub (address in lower 24 bits)
                                                   ' COGSTORE set to zero when complete
                   
                   CMD_SIZE   = $3000_0000         ' return size of stored data (in LONGs) - set
                                                   ' lower 24 bits to $FFFFFF on call - lower 24
                                                   ' bits (set to size when complete)
                   
                   CMD_SETUP  = $4000_0000         ' setup argc and argv array with the stored
                                                   ' data (set to zero when complete)
                   
                   CMD_STOP   = $5000_0000         ' stop the CogStore cog.
                   
                   CMD_RESPONSE = $FEED_FACE       ' COGSTORE set to this on any other command
                   
                   STORE_COG    = 7                ' Catalina CogStore will use this cog
                   LAST_COG     = 6                ' Last cog to be restarted is 6
                   QUOTE_CHAR = $22
                   
                   '------------------------------- HUB CONSTANTS -------------------------------
                   '
                   CON
                   '
                   ' Maximum number of cogs (note that this 1 may not have them all!)
                   '
                   MAX_COGS   = 16
                   
                   ' HUB RAM Definitions
                   '
                   '   (make sure these are the same in all targets)
                   '
                   ' Size of Service array (if this changes, the Hub Layout below must change
                   ' as well):
                   '
                   SVC_MAX    = 96                ' must be a multiple of 2
                   '
                   ' Size of ARGV array (if this changes, the Hub Layout below must change
                   '  as well):
                   '
                   ARGV_MAX   = 24                ' maximum size (LONGs) of argv array
                   '
                   ' Base Address for all hub programs (on the 1 this is genrally zero)
                   '
                   BASE_ADDR  = $00000
                   '
                   ' Useable Hub RAM (The 1 has 512Kb but the top 16Kb hold a copy of the boot ROM)
                   '
                   HUB_SIZE   = $7C000            ' the last 16K contain a copy of the boot ROM.
                   '
                   FREE_MEM   = HUB_SIZE-4                               ' $7BFFC the FREE_MEM pointer
                   '
                   ' <<< ALLOCATE OTHER RESERVED HUB LOCATIONS DOWN FROM HERE >>>
                   '
                   COGSTORE        = FREE_MEM - 4                        ' $7BFF8 CHECK Catalyst_Arguments.spin
                   XMM_CACHE_RSP   = COGSTORE - 4                        ' $7BFF4
                   XMM_CACHE_CMD   = XMM_CACHE_RSP - 4                   ' $7BFF0
                   REGISTRY        = XMM_CACHE_CMD - MAX_COGS*4          ' $7BFB0 CHECK registry.e
                   REQUESTS        = REGISTRY - 2*SVC_MAX - MAX_COGS*4*2 ' $7BE70 CHECK request_status.e
                   ARGV_0          = REQUESTS - ARGV_MAX*4               ' $7BE10 CHECK Catalyst_Arguments.spin2
                   ARGV_ADDR       = ARGV_0 - 4                          ' $7BE0C CHECK Catalyst_Arguments.spin2
                   ARGC_ADDR       = ARGV_ADDR - 4                       ' $7BE08 CHECK Catalyst_Arguments.spin2, blackbox_comms.c, catalina_default.s, catalina_blackcat.s (all targets)
                   DEBUG_FLAG      = ARGC_ADDR - 16                      ' $7BDF8 CHECK blackbox_comms.c, BlackCat_DebugCog.spin2 & catalina_blackcat.s (all targets)
                   DEBUG_IN        = DEBUG_FLAG - 4                      ' $7BDF4 CHECK blackbox_comms.c, BlackCat_DebugCog.spin2 & catalina_blackcat.s (all targets)
                   DEBUG_OUT       = DEBUG_IN - 4                        ' $7BDF0 CHECK blackbox_comms.c, BlackCat_DebugCog.spin2 & catalina_blackcat.s (all targets)
                   DEBUG_ADDR      = DEBUG_OUT - 4                       ' $7BDEC CHECK blackbox_comms.c, BlackCat_DebugCog.spin2 & catalina_blackcat.s (all targets)
                   DEBUG_BREAK     = DEBUG_ADDR - 4                      ' $7BDE8 CHECK blackbox_comms.c, BlackCat_DebugCog.spin2 & catalina_blackcat.s (all targets)
                   PROXY_XFER      = DEBUG_BREAK - 4                     ' $7BDE4
                   CGI_DATA        = PROXY_XFER - 4                      ' $7BDE0 CHECK cgi_data.e
                   '
                   HUB_TOP         = CGI_DATA                            ' used to initialize FREE_MEM
                   '
                   ' For loading programs from SD card, the key decision is how large a program
                   ' we want to be able to load, because the larger the program, the more Hub RAM
                   ' space it takes to store the cluster list for it. The following calculations
                   ' determine how much Hub RAM space to allocate for a particular load size,
                   ' assuming FAT32 is in use and we have a cluster size of 32768 (note that
                   ' smaller clusters will result in correspondingly smaller load sizes):
                   '
                   MAX_LOAD_SIZE  = 4194304                       ' we want 4MB loads (2^22 bytes)
                                                                  ' (if this is changed, check catalyst.h
                                                                  ' and Catalina_SD_Loader.spin)
                   MAX_CLUS_SIZE  = 32768                         ' assumed cluster size (2^15 bytes)
                   MAX_FLIST_SIZE = MAX_LOAD_SIZE/MAX_CLUS_SIZE   ' number of entries in cluster list (2^7)
                   '
                   FLIST_LOG2     = 9                             ' LOG (Base 2) of sector size
                   FLIST_SSIZ     = 1<<FLIST_LOG2                 ' size of sector
                   '
                   ' Now resume defining Loadtime Hub Layout (note overlap with registry!!!):
                   '
                   FLIST_ADDRESS  = ARGC_ADDR - (4*MAX_FLIST_SIZE)     ' $7BC08 check catalyst.h
                   FLIST_BUFF     = FLIST_ADDRESS - FLIST_SSIZ         ' $7BA08 check catalyst.h
                   FLIST_SIOB     = FLIST_BUFF - 68                    ' $7B9C4 check catalyst.h
                   FLIST_XFER     = FLIST_SIOB - 12                    ' $7B9B8 check catalyst.h
                   FLIST_SECT     = FLIST_XFER - 4                     ' $7B9B4 check catalyst.h
                   FLIST_SHFT     = FLIST_SECT - 4                     ' $7B9B0 check catalyst.h
                   FLIST_FSIZ     = FLIST_SHFT - 4                     ' $7B9AC check catalyst.h
                   FLIST_PSTK     = FLIST_FSIZ - 4                     ' $7B9A8 check catalyst.h
                   FLIST_PREG     = FLIST_PSTK - 4                     ' $7B9A4 check catalyst.h
                   
                   
                   '--------------------------- END OF CONSTANTS ---------------------------------
                   
                   
                   
                   '#line 46 "../../../target_p2/Catalina_NMM_threaded_dynamic.spin2"
                   
                   ' PRIMITIVE - defines how to invoke primitives for this kernel
                   '             For example: PRIMITIVE(#NEWF)
                   
                   
                   
                   
                   
                   ' NO_INTERRUPTS - note that we CANNOT use SKIPF (which is enabled by the
                   '                 symbol NO_INTERRUPTS) in either the dynamic or threaded
                   '                 NMM kernels - either because they need interrupts themselves,
                   '                 or because because we cannot guarantee they will not be used
                   '                 in programs that use interrupts.  We cannot check even check
                   '                 for this this at compile time, because these kernels are
                   '                 precompiled into the library. So we must simply avoid SKIPF.
                   
                   ' FAST_SAVE_RESTORE - if defined, we use fast block moves to save and restore
                   '                     multiple registers. This improves speed, but uses more
                   '                     stack space. Can be defined here, but not on the
                   '                     command-line for programs that use multiple cogs.
                   '                     Note that if you change this option, you also need
                   '                     to change it in the non-dynamic threaded kernel, and
                   '                     recompile the library.
                   '
                   '#ifndef FAST_SAVE_RESTORE
                   '#define FAST_SAVE_RESTORE
                   '#endif
                   
                   '--------------------- Start of NMM Dynamic Kernel ----------------------------
                   
                   DAT
                   
01d60 000                  org 0
                   
                   ' the first $54 longs must be in the same place in all NMM kernels, to
                   ' allow for the separate compilation of code that uses these locations
                   
01d60 000 fd900108 INIT    jmp #nmm_init          '$00 ' CAN ONLY BE CALLED ONCE !!!
01d64 001 fd9001fc PSHB    jmp #push_b            '$01
01d68 002 fd90021c CPYB    jmp #copy_b            '$02
01d6c 003 fd900250 NEWF    jmp #new_fp            '$03
01d70 004 fd900264 RETF    jmp #fp_ret            '$04
01d74 005 fd900278 CALA    jmp #f_call            '$05
01d78 006 fd900264 RETN    jmp #f_ret             '$06
01d7c 007 fd90027c CALI    jmp #f_cali            '$07
01d80 008 fd90028c DIVS    jmp #f_d32s            '$08
01d84 009 fd900294 SYSP    jmp #plugin            '$09
01d88 00a fd9003c8 FADD    jmp #flt_add           '$0a
01d8c 00b fd9003c0 FSUB    jmp #flt_sub           '$0b
01d90 00c fd900418 FMUL    jmp #flt_mul           '$0c
01d94 00d fd900460 FDIV    jmp #flt_div           '$0d
01d98 00e fd900500 FCMP    jmp #flt_cmp           '$0e
01d9c 00f fd900488 FLIN    jmp #flt_int           '$0f
01da0 010 fd9004b8 INFL    jmp #int_flt           '$10
01da4 011 fd90015c PSHM    jmp #push_m            '$11
01da8 012 fd900190 POPM    jmp #pop_m             '$12
01dac 013 fd900130 PSHF    jmp #push_i            '$13
                   
01db0 014 00000000 RI      long 0                 '$14
01db4 015 00000000 BC      long 0                 '$15
                   
01db8 016 00000000 r0      long 0                 '$16
01dbc 017 00000000 r1      long 0                 '$17
01dc0 018 00000000 r2      long 0                 '$18
01dc4 019 00000000 r3      long 0                 '$19
01dc8 01a 00000000 r4      long 0                 '$1a
                   
01dcc 01b          _Thread_init
01dcc 01b fb043361 r5      rdlong  r3,PTRA++      '$1b load argc
01dd0 01c fb043161 r6      rdlong  r2,PTRA++      '$1c load argv
01dd4 01d fb042d61 r7      rdlong  r0,PTRA++      '$1d load return address
01dd8 01e f184340c r8      sub     r4,#12         '$1e allow space for spilled arguments
01ddc 01f fc602c1a r9      wrlong  r0,r4          '$1f set up return address
01de0 020 f6042c00 r10     mov     r0,#0          '$20 zero ...
01de4 021 fc602c38 r11     wrlong  r0,req         '$21 ... our request block
01de8 022 f1843404 r12     sub     r4,#4          '$22 top of stack will be first thread block
01dec 023 fd607401 r13     cogid   t1             '$23 set up ...
01df0 024 f0647408 r14     shl     t1,#8          '$24 ... affinity, flags ...
01df4 025 fc60741a r15     wrlong  t1,r4          '$25 ... and set ticks to zero
01df8 026 f1843484 r16     sub     r4,#33*4       '$26 point to begining of thread block
01dfc 027 fc60341a r17     wrlong  r4,r4          '$27 make thread block point to itself
01e00 028 f603d01a r18     mov     TP,r4          '$28 make thread block the current thread
01e04 029 f607e0b2 r19     mov     ijmp3,#NMM_isr '$29 set int3 vector
01e08 02a fd60801a r20     getct   ct3            '$2a set initial ct3 target
01e0c 02b fa7081e7 r21     addct3  ct3,ticks      '$2b (interrupt will do nothing till TP set)
01e10 02c fd640627 r22     setint3 #3             '$2c set int3 for ct-passed-ct3 event
01e14 02d fd64002d r23     ret                    '$2d
                   
01e18 02e 00000000 Save_PC long  0                '$2e
01e1c 02f 00000000 Save_FP long  0                '$2f
01e20 030 00000000 Save_SP long  0                '$30
01e24 031 00000000 Save_PA long  0                '$31
                   
01e28 032 80000000 Bit31   long  $80000000        '$32
01e2c 033 ffffffff all_1s  long  $ffffffff        '$33
01e30 034 000000ff cviu_m1 long  $000000ff        '$34
01e34 035 0000ffff cviu_m2 long  $0000ffff        '$35
01e38 036 ff000000 top8    long  $ff000000        '$36 top 8 bits bitmask
01e3c 037 00ffffff low24   long  $00ffffff        '$37 low 24 bits bitmask
                   
01e40 038 00000000 req     long  0                '$38 request block address
01e44 039 00000000 reg     long  0                '$39 registry address
                   
01e48 03a 00000000 t1      long  0                '$3a
01e4c 03b 00000000 t2      long  0                '$3b
01e50 03c 00000000 t3      long  0                '$3c
01e54 03d 00000000 t4      long  0                '$3d
                   
01e58 03e 00000000 ct1     long  0                '$3e
01e5c 03f 00000000 ct2     long  0                '$3f
01e60 040 00000000 ct3     long  0                '$40
                   
                   
01e64 041 00000000 DBG1    long  0                '$41 ' debugger opAddr
01e68 042 00000000 DBG2    long  0                '$42 ' debugger temp
                   
                   ' nmm_init : initialize VM - note that this code must be at least 17 longs
                   '            to make various offsets match the main kernel, where this
                   '            code may be overlaid by 19 longs of debug code once
                   '            initialization is complete - eventually, the same may be
                   '            true of this kernel as well.
                   
01e6c 043          DEBUG_OVERLAY
01e6c 043          nmm_init
01e6c 043 fb047361         rdlong  reg,PTRA++     '$43  1 load registry address (used later)
01e70 044 fd603001         cogid   r2             '$44  2 register ...
01e74 045 f0643002         shl     r2,#2          '$45  3 ... ourselves ...
01e78 046 f1003039         add     r2,reg         '$46  4 ... as ...
01e7c 047 fb007018         rdlong  req,r2         '$47  5 ... a ...
01e80 048 f5007037         and     req,low24      '$48  6 ... new ...
01e84 049 fc607018         wrlong  req,r2         '$49  7  kernel
01e88 04a fb042f61         rdlong  r1,PTRA++      '$4a  8 load initial PC (to r1 temporarily)
01e8c 04b fb043561         rdlong  r4,PTRA++      '$4b  9 load initial SP (to r4 temporarily)
01e90 04c fb042d61         rdlong  r0,PTRA++      '$4c 10 load initial LUT library size (-1)
01e94 04d fb043161         rdlong  r2,PTRA++      '$4d 11 load initial LUT library address
01e98 04e fd602c29         setq2   r0             '$4e 12 copy lut library ...
01e9c 04f fb020018         rdlong  $100,r2        '$4f 13 ... to LUT RAM, starting at $100
01ea0 050 fdbfff28         call    #_Thread_init  '$50 14 set up initial thread
01ea4 051 f603f01a         mov     PTRA,r4        '$51 15 set up correct SP
01ea8 052 fd602e2c         jmp     r1             '$52 16 we can now start executing Native code
01eac 053 00000000         long    0              '$53 17
01eb0 054 00000000         long    0              '$54 18
01eb4 055 00000000         long    0              '$55 19
01eb8 056 00000000         long    0              '$56 20
01ebc 057 00000000         long    0              '$57 21
01ec0 058 00000000         long    0              '$58 22
01ec4 059 00000000         long    0              '$59 23
01ec8 05a 00000000         long    0              '$5a 24
01ecc 05b 00000000         long    0              '$5b 25
01ed0 05c 00000000         long    0              '$5c 26
01ed4 05d 00000000         long    0              '$5d 27
01ed8 05e 00000000         long    0              '$5e 28
01edc 05f 00000000         long    0              '$5f 29
                   '
                   ' push_i - push a value whose address is specified indirectly in a
                   '          frame variable onto the stack
                   '
01ee0 060          push_i
01ee0 060 fd604224        stalli               ' disable interrupts
01ee4 061 fb0029f6        rdlong RI,PA         ' load the long value
01ee8 062 f14029f9        adds   RI,PTRB       ' add the frame pointer
01eec 063          push_x
01eec 063 fd604224        stalli               ' disable interrupts
01ef0 064 fb002814        rdlong RI,RI         ' read the value at that address
01ef4 065 fc64295f        wrlong RI,--PTRA     ' save value on stack
01ef8 066 f107ec04        add    PA,#4         ' increment PC ...
01efc 067          returni
01efc 067 fd604024        allowi               ' ... enable interrupts ...
01f00 068 fd63ec2c        jmp    PA            ' ... and return
                   
                   '
                   ' push_m - push many registers (specified by long at PC) onto the stack,
                   ' decrementing the SP (PTRA) before each one
                   '
01f04 069          push_m
01f04 069 fd604224        stalli               ' disable interrupts
                   
                   
                   
                   
                   
                   
01f08 06a fb0029f6        rdlong RI,PA         ' load the long value specifying registers to push
01f0c 06b f6007414        mov    t1,RI         ' save register specification for later
01f10 06c f0442806        shr    RI,#6         ' ignore registers r0 - r5 (never saved)
01f14 06d f604781c        mov    t3,#r6        ' start with r6
01f18 06e          push_nxt
01f18 06e f05c2801        shr    RI,#1 wcz     ' save rX?
01f1c 06f c98c7800  if_c  altd   t3            ' yes - decrement SP ...
01f20 070 cc64015f  if_c  wrlong 0-0,--PTRA    ' ... and save the register
01f24 071 f1047801        add    t3,#1         ' point to next register
01f28 072 5d9fffec  if_nz jmp    #push_nxt     ' continue till all registers saved
01f2c 073 fc64755f        wrlong t1,--PTRA     ' save register specification
                   
01f30 074 f107ec04        add    PA,#4         ' increment PC ...
01f34 075 fd9fffc4        jmp    #returni      ' ... and return
                   
01f38 076 0003ffff Bits18 long   %0000_0000_0000_0011_1111_1111_1111_1111
                   
                   '
                   ' pop_m - pop many registers (specified by the long on top of stack)
                   ' from the stack, incremening the SP after each one
                   '
01f3c 077          pop_m
01f3c 077 fd604224        stalli               ' disable interrupts
                   
                   
                   
                   
                   
                   
01f40 078 fb042961        rdlong RI,PTRA++     ' pop the long value specifying registers to pop
01f44 079 f604762d        mov    t2,#r23       ' start with ...
01f48 07a f0642808        shl    RI,#(32-24)   ' ... r23
01f4c 07b          pop_nxt
01f4c 07b f07c2801        shl    RI,#1 wcz     ' load rX?
01f50 07c c98c7600  if_c  altd   t2            ' yes - load the register ...
01f54 07d cb040161  if_c  rdlong 0-0,PTRA++    ' ... and increment the stack pointer
01f58 07e 51847601  if_nz sub    t2,#1         ' if more to do, point to previous register ...
01f5c 07f 5d9fffec  if_nz jmp    #pop_nxt      ' ... and continue till all registers popped
                   
01f60 080 fd9fff98        jmp    #returni
                   
                   '
                   ' push_b - push a structure (size in bytes at the PC) pointed to by R0
                   '          onto the stack, decrementing the SP (PTRA). Note that the source
                   '          and destination data MUST be long aligned - but this is true
                   '          for all normal structures.
                   '
01f64 081          push_b
01f64 081 fd604224        stalli               ' disable interrupts
01f68 082 fb002bf6        rdlong BC,PA         ' load the byte count
01f6c 083 f107ec04        add    PA,#4         ' increment the PC
01f70 084 f1042a03        add    BC,#3         ' round up BC ...
01f74 085 f5242a03        andn   BC,#3         ' ... to be a multiple of 4
01f78 086 f183f015        sub    PTRA,BC       ' decrement SP (PTRA) by rounded up size
01f7c 087 f6007416        mov    t1,R0         ' source is in R0
01f80 088 f60077f8        mov    t2,PTRA       ' destination is SP (PTRA)
01f84 089 fd90001c        jmp    #copy_longs   ' do the copy
                   '
                   ' copy_b - copy a structure (size in bytes at the PC)
                   '          from the address in R1 to the address in R0
                   '
01f88 08a          copy_b
01f88 08a fd604224        stalli               ' disable interrupts
01f8c 08b fb002bf6        rdlong BC,PA         ' load the byte count
01f90 08c f107ec04        add    PA,#4         ' increment the PC
01f94 08d f1042a03        add    BC,#3         ' round up BC ...
01f98 08e f5242a03        andn   BC,#3         ' ... to be a multiple of 4
01f9c 08f f6007417        mov    t1,R1         ' source is in R1
01fa0 090 f6007616        mov    t2,R0         ' destination is in R0
                   '
01fa4 091          copy_longs
01fa4 091 f0442a02        shr    BC,#2         ' number of times to repeat
01fa8 092 fcd80815        rep    #4,BC         ' repeat the next 4 instructions BC times
01fac 093 fb00783a        rdlong t3,t1         ' read from src to t3
01fb0 094 fc60783b        wrlong t3,t2         ' write t3 to dst
01fb4 095 f1047404        add    t1,#4         ' increment source
01fb8 096 f1047604        add    t2,#4         ' increment destination
01fbc 097 fd9fff3c        jmp    #returni
                   '
                   ' new_fp - save current frame pointer and set up a new frame pointer
                   ' also calculate what SP (PTRA) was before data was pushed and save it in BC
                   '
01fc0 098          new_fp
01fc0 098 fd604224        stalli
01fc4 099 fc67f35f        wrlong PTRB,--PTRA   ' save FP (PTRB) to stack
01fc8 09a f603f3f8        mov    PTRB,PTRA     ' set up new FP (PTRB)
01fcc 09b f1042a08        add    BC,#8         ' calculate what SP (PTRA) was ...
01fd0 09c f1002bf9        add    BC,PTRB       ' ... before arguments were pushed
01fd4 09d fd9fff24        jmp    #returni
                   '
                   ' fp_ret - pop current frame, restore previous frame and stack pointers,
                   '          then restore the previous program counter
                   '
                   ' f_ret -  just restore the previous program counter
                   '
01fd8 09e          fp_ret
01fd8 09e fd604224        stalli               ' disable interrupts
01fdc 09f fb07f361        rdlong PTRB,PTRA++   ' restore previous FP (PTRB)
01fe0 0a0          f_ret
01fe0 0a0 fd604224        stalli               ' disable interrupts
01fe4 0a1 fb07ed00        rdlong PA,PTRA       ' read the PC
01fe8 0a2 f107f008        add    PTRA,#8       ' increment the SP (PTRA)
01fec 0a3 fd9fff0c        jmp    #returni
                   '
                   ' f_call - call the routine at the address pointed to by the PC
                   ' f_cali - call the routine whose address is in RI
                   '
01ff0 0a4          f_call
01ff0 0a4 fd604224        stalli               ' disable interrupts
01ff4 0a5 fb0029f6        rdlong RI,PA         ' get the address to call
01ff8 0a6 f107ec04        add    PA,#4         ' increment the PC (this is the return address)
01ffc 0a7          f_cali
01ffc 0a7 fd604224        stalli               ' disable interrupts
02000 0a8 f187f008        sub    PTRA,#8       ' decrement the SP (PTRA)
02004 0a9 fc67ed00        wrlong PA,PTRA       ' save current PC to stack
02008 0aa fd604024        allowi               ' enable interrupts
0200c 0ab fd60282c        jmp    RI            ' execute next instruction
                   
                   'fd_32s - Signed 32 bit division
                   '         Divisor --> r1
                   '         Dividend--> r0
                   '         Result --> Quotient in r0
                   '                    Remainder in r1
                   
02010 0ac          f_d32s
02010 0ac fd604224        stalli               ' disable interrupts
02014 0ad fda00303        call   #\signed_d32  ' perform signed division
02018 0ae fd9ffee0        jmp    #returni
                   
                   ' plugin - call a plugin
                   ' On entry:
                   '       R3 = code:
                   '            - cog id if >= 128 (i.e. $80 + cog id)
                   '            - plugin type if < 128 (i.e. 0 .. 127)
                   '            - service id if < 0
                   '       R2 = data (optional pointer)
                   '
                   ' NOTES: Locks are currently only supported when invoking via a service id.
                   '        When using service id, the data should only use the lower 24 bits.
                   '
                   ' On exit:
                   '       R0 = result
                   
0201c 0af          plugin
0201c 0af fd604224        stalli               ' disable interrupts
02020 0b0 fda0030d        call   #\do_plugin   ' do_plugin does all the work
02024 0b1 fd9ffed4        jmp    #returni
                   
                   '-------------------------- Multi-Threading Support ----------------------------
                   
02028 0b2          NMM_isr
02028 0b2 fd604224         stalli
0202c 0b3 f6047a01         mov     t4,#1           ' flag to update ct3 before returning
02030 0b4 f43bd5e9         bith    lockbits,lock wcz    ' have we acquired ...
02034 0b5 5d73d206  if_nz  locktry lock wc              ' ... both intra-cog and inter-cog locks?
02038 0b6 1403d5e9  if_nc_and_nz  bitl lockbits,lock    ' true = if_c_and_nz, false = if_nc_or_z
0203c 0b7 bd900084  if_nc_or_z  jmp #NMM_resume    ' no - cannot switch - restore C & Z and resume
02040 0b8 fb0877e8         rdlong  t2, TP wz       ' yes - is there a next thread block pointer?
02044 0b9 ad900074  if_z   jmp     #NMM_unlock     ' no - unlock and resume
02048 0ba fb087438         rdlong  t1, req wz      ' yes - is there an affinity request oustanding?
0204c 0bb 5d9000a0  if_nz  jmp     #NMM_affine     ' yes - service it
02050 0bc f20877e8         cmp     t2, TP wz       ' no - is there only one thread executing?
02054 0bd ad900064  if_z   jmp     #NMM_unlock     ' yes - unlock and resume
02058 0be          NMM_switch
02058 0be f600783b         mov     t3, t2          ' no - get ...
0205c 0bf f1047885         add     t3, #33*4+1     ' ... affinity byte
02060 0c0 fac0743c         rdbyte  t1, t3          ' ... of proposed next thread
02064 0c1 f7cc74e0         test    t1, #%11100000 wz ' affinity stop, or thread terminated or completed?
02068 0c2 ad900010   if_z  jmp     #:next          ' no - switch to next thread
0206c 0c3 f5447480         or      t1, #%10000000  ' yes - make sure ...
02070 0c4 fc40743c         wrbyte  t1, t3          ' ... thread terminated bit of next thread is set
02074 0c5 fb00763b         rdlong  t2, t2          ' remove next thread ...
02078 0c6 fc6077e8         wrlong  t2, TP          ' ... from the executing thread list
0207c 0c7 f60075e8 :next   mov     t1, TP          ' point to ...
02080 0c8 f1047404         add     t1, #4          ' ... current thread register save area
02084 0c9 f6005df1         mov     Save_PC,iret3   ' Save PC and flags
02088 0ca f60063f6         mov     Save_PA,PA      ' Save PA
0208c 0cb f6005ff9         mov     Save_FP,FP      ' Save FP
02090 0cc f60061f8         mov     Save_SP,SP      ' Save SP
02094 0cd fd643a28         setq    #30-1           ' save 30 registers ...
02098 0ce fc60283a         wrlong  RI,t1           ' ... to register save area
0209c 0cf f603d03b         mov     TP, t2          ' set TP to next thread block
020a0 0d0 f1047604         add     t2, #4          ' point to that thread's register save area
020a4 0d1 fd643a28         setq    #30-1           ' load 30 registers ...
020a8 0d2 fb00283b         rdlong  RI,t2           ' ... from register save area
020ac 0d3 f603f030         mov     SP,Save_SP      ' restore SP
020b0 0d4 f603f22f         mov     FP,Save_FP      ' restore FP
020b4 0d5 f603ec31         mov     PA,Save_PA      ' restore PA
020b8 0d6 f603e22e         mov     iret3,Save_PC   ' restore PC and flags
020bc 0d7          NMM_unlock
020bc 0d7 fd63d207         lockrel lock                 ' release inter-cog lock
020c0 0d8 f403d5e9         bitl    lockbits,lock        ' release intra-cog lock
020c4 0d9          NMM_resume
020c4 0d9 fb947a08         tjz     t4,#NMM_resume2
020c8 0da f60075e8         mov     t1,TP           ' up date ticks ...
020cc 0db f1047486         add     t1,#33*4+2      ' ... with ticks ...
020d0 0dc fae3ce3a         rdword  ticks,t1        ' ... for current thread ...
020d4 0dd ff00001f         and     t1,##%11111111111111
020d8 0de f50475ff 
020dc 0df f107ce01         add     ticks,#1
020e0 0e0 f067ce0e         shl     ticks,#14       ' ... corrected for faster 1 !
020e4 0e1 fa7081e7         addct3  ct3,ticks       ' update ct3 target for next interrupt
020e8 0e2          NMM_resume2
020e8 0e2 fd604024         allowi
020ec 0e3 fb3bfff1         reti3                   ' resume execution
020f0 0e4          NMM_affine
020f0 0e4 f20877e8         cmp     t2, TP wz       ' is there only one thread executing?
020f4 0e5 5b00783b  if_nz  rdlong  t3, t2          ' no - get next thread of next thread ...
020f8 0e6 5c60783a  if_nz  wrlong  t3, t1          ' no - ... and make it next thread of new thread
020fc 0e7 ac60763a  if_z   wrlong  t2, t1          ' yes - make new thread next thread of current thread
02100 0e8 fc60743b         wrlong  t1, t2          ' make current thread next thread of new thread
02104 0e9 f6047885         mov     t3, #33*4+1     ' update ...
02108 0ea f100783a         add     t3, t1          ' ...
0210c 0eb fac07a3c         rdbyte  t4, t3          ' ...
02110 0ec fd607401         cogid   t1              ' ...
02114 0ed f5247a07         andn    t4, #%111       ' ...
02118 0ee f5407a3a         or      t4, t1          ' ...
0211c 0ef fc407a3c         wrbyte  t4, t3          ' ... thread affinity
02120 0f0 f6047800         mov     t3, #0          ' zero ...
02124 0f1 fc607838         wrlong  t3, req         ' ... request block
02128 0f2 fd9fff2c         jmp     #NMM_switch     ' now switch to next thread
0212c 0f3          NMM_force
0212c 0f3 fd604224         stalli
02130 0f4 f6047a00         mov     t4,#0           ' flag to not update ct3
02134 0f5 f603e3f6         mov     iret3,PA        ' set up return address as if from interrupt
02138 0f6 fb0077e8         rdlong  t2, TP          ' load next thread pointer
0213c 0f7 fb087438         rdlong  t1, req wz      ' is there an affinity request oustanding?
02140 0f8 5d9fffac  if_nz  jmp     #NMM_affine     ' yes - service it
02144 0f9 f20877e8         cmp     t2, TP wz       ' is there only one thread executing?
02148 0fa 5d9fff0c  if_nz  jmp     #NMM_switch     ' no - perform context switch
0214c 0fb fd9fff6c         jmp     #NMM_unlock     ' yes - unlock, restore C & Z amd resume
                   
                   '--------------------- End of NMM Kernel --------------------------------------
                   
                   '--------------------- Start of Float32 Components ----------------------------
                   
                   {{
                                               TERMS OF USE: MIT License
                                 (Float32 Components only - i.e. excludes LMM Kernel)
                   
                    Permission is hereby granted, free of charge, to any person obtaining a copy
                    of this software and associated documentation files (the "Software"), to deal
                    in the Software without restriction, including without limitation the rights
                    to use, copy, modify, merge, publish, distribute, sublicense, and/or sell
                    copies of the Software, and to permit persons to whom the Software is
                    furnished to do so, subject to the following conditions:
                   
                    The above copyright notice and this permission notice shall be included in
                    all copies or substantial portions of the Software.
                   
                    THE SOFTWARE IS PROVIDED "AS IS", WITHOUT WARRANTY OF ANY KIND, EXPRESS OR
                    IMPLIED, INCLUDING BUT NOT LIMITED TO THE WARRANTIES OF MERCHANTABILITY,
                    FITNESS FOR A PARTICULAR PURPOSE AND NONINFRINGEMENT. IN NO EVENT SHALL THE
                    AUTHORS OR COPYRIGHT HOLDERS BE LIABLE FOR ANY CLAIM, DAMAGES OR OTHER
                    LIABILITY, WHETHER IN AN ACTION OF CONTRACT, TORT OR OTHERWISE,ARISING FROM,
                    OUT OF OR IN CONNECTION WITH THE SOFTWARE OR THE USE OR OTHER DEALINGS IN
                    THE SOFTWARE.
                   }}
                   
                   
                   
                   
                   
                   
                   
                   
                   
                   
                   
                   
                   DAT
                   
                   '------------------------------------------------------------------------------
                   ' Float32 Assembly language routines
                   '------------------------------------------------------------------------------
                   ' flt_add   r0 = r0 + r1
                   ' flt_sub   r0 = r0 - r1
                   ' changes: r0, flagA, expA, manA, r1, flagB, expB, manB, t1
                   '------------------------------------------------------------------------------
                   
02150 0fc f5602e32 flt_sub                 xor     r1, Bit31               ' negate B
02154 0fd fd604224 flt_add                 stalli
02158 0fe fdb00184                         call    #_Unpack2               ' unpack two variables
0215c 0ff ed9ffd9c           if_c_or_z     jmp     #returni                ' check for NaN or B = 0
                   
02160 100 f7cf5001                         test    flagA, #SignFlag wz     ' negate A mantissa if negative
02164 101 566355aa           if_nz         neg     manA, manA
02168 102 f7cf5601                         test    flagB, #SignFlag wz     ' negate B mantissa if negative
0216c 103 56635bad           if_nz         neg     manB, manB
                   
02170 104 f60075a9                         mov     t1, expA                ' align mantissas
02174 105 f18075ac                         sub     t1, expB
02178 106 f640743a                         abs     t1, t1
0217c 107 f324741f                         fle     t1, #31
02180 108 f25b53ac                         cmps    expA, expB wcz
02184 109 10c35a3a           if_nz_and_nc  sar     manB, t1
02188 10a 40c3543a           if_nz_and_c   sar     manA, t1
0218c 10b 460353ac           if_nz_and_c   mov     expA, expB
                   
02190 10c f10355ad                         add     manA, manB              ' add the two mantissas
02194 10d f2575400                         cmps    manA, #0 wc             ' set sign of result
02198 10e c5475001           if_c          or      flagA, #SignFlag
0219c 10f 35275001           if_nc         andn    flagA, #SignFlag
021a0 110 f64355aa                         abs     manA, manA              ' pack result and exit
021a4 111 fdb001e0 pack_rtni               call    #_Pack
021a8 112 fd9ffd50                         jmp     #returni
                   
                   '------------------------------------------------------------------------------
                   ' flt_mul  r0 = r0 * r1
                   ' changes: r0, flagA, expA, manA, r1, flagB, expB, manB, t1, t2
                   '------------------------------------------------------------------------------
                   
021ac 113 fd604224 flt_mul                 stalli
021b0 114 fdb0012c                         call    #_Unpack2               ' unpack two variables
021b4 115 3d900024           if_nc         jmp     #flt_mul2               ' multiply if neither is NaN
021b8 116 f20f52ff                         cmp     expA, #255 wz           ' NaN, so check for r0 = Inf
021bc 117 ad900008           if_z          jmp     #flt_mul1               ' yes - return Inf
021c0 118 f20f58ff                         cmp     expB, #255 wz           ' no - check for r1 = Inf
021c4 119 5d9ffd34           if_nz         jmp     #returni                ' no - return NaN
021c8 11a f6002da4 flt_mul1                mov     r0, Inf                 ' yes, r0 or r1 is Inf, so return Inf
021cc 11b f56351ab                         xor     flagA, flagB            '
021d0 11c f7cf5001                         test    flagA, #SignFlag wz
021d4 11d 55402c32           if_nz         or      r0, Bit31
021d8 11e fd9ffd20                         jmp     #returni
021dc 11f f56351ab flt_mul2                xor     flagA, flagB            ' get sign of result
021e0 120 f10353ac                         add     expA, expB              ' add exponents
021e4 121 fd0355ad                         qmul    manA, manB
021e8 122 fd607419                         getqy   t1
021ec 123 f0647403                         shl     t1, #3                  ' justify result and exit
021f0 124 f603543a                         mov     manA, t1
021f4 125 fd9fffac                         jmp     #pack_rtni
                   
                   '------------------------------------------------------------------------------
                   ' flt_div  r0 = r0 / r1
                   ' changes: r0, flagA, expA, manA, r1, flagB, expB, manB, t1, t2
                   '------------------------------------------------------------------------------
                   
021f8 126 fd604224 flt_div                 stalli
021fc 127 fdb000e0                         call    #_Unpack2               ' unpack two variables
02200 128 e6002da3           if_c_or_z     mov     r0, NaN                 ' check for NaN or divide by 0
02204 129 ed9ffcf4           if_c_or_z     jmp     #returni
                   
02208 12a f56351ab                         xor     flagA, flagB            ' get sign of result
0220c 12b f18353ac                         sub     expA, expB              ' subtract exponents
                   
02210 12c f0475401                         shr     manA, #1
02214 12d fd635428                         setq    manA
02218 12e fd1801ad                         qdiv    #0, manB
0221c 12f fd635418                         getqx   manA
02220 130 f0475402                         shr     manA, #2
02224 131 fd9fff7c                         jmp     #pack_rtni
                   
                   '------------------------------------------------------------------------------
                   ' flt_int  r0 = float(r0)
                   ' changes: r0, flagA, expA, manA
                   '------------------------------------------------------------------------------
                   
02228 132 fd604224 flt_int                 stalli
0222c 133 f6035016                         mov     flagA, r0               ' get integer value
02230 134 f6042c00                         mov     r0, #0                  ' set initial result to zero
02234 135 f64b55a8                         abs     manA, flagA wz          ' get absolute value of integer
02238 136 ad9ffcc0           if_z          jmp     #returni                ' if zero, exit
0223c 137 f047501f                         shr     flagA, #31              ' set sign flag
02240 138 f607521f                         mov     expA, #31               ' set initial value for exponent
02244 139 f0775401 normalize_1             shl     manA, #1 wc             ' normalize the mantissa
02248 13a 31875201           if_nc         sub     expA, #1                ' adjust exponent
0224c 13b 3d9ffff4           if_nc         jmp     #normalize_1
02250 13c f0875401                         rcr     manA, #1                ' justify mantissa
02254 13d f0475402                         shr     manA, #2
02258 13e fd9fff48                         jmp     #pack_rtni
                   
                   '------------------------------------------------------------------------------
                   ' int_flt  r0 = fix(r0)
                   ' changes: r0, flagA, expA, manA, t1
                   '------------------------------------------------------------------------------
                   
0225c 13f fd604224 int_flt                 stalli
02260 140 f6047400                         mov     t1, #0                  ' set for no rounding
                   '                        jmp     #fix
                   
                   'rnd_flt                 mov     t1, #1                  ' set for rounding
                   
02264 141 fdb000a8 fix                     call    #_Unpack                ' unpack floating point value
02268 142 cd9ffc90           if_c          jmp     #returni                ' check for NaN
0226c 143 f0675402                         shl     manA, #2                ' left justify mantissa
02270 144 f6042c00                         mov     r0, #0                  ' initialize result to zero
02274 145 f66353a9                         neg     expA, expA              ' adjust for exponent value
02278 146 f10f521e                         add     expA, #30 wz
0227c 147 f2575220                         cmps    expA, #32 wc
02280 148 bd9ffc78           if_nc_or_z    jmp     #returni
02284 149 f04355a9                         shr     manA, expA
                   
02288 14a f103543a                         add     manA, t1                ' round up 1/2 lsb
0228c 14b f0475401                         shr     manA, #1
                   
02290 14c f7cf5001                         test    flagA, #signFlag wz     ' check sign and exit
02294 14d f3e02daa                         sumnz   r0, manA
02298 14e fd9ffc60                         jmp     #returni
                   
                   '------------------------------------------------------------------------------
                   ' flt_cmp   set Z and C flags for r0 - r1
                   ' changes: status, t1
                   '------------------------------------------------------------------------------
                   
0229c 14f fd604224 flt_cmp                 stalli
022a0 150 f6007416                         mov     t1, r0               ' compare signs
022a4 151 f5607417                         xor     t1, r1
022a8 152 f5087432                         and     t1, Bit31 wz
022ac 153 ad900018           if_z          jmp     #cmp1                  ' same, then compare magnitude
                   
022b0 154 f6007416                         mov     t1, r0               ' check for +0 or -0
022b4 155 f5407417                         or      t1, r1
022b8 156 f5387432                         andn    t1, Bit31 wcz
022bc 157 ad9ffc3c           if_z          jmp     #returni
                   
022c0 158 f7d02c32                         test    r0, Bit31 wc         ' compare signs
022c4 159 fd9ffc34                         jmp     #returni
                   
022c8 15a f7c82c32 cmp1                    test    r0, Bit31 wz         ' check signs
022cc 15b 5d900008           if_nz         jmp     #cmp2
022d0 15c f2182c17                         cmp     r0, r1 wcz
022d4 15d fd9ffc24                         jmp     #returni
022d8 15e f2182e16 cmp2                    cmp     r1, r0 wcz           ' reverse test if negative
022dc 15f fd9ffc1c                         jmp     #returni
                   
                   '------------------------------------------------------------------------------
                   ' input:   r0        32-bit floating point value
                   '          r1        32-bit floating point value
                   ' output:  flagA        r0 flag bits (Nan, Infinity, Zero, Sign)
                   '          expA         r0 exponent (no bias)
                   '          manA         r0 mantissa (aligned to bit 29)
                   '          flagB        r1 flag bits (Nan, Infinity, Zero, Sign)
                   '          expB         r1 exponent (no bias)
                   '          manB         r1 mantissa (aligned to bit 29)
                   '          C flag       set if r0 or r1 is NaN
                   '          Z flag       set if r1 is zero
                   ' changes: r0, flagA, expA, manA, r1, flagB, expB, manB, t1
                   '------------------------------------------------------------------------------
                   
022e0 160 f6007416 _Unpack2                mov     t1, r0               ' save A
022e4 161 f6002c17                         mov     r0, r1               ' unpack B to A
022e8 162 fdb00024                         call    #_Unpack
                   
022ec 163 f6002e16                         mov     r1, r0               ' save B variables
022f0 164 f60357a8                         mov     flagB, flagA
022f4 165 f60359a9                         mov     expB, expA
022f8 166 f6035baa                         mov     manB, manA
                   
022fc 167 f6002c3a                         mov     r0, t1               ' unpack A
02300 168 fdb0000c                         call    #_Unpack
02304 169 37cf5608           if_nc         test    flagB, #NanFlag wz
02308 16a 1d75e06f           if_nc_and_nz  modc    _set wc
0230c 16b 020f5a00           _ret_         cmp     manB, #0 wz          ' set Z flag
                   
                   '------------------------------------------------------------------------------
                   ' input:   r0        32-bit floating point value
                   ' output:  flagA        r0 flag bits (Nan, Infinity, Zero, Sign)
                   '          expA         r0 exponent (no bias)
                   '          manA         r0 mantissa (aligned to bit 29)
                   '          C flag       set if r0 is NaN
                   '          Z flag       set if r0 is zero
                   ' changes: r0, flagA, expA, manA
                   '------------------------------------------------------------------------------
                   
02310 16c f6035016 _Unpack                 mov     flagA, r0            ' get sign
02314 16d f047501f                         shr     flagA, #31
02318 16e f6035416                         mov     manA, r0             ' get mantissa
0231c 16f f50355a6                         and     manA, Mask23
02320 170 f6035216                         mov     expA, r0             ' get exponent
02324 171 f0675201                         shl     expA, #1
02328 172 f04f5218                         shr     expA, #24 wz
0232c 173 ad900014           if_z          jmp     #zeroSubnormal         ' check for zero or subnormal
02330 174 f20f52ff                         cmp     expA, #255 wz           ' check if finite
02334 175 5d90003c           if_nz         jmp     #finite
02338 176 f6002da3                         mov     r0, NaN              ' no, then return NaN
0233c 177 f5475008                         or      flagA, #NaNFlag
02340 178 fd90003c                         jmp     #U_exit2
                   
02344 179 f6007baa zeroSubnormal           mov     t4, manA
02348 17a f5487ba9                         or      t4, expA wz             ' check for zero
0234c 17b 5d90000c           if_nz         jmp     #subnorm
02350 17c f5475002                         or      flagA, #ZeroFlag        ' yes, then set zero flag
02354 17d f6675296                         neg     expA, #150              ' set exponent and exit
02358 17e fd900024                         jmp     #U_exit2
                   
0235c 17f f0675407 subnorm                 shl     manA, #7                ' fix justification for subnormals
02360 180 f7cb55a7 subnorm2                test    manA, Bit29 wz
02364 181 5d900014           if_nz         jmp     #U_exit1
02368 182 f0675401                         shl     manA, #1
0236c 183 f1875201                         sub     expA, #1
02370 184 fd9fffec                         jmp     #subnorm2
                   
02374 185 f0675406 finite                  shl     manA, #6                ' justify mantissa to bit 29
02378 186 f54355a7                         or      manA, Bit29             ' add leading one bit
                   
0237c 187 f187527f U_exit1                 sub     expA, #127              ' remove bias from exponent
02380 188 f7d75008 U_exit2                 test    flagA, #NaNFlag wc      ' set C flag
02384 189 020f5400           _ret_         cmp     manA, #0 wz             ' set Z flag
                   
                   '------------------------------------------------------------------------------
                   ' input:   flagA        r0 flag bits (Nan, Infinity, Zero, Sign)
                   '          expA         r0 exponent (no bias)
                   '          manA         r0 mantissa (aligned to bit 29)
                   ' output:  r0        32-bit floating point value
                   ' changes: r0, flagA, expA, manA
                   '------------------------------------------------------------------------------
                   
02388 18a f20f5400 _Pack                   cmp     manA, #0 wz             ' check for zero
0238c 18b a6075200           if_z          mov     expA, #0
02390 18c ad900040           if_z          jmp     #P_exit3
                   
02394 18d f0775401 normalize_2             shl     manA, #1 wc             ' normalize the mantissa
02398 18e 31875201           if_nc         sub     expA, #1                ' adjust exponent
0239c 18f 3d9ffff4           if_nc         jmp     #normalize_2
                   
023a0 190 f1075202                         add     expA, #2                ' adjust exponent
023a4 191 f1175500                         add     manA, #$100 wc          ' round up by 1/2 lsb
023a8 192 c1075201           if_c          add     expA, #1
                   
023ac 193 f107527f                         add     expA, #127              ' add bias to exponent
023b0 194 f34353a5                         fges    expA, Minus23
023b4 195 f36752ff                         fles    expA, #255
                   
023b8 196 f2575201                         cmps    expA, #1 wc             ' check for subnormals
023bc 197 3d900014           if_nc         jmp     #P_exit3
                   
023c0 198 f5475401 subnormal               or      manA, #1                ' adjust mantissa
023c4 199 f0075401                         ror     manA, #1
                   
023c8 19a f66353a9                         neg     expA, expA
023cc 19b f04355a9                         shr     manA, expA
023d0 19c f6075200                         mov     expA, #0                ' biased exponent = 0
                   
023d4 19d f6002daa P_exit3                 mov     r0, manA             ' bits 22:0 mantissa
023d8 19e f0442c09                         shr     r0, #9
023dc 19f f0675217                         shl     expA, #23
023e0 1a0 f5402da9                         or      r0, expA
023e4 1a1 f067501f                         shl     flagA, #31
023e8 1a2 05402da8           _ret_          or      r0, flagA            ' bit 31 sign
                   
023ec 1a3 7fffffff NaN                     long    $7FFF_FFFF
023f0 1a4 7f800000 Inf                     long    $7F80_0000
023f4 1a5 ffffffe9 Minus23                 long    -23
023f8 1a6 007fffff Mask23                  long    $007F_FFFF
023fc 1a7 20000000 Bit29                   long    $2000_0000
                   
02400 1a8 00000000 flagA                   long    0
02404 1a9 00000000 expA                    long    0
02408 1aa 00000000 manA                    long    0
                   
0240c 1ab 00000000 flagB                   long    0
02410 1ac 00000000 expB                    long    0
02414 1ad 00000000 manB                    long    0
                   
                   '-------------------- End of Float32 Components -------------------------------
                   
                   '-------------------------- Multi-Threading Support ----------------------------
                   
                   ' These must be in the same place in all the threaded kernels of the
                   ' same 'flavor' (i.e. CMM, LMM, NMM etc).
                   
02418 1ae                   fit    $1e7
024fc 1e7                   orgf   $1e7
                   
024fc 1e7 00190000 ticks    long   100<<14         ' time between context switches (~10 ms)
02500 1e8 00000000 TP       long   0               ' current thread pointer
02504 1e9 00000007 lock     long   7               ' lock to use for context switching (default 7)
02508 1ea 00000000 lockbits long   0               ' lockbits used to simulate P1-style locks
                   
                   ' last 5 longs are reserved for debug overlay vectors (or debug LED)
                   
0250c 1eb                   fit    $1eb
0250c 1eb                   orgf   $1eb
                   
0250c 1eb          DEBUG_VECTORS
                   
                   
                   
                   
                   
                   
                   
                   
                   
                   
                   
0250c 1eb 0007bde8          long   DEBUG_BREAK
02510 1ec 0007bdec          long   DEBUG_ADDR
02514 1ed 0007bdf0          long   DEBUG_OUT
02518 1ee 0007bdf4          long   DEBUG_IN
0251c 1ef 0007bdf8          long   DEBUG_FLAG
                   
02520 1f0                   fit    $1f0
                   
02520 1f0                   fit    $1f8
02540 1f8                   orgf   $1f8
02540 1f8 00000000 SP       long   $0    ' SP is PTRA
02544 1f9 00000000 FP       long   $0    ' FP is PTRB
                   
                   '------------------------- END OF KERNEL --------------------------------------
                   
02548 300                   org $300
                   
                   ' Common Kernel library functions. This code is included only to get the LUT
                   ' offsets correct in the dynamically loaded kernel. The actual LUT code is
                   ' loaded into LUT from elsewhere. There must be a better way to do this, but I
                   ' can't think of one at the moment :(
                   
                   '#line 1 "../../../target_p2/Catalina_kernel_library.inc"
                   ' Catalina kernel library functions ...
                   
                   ' avoid including the kernel library functions twice ...
                   
                   
                   
                   
                   
                   
                   
                   
                   
                   
                   
                   
                   
                   
                   
                   
                   
                   
                   
                   
                   
                   
                   
                   
                   
                   
                   
                   
                   
                   
                   
                   
                   
                   
                   
                   
                   
                   
                   
                   
                   
                   
                   
                   
                   
                   
                   
                   
                   
                   
                   
                   
                   
                   
                   
                   
                   
                   
                   
                   
                   
                   
                   
                   
                   
                   
                   
                   
                   
                   
                   
                   
                   
                   
                   
                   
                   
                   
                   
                   
                   
                   
                   
                   
                   
                   
                   
                   
                   
                   
                   
                   
                   
                   
                   
                   
                   
                   
                   
                   
                   
                   
                   
                   
                   
                   
                   
                   '#line 836 "../../../target_p2/Catalina_NMM_threaded_dynamic.spin2"
                   
                   '#line 1 "../../../target_p2/Catalina_NMM_kernel_library.inc"
                   ' Catalina kernel functions that are specific to the NMM kernels ...
                   
                   ' avoid including the kernel library functions twice ...
                   
                   
                   
                   
                   
                   
                   
                   
                   
                   
                   
                   '#line 838 "../../../target_p2/Catalina_NMM_threaded_dynamic.spin2"
                   
                   '#line 1 "../../../target_p2/Catalina_thread_library.inc"
                   ' Catalina thread library functions ...
                   
                   ' avoid including the thread library functions twice ...
                   
                   
                   
                   
                   
                   
                   
                   
                   
                   
                   
                   
                   
                   
                   
                   
                   
                   
                   
                   
                   
                   
                   
                   
                   
                   
                   
                   
                   
                   
                   
                   
                   
                   
                   
                   
                   
                   
                   
                   
                   
                   
                   
                   
                   
                   
                   
                   
                   '#line 840 "../../../target_p2/Catalina_NMM_threaded_dynamic.spin2"
                   '#line 65 "../../../target_p2/Catalina_NMM_library.spin2"
                   
                   
                   
                   CON
                   
                   
