                   '#line 1 "../../../target_p2/Catalina_NMM_threaded_dynamic.spin2"
                   {{
                   '------------------------------------------------------------------------------
                   ' Catalina_NMM_threaded_dynamic - Implements a multi-threaded dynamically
                   '                                 loadable Native Memory Model Kernel
                   '                                 intended for use by the Catalina Code
                   '                                 Generator backend for LCC
                   '
                   ' Version 3.15 - Initial version.
                   '
                   '
                   ' This file incorporates software derived from:
                   '    Float_32A by Cam Thompson, Micromega Corporation,
                   '              Copyright (c) 2006-2007 Parallax, Inc.
                   '
                   '------------------------------------------------------------------------------
                   '
                   '    Copyright 2009 Ross Higson
                   '
                   '    The portion of this file identified as the LMM Kernel is part of the
                   '    Catalina Target Package.
                   '
                   '    The Catalina Target Package is free software: you can redistribute
                   '    it and/or modify it under the terms of the GNU Lesser General Public
                   '    License as published by the Free Software Foundation, either version
                   '    3 of the License, or (at your option) any later version.
                   '
                   '    The Catalina Target Package is distributed in the hope that it will
                   '    be useful, but WITHOUT ANY WARRANTY; without even the implied warranty
                   '    of MERCHANTABILITY or FITNESS FOR A PARTICULAR PURPOSE.
                   '    See the GNU Lesser General Public License for more details.
                   '
                   '    You should have received a copy of the GNU Lesser General Public
                   '    License along with the Catalina Target Package.  If not, see
                   '    <http:
                   '
                   '------------------------------------------------------------------------------
                   }}
                   
                   
                   
                   
                   
                   CON
                   
                   '#line 1 "../../../target_p2/Catalina_constants.inc"
                   '--------------------------- START OF CONSTANTS -------------------------------
                   
                   
                   
                   ' stop multiple inclusions of constants ...
                   
                   
                   
                   '#line 1 "../../../target_p2/Catalina_platforms.inc"
                   
                   
                   ' stop multiple inclusions of platform constants ...
                   
                   
                   
                   
                   '--------------------------- START OF PLATFORM CONSTANTS ---------------------
                   '
                   CON
                   
                   
                   
                   
                   
                   
                   
                   
                   
                   
                   
                   
                   
                   
                   
                   
                   
                   
                   
                   
                   
                   
                   
                   
                   
                   
                   
                   
                   
                   
                   
                   
                   
                   
                   
                   
                   
                   
                   
                   
                   
                   
                   
                   
                   
                   
                   
                   
                   
                   
                   
                   
                   
                   
                   
                   
                   
                   
                   
                   
                   
                   
                   
                   
                   
                   
                   
                   
                   
                   
                   
                   
                   
                   
                   
                   
                   
                   
                   
                   
                   
                   
                   
                   
                   
                   
                   
                   
                   
                   
                   
                   
                   
                   
                   
                   
                   
                   
                   
                   
                   
                   
                   
                   
                   
                   
                   
                   
                   
                   
                   
                   
                   
                   
                   
                   
                   
                   
                   
                   
                   
                   
                   
                   
                   
                   
                   
                   
                   
                   
                   
                   
                   
                   
                   
                   
                   
                   
                   
                   
                   
                   
                   
                   
                   
                   
                   
                   
                   
                   
                   
                   
                   
                   
                   
                   
                   
                   
                   
                   
                   
                   
                   
                   
                   
                   
                   
                   
                   
                   
                   
                   
                   
                   
                   
                   
                   
                   
                   
                   
                   
                   
                   
                   
                   
                   
                   
                   
                   
                   
                   
                   
                   
                   
                   
                   
                   
                   
                   
                   
                   
                   
                   
                   
                   
                   
                   
                   
                   
                   
                   
                   
                   
                   
                   
                   
                   
                   
                   
                   
                   
                   
                   
                   
                   
                   
                   
                   
                   
                   
                   
                   
                   
                   
                   
                   
                   
                   
                   
                   
                   
                   
                   
                   
                   
                   
                   
                   
                   
                   
                   
                   
                   
                   
                   
                   
                   
                   
                   
                   
                   
                   
                   
                   
                   
                   
                   
                   
                   
                   
                   
                   
                   
                   
                   
                   
                   
                   
                   
                   
                   
                   
                   
                   
                   
                   
                   
                   
                   
                   
                   
                   
                   
                   
                   
                   
                   
                   
                   
                   
                   
                   
                   
                   
                   
                   
                   
                   
                   
                   
                   
                   
                   
                   
                   
                   
                   
                   
                   
                   
                   
                   
                   
                   
                   
                   
                   
                   
                   
                   
                   
                   
                   
                   
                   
                   
                   
                   
                   
                   
                   
                   
                   
                   
                   
                   
                   
                   
                   
                   
                   
                   
                   
                   
                   
                   
                   
                   
                   
                   
                   
                   
                   
                   
                   
                   
                   
                   
                   
                   
                   
                   
                   
                   
                   
                   
                   
                   
                   
                   
                   
                   
                   
                   
                   
                   
                   
                   
                   
                   
                   
                   
                   
                   
                   
                   
                   
                   
                   
                   
                   
                   
                   
                   
                   
                   
                   
                   
                   
                   
                   
                   
                   
                   
                   
                   
                   
                   
                   
                   
                   
                   
                   
                   
                   
                   
                   
                   
                   
                   
                   
                   
                   
                   
                   
                   
                   
                   
                   
                   
                   
                   
                   
                   
                   
                   
                   
                   
                   
                   
                   
                   
                   
                   
                   
                   
                   
                   
                   
                   
                   
                   
                   
                   
                   
                   
                   
                   
                   
                   
                   
                   
                   
                   
                   
                   
                   
                   
                   
                   
                   
                   
                   
                   
                   
                   
                   
                   
                   
                   
                   
                   
                   
                   
                   
                   
                   
                   
                   
                   
                   
                   
                   
                   
                   
                   
                   
                   
                   
                   
                   
                   
                   
                   
                   
                   
                   
                   
                   
                   
                   
                   
                   
                   
                   
                   
                   
                   
                   
                   
                   
                   
                   
                   
                   
                   
                   
                   
                   
                   
                   
                   
                   
                   
                   
                   
                   
                   
                   
                   
                   
                   
                   
                   
                   
                   
                   
                   
                   
                   
                   
                   
                   '---------------- default constants (same as P2_EVAL) -------------------------
                   
                   ' clock configuration constants
                   
                   
                   
                   
                   
                   
                   
                   
                   
                   
                   
                   
                   
                   
                   
                   
                   
                   
                   _XTALFREQ = 20_000_000  ' crystal frequency
                   _XDIV     = 4           '\ crystal divider             to give 5.0MHz
                   _XMUL     = 72          '| crystal / div * mul         to give 360MHz
                   _XDIVP    = 2           '/ crystal / div * mul / divp  to give 180MHz
                   _XOSC     = %10         ' %00=OFF, %01=OSC, %10=15pF, %11=30pF
                   _XSEL     = %11         ' %00=rcfast, %01=rcslow, %10=XI, %11=PLL
                   _XPLL     = 1           ' 0= PLL off, 1=PLL on
                   
                   
                   ' serial constants
                   
                   _RX_PIN    = 63
                   _TX_PIN    = 62
                   _BAUDRATE  = 230400
                   
                   ' BlackCat Debugger I/O constants
                   
                   
                   
                   
                   _BLACKCAT_MODE    = %0000
                   _BLACKCAT_BAUD    = 115200
                   _BLACKCAT_SIZE    = 5*4   ' 5 longs
                   
                   ' SD Card constants
                   
                   _SD_CK     = 61         'pin SD Card clock
                   _SD_CS     = 60         'pin SD Card select
                   _SD_DI     = 59         'pin SD Card MOSI
                   _SD_DO     = 58         'pin SD Card MISO
                   
                   ' 2 Port Serial constants
                   
                   _RX1_PIN   = _RX_PIN
                   _TX1_PIN   = _TX_PIN
                   _RX1_MODE  = %0000_0000_000_0000000000000_00_11111_0 ' async rx mode, true input, input  enabled for smart input
                   _TX1_MODE  = %0000_0000_000_0000000000000_01_11110_0 ' async tx mode, true output, output enabled for smart output
                   _BAUDRATE1 = _BAUDRATE
                   _RX2_PIN   = 50
                   _TX2_PIN   = 52
                   _RX2_MODE  = %0000_0000_000_0000000000000_00_11111_0 ' async rx mode, true input, input  enabled for smart input
                   _TX2_MODE  = %0000_0000_000_0000000000000_01_11110_0 ' async tx mode, true output, output enabled for smart output
                   _BAUDRATE2 = _BAUDRATE
                   
                   ' Multi Port Serial constants
                   
                   ' NOTE Multi Port 1 and 2 use the 2 Port Serial constants defined above for pins and baud rate (but not mode) -
                   ' This is done so that by default the Multi Port Serial plugin behaves the same way as the 2 Port Serial plugin.
                   ' To disable thiis "auto-configuration" behaviour, set the pins to -1 (or anything outside the range 0 .. 63).
                   ' All such ports will have to be manually configured in the C program (see the s8_openport() function).
                   
                   '    rxmode = %0xx1 = invert rx              (same for txmode)
                   '             %0x1x = invert tx
                   '             %01xx = open-drain/open-source tx
                   
                   _RX1_MULTI_PIN  = _RX1_PIN
                   _TX1_MULTI_PIN  = _TX1_PIN
                   _RX1_MULTI_BAUD = _BAUDRATE
                   _TX1_MULTI_BAUD = _BAUDRATE
                   _RX1_MULTI_MODE = %0000
                   _TX1_MULTI_MODE = %0000
                   _RX2_MULTI_PIN  = _RX2_PIN
                   _TX2_MULTI_PIN  = _TX2_PIN
                   _RX2_MULTI_BAUD = _BAUDRATE
                   _TX2_MULTI_BAUD = _BAUDRATE
                   _RX2_MULTI_MODE = %0000
                   _TX2_MULTI_MODE = %0000
                   _RX3_MULTI_PIN  = -1
                   _TX3_MULTI_PIN  = -1
                   _RX3_MULTI_BAUD = _BAUDRATE
                   _TX3_MULTI_BAUD = _BAUDRATE
                   _RX3_MULTI_MODE = %0000
                   _TX3_MULTI_MODE = %0000
                   _RX4_MULTI_PIN  = -1
                   _TX4_MULTI_PIN  = -1
                   _RX4_MULTI_BAUD = _BAUDRATE
                   _TX4_MULTI_BAUD = _BAUDRATE
                   _RX4_MULTI_MODE = %0000
                   _TX4_MULTI_MODE = %0000
                   _RX5_MULTI_PIN  = -1
                   _TX5_MULTI_PIN  = -1
                   _RX5_MULTI_BAUD = _BAUDRATE
                   _TX5_MULTI_BAUD = _BAUDRATE
                   _RX5_MULTI_MODE = %0000
                   _TX5_MULTI_MODE = %0000
                   _RX6_MULTI_PIN  = -1
                   _TX6_MULTI_PIN  = -1
                   _RX6_MULTI_BAUD = _BAUDRATE
                   _TX6_MULTI_BAUD = _BAUDRATE
                   _RX6_MULTI_MODE = %0000
                   _TX6_MULTI_MODE = %0000
                   _RX7_MULTI_PIN  = -1
                   _TX7_MULTI_PIN  = -1
                   _RX7_MULTI_BAUD = _BAUDRATE
                   _TX7_MULTI_BAUD = _BAUDRATE
                   _RX7_MULTI_MODE = %0000
                   _TX7_MULTI_MODE = %0000
                   _RX8_MULTI_PIN  = -1
                   _TX8_MULTI_PIN  = -1
                   _RX8_MULTI_BAUD = _BAUDRATE
                   _TX8_MULTI_BAUD = _BAUDRATE
                   _RX8_MULTI_MODE = %0000
                   _TX8_MULTI_MODE = %0000
                   
                   ' VGA constants
                   
                   _VGA_BASE_PIN = 32
                   
                   ' USB constants
                   
                   _USB_BASE_PIN = 40
                   
                   ' miscellaneous constants
                   
                   _DEBUG_PIN = 56
                   
                   
                   
                   '--------------------------- END OF PLATFORM CONSTANTS -----------------------
                   
                   
                   
                   '#line 10 "../../../target_p2/Catalina_constants.inc"
                   
                   CON
                   '
                   ' Platform-independent clock configuration constants
                   '
                   _XPPPP    = ((_XDIVP>>1) + 15) & $F  ' 1->15, 2->0, 4->1, 6->2...30->14
                   
                   ' %0000_000e_dddddd_mmmmmmmmmm_pppp_cc_ss  ' set clock oscillator mode
                   
                   ' initial clock mode => enable crystal+PLL, stay in 20MHz+
                   
                   _CLOCKINIT  = _XPLL<<24 + (_XDIV-1)<<18 + (_XMUL-1)<<8 + _XPPPP<<4 + _XOSC<<2 + %00
                   
                   ' wait time => 10ms (@ 20Mhz) for crystal+PLL to stabilize
                   
                   _CLOCKWAIT  = 20000000/100
                   
                   ' final clock mode => switch to PLL
                   
                   _CLOCKMODE  = _XPLL<<24 + (_XDIV-1)<<18 + (_XMUL-1)<<8 + _XPPPP<<4 + _XOSC<<2 +_XSEL
                   
                   ' final clock frequency
                   
                   _CLOCKFREQ  = _XTALFREQ / _XDIV * _XMUL / _XDIVP
                   
                   '
                   ' Plugin types - the Catalina Kernel generally attempts to locate plugins
                   ' by type, not by the cog they happen to be running on. Values up to 127
                   ' and the value 255 are reserved.
                   '
                   ' User plugin types should be in the range 128 .. 254. Note that the LMM
                   ' prefix is historical - the same definitions are used for all program
                   ' types (LMM, EMM, SMM, XMM etc).
                   '
                   LMM_VMM = 0       ' main LMM (single threaded)
                   LMM_HMI = 1       ' HMI Drivers (Kbd/Mouse/Screen)
                   LMM_LIB = 2       ' Utility library
                   LMM_FLA = 3       ' Floating Point Library A
                   LMM_FLB = 4       ' Floating Point Library B
                   LMM_RTC = 5       ' Real-Time Clock
                   LMM_FIL = 6       ' File System
                   LMM_SIO = 7       ' Serial I/O
                   LMM_DUM = 8       ' Dummy Plugin
                   LMM_CGI = 9       ' Graphics Plugin
                   LMM_KBD = 10      ' Keyboard Driver
                   LMM_SCR = 11      ' Screen Driver
                   LMM_MOU = 12      ' Mouse Driver
                   LMM_PRX = 13      ' Proxy Driver
                   LMM_GAM = 14      ' Gamepad Driver
                   LMM_SND = 15      ' Sound Driver
                   LMM_ADC = 16      ' ADC Driver
                   LMM_S4  = 17      ' 4 Port Serial Driver (Propeller 1 only)
                   LMM_TTY = 18      ' Full Duplex Serial Driver
                   LMM_VGI = 19      ' Virtual Graphics Plugin
                   LMM_VDB = 20      ' Virtual Double Buffer Support Driver
                   LMM_SPI = 21      ' SPI Support Driver
                   LMM_FLC = 22      ' Floating Point Library C (Propeller 2 only)
                   LMM_S2A = 23      ' 2 Port Serial Driver A (Propeller 2 only)
                   LMM_S2B = 24      ' 2 Port Serial Driver B (Propeller 2 only)
                   LMM_S8A = 25      ' 8 Port Serial Driver A (Propeler 2 only)
                   LMM_NUL = 255     ' No plugin
                   '
                   ' Notes on the Registry definitions.
                   '
                   ' The Catalina registry provides a place where all plugins can be found,
                   ' and a request block for sending requests to each plugin. The registry
                   ' location must be known to all plugins. To use the registry, each plugin
                   ' finds its own cog number, and then registers by putting its plugin type
                   ' in the top 8 bits of the long at
                   '    long[REGISTRY][cog]
                   ' The bottom 24 bits of that long point to the request block the plugin
                   ' must use to receive requests and return results. A request block of
                   ' two longs is automatically created for each plugin, but plugins that
                   ' need more are free to allocate their own. However, all request blocks
                   ' must be at least two longs - the first long is the request, which may
                   ' be a 'short' request (if the request and all its parameters can fit
                   ' into a single long, or the address of a 'long' parameter block that
                   ' is allocated elsewhere in Hub RAM. Note that all requests are plugin
                   ' specific, and each plugin only typically knows how to interpret its
                   ' own requests. When complete, the plugin zeroes the first long of the
                   ' request block, and may either return the result in the second long
                   ' of the request block (typical for ' short' requests, but also used
                   ' for some 'long' requests), or in the 'long' parameter block.
                   ' Below the cog-oriented registry is a service-oriented registry. Each
                   ' Service is allocated a word, and services go from 1 to SVC_MAX (i.e.
                   ' there is no service 0). The details of the service can be found in
                   ' the word at
                   '    word[REGISTRY][-service]
                   ' The top 4 bits of the word are the cog number (top bit of the 4 bits
                   ' set if not used), the next lower 4 bits are a lock number (top bit of
                   ' the 4 set if not required) and the lower 8 bits are the request number
                   ' to send to the cog to request the service.
                   '
                   ' Predefined Service Numbers (and the internal plugin types and requests):
                   '
                   SVC_FLOAT_ADD    = 1  ' LMM_FLA 1
                   SVC_FLOAT_SUB    = 2  ' LMM_FLA 2
                   SVC_FLOAT_MUL    = 3  ' LMM_FLA 3
                   SVC_FLOAT_DIV    = 4  ' LMM_FLA 4
                   SVC_FLOAT_FLOAT  = 5  ' LMM_FLA 5
                   SVC_FLOAT_TRUNC  = 6  ' LMM_FLA 6
                   SVC_FLOAT_RND    = 7  ' LMM_FLA 7
                   SVC_FLOAT_SQR    = 8  ' LMM_FLA 8
                   SVC_FLOAT_CMP    = 9  ' LMM_FLA 9
                   SVC_K_PRESENT    = 10 ' LMM_HMI 1
                   SVC_K_GET        = 11 ' LMM_HMI 2
                   SVC_K_WAIT       = 12 ' LMM_HMI 3
                   SVC_K_NEW        = 13 ' LMM_HMI 4
                   SVC_K_READY      = 14 ' LMM_HMI 5
                   SVC_K_CLEAR      = 15 ' LMM_HMI 6
                   SVC_K_STATE      = 16 ' LMM_HMI 7
                   SVC_M_PRESENT    = 17 ' LMM_HMI 11
                   SVC_M_BUTTON     = 18 ' LMM_HMI 12
                   SVC_M_BUTTONS    = 19 ' LMM_HMI 13
                   SVC_M_ABS_X      = 20 ' LMM_HMI 14
                   SVC_M_ABS_Y      = 21 ' LMM_HMI 15
                   SVC_M_ABS_Z      = 22 ' LMM_HMI 16
                   SVC_M_DELTA_X    = 23 ' LMM_HMI 17
                   SVC_M_DELTA_Y    = 24 ' LMM_HMI 18
                   SVC_M_DELTA_Z    = 25 ' LMM_HMI 19
                   SVC_M_RESET      = 26 ' LMM_HMI 20
                   SVC_T_GEOMETRY   = 27 ' LMM_HMI 21
                   SVC_T_CHAR       = 28 ' LMM_HMI 22
                   SVC_T_STRING     = 29 ' LMM_HMI 23
                   SVC_T_INT        = 30 ' LMM_HMI 24
                   SVC_T_UNSIGNED   = 31 ' LMM_HMI 25
                   SVC_T_HEX        = 32 ' LMM_HMI 26
                   SVC_T_BIN        = 33 ' LMM_HMI 27
                   SVC_T_SETPOS     = 34 ' LMM_HMI 28
                   SVC_T_GETPOS     = 35 ' LMM_HMI 29
                   SVC_T_MODE       = 36 ' LMM_HMI 30
                   SVC_T_SCROLL     = 37 ' LMM_HMI 31
                   SVC_T_COLOR      = 38 ' LMM_HMI 32
                   SVC_SD_INIT      = 39 ' LMM_FIL 1
                   SVC_SD_READ      = 40 ' LMM_FIL 2
                   SVC_SD_WRITE     = 41 ' LMM_FIL 3
                   SVC_SD_BYTEIO    = 42 ' LMM_FIL 4
                   SVC_SD_STOPIO    = 43 ' LMM_FIL 5
                   SVC_RTC_DEBUG    = 44 ' LMM_RTC 10 or RTC_FIL 10
                   SVC_RTC_SETFREQ  = 45 ' LMM_RTC 6 or RTC_FIL 6
                   SVC_RTC_GETCLOCK = 46 ' LMM_RTC 7 or RTC_FIL 7
                   SVC_RTC_SETTIME  = 47 ' LMM_RTC 8 or RTC_FIL 8
                   SVC_RTC_GETTIME  = 48 ' LMM_RTC 9 or RTC_FIL 9
                   SVC_FLOAT_SIN    = 49 ' LMM_FLA 10
                   SVC_FLOAT_COS    = 50 ' LMM_FLA 11
                   SVC_FLOAT_TAN    = 51 ' LMM_FLA 12
                   SVC_FLOAT_LOG    = 52 ' LMM_FLA 13
                   SVC_FLOAT_LOG10  = 53 ' LMM_FLA 14
                   SVC_FLOAT_EXP    = 54 ' LMM_FLA 15
                   SVC_FLOAT_EXP10  = 55 ' LMM_FLA 16
                   SVC_FLOAT_POW    = 56 ' LMM_FLA 17
                   SVC_FLOAT_FRAC   = 57 ' LMM_FLA 18
                   SVC_FLOAT_FMOD   = 58 ' LMM_FLB 19
                   SVC_FLOAT_ASIN   = 59 ' LMM_FLB 20
                   SVC_FLOAT_ACOS   = 60 ' LMM_FLB 21
                   SVC_FLOAT_ATAN   = 61 ' LMM_FLB 22
                   SVC_FLOAT_ATAN2  = 62 ' LMM_FLB 23
                   SVC_FLOAT_FLOOR  = 63 ' LMM_FLB 24
                   SVC_FLOAT_CEIL   = 64 ' LMM_FLB 25
                   SVC_T_COLOR_FG   = 65 ' LMM_HMI 33
                   SVC_T_COLOR_BG   = 66 ' LMM_HMI 34
                   '
                   SVC_RESERVED     = 80 ' Services 1..80 reserved for Catalina
                   
                   ' Floating point constants
                   
                   pi = 3.141592654
                   
                   FAddCmd       = 1 << 24       ' Implemented in Float32_A and Float32_B
                   FSubCmd       = 2 << 24       ' Implemented in Float32_A and Float32_B
                   FMulCmd       = 3 << 24       ' Implemented in Float32_A and Float32_B
                   FDivCmd       = 4 << 24       ' Implemented in Float32_A and Float32_B
                   FFloatCmd     = 5 << 24       ' Implemented in Float32_A and Float32_B
                   FTruncCmd     = 6 << 24       ' Implemented in Float32_A and Float32_B
                   FRoundCmd     = 7 << 24       ' Implemented in Float32_A and Float32_B
                   FSqrCmd       = 8 << 24       ' Implemented in Float32_A and Float32_B
                   FCmpCmd       = 9 << 24       ' Implemented in Float32_A and Float32_B
                   
                   SinCmd        = 10 << 24      ' Implemented in Float32_A
                   CosCmd        = 11 << 24      ' Implemented in Float32_A
                   TanCmd        = 12 << 24      ' Implemented in Float32_A
                   LogCmd        = 13 << 24      ' Implemented in Float32_A
                   Log10Cmd      = 14 << 24      ' Implemented in Float32_A
                   ExpCmd        = 15 << 24      ' Implemented in Float32_A
                   Exp10Cmd      = 16 << 24      ' Implemented in Float32_A
                   PowCmd        = 17 << 24      ' Implemented in Float32_A
                   FracCmd       = 18 << 24      ' Implemented in Float32_A
                   
                   FModCmd       = 19 << 24      ' Implemented in Float32_B
                   ASinCmd       = 20 << 24      ' Implemented in Float32_B
                   ACosCmd       = 21 << 24      ' Implemented in Float32_B
                   ATanCmd       = 22 << 24      ' Implemented in Float32_B
                   ATan2Cmd      = 23 << 24      ' Implemented in Float32_B
                   FloorCmd      = 24 << 24      ' Implemented in Float32_B
                   CeilCmd       = 25 << 24      ' Implemented in Float32_B
                   
                   SignFlag      = $1
                   ZeroFlag      = $2
                   NaNFlag       = $8
                   
                   ' CogStore constants
                   
                   MAX_LONGS  = 300                ' store up to 300 LONGS (1200 chars)
                   
                   CMD_READ   = $1000_0000         ' copy Hub to Cog (address in lower 24 bits)
                                                   ' COGSTORE set to zero when complete
                   
                   CMD_WRITE  = $2000_0000         ' copy Cog to Hub (address in lower 24 bits)
                                                   ' COGSTORE set to zero when complete
                   
                   CMD_SIZE   = $3000_0000         ' return size of stored data (in LONGs) - set
                                                   ' lower 24 bits to $FFFFFF on call - lower 24
                                                   ' bits (set to size when complete)
                   
                   CMD_SETUP  = $4000_0000         ' setup argc and argv array with the stored
                                                   ' data (set to zero when complete)
                   
                   CMD_STOP   = $5000_0000         ' stop the CogStore cog.
                   
                   CMD_RESPONSE = $FEED_FACE       ' COGSTORE set to this on any other command
                   
                   STORE_COG    = 7                ' Catalina CogStore will use this cog
                   LAST_COG     = 6                ' Last cog to be restarted is 6
                   QUOTE_CHAR = $22
                   
                   '------------------------------- HUB CONSTANTS -------------------------------
                   '
                   CON
                   '
                   ' Maximum number of cogs (note that this 1 may not have them all!)
                   '
                   MAX_COGS   = 16
                   
                   ' HUB RAM Definitions
                   '
                   '   (make sure these are the same in all targets)
                   '
                   ' Size of Service array (if this changes, the Hub Layout below must change
                   ' as well):
                   '
                   SVC_MAX    = 96                ' must be a multiple of 2
                   '
                   ' Size of ARGV array (if this changes, the Hub Layout below must change
                   '  as well):
                   '
                   ARGV_MAX   = 24                ' maximum size (LONGs) of argv array
                   '
                   ' Base Address for all hub programs (on the 1 this is genrally zero)
                   '
                   BASE_ADDR  = $00000
                   '
                   ' Useable Hub RAM (The 1 has 512Kb but the top 16Kb hold a copy of the boot ROM)
                   '
                   HUB_SIZE   = $7C000            ' the last 16K contain a copy of the boot ROM.
                   '
                   FREE_MEM   = HUB_SIZE-4                               ' $7BFFC the FREE_MEM pointer
                   '
                   ' <<< ALLOCATE OTHER RESERVED HUB LOCATIONS DOWN FROM HERE >>>
                   '
                   COGSTORE        = FREE_MEM - 4                        ' $7BFF8 CHECK Catalyst_Arguments.spin
                   XMM_CACHE_RSP   = COGSTORE - 4                        ' $7BFF4
                   XMM_CACHE_CMD   = XMM_CACHE_RSP - 4                   ' $7BFF0
                   REGISTRY        = XMM_CACHE_CMD - MAX_COGS*4          ' $7BFB0 CHECK registry.e
                   REQUESTS        = REGISTRY - 2*SVC_MAX - MAX_COGS*4*2 ' $7BE70 CHECK request_status.e
                   ARGV_0          = REQUESTS - ARGV_MAX*4               ' $7BE10 CHECK Catalyst_Arguments.spin2
                   ARGV_ADDR       = ARGV_0 - 4                          ' $7BE0C CHECK Catalyst_Arguments.spin2
                   ARGC_ADDR       = ARGV_ADDR - 4                       ' $7BE08 CHECK Catalyst_Arguments.spin2, blackbox_comms.c, catalina_default.s, catalina_blackcat.s (all targets)
                   DEBUG_FLAG      = ARGC_ADDR - 16                      ' $7BDF8 CHECK blackbox_comms.c, BlackCat_DebugCog.spin2 & catalina_blackcat.s (all targets)
                   DEBUG_IN        = DEBUG_FLAG - 4                      ' $7BDF4 CHECK blackbox_comms.c, BlackCat_DebugCog.spin2 & catalina_blackcat.s (all targets)
                   DEBUG_OUT       = DEBUG_IN - 4                        ' $7BDF0 CHECK blackbox_comms.c, BlackCat_DebugCog.spin2 & catalina_blackcat.s (all targets)
                   DEBUG_ADDR      = DEBUG_OUT - 4                       ' $7BDEC CHECK blackbox_comms.c, BlackCat_DebugCog.spin2 & catalina_blackcat.s (all targets)
                   DEBUG_BREAK     = DEBUG_ADDR - 4                      ' $7BDE8 CHECK blackbox_comms.c, BlackCat_DebugCog.spin2 & catalina_blackcat.s (all targets)
                   PROXY_XFER      = DEBUG_BREAK - 4                     ' $7BDE4
                   CGI_DATA        = PROXY_XFER - 4                      ' $7BDE0 CHECK cgi_data.e
                   '
                   HUB_TOP         = CGI_DATA                            ' used to initialize FREE_MEM
                   '
                   ' For loading programs from SD card, the key decision is how large a program
                   ' we want to be able to load, because the larger the program, the more Hub RAM
                   ' space it takes to store the cluster list for it. The following calculations
                   ' determine how much Hub RAM space to allocate for a particular load size,
                   ' assuming FAT32 is in use and we have a cluster size of 32768 (note that
                   ' smaller clusters will result in correspondingly smaller load sizes):
                   '
                   MAX_LOAD_SIZE  = 4194304                       ' we want 4MB loads (2^22 bytes)
                                                                  ' (if this is changed, check catalyst.h
                                                                  ' and Catalina_SD_Loader.spin)
                   MAX_CLUS_SIZE  = 32768                         ' assumed cluster size (2^15 bytes)
                   MAX_FLIST_SIZE = MAX_LOAD_SIZE/MAX_CLUS_SIZE   ' number of entries in cluster list (2^7)
                   '
                   FLIST_LOG2     = 9                             ' LOG (Base 2) of sector size
                   FLIST_SSIZ     = 1<<FLIST_LOG2                 ' size of sector
                   '
                   ' Now resume defining Loadtime Hub Layout (note overlap with registry!!!):
                   '
                   FLIST_ADDRESS  = ARGC_ADDR - (4*MAX_FLIST_SIZE)     ' $7BC08 check catalyst.h
                   FLIST_BUFF     = FLIST_ADDRESS - FLIST_SSIZ         ' $7BA08 check catalyst.h
                   FLIST_SIOB     = FLIST_BUFF - 68                    ' $7B9C4 check catalyst.h
                   FLIST_XFER     = FLIST_SIOB - 12                    ' $7B9B8 check catalyst.h
                   FLIST_SECT     = FLIST_XFER - 4                     ' $7B9B4 check catalyst.h
                   FLIST_SHFT     = FLIST_SECT - 4                     ' $7B9B0 check catalyst.h
                   FLIST_FSIZ     = FLIST_SHFT - 4                     ' $7B9AC check catalyst.h
                   FLIST_PSTK     = FLIST_FSIZ - 4                     ' $7B9A8 check catalyst.h
                   FLIST_PREG     = FLIST_PSTK - 4                     ' $7B9A4 check catalyst.h
                   
                   
                   '--------------------------- END OF CONSTANTS ---------------------------------
                   
                   
                   
                   '#line 46 "../../../target_p2/Catalina_NMM_threaded_dynamic.spin2"
                   
                   ' PRIMITIVE - defines how to invoke primitives for this kernel
                   '             For example: PRIMITIVE(#NEWF)
                   
                   
                   
                   
                   
                   ' NO_INTERRUPTS - note that we CANNOT use SKIPF (which is enabled by the
                   '                 symbol NO_INTERRUPTS) in either the dynamic or threaded
                   '                 NMM kernels - either because they need interrupts themselves,
                   '                 or because because we cannot guarantee they will not be used
                   '                 in programs that use interrupts.  We cannot check even check
                   '                 for this this at compile time, because these kernels are
                   '                 precompiled into the library. So we must simply avoid SKIPF.
                   
                   ' FAST_SAVE_RESTORE - if defined, we use fast block moves to save and restore
                   '                     multiple registers. This improves speed, but uses more
                   '                     stack space. Can be defined here, but not on the
                   '                     command-line for programs that use multiple cogs.
                   '                     Note that if you change this option, you also need
                   '                     to change it in the non-dynamic threaded kernel, and
                   '                     recompile the library.
                   '
                   '#ifndef FAST_SAVE_RESTORE
                   '#define FAST_SAVE_RESTORE
                   '#endif
                   
                   '--------------------- Start of NMM Dynamic Kernel ----------------------------
                   
                   DAT
                   
00000 000                  org 0
                   
                   ' the first $54 longs must be in the same place in all NMM kernels, to
                   ' allow for the separate compilation of code that uses these locations
                   
00000 000 fd900108 INIT    jmp #nmm_init          '$00 ' CAN ONLY BE CALLED ONCE !!!
00004 001 fd9001fc PSHB    jmp #push_b            '$01
00008 002 fd90021c CPYB    jmp #copy_b            '$02
0000c 003 fd900250 NEWF    jmp #new_fp            '$03
00010 004 fd900264 RETF    jmp #fp_ret            '$04
00014 005 fd900278 CALA    jmp #f_call            '$05
00018 006 fd900264 RETN    jmp #f_ret             '$06
0001c 007 fd90027c CALI    jmp #f_cali            '$07
00020 008 fd90028c DIVS    jmp #f_d32s            '$08
00024 009 fd900294 SYSP    jmp #plugin            '$09
00028 00a fd9003c4 FADD    jmp #flt_add           '$0a
0002c 00b fd9003bc FSUB    jmp #flt_sub           '$0b
00030 00c fd900414 FMUL    jmp #flt_mul           '$0c
00034 00d fd90045c FDIV    jmp #flt_div           '$0d
00038 00e fd9004fc FCMP    jmp #flt_cmp           '$0e
0003c 00f fd900484 FLIN    jmp #flt_int           '$0f
00040 010 fd9004b4 INFL    jmp #int_flt           '$10
00044 011 fd90015c PSHM    jmp #push_m            '$11
00048 012 fd900190 POPM    jmp #pop_m             '$12
0004c 013 fd900130 PSHF    jmp #push_i            '$13
                   
00050 014 00000000 RI      long 0                 '$14
00054 015 00000000 BC      long 0                 '$15
                   
00058 016 00000000 r0      long 0                 '$16
0005c 017 00000000 r1      long 0                 '$17
00060 018 00000000 r2      long 0                 '$18
00064 019 00000000 r3      long 0                 '$19
00068 01a 00000000 r4      long 0                 '$1a
                   
0006c 01b          _Thread_init
0006c 01b fb043361 r5      rdlong  r3,PTRA++      '$1b load argc
00070 01c fb043161 r6      rdlong  r2,PTRA++      '$1c load argv
00074 01d fb042d61 r7      rdlong  r0,PTRA++      '$1d load return address
00078 01e f184340c r8      sub     r4,#12         '$1e allow space for spilled arguments
0007c 01f fc602c1a r9      wrlong  r0,r4          '$1f set up return address
00080 020 f6042c00 r10     mov     r0,#0          '$20 zero ...
00084 021 fc602c38 r11     wrlong  r0,req         '$21 ... our request block
00088 022 f1843404 r12     sub     r4,#4          '$22 top of stack will be first thread block
0008c 023 fd607401 r13     cogid   t1             '$23 set up ...
00090 024 f0647408 r14     shl     t1,#8          '$24 ... affinity, flags ...
00094 025 fc60741a r15     wrlong  t1,r4          '$25 ... and set ticks to zero
00098 026 f1843484 r16     sub     r4,#33*4       '$26 point to begining of thread block
0009c 027 fc60341a r17     wrlong  r4,r4          '$27 make thread block point to itself
000a0 028 f603d01a r18     mov     TP,r4          '$28 make thread block the current thread
000a4 029 f607e0b2 r19     mov     ijmp3,#NMM_isr '$29 set int3 vector
000a8 02a fd60801a r20     getct   ct3            '$2a set initial ct3 target
000ac 02b fa7081e7 r21     addct3  ct3,ticks      '$2b (interrupt will do nothing till TP set)
000b0 02c fd640627 r22     setint3 #3             '$2c set int3 for ct-passed-ct3 event
000b4 02d fd64002d r23     ret                    '$2d
                   
000b8 02e 00000000 Save_PC long  0                '$2e
000bc 02f 00000000 Save_FP long  0                '$2f
000c0 030 00000000 Save_SP long  0                '$30
000c4 031 00000000 Save_PA long  0                '$31
                   
000c8 032 80000000 Bit31   long  $80000000        '$32
000cc 033 ffffffff all_1s  long  $ffffffff        '$33
000d0 034 000000ff cviu_m1 long  $000000ff        '$34
000d4 035 0000ffff cviu_m2 long  $0000ffff        '$35
000d8 036 ff000000 top8    long  $ff000000        '$36 top 8 bits bitmask
000dc 037 00ffffff low24   long  $00ffffff        '$37 low 24 bits bitmask
                   
000e0 038 00000000 req     long  0                '$38 request block address
000e4 039 00000000 reg     long  0                '$39 registry address
                   
000e8 03a 00000000 t1      long  0                '$3a
000ec 03b 00000000 t2      long  0                '$3b
000f0 03c 00000000 t3      long  0                '$3c
000f4 03d 00000000 t4      long  0                '$3d
                   
000f8 03e 00000000 ct1     long  0                '$3e
000fc 03f 00000000 ct2     long  0                '$3f
00100 040 00000000 ct3     long  0                '$40
                   
                   
00104 041 00000000 DBG1    long  0                '$41 ' debugger opAddr
00108 042 00000000 DBG2    long  0                '$42 ' debugger temp
                   
                   ' nmm_init : initialize VM - note that this code must be at least 17 longs
                   '            to make various offsets match the main kernel, where this
                   '            code may be overlaid by 19 longs of debug code once
                   '            initialization is complete - eventually, the same may be
                   '            true of this kernel as well.
                   
0010c 043          DEBUG_OVERLAY
0010c 043          nmm_init
0010c 043 fb047361         rdlong  reg,PTRA++     '$43  1 load registry address (used later)
00110 044 fd603001         cogid   r2             '$44  2 register ...
00114 045 f0643002         shl     r2,#2          '$45  3 ... ourselves ...
00118 046 f1003039         add     r2,reg         '$46  4 ... as ...
0011c 047 fb007018         rdlong  req,r2         '$47  5 ... a ...
00120 048 f5007037         and     req,low24      '$48  6 ... new ...
00124 049 fc607018         wrlong  req,r2         '$49  7  kernel
00128 04a fb042f61         rdlong  r1,PTRA++      '$4a  8 load initial PC (to r1 temporarily)
0012c 04b fb043561         rdlong  r4,PTRA++      '$4b  9 load initial SP (to r4 temporarily)
00130 04c fb042d61         rdlong  r0,PTRA++      '$4c 10 load initial LUT library size (-1)
00134 04d fb043161         rdlong  r2,PTRA++      '$4d 11 load initial LUT library address
00138 04e fd602c29         setq2   r0             '$4e 12 copy lut library ...
0013c 04f fb020018         rdlong  $100,r2        '$4f 13 ... to LUT RAM, starting at $100
00140 050 fdbfff28         call    #_Thread_init  '$50 14 set up initial thread
00144 051 f603f01a         mov     PTRA,r4        '$51 15 set up correct SP
00148 052 fd602e2c         jmp     r1             '$52 16 we can now start executing Native code
0014c 053 00000000         long    0              '$53 17
00150 054 00000000         long    0              '$54 18
00154 055 00000000         long    0              '$55 19
00158 056 00000000         long    0              '$56 20
0015c 057 00000000         long    0              '$57 21
00160 058 00000000         long    0              '$58 22
00164 059 00000000         long    0              '$59 23
00168 05a 00000000         long    0              '$5a 24
0016c 05b 00000000         long    0              '$5b 25
00170 05c 00000000         long    0              '$5c 26
00174 05d 00000000         long    0              '$5d 27
00178 05e 00000000         long    0              '$5e 28
0017c 05f 00000000         long    0              '$5f 29
                   '
                   ' push_i - push a value whose address is specified indirectly in a
                   '          frame variable onto the stack
                   '
00180 060          push_i
00180 060 fd604224        stalli               ' disable interrupts
00184 061 fb0029f6        rdlong RI,PA         ' load the long value
00188 062 f14029f9        adds   RI,PTRB       ' add the frame pointer
0018c 063          push_x
0018c 063 fd604224        stalli               ' disable interrupts
00190 064 fb002814        rdlong RI,RI         ' read the value at that address
00194 065 fc64295f        wrlong RI,--PTRA     ' save value on stack
00198 066 f107ec04        add    PA,#4         ' increment PC ...
0019c 067          returni
0019c 067 fd604024        allowi               ' ... enable interrupts ...
001a0 068 fd63ec2c        jmp    PA            ' ... and return
                   
                   '
                   ' push_m - push many registers (specified by long at PC) onto the stack,
                   ' decrementing the SP (PTRA) before each one
                   '
001a4 069          push_m
001a4 069 fd604224        stalli               ' disable interrupts
                   
                   
                   
                   
                   
                   
001a8 06a fb0029f6        rdlong RI,PA         ' load the long value specifying registers to push
001ac 06b f6007414        mov    t1,RI         ' save register specification for later
001b0 06c f0442806        shr    RI,#6         ' ignore registers r0 - r5 (never saved)
001b4 06d f604781c        mov    t3,#r6        ' start with r6
001b8 06e          push_nxt
001b8 06e f05c2801        shr    RI,#1 wcz     ' save rX?
001bc 06f c98c7800  if_c  altd   t3            ' yes - decrement SP ...
001c0 070 cc64015f  if_c  wrlong 0-0,--PTRA    ' ... and save the register
001c4 071 f1047801        add    t3,#1         ' point to next register
001c8 072 5d9fffec  if_nz jmp    #push_nxt     ' continue till all registers saved
001cc 073 fc64755f        wrlong t1,--PTRA     ' save register specification
                   
001d0 074 f107ec04        add    PA,#4         ' increment PC ...
001d4 075 fd9fffc4        jmp    #returni      ' ... and return
                   
001d8 076 0003ffff Bits18 long   %0000_0000_0000_0011_1111_1111_1111_1111
                   
                   '
                   ' pop_m - pop many registers (specified by the long on top of stack)
                   ' from the stack, incremening the SP after each one
                   '
001dc 077          pop_m
001dc 077 fd604224        stalli               ' disable interrupts
                   
                   
                   
                   
                   
                   
001e0 078 fb042961        rdlong RI,PTRA++     ' pop the long value specifying registers to pop
001e4 079 f604762d        mov    t2,#r23       ' start with ...
001e8 07a f0642808        shl    RI,#(32-24)   ' ... r23
001ec 07b          pop_nxt
001ec 07b f07c2801        shl    RI,#1 wcz     ' load rX?
001f0 07c c98c7600  if_c  altd   t2            ' yes - load the register ...
001f4 07d cb040161  if_c  rdlong 0-0,PTRA++    ' ... and increment the stack pointer
001f8 07e 51847601  if_nz sub    t2,#1         ' if more to do, point to previous register ...
001fc 07f 5d9fffec  if_nz jmp    #pop_nxt      ' ... and continue till all registers popped
                   
00200 080 fd9fff98        jmp    #returni
                   
                   '
                   ' push_b - push a structure (size in bytes at the PC) pointed to by R0
                   '          onto the stack, decrementing the SP (PTRA). Note that the source
                   '          and destination data MUST be long aligned - but this is true
                   '          for all normal structures.
                   '
00204 081          push_b
00204 081 fd604224        stalli               ' disable interrupts
00208 082 fb002bf6        rdlong BC,PA         ' load the byte count
0020c 083 f107ec04        add    PA,#4         ' increment the PC
00210 084 f1042a03        add    BC,#3         ' round up BC ...
00214 085 f5242a03        andn   BC,#3         ' ... to be a multiple of 4
00218 086 f183f015        sub    PTRA,BC       ' decrement SP (PTRA) by rounded up size
0021c 087 f6007416        mov    t1,R0         ' source is in R0
00220 088 f60077f8        mov    t2,PTRA       ' destination is SP (PTRA)
00224 089 fd90001c        jmp    #copy_longs   ' do the copy
                   '
                   ' copy_b - copy a structure (size in bytes at the PC)
                   '          from the address in R1 to the address in R0
                   '
00228 08a          copy_b
00228 08a fd604224        stalli               ' disable interrupts
0022c 08b fb002bf6        rdlong BC,PA         ' load the byte count
00230 08c f107ec04        add    PA,#4         ' increment the PC
00234 08d f1042a03        add    BC,#3         ' round up BC ...
00238 08e f5242a03        andn   BC,#3         ' ... to be a multiple of 4
0023c 08f f6007417        mov    t1,R1         ' source is in R1
00240 090 f6007616        mov    t2,R0         ' destination is in R0
                   '
00244 091          copy_longs
00244 091 f0442a02        shr    BC,#2         ' number of times to repeat
00248 092 fcd80815        rep    #4,BC         ' repeat the next 4 instructions BC times
0024c 093 fb00783a        rdlong t3,t1         ' read from src to t3
00250 094 fc60783b        wrlong t3,t2         ' write t3 to dst
00254 095 f1047404        add    t1,#4         ' increment source
00258 096 f1047604        add    t2,#4         ' increment destination
0025c 097 fd9fff3c        jmp    #returni
                   '
                   ' new_fp - save current frame pointer and set up a new frame pointer
                   ' also calculate what SP (PTRA) was before data was pushed and save it in BC
                   '
00260 098          new_fp
00260 098 fd604224        stalli
00264 099 fc67f35f        wrlong PTRB,--PTRA   ' save FP (PTRB) to stack
00268 09a f603f3f8        mov    PTRB,PTRA     ' set up new FP (PTRB)
0026c 09b f1042a08        add    BC,#8         ' calculate what SP (PTRA) was ...
00270 09c f1002bf9        add    BC,PTRB       ' ... before arguments were pushed
00274 09d fd9fff24        jmp    #returni
                   '
                   ' fp_ret - pop current frame, restore previous frame and stack pointers,
                   '          then restore the previous program counter
                   '
                   ' f_ret -  just restore the previous program counter
                   '
00278 09e          fp_ret
00278 09e fd604224        stalli               ' disable interrupts
0027c 09f fb07f361        rdlong PTRB,PTRA++   ' restore previous FP (PTRB)
00280 0a0          f_ret
00280 0a0 fd604224        stalli               ' disable interrupts
00284 0a1 fb07ed00        rdlong PA,PTRA       ' read the PC
00288 0a2 f107f008        add    PTRA,#8       ' increment the SP (PTRA)
0028c 0a3 fd9fff0c        jmp    #returni
                   '
                   ' f_call - call the routine at the address pointed to by the PC
                   ' f_cali - call the routine whose address is in RI
                   '
00290 0a4          f_call
00290 0a4 fd604224        stalli               ' disable interrupts
00294 0a5 fb0029f6        rdlong RI,PA         ' get the address to call
00298 0a6 f107ec04        add    PA,#4         ' increment the PC (this is the return address)
0029c 0a7          f_cali
0029c 0a7 fd604224        stalli               ' disable interrupts
002a0 0a8 f187f008        sub    PTRA,#8       ' decrement the SP (PTRA)
002a4 0a9 fc67ed00        wrlong PA,PTRA       ' save current PC to stack
002a8 0aa fd604024        allowi               ' enable interrupts
002ac 0ab fd60282c        jmp    RI            ' execute next instruction
                   
                   'fd_32s - Signed 32 bit division
                   '         Divisor --> r1
                   '         Dividend--> r0
                   '         Result --> Quotient in r0
                   '                    Remainder in r1
                   
002b0 0ac          f_d32s
002b0 0ac fd604224        stalli               ' disable interrupts
002b4 0ad fda00303        call   #\signed_d32  ' perform signed division
002b8 0ae fd9ffee0        jmp    #returni
                   
                   ' plugin - call a plugin
                   ' On entry:
                   '       R3 = code:
                   '            - cog id if >= 128 (i.e. $80 + cog id)
                   '            - plugin type if < 128 (i.e. 0 .. 127)
                   '            - service id if < 0
                   '       R2 = data (optional pointer)
                   '
                   ' NOTES: Locks are currently only supported when invoking via a service id.
                   '        When using service id, the data should only use the lower 24 bits.
                   '
                   ' On exit:
                   '       R0 = result
                   
002bc 0af          plugin
002bc 0af fd604224        stalli               ' disable interrupts
002c0 0b0 fda0030d        call   #\do_plugin   ' do_plugin does all the work
002c4 0b1 fd9ffed4        jmp    #returni
                   
                   '-------------------------- Multi-Threading Support ----------------------------
                   
002c8 0b2          NMM_isr
002c8 0b2 fd604224         stalli
002cc 0b3 f43bd5e9         bith    lockbits,lock wcz    ' have we acquired ...
002d0 0b4 5d73d206  if_nz  locktry lock wc              ' ... both intra-cog and inter-cog locks?
002d4 0b5 1403d5e9  if_nc_and_nz  bitl lockbits,lock    ' true = if_c_and_nz, false = if_nc_or_z
002d8 0b6 bd9000a0  if_nc_or_z  jmp #NMM_resume    ' no - cannot switch - restore C & Z and resume
002dc 0b7 fb0877e8         rdlong  t2, TP wz       ' yes - is there a next thread block pointer?
002e0 0b8 ad900090  if_z   jmp     #NMM_unlock     ' no - unlock and resume
002e4 0b9 fb087438         rdlong  t1, req wz      ' yes - is there an affinity request oustanding?
002e8 0ba 5d9000a0  if_nz  jmp     #NMM_affine     ' yes - service it
002ec 0bb f20877e8         cmp     t2, TP wz       ' no - is there only one thread executing?
002f0 0bc ad900080  if_z   jmp     #NMM_unlock     ' yes - unlock and resume
002f4 0bd          NMM_switch
002f4 0bd f600783b         mov     t3, t2          ' no - get ...
002f8 0be f1047885         add     t3, #33*4+1     ' ... affinity byte
002fc 0bf fac0743c         rdbyte  t1, t3          ' ... of proposed next thread
00300 0c0 f7cc74e0         test    t1, #%11100000 wz ' affinity stop, or thread terminated or completed?
00304 0c1 ad900010   if_z  jmp     #:next          ' no - switch to next thread
00308 0c2 f5447480         or      t1, #%10000000  ' yes - make sure ...
0030c 0c3 fc40743c         wrbyte  t1, t3          ' ... thread terminated bit of next thread is set
00310 0c4 fb00763b         rdlong  t2, t2          ' remove next thread ...
00314 0c5 fc6077e8         wrlong  t2, TP          ' ... from the executing thread list
00318 0c6 f60075e8 :next   mov     t1, TP          ' point to ...
0031c 0c7 f1047404         add     t1, #4          ' ... current thread register save area
00320 0c8 f6005df1         mov     Save_PC,iret3   ' Save PC and flags
00324 0c9 f60063f6         mov     Save_PA,PA      ' Save PA
00328 0ca f6005ff9         mov     Save_FP,FP      ' Save FP
0032c 0cb f60061f8         mov     Save_SP,SP      ' Save SP
00330 0cc fd643a28         setq    #30-1           ' save 30 registers ...
00334 0cd fc60283a         wrlong  RI,t1           ' ... to register save area
00338 0ce f603d03b         mov     TP, t2          ' set TP to next thread block
0033c 0cf f1047604         add     t2, #4          ' point to that thread's register save area
00340 0d0 fd643a28         setq    #30-1           ' load 30 registers ...
00344 0d1 fb00283b         rdlong  RI,t2           ' ... from register save area
00348 0d2 f603f030         mov     SP,Save_SP      ' restore SP
0034c 0d3 f603f22f         mov     FP,Save_FP      ' restore FP
00350 0d4 f603ec31         mov     PA,Save_PA      ' restore PA
00354 0d5 f603e22e         mov     iret3,Save_PC   ' restore PC and flags
00358 0d6 f60075e8         mov     t1,TP           ' up date ticks ...
0035c 0d7 f1047486         add     t1,#33*4+2      ' ... with ticks ...
00360 0d8 fae3ce3a         rdword  ticks,t1        ' ... for current thread ...
00364 0d9 ff00001f         and     t1,##%11111111111111
00368 0da f50475ff 
0036c 0db f107ce01         add     ticks,#1
00370 0dc f067ce0e         shl     ticks,#14       ' ... corrected for faster 1 !
00374 0dd          NMM_unlock
00374 0dd fd63d207         lockrel lock                 ' release inter-cog lock
00378 0de f403d5e9         bitl    lockbits,lock        ' release intra-cog lock
0037c 0df          NMM_resume
0037c 0df f20fce00         cmp     ticks, #0 wz
00380 0e0 5a7081e7   if_nz addct3  ct3,ticks       ' update ct3 target for next interrupt
00384 0e1 fd604024         allowi
00388 0e2 fb3bfff1         reti3                   ' resume execution
0038c 0e3          NMM_affine
0038c 0e3 f20877e8         cmp     t2, TP wz       ' is there only one thread executing?
00390 0e4 5b00783b  if_nz  rdlong  t3, t2          ' no - get next thread of next thread ...
00394 0e5 5c60783a  if_nz  wrlong  t3, t1          ' no - ... and make it next thread of new thread
00398 0e6 ac60763a  if_z   wrlong  t2, t1          ' yes - make new thread next thread of current thread
0039c 0e7 fc60743b         wrlong  t1, t2          ' make current thread next thread of new thread
003a0 0e8 f6047885         mov     t3, #33*4+1     ' update ...
003a4 0e9 f100783a         add     t3, t1          ' ...
003a8 0ea fac07a3c         rdbyte  t4, t3          ' ...
003ac 0eb fd607401         cogid   t1              ' ...
003b0 0ec f5247a07         andn    t4, #%111       ' ...
003b4 0ed f5407a3a         or      t4, t1          ' ...
003b8 0ee fc407a3c         wrbyte  t4, t3          ' ... thread affinity
003bc 0ef f6047800         mov     t3, #0          ' zero ...
003c0 0f0 fc607838         wrlong  t3, req         ' ... request block
003c4 0f1 fd9fff2c         jmp     #NMM_switch     ' now switch to next thread
003c8 0f2          NMM_force
003c8 0f2 fd604224         stalli
003cc 0f3 f607ce00         mov     ticks, #0
003d0 0f4 f603e3f6         mov     iret3,PA        ' set up return address as if from interrupt
003d4 0f5 fb0077e8         rdlong  t2, TP          ' load next thread pointer
003d8 0f6 fb087438         rdlong  t1, req wz      ' is there an affinity request oustanding?
003dc 0f7 5d9fffac  if_nz  jmp     #NMM_affine     ' yes - service it
003e0 0f8 f20877e8         cmp     t2, TP wz       ' is there only one thread executing?
003e4 0f9 5d9fff0c  if_nz  jmp     #NMM_switch     ' no - perform context switch
003e8 0fa fd9fff88         jmp     #NMM_unlock     ' yes - unlock, restore C & Z amd resume
                   
                   '--------------------- End of NMM Kernel --------------------------------------
                   
                   '--------------------- Start of Float32 Components ----------------------------
                   
                   {{
                                               TERMS OF USE: MIT License
                                 (Float32 Components only - i.e. excludes LMM Kernel)
                   
                    Permission is hereby granted, free of charge, to any person obtaining a copy
                    of this software and associated documentation files (the "Software"), to deal
                    in the Software without restriction, including without limitation the rights
                    to use, copy, modify, merge, publish, distribute, sublicense, and/or sell
                    copies of the Software, and to permit persons to whom the Software is
                    furnished to do so, subject to the following conditions:
                   
                    The above copyright notice and this permission notice shall be included in
                    all copies or substantial portions of the Software.
                   
                    THE SOFTWARE IS PROVIDED "AS IS", WITHOUT WARRANTY OF ANY KIND, EXPRESS OR
                    IMPLIED, INCLUDING BUT NOT LIMITED TO THE WARRANTIES OF MERCHANTABILITY,
                    FITNESS FOR A PARTICULAR PURPOSE AND NONINFRINGEMENT. IN NO EVENT SHALL THE
                    AUTHORS OR COPYRIGHT HOLDERS BE LIABLE FOR ANY CLAIM, DAMAGES OR OTHER
                    LIABILITY, WHETHER IN AN ACTION OF CONTRACT, TORT OR OTHERWISE,ARISING FROM,
                    OUT OF OR IN CONNECTION WITH THE SOFTWARE OR THE USE OR OTHER DEALINGS IN
                    THE SOFTWARE.
                   }}
                   
                   
                   
                   
                   
                   
                   
                   
                   
                   
                   
                   
                   DAT
                   
                   '------------------------------------------------------------------------------
                   ' Float32 Assembly language routines
                   '------------------------------------------------------------------------------
                   ' flt_add   r0 = r0 + r1
                   ' flt_sub   r0 = r0 - r1
                   ' changes: r0, flagA, expA, manA, r1, flagB, expB, manB, t1
                   '------------------------------------------------------------------------------
                   
003ec 0fb f5602e32 flt_sub                 xor     r1, Bit31               ' negate B
003f0 0fc fd604224 flt_add                 stalli
003f4 0fd fdb00184                         call    #_Unpack2               ' unpack two variables
003f8 0fe ed9ffda0           if_c_or_z     jmp     #returni                ' check for NaN or B = 0
                   
003fc 0ff f7cf4e01                         test    flagA, #SignFlag wz     ' negate A mantissa if negative
00400 100 566353a9           if_nz         neg     manA, manA
00404 101 f7cf5401                         test    flagB, #SignFlag wz     ' negate B mantissa if negative
00408 102 566359ac           if_nz         neg     manB, manB
                   
0040c 103 f60075a8                         mov     t1, expA                ' align mantissas
00410 104 f18075ab                         sub     t1, expB
00414 105 f640743a                         abs     t1, t1
00418 106 f324741f                         fle     t1, #31
0041c 107 f25b51ab                         cmps    expA, expB wcz
00420 108 10c3583a           if_nz_and_nc  sar     manB, t1
00424 109 40c3523a           if_nz_and_c   sar     manA, t1
00428 10a 460351ab           if_nz_and_c   mov     expA, expB
                   
0042c 10b f10353ac                         add     manA, manB              ' add the two mantissas
00430 10c f2575200                         cmps    manA, #0 wc             ' set sign of result
00434 10d c5474e01           if_c          or      flagA, #SignFlag
00438 10e 35274e01           if_nc         andn    flagA, #SignFlag
0043c 10f f64353a9                         abs     manA, manA              ' pack result and exit
00440 110 fdb001e0 pack_rtni               call    #_Pack
00444 111 fd9ffd54                         jmp     #returni
                   
                   '------------------------------------------------------------------------------
                   ' flt_mul  r0 = r0 * r1
                   ' changes: r0, flagA, expA, manA, r1, flagB, expB, manB, t1, t2
                   '------------------------------------------------------------------------------
                   
00448 112 fd604224 flt_mul                 stalli
0044c 113 fdb0012c                         call    #_Unpack2               ' unpack two variables
00450 114 3d900024           if_nc         jmp     #flt_mul2               ' multiply if neither is NaN
00454 115 f20f50ff                         cmp     expA, #255 wz           ' NaN, so check for r0 = Inf
00458 116 ad900008           if_z          jmp     #flt_mul1               ' yes - return Inf
0045c 117 f20f56ff                         cmp     expB, #255 wz           ' no - check for r1 = Inf
00460 118 5d9ffd38           if_nz         jmp     #returni                ' no - return NaN
00464 119 f6002da3 flt_mul1                mov     r0, Inf                 ' yes, r0 or r1 is Inf, so return Inf
00468 11a f5634faa                         xor     flagA, flagB            '
0046c 11b f7cf4e01                         test    flagA, #SignFlag wz
00470 11c 55402c32           if_nz         or      r0, Bit31
00474 11d fd9ffd24                         jmp     #returni
00478 11e f5634faa flt_mul2                xor     flagA, flagB            ' get sign of result
0047c 11f f10351ab                         add     expA, expB              ' add exponents
00480 120 fd0353ac                         qmul    manA, manB
00484 121 fd607419                         getqy   t1
00488 122 f0647403                         shl     t1, #3                  ' justify result and exit
0048c 123 f603523a                         mov     manA, t1
00490 124 fd9fffac                         jmp     #pack_rtni
                   
                   '------------------------------------------------------------------------------
                   ' flt_div  r0 = r0 / r1
                   ' changes: r0, flagA, expA, manA, r1, flagB, expB, manB, t1, t2
                   '------------------------------------------------------------------------------
                   
00494 125 fd604224 flt_div                 stalli
00498 126 fdb000e0                         call    #_Unpack2               ' unpack two variables
0049c 127 e6002da2           if_c_or_z     mov     r0, NaN                 ' check for NaN or divide by 0
004a0 128 ed9ffcf8           if_c_or_z     jmp     #returni
                   
004a4 129 f5634faa                         xor     flagA, flagB            ' get sign of result
004a8 12a f18351ab                         sub     expA, expB              ' subtract exponents
                   
004ac 12b f0475201                         shr     manA, #1
004b0 12c fd635228                         setq    manA
004b4 12d fd1801ac                         qdiv    #0, manB
004b8 12e fd635218                         getqx   manA
004bc 12f f0475202                         shr     manA, #2
004c0 130 fd9fff7c                         jmp     #pack_rtni
                   
                   '------------------------------------------------------------------------------
                   ' flt_int  r0 = float(r0)
                   ' changes: r0, flagA, expA, manA
                   '------------------------------------------------------------------------------
                   
004c4 131 fd604224 flt_int                 stalli
004c8 132 f6034e16                         mov     flagA, r0               ' get integer value
004cc 133 f6042c00                         mov     r0, #0                  ' set initial result to zero
004d0 134 f64b53a7                         abs     manA, flagA wz          ' get absolute value of integer
004d4 135 ad9ffcc4           if_z          jmp     #returni                ' if zero, exit
004d8 136 f0474e1f                         shr     flagA, #31              ' set sign flag
004dc 137 f607501f                         mov     expA, #31               ' set initial value for exponent
004e0 138 f0775201 normalize_1             shl     manA, #1 wc             ' normalize the mantissa
004e4 139 31875001           if_nc         sub     expA, #1                ' adjust exponent
004e8 13a 3d9ffff4           if_nc         jmp     #normalize_1
004ec 13b f0875201                         rcr     manA, #1                ' justify mantissa
004f0 13c f0475202                         shr     manA, #2
004f4 13d fd9fff48                         jmp     #pack_rtni
                   
                   '------------------------------------------------------------------------------
                   ' int_flt  r0 = fix(r0)
                   ' changes: r0, flagA, expA, manA, t1
                   '------------------------------------------------------------------------------
                   
004f8 13e fd604224 int_flt                 stalli
004fc 13f f6047400                         mov     t1, #0                  ' set for no rounding
                   '                        jmp     #fix
                   
                   'rnd_flt                 mov     t1, #1                  ' set for rounding
                   
00500 140 fdb000a8 fix                     call    #_Unpack                ' unpack floating point value
00504 141 cd9ffc94           if_c          jmp     #returni                ' check for NaN
00508 142 f0675202                         shl     manA, #2                ' left justify mantissa
0050c 143 f6042c00                         mov     r0, #0                  ' initialize result to zero
00510 144 f66351a8                         neg     expA, expA              ' adjust for exponent value
00514 145 f10f501e                         add     expA, #30 wz
00518 146 f2575020                         cmps    expA, #32 wc
0051c 147 bd9ffc7c           if_nc_or_z    jmp     #returni
00520 148 f04353a8                         shr     manA, expA
                   
00524 149 f103523a                         add     manA, t1                ' round up 1/2 lsb
00528 14a f0475201                         shr     manA, #1
                   
0052c 14b f7cf4e01                         test    flagA, #signFlag wz     ' check sign and exit
00530 14c f3e02da9                         sumnz   r0, manA
00534 14d fd9ffc64                         jmp     #returni
                   
                   '------------------------------------------------------------------------------
                   ' flt_cmp   set Z and C flags for r0 - r1
                   ' changes: status, t1
                   '------------------------------------------------------------------------------
                   
00538 14e fd604224 flt_cmp                 stalli
0053c 14f f6007416                         mov     t1, r0               ' compare signs
00540 150 f5607417                         xor     t1, r1
00544 151 f5087432                         and     t1, Bit31 wz
00548 152 ad900018           if_z          jmp     #cmp1                  ' same, then compare magnitude
                   
0054c 153 f6007416                         mov     t1, r0               ' check for +0 or -0
00550 154 f5407417                         or      t1, r1
00554 155 f5387432                         andn    t1, Bit31 wcz
00558 156 ad9ffc40           if_z          jmp     #returni
                   
0055c 157 f7d02c32                         test    r0, Bit31 wc         ' compare signs
00560 158 fd9ffc38                         jmp     #returni
                   
00564 159 f7c82c32 cmp1                    test    r0, Bit31 wz         ' check signs
00568 15a 5d900008           if_nz         jmp     #cmp2
0056c 15b f2182c17                         cmp     r0, r1 wcz
00570 15c fd9ffc28                         jmp     #returni
00574 15d f2182e16 cmp2                    cmp     r1, r0 wcz           ' reverse test if negative
00578 15e fd9ffc20                         jmp     #returni
                   
                   '------------------------------------------------------------------------------
                   ' input:   r0        32-bit floating point value
                   '          r1        32-bit floating point value
                   ' output:  flagA        r0 flag bits (Nan, Infinity, Zero, Sign)
                   '          expA         r0 exponent (no bias)
                   '          manA         r0 mantissa (aligned to bit 29)
                   '          flagB        r1 flag bits (Nan, Infinity, Zero, Sign)
                   '          expB         r1 exponent (no bias)
                   '          manB         r1 mantissa (aligned to bit 29)
                   '          C flag       set if r0 or r1 is NaN
                   '          Z flag       set if r1 is zero
                   ' changes: r0, flagA, expA, manA, r1, flagB, expB, manB, t1
                   '------------------------------------------------------------------------------
                   
0057c 15f f6007416 _Unpack2                mov     t1, r0               ' save A
00580 160 f6002c17                         mov     r0, r1               ' unpack B to A
00584 161 fdb00024                         call    #_Unpack
                   
00588 162 f6002e16                         mov     r1, r0               ' save B variables
0058c 163 f60355a7                         mov     flagB, flagA
00590 164 f60357a8                         mov     expB, expA
00594 165 f60359a9                         mov     manB, manA
                   
00598 166 f6002c3a                         mov     r0, t1               ' unpack A
0059c 167 fdb0000c                         call    #_Unpack
005a0 168 37cf5408           if_nc         test    flagB, #NanFlag wz
005a4 169 1d75e06f           if_nc_and_nz  modc    _set wc
005a8 16a 020f5800           _ret_         cmp     manB, #0 wz          ' set Z flag
                   
                   '------------------------------------------------------------------------------
                   ' input:   r0        32-bit floating point value
                   ' output:  flagA        r0 flag bits (Nan, Infinity, Zero, Sign)
                   '          expA         r0 exponent (no bias)
                   '          manA         r0 mantissa (aligned to bit 29)
                   '          C flag       set if r0 is NaN
                   '          Z flag       set if r0 is zero
                   ' changes: r0, flagA, expA, manA
                   '------------------------------------------------------------------------------
                   
005ac 16b f6034e16 _Unpack                 mov     flagA, r0            ' get sign
005b0 16c f0474e1f                         shr     flagA, #31
005b4 16d f6035216                         mov     manA, r0             ' get mantissa
005b8 16e f50353a5                         and     manA, Mask23
005bc 16f f6035016                         mov     expA, r0             ' get exponent
005c0 170 f0675001                         shl     expA, #1
005c4 171 f04f5018                         shr     expA, #24 wz
005c8 172 ad900014           if_z          jmp     #zeroSubnormal         ' check for zero or subnormal
005cc 173 f20f50ff                         cmp     expA, #255 wz           ' check if finite
005d0 174 5d90003c           if_nz         jmp     #finite
005d4 175 f6002da2                         mov     r0, NaN              ' no, then return NaN
005d8 176 f5474e08                         or      flagA, #NaNFlag
005dc 177 fd90003c                         jmp     #U_exit2
                   
005e0 178 f6007ba9 zeroSubnormal           mov     t4, manA
005e4 179 f5487ba8                         or      t4, expA wz             ' check for zero
005e8 17a 5d90000c           if_nz         jmp     #subnorm
005ec 17b f5474e02                         or      flagA, #ZeroFlag        ' yes, then set zero flag
005f0 17c f6675096                         neg     expA, #150              ' set exponent and exit
005f4 17d fd900024                         jmp     #U_exit2
                   
005f8 17e f0675207 subnorm                 shl     manA, #7                ' fix justification for subnormals
005fc 17f f7cb53a6 subnorm2                test    manA, Bit29 wz
00600 180 5d900014           if_nz         jmp     #U_exit1
00604 181 f0675201                         shl     manA, #1
00608 182 f1875001                         sub     expA, #1
0060c 183 fd9fffec                         jmp     #subnorm2
                   
00610 184 f0675206 finite                  shl     manA, #6                ' justify mantissa to bit 29
00614 185 f54353a6                         or      manA, Bit29             ' add leading one bit
                   
00618 186 f187507f U_exit1                 sub     expA, #127              ' remove bias from exponent
0061c 187 f7d74e08 U_exit2                 test    flagA, #NaNFlag wc      ' set C flag
00620 188 020f5200           _ret_         cmp     manA, #0 wz             ' set Z flag
                   
                   '------------------------------------------------------------------------------
                   ' input:   flagA        r0 flag bits (Nan, Infinity, Zero, Sign)
                   '          expA         r0 exponent (no bias)
                   '          manA         r0 mantissa (aligned to bit 29)
                   ' output:  r0        32-bit floating point value
                   ' changes: r0, flagA, expA, manA
                   '------------------------------------------------------------------------------
                   
00624 189 f20f5200 _Pack                   cmp     manA, #0 wz             ' check for zero
00628 18a a6075000           if_z          mov     expA, #0
0062c 18b ad900040           if_z          jmp     #P_exit3
                   
00630 18c f0775201 normalize_2             shl     manA, #1 wc             ' normalize the mantissa
00634 18d 31875001           if_nc         sub     expA, #1                ' adjust exponent
00638 18e 3d9ffff4           if_nc         jmp     #normalize_2
                   
0063c 18f f1075002                         add     expA, #2                ' adjust exponent
00640 190 f1175300                         add     manA, #$100 wc          ' round up by 1/2 lsb
00644 191 c1075001           if_c          add     expA, #1
                   
00648 192 f107507f                         add     expA, #127              ' add bias to exponent
0064c 193 f34351a4                         fges    expA, Minus23
00650 194 f36750ff                         fles    expA, #255
                   
00654 195 f2575001                         cmps    expA, #1 wc             ' check for subnormals
00658 196 3d900014           if_nc         jmp     #P_exit3
                   
0065c 197 f5475201 subnormal               or      manA, #1                ' adjust mantissa
00660 198 f0075201                         ror     manA, #1
                   
00664 199 f66351a8                         neg     expA, expA
00668 19a f04353a8                         shr     manA, expA
0066c 19b f6075000                         mov     expA, #0                ' biased exponent = 0
                   
00670 19c f6002da9 P_exit3                 mov     r0, manA             ' bits 22:0 mantissa
00674 19d f0442c09                         shr     r0, #9
00678 19e f0675017                         shl     expA, #23
0067c 19f f5402da8                         or      r0, expA
00680 1a0 f0674e1f                         shl     flagA, #31
00684 1a1 05402da7           _ret_          or      r0, flagA            ' bit 31 sign
                   
00688 1a2 7fffffff NaN                     long    $7FFF_FFFF
0068c 1a3 7f800000 Inf                     long    $7F80_0000
00690 1a4 ffffffe9 Minus23                 long    -23
00694 1a5 007fffff Mask23                  long    $007F_FFFF
00698 1a6 20000000 Bit29                   long    $2000_0000
                   
0069c 1a7 00000000 flagA                   long    0
006a0 1a8 00000000 expA                    long    0
006a4 1a9 00000000 manA                    long    0
                   
006a8 1aa 00000000 flagB                   long    0
006ac 1ab 00000000 expB                    long    0
006b0 1ac 00000000 manB                    long    0
                   
                   '-------------------- End of Float32 Components -------------------------------
                   
                   '-------------------------- Multi-Threading Support ----------------------------
                   
                   ' These must be in the same place in all the threaded kernels of the
                   ' same 'flavor' (i.e. CMM, LMM, NMM etc).
                   
006b4 1ad                   fit    $1e7
0079c 1e7                   orgf   $1e7
                   
0079c 1e7 00190000 ticks    long   100<<14         ' time between context switches (~10 ms)
007a0 1e8 00000000 TP       long   0               ' current thread pointer
007a4 1e9 00000007 lock     long   7               ' lock to use for context switching (default 7)
007a8 1ea 00000000 lockbits long   0               ' lockbits used to simulate P1-style locks
                   
                   ' last 5 longs are reserved for debug overlay vectors (or debug LED)
                   
007ac 1eb                   fit    $1eb
007ac 1eb                   orgf   $1eb
                   
007ac 1eb          DEBUG_VECTORS
                   
                   
                   
                   
                   
                   
                   
                   
                   
                   
                   
007ac 1eb 0007bde8          long   DEBUG_BREAK
007b0 1ec 0007bdec          long   DEBUG_ADDR
007b4 1ed 0007bdf0          long   DEBUG_OUT
007b8 1ee 0007bdf4          long   DEBUG_IN
007bc 1ef 0007bdf8          long   DEBUG_FLAG
                   
007c0 1f0                   fit    $1f0
                   
007c0 1f0                   fit    $1f8
007e0 1f8                   orgf   $1f8
007e0 1f8 00000000 SP       long   $0    ' SP is PTRA
007e4 1f9 00000000 FP       long   $0    ' FP is PTRB
                   
                   '------------------------- END OF KERNEL --------------------------------------
                   
007e8 300                   org $300
                   
                   ' Common Kernel library functions. This code is included only to get the LUT
                   ' offsets correct in the dynamically loaded kernel. The actual LUT code is
                   ' loaded into LUT from elsewhere. There must be a better way to do this, but I
                   ' can't think of one at the moment :(
                   
                   '#line 1 "../../../target_p2/Catalina_kernel_library.inc"
                   ' Catalina kernel library functions ...
                   
                   ' avoid including the kernel library functions twice ...
                   
                   
                   
                   
                   DAT
                   
                   ' unsigned_d32 - 32 bit unsigned division
                   
007e8 300          unsigned_d32
007e8 300 fd102c17          qdiv   r0,r1
007ec 301 fd602c18          getqx  r0
007f0 302 0d602e19   _ret_  getqy  r1
                   
                   ' signed_d32 - 32 bit signed division
                   
007f4 303          signed_d32
007f4 303 f6007817          mov    t3,r1           ' save sign for later
007f8 304 f6007a16          mov    t4,r0
007fc 305 f6402e17          abs    r1,r1
00800 306 f6402c16          abs    r0,r0
00804 307 f560783d          xor    t3,t4
00808 308 fda00300          call   #\unsigned_d32  ' perform unsigned division
0080c 309 f6107a3d          mov    t4,t4 WC        ' get bit #31 into carry
00810 30a f6802e17          negc   r1,r1           ' adjust the sign of the remainder
00814 30b f610783c          mov    t3,t3 WC        ' get bit #31 into carry
00818 30c 06802c16   _ret_  negc   r0,r0           ' adjust the sign of the result
                   
                   ' do_plugin - call a plugin
                   '
                   ' On entry:
                   '       r3 = code:
                   '            - cog id if >= 128 (i.e. $80 + cog id)
                   '            - plugin type if < 128 (i.e. 0 .. 127)
                   '            - service id if < 0
                   '       r2 = data (optional pointer)
                   '
                   ' NOTES: Locks are currently only supported when invoking via a service id.
                   '        When using service id, the data should only use the lower 24 bits.
                   '
                   ' On exit:
                   '       R0 = result
                   
0081c 30d          do_plugin
0081c 30d f6047a08         mov     t4,#8           ' t4 stores lock - default to none required
00820 30e f6102c19         mov     r0,r3 wc        ' get plugin type or cog id or service id
00824 30f cd90003c  if_b   jmp     #psvc           ' if < 0, code is a service id
00828 310 f7cc2c80         test    r0,#$80 wz      ' if bit 7 set ...
0082c 311 5d900074  if_nz  jmp     #pcog           ' code is a cog id ...
00830 312          ptype                           ' ... otherwize it's a plugin type
00830 312 f6007439         mov     t1,reg          ' point to registry
00834 313 f6047600         mov     t2,#0           ' start at cog id 0
00838 314          plgt1
00838 314 f21c7608         cmp     t2,#8 wcz       ' run out of cogs?
0083c 315 3d9000a0  if_ae  jmp     #plugerr        ' yes - no such plugin
00840 316 fb00783a         rdlong  t3,t1           ' no - check cog's plugin type
00844 317 f0447818         shr     t3,#24          ' is it ...
00848 318 f2087816         cmp     t3,r0 wz        ' ... the plugin type what we wanted?
0084c 319 ad90000c  if_z   jmp     #plgt2          ' yes - invoke plugin at this cog id
00850 31a 51047601  if_nz  add     t2,#1           ' no - try ...
00854 31b 51047404  if_nz  add     t1,#4           ' ... next ...
00858 31c 5d9fffdc  if_nz  jmp     #plgt1          ' ... cog id
0085c 31d          plgt2
0085c 31d f6002c3b         mov     r0,t2           ' use the cog where we found the plugin
00860 31e fd900040         jmp     #pcog           ' invoke plugin (via the cog id)
00864 31f          psvc
00864 31f f0642c01         shl     r0,#1           ' read entry ...
00868 320 f1002c39         add     r0,reg          ' ... from ...
0086c 321 fae02c16         rdword  r0,r0           ' ... the service registry
00870 322 f6007416         mov     t1,r0           ' save in t1 and extract ...
00874 323 f0442c0c         shr     r0,#12          ' ... cog number to r0
00878 324 f600763a         mov     t2,t1           ' save in t2 and extract ...
0087c 325 f06c7418         shl     t1,#24 wz       ' ... request code to t1 (top 8 bits) ...
00880 326 ad90005c  if_z   jmp     #plugerr        ' ... or throw error if request code is zero
00884 327 f6007a3b         mov     t4,t2           ' extract ...
00888 328 f0447a08         shr     t4,#8           ' ... lock number to t4
0088c 329 f7cc7a08         test    t4,#8 wz        ' are we required to use a lock?
00890 32a 5d900008  if_nz  jmp     #no_lock        ' no - just make the request
00894 32b          set_lock
00894 32b fd707a06         locktry t4 wc           ' yes - loop ...
00898 32c 3d9ffff8  if_nc  jmp     #set_lock       ' ... until we have set the lock
0089c 32d          no_lock
0089c 32d f5203036         andn    r2,top8         ' combine data ...
008a0 32e f540303a         or      r2,t1           ' ... with request code
008a4 32f          pcog
008a4 32f f5042c07         and     r0,#7           ' mask off cog id to 0 .. 7
008a8 330 f0642c02         shl     r0,#2           ' point to ...
008ac 331 f1002c39         add     r0,reg          ' ... registry entry for the cog
008b0 332 fb002c16         rdlong  r0,r0           ' get request block from registry
008b4 333 f7c82c36         test    r0,top8 wz      ' is a plugin registered in this cog?
008b8 334 ad900024  if_z   jmp     #plugerr        ' no - throw error
008bc 335 f5202c36         andn    r0,top8         ' yes - write ...
008c0 336 fc603016         wrlong  r2,r0           ' ... request
008c4 337          ploop
008c4 337 fb083216         rdlong  r3,r0   wz      ' wait till ...
008c8 338 5d9ffff8  if_nz  jmp     #ploop          ' ... request completed
008cc 339 f1042c04         add     r0,#4           ' get ...
008d0 33a fb002c16         rdlong  r0,r0           ' ... result
008d4 33b          clr_lock
008d4 33b f7cc7a08         test    t4,#8 wz        ' did we set a lock?
008d8 33c ad607a07  if_z   lockrel t4              ' yes - release the lock we set
008dc 33d fd64002d         ret
008e0 33e          plugerr
008e0 33e f6642c01         neg     r0,#1           ' plugin error (e.g. not registered)
008e4 33f fd9fffec         jmp     #clr_lock       ' done - clear lock if required
                   
                   ' do_register - register a plugin
                   '
                   ' On entry:
                   '
                   '        r0 - initial value to write to request block
                   '        r1 - cog to register (lost)
                   '        r3 - plugin type to register (lost)
                   
008e8 340          do_register
008e8 340 f0642e02         shl     r1, #2          ' register ...
008ec 341 ff0003df         add     r1, ##REGISTRY  ' ... plugin ...
008f0 342 f1042fb0 
008f4 343 fb003017         rdlong  r2, r1          ' ...
008f8 344 ff007fff         and     r2, ##$00FFFFFF ' ... as ...
008fc 345 f50431ff 
00900 346 f0643218         shl     r3, #24         ' ...
00904 347 f5403019         or      r2, r3          ' ...
00908 348 fc603017         wrlong  r2, r1          ' ... plugin type
0090c 349 0c602c18   _ret_ wrlong  r0, r2          ' save in request block
                   
                   '
                   ' do_copy
                   '
                   ' On entry:
                   '
                   '       r0 - dst addr
                   '       r1 - number of bytes to copy
                   '       r2 - src addr
                   '
                   ' On exit:
                   '
                   '       r0 incremented by r1 (i.e. number of bytes)
                   '       r3 lost
                   
00910 34a          do_copy
00910 34a fac03218        rdbyte  r3, r2           '
00914 34b fc403216        wrbyte  r3, r0
00918 34c f1042c01        add     r0, #1
0091c 34d f1043001        add     r2, #1
00920 34e fb6c2ffb        djnz    r1, #do_copy     '
00924 34f fd64002d        ret
                   
                   
                   
                   '#line 834 "../../../target_p2/Catalina_NMM_threaded_dynamic.spin2"
                   
                   '#line 1 "../../../target_p2/Catalina_NMM_kernel_library.inc"
                   ' Catalina kernel functions that are specific to the NMM kernels ...
                   
                   ' avoid including the kernel library functions twice ...
                   
                   
                   
                   
                   DAT
                   
                   ' NOTE: There are currently no NMM-specific kernel library functions.
                   '       This file exists as a place to put them if any are required.
                   
                   
                   
                   '#line 836 "../../../target_p2/Catalina_NMM_threaded_dynamic.spin2"
                   
                   '#line 1 "../../../target_p2/Catalina_thread_library.inc"
                   ' Catalina thread library functions ...
                   
                   ' avoid including the thread library functions twice ...
                   
                   
                   
                   
                   DAT
                   
                   ' GET_KERNEL_LOCK : do not return until we get kernel lock (specified in lock)
                   
00928 350          GET_KERNEL_LOCK
00928 350 fd604224         stalli
0092c 351 f43bd5e9         bith    lockbits,lock wcz    ' have we acquired ...
00930 352 5d73d206  if_nz  locktry lock wc              ' ... both intra-cog and inter-cog locks?
00934 353 1403d5e9  if_nc_and_nz  bitl lockbits,lock    ' true = if_c_and_nz, false = if_nc_or_z
00938 354 bd800350  if_nc_or_z    jmp #\GET_KERNEL_LOCK
0093c 355 fd604024         allowi
00940 356 fd64002d         ret
                   
                   ' REL_KERNEL_LOCK : release the kernel lock (specified in lock)
                   
00944 357          REL_KERNEL_LOCK
00944 357 fd604224         stalli
00948 358 fd63d207         lockrel lock                 ' release inter-cog lock
0094c 359 f403d5e9         bitl    lockbits,lock        ' release intra-cog lock
00950 35a fd604024 	allowi
00954 35b fd64002d         ret
                   
                   ' GET_POOL_LOCK : do not return until we get pool lock (specified in r1)
                   
00958 35c          GET_POOL_LOCK
00958 35c fd604224         stalli
0095c 35d f43bd5e9         bith    lockbits,lock wcz    ' have we acquired ...
00960 35e 5d702e06  if_nz  locktry r1 wc                ' ... both intra-cog and inter-cog locks?
00964 35f 1403d5e9  if_nc_and_nz  bitl lockbits,lock    ' true = if_c_and_nz, false = if_nc_or_z
00968 360 bd80035c  if_nc_or_z    jmp #\GET_POOL_LOCK
0096c 361 fd604024         allowi
00970 362 fd64002d         ret
                   
                   ' REL_POOL_LOCK : release the pool lock (specified in r1)
                   
00974 363          REL_POOL_LOCK
00974 363 fd604224         stalli
00978 364 fd602e07         lockrel r1                   ' release inter-cog lock
0097c 365 f403d5e9         bitl    lockbits,lock        ' release intra-cog lock
00980 366 fd604024 	allowi
00984 367 fd64002d         ret
                   
                   
                   
                   '#line 838 "../../../target_p2/Catalina_NMM_threaded_dynamic.spin2"
